Determining if the pthread_create exist failed with the following output:
Change Dir: /home/upmem0037/xialinl/research/library/src/backends/build-dir/CMakeFiles/CMakeTmp

Run Build Command:"/usr/bin/make" "cmTC_481eb/fast"
/usr/bin/make -f CMakeFiles/cmTC_481eb.dir/build.make CMakeFiles/cmTC_481eb.dir/build
make[1]: Entering directory '/home/upmem0037/xialinl/research/library/src/backends/build-dir/CMakeFiles/CMakeTmp'
Building C object CMakeFiles/cmTC_481eb.dir/CheckSymbolExists.c.o
/usr/bin/cc   -Wall -Wextra -std=gnu11     -o CMakeFiles/cmTC_481eb.dir/CheckSymbolExists.c.o   -c /home/upmem0037/xialinl/research/library/src/backends/build-dir/CMakeFiles/CMakeTmp/CheckSymbolExists.c
Linking C executable cmTC_481eb
/usr/bin/cmake -E cmake_link_script CMakeFiles/cmTC_481eb.dir/link.txt --verbose=1
/usr/bin/cc  -Wall -Wextra -std=gnu11    -Wl,--enable-new-dtags  CMakeFiles/cmTC_481eb.dir/CheckSymbolExists.c.o  -o cmTC_481eb 
/usr/bin/ld: CMakeFiles/cmTC_481eb.dir/CheckSymbolExists.c.o: in function `main':
CheckSymbolExists.c:(.text+0x1b): undefined reference to `pthread_create'
collect2: error: ld returned 1 exit status
make[1]: *** [CMakeFiles/cmTC_481eb.dir/build.make:87: cmTC_481eb] Error 1
make[1]: Leaving directory '/home/upmem0037/xialinl/research/library/src/backends/build-dir/CMakeFiles/CMakeTmp'
make: *** [Makefile:121: cmTC_481eb/fast] Error 2

File /home/upmem0037/xialinl/research/library/src/backends/build-dir/CMakeFiles/CMakeTmp/CheckSymbolExists.c:
/* */
#include <pthread.h>

int main(int argc, char** argv)
{
  (void)argv;
#ifndef pthread_create
  return ((int*)(&pthread_create))[argc];
#else
  (void)argc;
  return 0;
#endif
}

Determining if the function pthread_create exists in the pthreads failed with the following output:
Change Dir: /home/upmem0037/xialinl/research/library/src/backends/build-dir/CMakeFiles/CMakeTmp

Run Build Command:"/usr/bin/make" "cmTC_404c4/fast"
/usr/bin/make -f CMakeFiles/cmTC_404c4.dir/build.make CMakeFiles/cmTC_404c4.dir/build
make[1]: Entering directory '/home/upmem0037/xialinl/research/library/src/backends/build-dir/CMakeFiles/CMakeTmp'
Building C object CMakeFiles/cmTC_404c4.dir/CheckFunctionExists.c.o
/usr/bin/cc   -Wall -Wextra -std=gnu11  -DCHECK_FUNCTION_EXISTS=pthread_create   -o CMakeFiles/cmTC_404c4.dir/CheckFunctionExists.c.o   -c /usr/share/cmake-3.13/Modules/CheckFunctionExists.c
Linking C executable cmTC_404c4
/usr/bin/cmake -E cmake_link_script CMakeFiles/cmTC_404c4.dir/link.txt --verbose=1
/usr/bin/cc  -Wall -Wextra -std=gnu11  -DCHECK_FUNCTION_EXISTS=pthread_create  -Wl,--enable-new-dtags  CMakeFiles/cmTC_404c4.dir/CheckFunctionExists.c.o  -o cmTC_404c4 -lpthreads 
/usr/bin/ld: cannot find -lpthreads
collect2: error: ld returned 1 exit status
make[1]: *** [CMakeFiles/cmTC_404c4.dir/build.make:87: cmTC_404c4] Error 1
make[1]: Leaving directory '/home/upmem0037/xialinl/research/library/src/backends/build-dir/CMakeFiles/CMakeTmp'
make: *** [Makefile:121: cmTC_404c4/fast] Error 2


Performing C SOURCE FILE Test C_HAS_SSE3_1 failed with the following compile output:
Change Dir: /home/upmem0037/xialinl/research/library/src/backends/build-dir/CMakeFiles/CMakeTmp

Run Build Command:"/usr/bin/make" "cmTC_3c740/fast"
/usr/bin/make -f CMakeFiles/cmTC_3c740.dir/build.make CMakeFiles/cmTC_3c740.dir/build
make[1]: Entering directory '/home/upmem0037/xialinl/research/library/src/backends/build-dir/CMakeFiles/CMakeTmp'
Building C object CMakeFiles/cmTC_3c740.dir/src.c.o
/usr/bin/cc   -Wall -Wextra -std=gnu11  -DC_HAS_SSE3_1   -o CMakeFiles/cmTC_3c740.dir/src.c.o   -c /home/upmem0037/xialinl/research/library/src/backends/build-dir/CMakeFiles/CMakeTmp/src.c
In file included from /home/upmem0037/xialinl/research/library/src/backends/build-dir/CMakeFiles/CMakeTmp/src.c:2:
/home/upmem0037/xialinl/research/library/src/backends/build-dir/CMakeFiles/CMakeTmp/src.c: In function ‘main’:
/usr/lib/gcc/x86_64-linux-gnu/8/include/pmmintrin.h:110:1: error: inlining failed in call to always_inline ‘_mm_lddqu_si128’: target specific option mismatch
 _mm_lddqu_si128 (__m128i const *__P)
 ^~~~~~~~~~~~~~~
/home/upmem0037/xialinl/research/library/src/backends/build-dir/CMakeFiles/CMakeTmp/src.c:7:9: note: called from here
     a = _mm_lddqu_si128( (const __m128i*)vals );
         ^~~~~~~~~~~~~~~~~~~~~~~~~~~~~~~~~~~~~~~
make[1]: *** [CMakeFiles/cmTC_3c740.dir/build.make:66: CMakeFiles/cmTC_3c740.dir/src.c.o] Error 1
make[1]: Leaving directory '/home/upmem0037/xialinl/research/library/src/backends/build-dir/CMakeFiles/CMakeTmp'
make: *** [Makefile:121: cmTC_3c740/fast] Error 2

...and run output:

Return value: 1
Source file was:

  #include <pmmintrin.h>
  int main( )
  {
    const int vals[4] = {0,0,0,0};
    __attribute__((unused)) __m128i a;
    a = _mm_lddqu_si128( (const __m128i*)vals );
    return 0;
  }
Performing C SOURCE FILE Test C_COMPILES_SSE3_1 failed with the following output:
Change Dir: /home/upmem0037/xialinl/research/library/src/backends/build-dir/CMakeFiles/CMakeTmp

Run Build Command:"/usr/bin/make" "cmTC_f763b/fast"
/usr/bin/make -f CMakeFiles/cmTC_f763b.dir/build.make CMakeFiles/cmTC_f763b.dir/build
make[1]: Entering directory '/home/upmem0037/xialinl/research/library/src/backends/build-dir/CMakeFiles/CMakeTmp'
Building C object CMakeFiles/cmTC_f763b.dir/src.c.o
/usr/bin/cc   -Wall -Wextra -std=gnu11  -DC_COMPILES_SSE3_1   -o CMakeFiles/cmTC_f763b.dir/src.c.o   -c /home/upmem0037/xialinl/research/library/src/backends/build-dir/CMakeFiles/CMakeTmp/src.c
In file included from /home/upmem0037/xialinl/research/library/src/backends/build-dir/CMakeFiles/CMakeTmp/src.c:2:
/home/upmem0037/xialinl/research/library/src/backends/build-dir/CMakeFiles/CMakeTmp/src.c: In function ‘main’:
/usr/lib/gcc/x86_64-linux-gnu/8/include/pmmintrin.h:110:1: error: inlining failed in call to always_inline ‘_mm_lddqu_si128’: target specific option mismatch
 _mm_lddqu_si128 (__m128i const *__P)
 ^~~~~~~~~~~~~~~
/home/upmem0037/xialinl/research/library/src/backends/build-dir/CMakeFiles/CMakeTmp/src.c:7:9: note: called from here
     a = _mm_lddqu_si128( (const __m128i*)vals );
         ^~~~~~~~~~~~~~~~~~~~~~~~~~~~~~~~~~~~~~~
make[1]: *** [CMakeFiles/cmTC_f763b.dir/build.make:66: CMakeFiles/cmTC_f763b.dir/src.c.o] Error 1
make[1]: Leaving directory '/home/upmem0037/xialinl/research/library/src/backends/build-dir/CMakeFiles/CMakeTmp'
make: *** [Makefile:121: cmTC_f763b/fast] Error 2

Source file was:

  #include <pmmintrin.h>
  int main( )
  {
    const int vals[4] = {0,0,0,0};
    __attribute__((unused)) __m128i a;
    a = _mm_lddqu_si128( (const __m128i*)vals );
    return 0;
  }
Performing C SOURCE FILE Test C_HAS_SSE4_1_1 failed with the following compile output:
Change Dir: /home/upmem0037/xialinl/research/library/src/backends/build-dir/CMakeFiles/CMakeTmp

Run Build Command:"/usr/bin/make" "cmTC_e5fd5/fast"
/usr/bin/make -f CMakeFiles/cmTC_e5fd5.dir/build.make CMakeFiles/cmTC_e5fd5.dir/build
make[1]: Entering directory '/home/upmem0037/xialinl/research/library/src/backends/build-dir/CMakeFiles/CMakeTmp'
Building C object CMakeFiles/cmTC_e5fd5.dir/src.c.o
/usr/bin/cc   -Wall -Wextra -std=gnu11  -DC_HAS_SSE4_1_1   -o CMakeFiles/cmTC_e5fd5.dir/src.c.o   -c /home/upmem0037/xialinl/research/library/src/backends/build-dir/CMakeFiles/CMakeTmp/src.c
In file included from /home/upmem0037/xialinl/research/library/src/backends/build-dir/CMakeFiles/CMakeTmp/src.c:2:
/home/upmem0037/xialinl/research/library/src/backends/build-dir/CMakeFiles/CMakeTmp/src.c: In function ‘main’:
/usr/lib/gcc/x86_64-linux-gnu/8/include/smmintrin.h:282:1: error: inlining failed in call to always_inline ‘_mm_max_epi8’: target specific option mismatch
 _mm_max_epi8 (__m128i __X, __m128i __Y)
 ^~~~~~~~~~~~
/home/upmem0037/xialinl/research/library/src/backends/build-dir/CMakeFiles/CMakeTmp/src.c:7:43: note: called from here
     __attribute__((unused)) __m128i res = _mm_max_epi8(a, b);
                                           ^~~~~~~~~~~~~~~~~~
In file included from /home/upmem0037/xialinl/research/library/src/backends/build-dir/CMakeFiles/CMakeTmp/src.c:2:
/usr/lib/gcc/x86_64-linux-gnu/8/include/smmintrin.h:282:1: error: inlining failed in call to always_inline ‘_mm_max_epi8’: target specific option mismatch
 _mm_max_epi8 (__m128i __X, __m128i __Y)
 ^~~~~~~~~~~~
/home/upmem0037/xialinl/research/library/src/backends/build-dir/CMakeFiles/CMakeTmp/src.c:7:43: note: called from here
     __attribute__((unused)) __m128i res = _mm_max_epi8(a, b);
                                           ^~~~~~~~~~~~~~~~~~
make[1]: *** [CMakeFiles/cmTC_e5fd5.dir/build.make:66: CMakeFiles/cmTC_e5fd5.dir/src.c.o] Error 1
make[1]: Leaving directory '/home/upmem0037/xialinl/research/library/src/backends/build-dir/CMakeFiles/CMakeTmp'
make: *** [Makefile:121: cmTC_e5fd5/fast] Error 2

...and run output:

Return value: 1
Source file was:

  #include <smmintrin.h>
  int main ()
  {
    __m128i a = _mm_set_epi8(0,0,0,0,0,0,0,0,0,0,0,0,0,0,0,0);
    __m128i b = _mm_set_epi8(0,0,0,0,0,0,0,0,0,0,0,0,0,0,0,0);
    __attribute__((unused)) __m128i res = _mm_max_epi8(a, b);
    return 0;
  }

Performing C SOURCE FILE Test C_COMPILES_SSE4_1_1 failed with the following output:
Change Dir: /home/upmem0037/xialinl/research/library/src/backends/build-dir/CMakeFiles/CMakeTmp

Run Build Command:"/usr/bin/make" "cmTC_d47ae/fast"
/usr/bin/make -f CMakeFiles/cmTC_d47ae.dir/build.make CMakeFiles/cmTC_d47ae.dir/build
make[1]: Entering directory '/home/upmem0037/xialinl/research/library/src/backends/build-dir/CMakeFiles/CMakeTmp'
Building C object CMakeFiles/cmTC_d47ae.dir/src.c.o
/usr/bin/cc   -Wall -Wextra -std=gnu11  -DC_COMPILES_SSE4_1_1   -o CMakeFiles/cmTC_d47ae.dir/src.c.o   -c /home/upmem0037/xialinl/research/library/src/backends/build-dir/CMakeFiles/CMakeTmp/src.c
In file included from /home/upmem0037/xialinl/research/library/src/backends/build-dir/CMakeFiles/CMakeTmp/src.c:2:
/home/upmem0037/xialinl/research/library/src/backends/build-dir/CMakeFiles/CMakeTmp/src.c: In function ‘main’:
/usr/lib/gcc/x86_64-linux-gnu/8/include/smmintrin.h:282:1: error: inlining failed in call to always_inline ‘_mm_max_epi8’: target specific option mismatch
 _mm_max_epi8 (__m128i __X, __m128i __Y)
 ^~~~~~~~~~~~
/home/upmem0037/xialinl/research/library/src/backends/build-dir/CMakeFiles/CMakeTmp/src.c:7:43: note: called from here
     __attribute__((unused)) __m128i res = _mm_max_epi8(a, b);
                                           ^~~~~~~~~~~~~~~~~~
In file included from /home/upmem0037/xialinl/research/library/src/backends/build-dir/CMakeFiles/CMakeTmp/src.c:2:
/usr/lib/gcc/x86_64-linux-gnu/8/include/smmintrin.h:282:1: error: inlining failed in call to always_inline ‘_mm_max_epi8’: target specific option mismatch
 _mm_max_epi8 (__m128i __X, __m128i __Y)
 ^~~~~~~~~~~~
/home/upmem0037/xialinl/research/library/src/backends/build-dir/CMakeFiles/CMakeTmp/src.c:7:43: note: called from here
     __attribute__((unused)) __m128i res = _mm_max_epi8(a, b);
                                           ^~~~~~~~~~~~~~~~~~
make[1]: *** [CMakeFiles/cmTC_d47ae.dir/build.make:66: CMakeFiles/cmTC_d47ae.dir/src.c.o] Error 1
make[1]: Leaving directory '/home/upmem0037/xialinl/research/library/src/backends/build-dir/CMakeFiles/CMakeTmp'
make: *** [Makefile:121: cmTC_d47ae/fast] Error 2

Source file was:

  #include <smmintrin.h>
  int main ()
  {
    __m128i a = _mm_set_epi8(0,0,0,0,0,0,0,0,0,0,0,0,0,0,0,0);
    __m128i b = _mm_set_epi8(0,0,0,0,0,0,0,0,0,0,0,0,0,0,0,0);
    __attribute__((unused)) __m128i res = _mm_max_epi8(a, b);
    return 0;
  }

Performing C SOURCE FILE Test C_HAS_SSE4_2_1 failed with the following compile output:
Change Dir: /home/upmem0037/xialinl/research/library/src/backends/build-dir/CMakeFiles/CMakeTmp

Run Build Command:"/usr/bin/make" "cmTC_d930f/fast"
/usr/bin/make -f CMakeFiles/cmTC_d930f.dir/build.make CMakeFiles/cmTC_d930f.dir/build
make[1]: Entering directory '/home/upmem0037/xialinl/research/library/src/backends/build-dir/CMakeFiles/CMakeTmp'
Building C object CMakeFiles/cmTC_d930f.dir/src.c.o
/usr/bin/cc   -Wall -Wextra -std=gnu11  -DC_HAS_SSE4_2_1   -o CMakeFiles/cmTC_d930f.dir/src.c.o   -c /home/upmem0037/xialinl/research/library/src/backends/build-dir/CMakeFiles/CMakeTmp/src.c
In file included from /usr/lib/gcc/x86_64-linux-gnu/8/include/nmmintrin.h:31,
                 from /home/upmem0037/xialinl/research/library/src/backends/build-dir/CMakeFiles/CMakeTmp/src.c:2:
/home/upmem0037/xialinl/research/library/src/backends/build-dir/CMakeFiles/CMakeTmp/src.c: In function ‘main’:
/usr/lib/gcc/x86_64-linux-gnu/8/include/smmintrin.h:796:1: error: inlining failed in call to always_inline ‘_mm_cmpgt_epi64’: target specific option mismatch
 _mm_cmpgt_epi64 (__m128i __X, __m128i __Y)
 ^~~~~~~~~~~~~~~
/home/upmem0037/xialinl/research/library/src/backends/build-dir/CMakeFiles/CMakeTmp/src.c:8:9: note: called from here
     c = _mm_cmpgt_epi64(a, b);
         ^~~~~~~~~~~~~~~~~~~~~
In file included from /usr/lib/gcc/x86_64-linux-gnu/8/include/nmmintrin.h:31,
                 from /home/upmem0037/xialinl/research/library/src/backends/build-dir/CMakeFiles/CMakeTmp/src.c:2:
/usr/lib/gcc/x86_64-linux-gnu/8/include/smmintrin.h:796:1: error: inlining failed in call to always_inline ‘_mm_cmpgt_epi64’: target specific option mismatch
 _mm_cmpgt_epi64 (__m128i __X, __m128i __Y)
 ^~~~~~~~~~~~~~~
/home/upmem0037/xialinl/research/library/src/backends/build-dir/CMakeFiles/CMakeTmp/src.c:8:9: note: called from here
     c = _mm_cmpgt_epi64(a, b);
         ^~~~~~~~~~~~~~~~~~~~~
make[1]: *** [CMakeFiles/cmTC_d930f.dir/build.make:66: CMakeFiles/cmTC_d930f.dir/src.c.o] Error 1
make[1]: Leaving directory '/home/upmem0037/xialinl/research/library/src/backends/build-dir/CMakeFiles/CMakeTmp'
make: *** [Makefile:121: cmTC_d930f/fast] Error 2

...and run output:

Return value: 1
Source file was:

  #include <nmmintrin.h>
  int main()
  {
    __m128i a = _mm_set_epi8(0,0,0,0,0,0,0,0,0,0,0,0,0,0,0,0);
    __m128i b = _mm_set_epi8(0,0,0,0,0,0,0,0,0,0,0,0,0,0,0,0);
    __attribute__((unused)) __m128i c = _mm_set_epi8(0,0,0,0,0,0,0,0,0,0,0,0,0,0,0,0);
    c = _mm_cmpgt_epi64(a, b);
    return 0;
  }

Performing C SOURCE FILE Test C_COMPILES_SSE4_2_1 failed with the following output:
Change Dir: /home/upmem0037/xialinl/research/library/src/backends/build-dir/CMakeFiles/CMakeTmp

Run Build Command:"/usr/bin/make" "cmTC_cf6ed/fast"
/usr/bin/make -f CMakeFiles/cmTC_cf6ed.dir/build.make CMakeFiles/cmTC_cf6ed.dir/build
make[1]: Entering directory '/home/upmem0037/xialinl/research/library/src/backends/build-dir/CMakeFiles/CMakeTmp'
Building C object CMakeFiles/cmTC_cf6ed.dir/src.c.o
/usr/bin/cc   -Wall -Wextra -std=gnu11  -DC_COMPILES_SSE4_2_1   -o CMakeFiles/cmTC_cf6ed.dir/src.c.o   -c /home/upmem0037/xialinl/research/library/src/backends/build-dir/CMakeFiles/CMakeTmp/src.c
In file included from /usr/lib/gcc/x86_64-linux-gnu/8/include/nmmintrin.h:31,
                 from /home/upmem0037/xialinl/research/library/src/backends/build-dir/CMakeFiles/CMakeTmp/src.c:2:
/home/upmem0037/xialinl/research/library/src/backends/build-dir/CMakeFiles/CMakeTmp/src.c: In function ‘main’:
/usr/lib/gcc/x86_64-linux-gnu/8/include/smmintrin.h:796:1: error: inlining failed in call to always_inline ‘_mm_cmpgt_epi64’: target specific option mismatch
 _mm_cmpgt_epi64 (__m128i __X, __m128i __Y)
 ^~~~~~~~~~~~~~~
/home/upmem0037/xialinl/research/library/src/backends/build-dir/CMakeFiles/CMakeTmp/src.c:8:9: note: called from here
     c = _mm_cmpgt_epi64(a, b);
         ^~~~~~~~~~~~~~~~~~~~~
In file included from /usr/lib/gcc/x86_64-linux-gnu/8/include/nmmintrin.h:31,
                 from /home/upmem0037/xialinl/research/library/src/backends/build-dir/CMakeFiles/CMakeTmp/src.c:2:
/usr/lib/gcc/x86_64-linux-gnu/8/include/smmintrin.h:796:1: error: inlining failed in call to always_inline ‘_mm_cmpgt_epi64’: target specific option mismatch
 _mm_cmpgt_epi64 (__m128i __X, __m128i __Y)
 ^~~~~~~~~~~~~~~
/home/upmem0037/xialinl/research/library/src/backends/build-dir/CMakeFiles/CMakeTmp/src.c:8:9: note: called from here
     c = _mm_cmpgt_epi64(a, b);
         ^~~~~~~~~~~~~~~~~~~~~
make[1]: *** [CMakeFiles/cmTC_cf6ed.dir/build.make:66: CMakeFiles/cmTC_cf6ed.dir/src.c.o] Error 1
make[1]: Leaving directory '/home/upmem0037/xialinl/research/library/src/backends/build-dir/CMakeFiles/CMakeTmp'
make: *** [Makefile:121: cmTC_cf6ed/fast] Error 2

Source file was:

  #include <nmmintrin.h>
  int main()
  {
    __m128i a = _mm_set_epi8(0,0,0,0,0,0,0,0,0,0,0,0,0,0,0,0);
    __m128i b = _mm_set_epi8(0,0,0,0,0,0,0,0,0,0,0,0,0,0,0,0);
    __attribute__((unused)) __m128i c = _mm_set_epi8(0,0,0,0,0,0,0,0,0,0,0,0,0,0,0,0);
    c = _mm_cmpgt_epi64(a, b);
    return 0;
  }

Performing C SOURCE FILE Test C_HAS_AVX_1 failed with the following compile output:
Change Dir: /home/upmem0037/xialinl/research/library/src/backends/build-dir/CMakeFiles/CMakeTmp

Run Build Command:"/usr/bin/make" "cmTC_0994d/fast"
/usr/bin/make -f CMakeFiles/cmTC_0994d.dir/build.make CMakeFiles/cmTC_0994d.dir/build
make[1]: Entering directory '/home/upmem0037/xialinl/research/library/src/backends/build-dir/CMakeFiles/CMakeTmp'
Building C object CMakeFiles/cmTC_0994d.dir/src.c.o
/usr/bin/cc   -Wall -Wextra -std=gnu11  -DC_HAS_AVX_1   -o CMakeFiles/cmTC_0994d.dir/src.c.o   -c /home/upmem0037/xialinl/research/library/src/backends/build-dir/CMakeFiles/CMakeTmp/src.c
/home/upmem0037/xialinl/research/library/src/backends/build-dir/CMakeFiles/CMakeTmp/src.c: In function ‘main’:
/home/upmem0037/xialinl/research/library/src/backends/build-dir/CMakeFiles/CMakeTmp/src.c:6:7: warning: AVX vector return without AVX enabled changes the ABI [-Wpsabi]
     a = _mm256_set1_ps(0);
     ~~^~~~~~~~~~~~~~~~~~~
In file included from /usr/lib/gcc/x86_64-linux-gnu/8/include/immintrin.h:41,
                 from /home/upmem0037/xialinl/research/library/src/backends/build-dir/CMakeFiles/CMakeTmp/src.c:2:
/usr/lib/gcc/x86_64-linux-gnu/8/include/avxintrin.h:1310:1: error: inlining failed in call to always_inline ‘_mm256_set1_ps’: target specific option mismatch
 _mm256_set1_ps (float __A)
 ^~~~~~~~~~~~~~
/home/upmem0037/xialinl/research/library/src/backends/build-dir/CMakeFiles/CMakeTmp/src.c:6:9: note: called from here
     a = _mm256_set1_ps(0);
         ^~~~~~~~~~~~~~~~~
make[1]: *** [CMakeFiles/cmTC_0994d.dir/build.make:66: CMakeFiles/cmTC_0994d.dir/src.c.o] Error 1
make[1]: Leaving directory '/home/upmem0037/xialinl/research/library/src/backends/build-dir/CMakeFiles/CMakeTmp'
make: *** [Makefile:121: cmTC_0994d/fast] Error 2

...and run output:

Return value: 1
Source file was:

  #include <immintrin.h>
  int main()
  {
    __attribute__((unused)) __m256 a;
    a = _mm256_set1_ps(0);
    return 0;
  }

Performing C SOURCE FILE Test C_COMPILES_AVX_1 failed with the following output:
Change Dir: /home/upmem0037/xialinl/research/library/src/backends/build-dir/CMakeFiles/CMakeTmp

Run Build Command:"/usr/bin/make" "cmTC_e2cd8/fast"
/usr/bin/make -f CMakeFiles/cmTC_e2cd8.dir/build.make CMakeFiles/cmTC_e2cd8.dir/build
make[1]: Entering directory '/home/upmem0037/xialinl/research/library/src/backends/build-dir/CMakeFiles/CMakeTmp'
Building C object CMakeFiles/cmTC_e2cd8.dir/src.c.o
/usr/bin/cc   -Wall -Wextra -std=gnu11  -DC_COMPILES_AVX_1   -o CMakeFiles/cmTC_e2cd8.dir/src.c.o   -c /home/upmem0037/xialinl/research/library/src/backends/build-dir/CMakeFiles/CMakeTmp/src.c
/home/upmem0037/xialinl/research/library/src/backends/build-dir/CMakeFiles/CMakeTmp/src.c: In function ‘main’:
/home/upmem0037/xialinl/research/library/src/backends/build-dir/CMakeFiles/CMakeTmp/src.c:6:7: warning: AVX vector return without AVX enabled changes the ABI [-Wpsabi]
     a = _mm256_set1_ps(0);
     ~~^~~~~~~~~~~~~~~~~~~
In file included from /usr/lib/gcc/x86_64-linux-gnu/8/include/immintrin.h:41,
                 from /home/upmem0037/xialinl/research/library/src/backends/build-dir/CMakeFiles/CMakeTmp/src.c:2:
/usr/lib/gcc/x86_64-linux-gnu/8/include/avxintrin.h:1310:1: error: inlining failed in call to always_inline ‘_mm256_set1_ps’: target specific option mismatch
 _mm256_set1_ps (float __A)
 ^~~~~~~~~~~~~~
/home/upmem0037/xialinl/research/library/src/backends/build-dir/CMakeFiles/CMakeTmp/src.c:6:9: note: called from here
     a = _mm256_set1_ps(0);
         ^~~~~~~~~~~~~~~~~
make[1]: *** [CMakeFiles/cmTC_e2cd8.dir/build.make:66: CMakeFiles/cmTC_e2cd8.dir/src.c.o] Error 1
make[1]: Leaving directory '/home/upmem0037/xialinl/research/library/src/backends/build-dir/CMakeFiles/CMakeTmp'
make: *** [Makefile:121: cmTC_e2cd8/fast] Error 2

Source file was:

  #include <immintrin.h>
  int main()
  {
    __attribute__((unused)) __m256 a;
    a = _mm256_set1_ps(0);
    return 0;
  }

Performing C SOURCE FILE Test C_HAS_AVX2_1 failed with the following compile output:
Change Dir: /home/upmem0037/xialinl/research/library/src/backends/build-dir/CMakeFiles/CMakeTmp

Run Build Command:"/usr/bin/make" "cmTC_36831/fast"
/usr/bin/make -f CMakeFiles/cmTC_36831.dir/build.make CMakeFiles/cmTC_36831.dir/build
make[1]: Entering directory '/home/upmem0037/xialinl/research/library/src/backends/build-dir/CMakeFiles/CMakeTmp'
Building C object CMakeFiles/cmTC_36831.dir/src.c.o
/usr/bin/cc   -Wall -Wextra -std=gnu11  -DC_HAS_AVX2_1   -o CMakeFiles/cmTC_36831.dir/src.c.o   -c /home/upmem0037/xialinl/research/library/src/backends/build-dir/CMakeFiles/CMakeTmp/src.c
/home/upmem0037/xialinl/research/library/src/backends/build-dir/CMakeFiles/CMakeTmp/src.c: In function ‘main’:
/home/upmem0037/xialinl/research/library/src/backends/build-dir/CMakeFiles/CMakeTmp/src.c:6:7: warning: AVX vector return without AVX enabled changes the ABI [-Wpsabi]
     a = _mm256_abs_epi16(a);
     ~~^~~~~~~~~~~~~~~~~~~~~
In file included from /usr/lib/gcc/x86_64-linux-gnu/8/include/immintrin.h:43,
                 from /home/upmem0037/xialinl/research/library/src/backends/build-dir/CMakeFiles/CMakeTmp/src.c:2:
/usr/lib/gcc/x86_64-linux-gnu/8/include/avx2intrin.h:63:1: error: inlining failed in call to always_inline ‘_mm256_abs_epi16’: target specific option mismatch
 _mm256_abs_epi16 (__m256i __A)
 ^~~~~~~~~~~~~~~~
/home/upmem0037/xialinl/research/library/src/backends/build-dir/CMakeFiles/CMakeTmp/src.c:6:9: note: called from here
     a = _mm256_abs_epi16(a);
         ^~~~~~~~~~~~~~~~~~~
make[1]: *** [CMakeFiles/cmTC_36831.dir/build.make:66: CMakeFiles/cmTC_36831.dir/src.c.o] Error 1
make[1]: Leaving directory '/home/upmem0037/xialinl/research/library/src/backends/build-dir/CMakeFiles/CMakeTmp'
make: *** [Makefile:121: cmTC_36831/fast] Error 2

...and run output:

Return value: 1
Source file was:

  #include <immintrin.h>
  int main()
  {
    __m256i a = {0};
    a = _mm256_abs_epi16(a);
    return 0;
  }

Performing C SOURCE FILE Test C_COMPILES_AVX2_1 failed with the following output:
Change Dir: /home/upmem0037/xialinl/research/library/src/backends/build-dir/CMakeFiles/CMakeTmp

Run Build Command:"/usr/bin/make" "cmTC_bd639/fast"
/usr/bin/make -f CMakeFiles/cmTC_bd639.dir/build.make CMakeFiles/cmTC_bd639.dir/build
make[1]: Entering directory '/home/upmem0037/xialinl/research/library/src/backends/build-dir/CMakeFiles/CMakeTmp'
Building C object CMakeFiles/cmTC_bd639.dir/src.c.o
/usr/bin/cc   -Wall -Wextra -std=gnu11  -DC_COMPILES_AVX2_1   -o CMakeFiles/cmTC_bd639.dir/src.c.o   -c /home/upmem0037/xialinl/research/library/src/backends/build-dir/CMakeFiles/CMakeTmp/src.c
/home/upmem0037/xialinl/research/library/src/backends/build-dir/CMakeFiles/CMakeTmp/src.c: In function ‘main’:
/home/upmem0037/xialinl/research/library/src/backends/build-dir/CMakeFiles/CMakeTmp/src.c:6:7: warning: AVX vector return without AVX enabled changes the ABI [-Wpsabi]
     a = _mm256_abs_epi16(a);
     ~~^~~~~~~~~~~~~~~~~~~~~
In file included from /usr/lib/gcc/x86_64-linux-gnu/8/include/immintrin.h:43,
                 from /home/upmem0037/xialinl/research/library/src/backends/build-dir/CMakeFiles/CMakeTmp/src.c:2:
/usr/lib/gcc/x86_64-linux-gnu/8/include/avx2intrin.h:63:1: error: inlining failed in call to always_inline ‘_mm256_abs_epi16’: target specific option mismatch
 _mm256_abs_epi16 (__m256i __A)
 ^~~~~~~~~~~~~~~~
/home/upmem0037/xialinl/research/library/src/backends/build-dir/CMakeFiles/CMakeTmp/src.c:6:9: note: called from here
     a = _mm256_abs_epi16(a);
         ^~~~~~~~~~~~~~~~~~~
make[1]: *** [CMakeFiles/cmTC_bd639.dir/build.make:66: CMakeFiles/cmTC_bd639.dir/src.c.o] Error 1
make[1]: Leaving directory '/home/upmem0037/xialinl/research/library/src/backends/build-dir/CMakeFiles/CMakeTmp'
make: *** [Makefile:121: cmTC_bd639/fast] Error 2

Source file was:

  #include <immintrin.h>
  int main()
  {
    __m256i a = {0};
    a = _mm256_abs_epi16(a);
    return 0;
  }

Performing C SOURCE FILE Test C_HAS_AVX512F_1 failed with the following compile output:
Change Dir: /home/upmem0037/xialinl/research/library/src/backends/build-dir/CMakeFiles/CMakeTmp

Run Build Command:"/usr/bin/make" "cmTC_10f41/fast"
/usr/bin/make -f CMakeFiles/cmTC_10f41.dir/build.make CMakeFiles/cmTC_10f41.dir/build
make[1]: Entering directory '/home/upmem0037/xialinl/research/library/src/backends/build-dir/CMakeFiles/CMakeTmp'
Building C object CMakeFiles/cmTC_10f41.dir/src.c.o
/usr/bin/cc   -Wall -Wextra -std=gnu11  -DC_HAS_AVX512F_1   -o CMakeFiles/cmTC_10f41.dir/src.c.o   -c /home/upmem0037/xialinl/research/library/src/backends/build-dir/CMakeFiles/CMakeTmp/src.c
/home/upmem0037/xialinl/research/library/src/backends/build-dir/CMakeFiles/CMakeTmp/src.c: In function ‘main’:
/home/upmem0037/xialinl/research/library/src/backends/build-dir/CMakeFiles/CMakeTmp/src.c:5:12: warning: AVX512F vector return without AVX512F enabled changes the ABI [-Wpsabi]
     __m512 a = _mm512_set1_ps(1.f);
            ^
In file included from /usr/lib/gcc/x86_64-linux-gnu/8/include/immintrin.h:45,
                 from /home/upmem0037/xialinl/research/library/src/backends/build-dir/CMakeFiles/CMakeTmp/src.c:2:
/usr/lib/gcc/x86_64-linux-gnu/8/include/avx512fintrin.h:11534:1: error: inlining failed in call to always_inline ‘_mm512_add_ps’: target specific option mismatch
 _mm512_add_ps (__m512 __A, __m512 __B)
 ^~~~~~~~~~~~~
/home/upmem0037/xialinl/research/library/src/backends/build-dir/CMakeFiles/CMakeTmp/src.c:6:9: note: called from here
     a = _mm512_add_ps(a, _mm512_set1_ps(1.f));;
         ^~~~~~~~~~~~~~~~~~~~~~~~~~~~~~~~~~~~~
In file included from /usr/lib/gcc/x86_64-linux-gnu/8/include/immintrin.h:45,
                 from /home/upmem0037/xialinl/research/library/src/backends/build-dir/CMakeFiles/CMakeTmp/src.c:2:
/usr/lib/gcc/x86_64-linux-gnu/8/include/avx512fintrin.h:201:1: error: inlining failed in call to always_inline ‘_mm512_set1_ps’: target specific option mismatch
 _mm512_set1_ps (float __A)
 ^~~~~~~~~~~~~~
/home/upmem0037/xialinl/research/library/src/backends/build-dir/CMakeFiles/CMakeTmp/src.c:6:9: note: called from here
     a = _mm512_add_ps(a, _mm512_set1_ps(1.f));;
         ^~~~~~~~~~~~~~~~~~~~~~~~~~~~~~~~~~~~~
In file included from /usr/lib/gcc/x86_64-linux-gnu/8/include/immintrin.h:45,
                 from /home/upmem0037/xialinl/research/library/src/backends/build-dir/CMakeFiles/CMakeTmp/src.c:2:
/usr/lib/gcc/x86_64-linux-gnu/8/include/avx512fintrin.h:201:1: error: inlining failed in call to always_inline ‘_mm512_set1_ps’: target specific option mismatch
 _mm512_set1_ps (float __A)
 ^~~~~~~~~~~~~~
/home/upmem0037/xialinl/research/library/src/backends/build-dir/CMakeFiles/CMakeTmp/src.c:5:16: note: called from here
     __m512 a = _mm512_set1_ps(1.f);
                ^~~~~~~~~~~~~~~~~~~
make[1]: *** [CMakeFiles/cmTC_10f41.dir/build.make:66: CMakeFiles/cmTC_10f41.dir/src.c.o] Error 1
make[1]: Leaving directory '/home/upmem0037/xialinl/research/library/src/backends/build-dir/CMakeFiles/CMakeTmp'
make: *** [Makefile:121: cmTC_10f41/fast] Error 2

...and run output:

Return value: 1
Source file was:

  #include <immintrin.h>
  int main()
  {
    __m512 a = _mm512_set1_ps(1.f);
    a = _mm512_add_ps(a, _mm512_set1_ps(1.f));;
    return 0;
  }

Performing C SOURCE FILE Test C_COMPILES_AVX512F_1 failed with the following output:
Change Dir: /home/upmem0037/xialinl/research/library/src/backends/build-dir/CMakeFiles/CMakeTmp

Run Build Command:"/usr/bin/make" "cmTC_af3ff/fast"
/usr/bin/make -f CMakeFiles/cmTC_af3ff.dir/build.make CMakeFiles/cmTC_af3ff.dir/build
make[1]: Entering directory '/home/upmem0037/xialinl/research/library/src/backends/build-dir/CMakeFiles/CMakeTmp'
Building C object CMakeFiles/cmTC_af3ff.dir/src.c.o
/usr/bin/cc   -Wall -Wextra -std=gnu11  -DC_COMPILES_AVX512F_1   -o CMakeFiles/cmTC_af3ff.dir/src.c.o   -c /home/upmem0037/xialinl/research/library/src/backends/build-dir/CMakeFiles/CMakeTmp/src.c
/home/upmem0037/xialinl/research/library/src/backends/build-dir/CMakeFiles/CMakeTmp/src.c: In function ‘main’:
/home/upmem0037/xialinl/research/library/src/backends/build-dir/CMakeFiles/CMakeTmp/src.c:5:12: warning: AVX512F vector return without AVX512F enabled changes the ABI [-Wpsabi]
     __m512 a = _mm512_set1_ps(1.f);
            ^
In file included from /usr/lib/gcc/x86_64-linux-gnu/8/include/immintrin.h:45,
                 from /home/upmem0037/xialinl/research/library/src/backends/build-dir/CMakeFiles/CMakeTmp/src.c:2:
/usr/lib/gcc/x86_64-linux-gnu/8/include/avx512fintrin.h:11534:1: error: inlining failed in call to always_inline ‘_mm512_add_ps’: target specific option mismatch
 _mm512_add_ps (__m512 __A, __m512 __B)
 ^~~~~~~~~~~~~
/home/upmem0037/xialinl/research/library/src/backends/build-dir/CMakeFiles/CMakeTmp/src.c:6:9: note: called from here
     a = _mm512_add_ps(a, _mm512_set1_ps(1.f));;
         ^~~~~~~~~~~~~~~~~~~~~~~~~~~~~~~~~~~~~
In file included from /usr/lib/gcc/x86_64-linux-gnu/8/include/immintrin.h:45,
                 from /home/upmem0037/xialinl/research/library/src/backends/build-dir/CMakeFiles/CMakeTmp/src.c:2:
/usr/lib/gcc/x86_64-linux-gnu/8/include/avx512fintrin.h:201:1: error: inlining failed in call to always_inline ‘_mm512_set1_ps’: target specific option mismatch
 _mm512_set1_ps (float __A)
 ^~~~~~~~~~~~~~
/home/upmem0037/xialinl/research/library/src/backends/build-dir/CMakeFiles/CMakeTmp/src.c:6:9: note: called from here
     a = _mm512_add_ps(a, _mm512_set1_ps(1.f));;
         ^~~~~~~~~~~~~~~~~~~~~~~~~~~~~~~~~~~~~
In file included from /usr/lib/gcc/x86_64-linux-gnu/8/include/immintrin.h:45,
                 from /home/upmem0037/xialinl/research/library/src/backends/build-dir/CMakeFiles/CMakeTmp/src.c:2:
/usr/lib/gcc/x86_64-linux-gnu/8/include/avx512fintrin.h:201:1: error: inlining failed in call to always_inline ‘_mm512_set1_ps’: target specific option mismatch
 _mm512_set1_ps (float __A)
 ^~~~~~~~~~~~~~
/home/upmem0037/xialinl/research/library/src/backends/build-dir/CMakeFiles/CMakeTmp/src.c:5:16: note: called from here
     __m512 a = _mm512_set1_ps(1.f);
                ^~~~~~~~~~~~~~~~~~~
make[1]: *** [CMakeFiles/cmTC_af3ff.dir/build.make:66: CMakeFiles/cmTC_af3ff.dir/src.c.o] Error 1
make[1]: Leaving directory '/home/upmem0037/xialinl/research/library/src/backends/build-dir/CMakeFiles/CMakeTmp'
make: *** [Makefile:121: cmTC_af3ff/fast] Error 2

Source file was:

  #include <immintrin.h>
  int main()
  {
    __m512 a = _mm512_set1_ps(1.f);
    a = _mm512_add_ps(a, _mm512_set1_ps(1.f));;
    return 0;
  }

Performing C SOURCE FILE Test C_HAS_AVX512BW_1 failed with the following compile output:
Change Dir: /home/upmem0037/xialinl/research/library/src/backends/build-dir/CMakeFiles/CMakeTmp

Run Build Command:"/usr/bin/make" "cmTC_2bd5a/fast"
/usr/bin/make -f CMakeFiles/cmTC_2bd5a.dir/build.make CMakeFiles/cmTC_2bd5a.dir/build
make[1]: Entering directory '/home/upmem0037/xialinl/research/library/src/backends/build-dir/CMakeFiles/CMakeTmp'
Building C object CMakeFiles/cmTC_2bd5a.dir/src.c.o
/usr/bin/cc   -Wall -Wextra -std=gnu11  -DC_HAS_AVX512BW_1   -o CMakeFiles/cmTC_2bd5a.dir/src.c.o   -c /home/upmem0037/xialinl/research/library/src/backends/build-dir/CMakeFiles/CMakeTmp/src.c
/home/upmem0037/xialinl/research/library/src/backends/build-dir/CMakeFiles/CMakeTmp/src.c: In function ‘main’:
/home/upmem0037/xialinl/research/library/src/backends/build-dir/CMakeFiles/CMakeTmp/src.c:5:13: warning: AVX512F vector return without AVX512F enabled changes the ABI [-Wpsabi]
     __m512i mask = _mm512_set_epi64(0, 0, 0, 0, 0, 0, 0, 0);
             ^~~~
In file included from /usr/lib/gcc/x86_64-linux-gnu/8/include/immintrin.h:55,
                 from /home/upmem0037/xialinl/research/library/src/backends/build-dir/CMakeFiles/CMakeTmp/src.c:2:
/usr/lib/gcc/x86_64-linux-gnu/8/include/avx512bwintrin.h:1852:1: error: inlining failed in call to always_inline ‘_mm512_shuffle_epi8’: target specific option mismatch
 _mm512_shuffle_epi8 (__m512i __A, __m512i __B)
 ^~~~~~~~~~~~~~~~~~~
/home/upmem0037/xialinl/research/library/src/backends/build-dir/CMakeFiles/CMakeTmp/src.c:7:12: note: called from here
     load = _mm512_shuffle_epi8(load, mask);
            ^~~~~~~~~~~~~~~~~~~~~~~~~~~~~~~
In file included from /usr/lib/gcc/x86_64-linux-gnu/8/include/immintrin.h:45,
                 from /home/upmem0037/xialinl/research/library/src/backends/build-dir/CMakeFiles/CMakeTmp/src.c:2:
/usr/lib/gcc/x86_64-linux-gnu/8/include/avx512fintrin.h:79:1: error: inlining failed in call to always_inline ‘_mm512_set_epi64’: target specific option mismatch
 _mm512_set_epi64 (long long __A, long long __B, long long __C,
 ^~~~~~~~~~~~~~~~
/home/upmem0037/xialinl/research/library/src/backends/build-dir/CMakeFiles/CMakeTmp/src.c:5:20: note: called from here
     __m512i mask = _mm512_set_epi64(0, 0, 0, 0, 0, 0, 0, 0);
                    ^~~~~~~~~~~~~~~~~~~~~~~~~~~~~~~~~~~~~~~~
make[1]: *** [CMakeFiles/cmTC_2bd5a.dir/build.make:66: CMakeFiles/cmTC_2bd5a.dir/src.c.o] Error 1
make[1]: Leaving directory '/home/upmem0037/xialinl/research/library/src/backends/build-dir/CMakeFiles/CMakeTmp'
make: *** [Makefile:121: cmTC_2bd5a/fast] Error 2

...and run output:

Return value: 1
Source file was:

  #include <immintrin.h>
  int main()
  {
    __m512i mask = _mm512_set_epi64(0, 0, 0, 0, 0, 0, 0, 0);
    __attribute__((unused)) __m512i load = {0};
    load = _mm512_shuffle_epi8(load, mask);
    return 0;
  }

Performing C SOURCE FILE Test C_COMPILES_AVX512BW_1 failed with the following output:
Change Dir: /home/upmem0037/xialinl/research/library/src/backends/build-dir/CMakeFiles/CMakeTmp

Run Build Command:"/usr/bin/make" "cmTC_ebd16/fast"
/usr/bin/make -f CMakeFiles/cmTC_ebd16.dir/build.make CMakeFiles/cmTC_ebd16.dir/build
make[1]: Entering directory '/home/upmem0037/xialinl/research/library/src/backends/build-dir/CMakeFiles/CMakeTmp'
Building C object CMakeFiles/cmTC_ebd16.dir/src.c.o
/usr/bin/cc   -Wall -Wextra -std=gnu11  -DC_COMPILES_AVX512BW_1   -o CMakeFiles/cmTC_ebd16.dir/src.c.o   -c /home/upmem0037/xialinl/research/library/src/backends/build-dir/CMakeFiles/CMakeTmp/src.c
/home/upmem0037/xialinl/research/library/src/backends/build-dir/CMakeFiles/CMakeTmp/src.c: In function ‘main’:
/home/upmem0037/xialinl/research/library/src/backends/build-dir/CMakeFiles/CMakeTmp/src.c:5:13: warning: AVX512F vector return without AVX512F enabled changes the ABI [-Wpsabi]
     __m512i mask = _mm512_set_epi64(0, 0, 0, 0, 0, 0, 0, 0);
             ^~~~
In file included from /usr/lib/gcc/x86_64-linux-gnu/8/include/immintrin.h:55,
                 from /home/upmem0037/xialinl/research/library/src/backends/build-dir/CMakeFiles/CMakeTmp/src.c:2:
/usr/lib/gcc/x86_64-linux-gnu/8/include/avx512bwintrin.h:1852:1: error: inlining failed in call to always_inline ‘_mm512_shuffle_epi8’: target specific option mismatch
 _mm512_shuffle_epi8 (__m512i __A, __m512i __B)
 ^~~~~~~~~~~~~~~~~~~
/home/upmem0037/xialinl/research/library/src/backends/build-dir/CMakeFiles/CMakeTmp/src.c:7:12: note: called from here
     load = _mm512_shuffle_epi8(load, mask);
            ^~~~~~~~~~~~~~~~~~~~~~~~~~~~~~~
In file included from /usr/lib/gcc/x86_64-linux-gnu/8/include/immintrin.h:45,
                 from /home/upmem0037/xialinl/research/library/src/backends/build-dir/CMakeFiles/CMakeTmp/src.c:2:
/usr/lib/gcc/x86_64-linux-gnu/8/include/avx512fintrin.h:79:1: error: inlining failed in call to always_inline ‘_mm512_set_epi64’: target specific option mismatch
 _mm512_set_epi64 (long long __A, long long __B, long long __C,
 ^~~~~~~~~~~~~~~~
/home/upmem0037/xialinl/research/library/src/backends/build-dir/CMakeFiles/CMakeTmp/src.c:5:20: note: called from here
     __m512i mask = _mm512_set_epi64(0, 0, 0, 0, 0, 0, 0, 0);
                    ^~~~~~~~~~~~~~~~~~~~~~~~~~~~~~~~~~~~~~~~
make[1]: *** [CMakeFiles/cmTC_ebd16.dir/build.make:66: CMakeFiles/cmTC_ebd16.dir/src.c.o] Error 1
make[1]: Leaving directory '/home/upmem0037/xialinl/research/library/src/backends/build-dir/CMakeFiles/CMakeTmp'
make: *** [Makefile:121: cmTC_ebd16/fast] Error 2

Source file was:

  #include <immintrin.h>
  int main()
  {
    __m512i mask = _mm512_set_epi64(0, 0, 0, 0, 0, 0, 0, 0);
    __attribute__((unused)) __m512i load = {0};
    load = _mm512_shuffle_epi8(load, mask);
    return 0;
  }

Performing C SOURCE FILE Test C_HAS_CLFLUSHOPT_1 failed with the following compile output:
Change Dir: /home/upmem0037/xialinl/research/library/src/backends/build-dir/CMakeFiles/CMakeTmp

Run Build Command:"/usr/bin/make" "cmTC_58cac/fast"
/usr/bin/make -f CMakeFiles/cmTC_58cac.dir/build.make CMakeFiles/cmTC_58cac.dir/build
make[1]: Entering directory '/home/upmem0037/xialinl/research/library/src/backends/build-dir/CMakeFiles/CMakeTmp'
Building C object CMakeFiles/cmTC_58cac.dir/src.c.o
/usr/bin/cc   -Wall -Wextra -std=gnu11  -DC_HAS_CLFLUSHOPT_1   -o CMakeFiles/cmTC_58cac.dir/src.c.o   -c /home/upmem0037/xialinl/research/library/src/backends/build-dir/CMakeFiles/CMakeTmp/src.c
/home/upmem0037/xialinl/research/library/src/backends/build-dir/CMakeFiles/CMakeTmp/src.c: In function ‘main’:
/home/upmem0037/xialinl/research/library/src/backends/build-dir/CMakeFiles/CMakeTmp/src.c:6:5: warning: implicit declaration of function ‘__builtin_ia32_clflushopt’; did you mean ‘__builtin_ia32_clflush’? [-Wimplicit-function-declaration]
     __builtin_ia32_clflushopt(&flush);
     ^~~~~~~~~~~~~~~~~~~~~~~~~
     __builtin_ia32_clflush
Linking C executable cmTC_58cac
/usr/bin/cmake -E cmake_link_script CMakeFiles/cmTC_58cac.dir/link.txt --verbose=1
/usr/bin/cc  -Wall -Wextra -std=gnu11  -DC_HAS_CLFLUSHOPT_1  -Wl,--enable-new-dtags  CMakeFiles/cmTC_58cac.dir/src.c.o  -o cmTC_58cac 
/usr/bin/ld: CMakeFiles/cmTC_58cac.dir/src.c.o: in function `main':
src.c:(.text+0x1c): undefined reference to `__builtin_ia32_clflushopt'
collect2: error: ld returned 1 exit status
make[1]: *** [CMakeFiles/cmTC_58cac.dir/build.make:87: cmTC_58cac] Error 1
make[1]: Leaving directory '/home/upmem0037/xialinl/research/library/src/backends/build-dir/CMakeFiles/CMakeTmp'
make: *** [Makefile:121: cmTC_58cac/fast] Error 2

...and run output:

Return value: 1
Source file was:

  #include <immintrin.h>
  int main()
  {
    int flush = 1;
    __builtin_ia32_clflushopt(&flush);
    return 0;
  }

Performing C SOURCE FILE Test C_COMPILES_CLFLUSHOPT_1 failed with the following output:
Change Dir: /home/upmem0037/xialinl/research/library/src/backends/build-dir/CMakeFiles/CMakeTmp

Run Build Command:"/usr/bin/make" "cmTC_ab2e9/fast"
/usr/bin/make -f CMakeFiles/cmTC_ab2e9.dir/build.make CMakeFiles/cmTC_ab2e9.dir/build
make[1]: Entering directory '/home/upmem0037/xialinl/research/library/src/backends/build-dir/CMakeFiles/CMakeTmp'
Building C object CMakeFiles/cmTC_ab2e9.dir/src.c.o
/usr/bin/cc   -Wall -Wextra -std=gnu11  -DC_COMPILES_CLFLUSHOPT_1   -o CMakeFiles/cmTC_ab2e9.dir/src.c.o   -c /home/upmem0037/xialinl/research/library/src/backends/build-dir/CMakeFiles/CMakeTmp/src.c
/home/upmem0037/xialinl/research/library/src/backends/build-dir/CMakeFiles/CMakeTmp/src.c: In function ‘main’:
/home/upmem0037/xialinl/research/library/src/backends/build-dir/CMakeFiles/CMakeTmp/src.c:6:5: warning: implicit declaration of function ‘__builtin_ia32_clflushopt’; did you mean ‘__builtin_ia32_clflush’? [-Wimplicit-function-declaration]
     __builtin_ia32_clflushopt(&flush);
     ^~~~~~~~~~~~~~~~~~~~~~~~~
     __builtin_ia32_clflush
Linking C executable cmTC_ab2e9
/usr/bin/cmake -E cmake_link_script CMakeFiles/cmTC_ab2e9.dir/link.txt --verbose=1
/usr/bin/cc  -Wall -Wextra -std=gnu11  -DC_COMPILES_CLFLUSHOPT_1  -Wl,--enable-new-dtags  CMakeFiles/cmTC_ab2e9.dir/src.c.o  -o cmTC_ab2e9 
/usr/bin/ld: CMakeFiles/cmTC_ab2e9.dir/src.c.o: in function `main':
src.c:(.text+0x1c): undefined reference to `__builtin_ia32_clflushopt'
collect2: error: ld returned 1 exit status
make[1]: *** [CMakeFiles/cmTC_ab2e9.dir/build.make:87: cmTC_ab2e9] Error 1
make[1]: Leaving directory '/home/upmem0037/xialinl/research/library/src/backends/build-dir/CMakeFiles/CMakeTmp'
make: *** [Makefile:121: cmTC_ab2e9/fast] Error 2

Source file was:

  #include <immintrin.h>
  int main()
  {
    int flush = 1;
    __builtin_ia32_clflushopt(&flush);
    return 0;
  }

Performing C SOURCE FILE Test CXX_HAS_SSE3_1 failed with the following compile output:
Change Dir: /home/upmem0037/xialinl/research/library/src/backends/build-dir/CMakeFiles/CMakeTmp

Run Build Command:"/usr/bin/make" "cmTC_f4944/fast"
/usr/bin/make -f CMakeFiles/cmTC_f4944.dir/build.make CMakeFiles/cmTC_f4944.dir/build
make[1]: Entering directory '/home/upmem0037/xialinl/research/library/src/backends/build-dir/CMakeFiles/CMakeTmp'
Building C object CMakeFiles/cmTC_f4944.dir/src.c.o
/usr/bin/cc   -Wall -Wextra -std=gnu11  -DCXX_HAS_SSE3_1   -o CMakeFiles/cmTC_f4944.dir/src.c.o   -c /home/upmem0037/xialinl/research/library/src/backends/build-dir/CMakeFiles/CMakeTmp/src.c
In file included from /home/upmem0037/xialinl/research/library/src/backends/build-dir/CMakeFiles/CMakeTmp/src.c:2:
/home/upmem0037/xialinl/research/library/src/backends/build-dir/CMakeFiles/CMakeTmp/src.c: In function ‘main’:
/usr/lib/gcc/x86_64-linux-gnu/8/include/pmmintrin.h:110:1: error: inlining failed in call to always_inline ‘_mm_lddqu_si128’: target specific option mismatch
 _mm_lddqu_si128 (__m128i const *__P)
 ^~~~~~~~~~~~~~~
/home/upmem0037/xialinl/research/library/src/backends/build-dir/CMakeFiles/CMakeTmp/src.c:7:9: note: called from here
     a = _mm_lddqu_si128( (const __m128i*)vals );
         ^~~~~~~~~~~~~~~~~~~~~~~~~~~~~~~~~~~~~~~
make[1]: *** [CMakeFiles/cmTC_f4944.dir/build.make:66: CMakeFiles/cmTC_f4944.dir/src.c.o] Error 1
make[1]: Leaving directory '/home/upmem0037/xialinl/research/library/src/backends/build-dir/CMakeFiles/CMakeTmp'
make: *** [Makefile:121: cmTC_f4944/fast] Error 2

...and run output:

Return value: 1
Source file was:

  #include <pmmintrin.h>
  int main( )
  {
    const int vals[4] = {0,0,0,0};
    __attribute__((unused)) __m128i a;
    a = _mm_lddqu_si128( (const __m128i*)vals );
    return 0;
  }
Performing C SOURCE FILE Test CXX_COMPILES_SSE3_1 failed with the following output:
Change Dir: /home/upmem0037/xialinl/research/library/src/backends/build-dir/CMakeFiles/CMakeTmp

Run Build Command:"/usr/bin/make" "cmTC_48667/fast"
/usr/bin/make -f CMakeFiles/cmTC_48667.dir/build.make CMakeFiles/cmTC_48667.dir/build
make[1]: Entering directory '/home/upmem0037/xialinl/research/library/src/backends/build-dir/CMakeFiles/CMakeTmp'
Building C object CMakeFiles/cmTC_48667.dir/src.c.o
/usr/bin/cc   -Wall -Wextra -std=gnu11  -DCXX_COMPILES_SSE3_1   -o CMakeFiles/cmTC_48667.dir/src.c.o   -c /home/upmem0037/xialinl/research/library/src/backends/build-dir/CMakeFiles/CMakeTmp/src.c
In file included from /home/upmem0037/xialinl/research/library/src/backends/build-dir/CMakeFiles/CMakeTmp/src.c:2:
/home/upmem0037/xialinl/research/library/src/backends/build-dir/CMakeFiles/CMakeTmp/src.c: In function ‘main’:
/usr/lib/gcc/x86_64-linux-gnu/8/include/pmmintrin.h:110:1: error: inlining failed in call to always_inline ‘_mm_lddqu_si128’: target specific option mismatch
 _mm_lddqu_si128 (__m128i const *__P)
 ^~~~~~~~~~~~~~~
/home/upmem0037/xialinl/research/library/src/backends/build-dir/CMakeFiles/CMakeTmp/src.c:7:9: note: called from here
     a = _mm_lddqu_si128( (const __m128i*)vals );
         ^~~~~~~~~~~~~~~~~~~~~~~~~~~~~~~~~~~~~~~
make[1]: *** [CMakeFiles/cmTC_48667.dir/build.make:66: CMakeFiles/cmTC_48667.dir/src.c.o] Error 1
make[1]: Leaving directory '/home/upmem0037/xialinl/research/library/src/backends/build-dir/CMakeFiles/CMakeTmp'
make: *** [Makefile:121: cmTC_48667/fast] Error 2

Source file was:

  #include <pmmintrin.h>
  int main( )
  {
    const int vals[4] = {0,0,0,0};
    __attribute__((unused)) __m128i a;
    a = _mm_lddqu_si128( (const __m128i*)vals );
    return 0;
  }
Performing C SOURCE FILE Test CXX_HAS_SSE4_1_1 failed with the following compile output:
Change Dir: /home/upmem0037/xialinl/research/library/src/backends/build-dir/CMakeFiles/CMakeTmp

Run Build Command:"/usr/bin/make" "cmTC_d3912/fast"
/usr/bin/make -f CMakeFiles/cmTC_d3912.dir/build.make CMakeFiles/cmTC_d3912.dir/build
make[1]: Entering directory '/home/upmem0037/xialinl/research/library/src/backends/build-dir/CMakeFiles/CMakeTmp'
Building C object CMakeFiles/cmTC_d3912.dir/src.c.o
/usr/bin/cc   -Wall -Wextra -std=gnu11  -DCXX_HAS_SSE4_1_1   -o CMakeFiles/cmTC_d3912.dir/src.c.o   -c /home/upmem0037/xialinl/research/library/src/backends/build-dir/CMakeFiles/CMakeTmp/src.c
In file included from /home/upmem0037/xialinl/research/library/src/backends/build-dir/CMakeFiles/CMakeTmp/src.c:2:
/home/upmem0037/xialinl/research/library/src/backends/build-dir/CMakeFiles/CMakeTmp/src.c: In function ‘main’:
/usr/lib/gcc/x86_64-linux-gnu/8/include/smmintrin.h:282:1: error: inlining failed in call to always_inline ‘_mm_max_epi8’: target specific option mismatch
 _mm_max_epi8 (__m128i __X, __m128i __Y)
 ^~~~~~~~~~~~
/home/upmem0037/xialinl/research/library/src/backends/build-dir/CMakeFiles/CMakeTmp/src.c:7:43: note: called from here
     __attribute__((unused)) __m128i res = _mm_max_epi8(a, b);
                                           ^~~~~~~~~~~~~~~~~~
In file included from /home/upmem0037/xialinl/research/library/src/backends/build-dir/CMakeFiles/CMakeTmp/src.c:2:
/usr/lib/gcc/x86_64-linux-gnu/8/include/smmintrin.h:282:1: error: inlining failed in call to always_inline ‘_mm_max_epi8’: target specific option mismatch
 _mm_max_epi8 (__m128i __X, __m128i __Y)
 ^~~~~~~~~~~~
/home/upmem0037/xialinl/research/library/src/backends/build-dir/CMakeFiles/CMakeTmp/src.c:7:43: note: called from here
     __attribute__((unused)) __m128i res = _mm_max_epi8(a, b);
                                           ^~~~~~~~~~~~~~~~~~
make[1]: *** [CMakeFiles/cmTC_d3912.dir/build.make:66: CMakeFiles/cmTC_d3912.dir/src.c.o] Error 1
make[1]: Leaving directory '/home/upmem0037/xialinl/research/library/src/backends/build-dir/CMakeFiles/CMakeTmp'
make: *** [Makefile:121: cmTC_d3912/fast] Error 2

...and run output:

Return value: 1
Source file was:

  #include <smmintrin.h>
  int main ()
  {
    __m128i a = _mm_set_epi8(0,0,0,0,0,0,0,0,0,0,0,0,0,0,0,0);
    __m128i b = _mm_set_epi8(0,0,0,0,0,0,0,0,0,0,0,0,0,0,0,0);
    __attribute__((unused)) __m128i res = _mm_max_epi8(a, b);
    return 0;
  }

Performing C SOURCE FILE Test CXX_COMPILES_SSE4_1_1 failed with the following output:
Change Dir: /home/upmem0037/xialinl/research/library/src/backends/build-dir/CMakeFiles/CMakeTmp

Run Build Command:"/usr/bin/make" "cmTC_5b2f3/fast"
/usr/bin/make -f CMakeFiles/cmTC_5b2f3.dir/build.make CMakeFiles/cmTC_5b2f3.dir/build
make[1]: Entering directory '/home/upmem0037/xialinl/research/library/src/backends/build-dir/CMakeFiles/CMakeTmp'
Building C object CMakeFiles/cmTC_5b2f3.dir/src.c.o
/usr/bin/cc   -Wall -Wextra -std=gnu11  -DCXX_COMPILES_SSE4_1_1   -o CMakeFiles/cmTC_5b2f3.dir/src.c.o   -c /home/upmem0037/xialinl/research/library/src/backends/build-dir/CMakeFiles/CMakeTmp/src.c
In file included from /home/upmem0037/xialinl/research/library/src/backends/build-dir/CMakeFiles/CMakeTmp/src.c:2:
/home/upmem0037/xialinl/research/library/src/backends/build-dir/CMakeFiles/CMakeTmp/src.c: In function ‘main’:
/usr/lib/gcc/x86_64-linux-gnu/8/include/smmintrin.h:282:1: error: inlining failed in call to always_inline ‘_mm_max_epi8’: target specific option mismatch
 _mm_max_epi8 (__m128i __X, __m128i __Y)
 ^~~~~~~~~~~~
/home/upmem0037/xialinl/research/library/src/backends/build-dir/CMakeFiles/CMakeTmp/src.c:7:43: note: called from here
     __attribute__((unused)) __m128i res = _mm_max_epi8(a, b);
                                           ^~~~~~~~~~~~~~~~~~
In file included from /home/upmem0037/xialinl/research/library/src/backends/build-dir/CMakeFiles/CMakeTmp/src.c:2:
/usr/lib/gcc/x86_64-linux-gnu/8/include/smmintrin.h:282:1: error: inlining failed in call to always_inline ‘_mm_max_epi8’: target specific option mismatch
 _mm_max_epi8 (__m128i __X, __m128i __Y)
 ^~~~~~~~~~~~
/home/upmem0037/xialinl/research/library/src/backends/build-dir/CMakeFiles/CMakeTmp/src.c:7:43: note: called from here
     __attribute__((unused)) __m128i res = _mm_max_epi8(a, b);
                                           ^~~~~~~~~~~~~~~~~~
make[1]: *** [CMakeFiles/cmTC_5b2f3.dir/build.make:66: CMakeFiles/cmTC_5b2f3.dir/src.c.o] Error 1
make[1]: Leaving directory '/home/upmem0037/xialinl/research/library/src/backends/build-dir/CMakeFiles/CMakeTmp'
make: *** [Makefile:121: cmTC_5b2f3/fast] Error 2

Source file was:

  #include <smmintrin.h>
  int main ()
  {
    __m128i a = _mm_set_epi8(0,0,0,0,0,0,0,0,0,0,0,0,0,0,0,0);
    __m128i b = _mm_set_epi8(0,0,0,0,0,0,0,0,0,0,0,0,0,0,0,0);
    __attribute__((unused)) __m128i res = _mm_max_epi8(a, b);
    return 0;
  }

Performing C SOURCE FILE Test CXX_HAS_SSE4_2_1 failed with the following compile output:
Change Dir: /home/upmem0037/xialinl/research/library/src/backends/build-dir/CMakeFiles/CMakeTmp

Run Build Command:"/usr/bin/make" "cmTC_bfef0/fast"
/usr/bin/make -f CMakeFiles/cmTC_bfef0.dir/build.make CMakeFiles/cmTC_bfef0.dir/build
make[1]: Entering directory '/home/upmem0037/xialinl/research/library/src/backends/build-dir/CMakeFiles/CMakeTmp'
Building C object CMakeFiles/cmTC_bfef0.dir/src.c.o
/usr/bin/cc   -Wall -Wextra -std=gnu11  -DCXX_HAS_SSE4_2_1   -o CMakeFiles/cmTC_bfef0.dir/src.c.o   -c /home/upmem0037/xialinl/research/library/src/backends/build-dir/CMakeFiles/CMakeTmp/src.c
In file included from /usr/lib/gcc/x86_64-linux-gnu/8/include/nmmintrin.h:31,
                 from /home/upmem0037/xialinl/research/library/src/backends/build-dir/CMakeFiles/CMakeTmp/src.c:2:
/home/upmem0037/xialinl/research/library/src/backends/build-dir/CMakeFiles/CMakeTmp/src.c: In function ‘main’:
/usr/lib/gcc/x86_64-linux-gnu/8/include/smmintrin.h:796:1: error: inlining failed in call to always_inline ‘_mm_cmpgt_epi64’: target specific option mismatch
 _mm_cmpgt_epi64 (__m128i __X, __m128i __Y)
 ^~~~~~~~~~~~~~~
/home/upmem0037/xialinl/research/library/src/backends/build-dir/CMakeFiles/CMakeTmp/src.c:8:9: note: called from here
     c = _mm_cmpgt_epi64(a, b);
         ^~~~~~~~~~~~~~~~~~~~~
In file included from /usr/lib/gcc/x86_64-linux-gnu/8/include/nmmintrin.h:31,
                 from /home/upmem0037/xialinl/research/library/src/backends/build-dir/CMakeFiles/CMakeTmp/src.c:2:
/usr/lib/gcc/x86_64-linux-gnu/8/include/smmintrin.h:796:1: error: inlining failed in call to always_inline ‘_mm_cmpgt_epi64’: target specific option mismatch
 _mm_cmpgt_epi64 (__m128i __X, __m128i __Y)
 ^~~~~~~~~~~~~~~
/home/upmem0037/xialinl/research/library/src/backends/build-dir/CMakeFiles/CMakeTmp/src.c:8:9: note: called from here
     c = _mm_cmpgt_epi64(a, b);
         ^~~~~~~~~~~~~~~~~~~~~
make[1]: *** [CMakeFiles/cmTC_bfef0.dir/build.make:66: CMakeFiles/cmTC_bfef0.dir/src.c.o] Error 1
make[1]: Leaving directory '/home/upmem0037/xialinl/research/library/src/backends/build-dir/CMakeFiles/CMakeTmp'
make: *** [Makefile:121: cmTC_bfef0/fast] Error 2

...and run output:

Return value: 1
Source file was:

  #include <nmmintrin.h>
  int main()
  {
    __m128i a = _mm_set_epi8(0,0,0,0,0,0,0,0,0,0,0,0,0,0,0,0);
    __m128i b = _mm_set_epi8(0,0,0,0,0,0,0,0,0,0,0,0,0,0,0,0);
    __attribute__((unused)) __m128i c = _mm_set_epi8(0,0,0,0,0,0,0,0,0,0,0,0,0,0,0,0);
    c = _mm_cmpgt_epi64(a, b);
    return 0;
  }

Performing C SOURCE FILE Test CXX_COMPILES_SSE4_2_1 failed with the following output:
Change Dir: /home/upmem0037/xialinl/research/library/src/backends/build-dir/CMakeFiles/CMakeTmp

Run Build Command:"/usr/bin/make" "cmTC_e72c5/fast"
/usr/bin/make -f CMakeFiles/cmTC_e72c5.dir/build.make CMakeFiles/cmTC_e72c5.dir/build
make[1]: Entering directory '/home/upmem0037/xialinl/research/library/src/backends/build-dir/CMakeFiles/CMakeTmp'
Building C object CMakeFiles/cmTC_e72c5.dir/src.c.o
/usr/bin/cc   -Wall -Wextra -std=gnu11  -DCXX_COMPILES_SSE4_2_1   -o CMakeFiles/cmTC_e72c5.dir/src.c.o   -c /home/upmem0037/xialinl/research/library/src/backends/build-dir/CMakeFiles/CMakeTmp/src.c
In file included from /usr/lib/gcc/x86_64-linux-gnu/8/include/nmmintrin.h:31,
                 from /home/upmem0037/xialinl/research/library/src/backends/build-dir/CMakeFiles/CMakeTmp/src.c:2:
/home/upmem0037/xialinl/research/library/src/backends/build-dir/CMakeFiles/CMakeTmp/src.c: In function ‘main’:
/usr/lib/gcc/x86_64-linux-gnu/8/include/smmintrin.h:796:1: error: inlining failed in call to always_inline ‘_mm_cmpgt_epi64’: target specific option mismatch
 _mm_cmpgt_epi64 (__m128i __X, __m128i __Y)
 ^~~~~~~~~~~~~~~
/home/upmem0037/xialinl/research/library/src/backends/build-dir/CMakeFiles/CMakeTmp/src.c:8:9: note: called from here
     c = _mm_cmpgt_epi64(a, b);
         ^~~~~~~~~~~~~~~~~~~~~
In file included from /usr/lib/gcc/x86_64-linux-gnu/8/include/nmmintrin.h:31,
                 from /home/upmem0037/xialinl/research/library/src/backends/build-dir/CMakeFiles/CMakeTmp/src.c:2:
/usr/lib/gcc/x86_64-linux-gnu/8/include/smmintrin.h:796:1: error: inlining failed in call to always_inline ‘_mm_cmpgt_epi64’: target specific option mismatch
 _mm_cmpgt_epi64 (__m128i __X, __m128i __Y)
 ^~~~~~~~~~~~~~~
/home/upmem0037/xialinl/research/library/src/backends/build-dir/CMakeFiles/CMakeTmp/src.c:8:9: note: called from here
     c = _mm_cmpgt_epi64(a, b);
         ^~~~~~~~~~~~~~~~~~~~~
make[1]: *** [CMakeFiles/cmTC_e72c5.dir/build.make:66: CMakeFiles/cmTC_e72c5.dir/src.c.o] Error 1
make[1]: Leaving directory '/home/upmem0037/xialinl/research/library/src/backends/build-dir/CMakeFiles/CMakeTmp'
make: *** [Makefile:121: cmTC_e72c5/fast] Error 2

Source file was:

  #include <nmmintrin.h>
  int main()
  {
    __m128i a = _mm_set_epi8(0,0,0,0,0,0,0,0,0,0,0,0,0,0,0,0);
    __m128i b = _mm_set_epi8(0,0,0,0,0,0,0,0,0,0,0,0,0,0,0,0);
    __attribute__((unused)) __m128i c = _mm_set_epi8(0,0,0,0,0,0,0,0,0,0,0,0,0,0,0,0);
    c = _mm_cmpgt_epi64(a, b);
    return 0;
  }

Performing C SOURCE FILE Test CXX_HAS_AVX_1 failed with the following compile output:
Change Dir: /home/upmem0037/xialinl/research/library/src/backends/build-dir/CMakeFiles/CMakeTmp

Run Build Command:"/usr/bin/make" "cmTC_528c2/fast"
/usr/bin/make -f CMakeFiles/cmTC_528c2.dir/build.make CMakeFiles/cmTC_528c2.dir/build
make[1]: Entering directory '/home/upmem0037/xialinl/research/library/src/backends/build-dir/CMakeFiles/CMakeTmp'
Building C object CMakeFiles/cmTC_528c2.dir/src.c.o
/usr/bin/cc   -Wall -Wextra -std=gnu11  -DCXX_HAS_AVX_1   -o CMakeFiles/cmTC_528c2.dir/src.c.o   -c /home/upmem0037/xialinl/research/library/src/backends/build-dir/CMakeFiles/CMakeTmp/src.c
/home/upmem0037/xialinl/research/library/src/backends/build-dir/CMakeFiles/CMakeTmp/src.c: In function ‘main’:
/home/upmem0037/xialinl/research/library/src/backends/build-dir/CMakeFiles/CMakeTmp/src.c:6:7: warning: AVX vector return without AVX enabled changes the ABI [-Wpsabi]
     a = _mm256_set1_ps(0);
     ~~^~~~~~~~~~~~~~~~~~~
In file included from /usr/lib/gcc/x86_64-linux-gnu/8/include/immintrin.h:41,
                 from /home/upmem0037/xialinl/research/library/src/backends/build-dir/CMakeFiles/CMakeTmp/src.c:2:
/usr/lib/gcc/x86_64-linux-gnu/8/include/avxintrin.h:1310:1: error: inlining failed in call to always_inline ‘_mm256_set1_ps’: target specific option mismatch
 _mm256_set1_ps (float __A)
 ^~~~~~~~~~~~~~
/home/upmem0037/xialinl/research/library/src/backends/build-dir/CMakeFiles/CMakeTmp/src.c:6:9: note: called from here
     a = _mm256_set1_ps(0);
         ^~~~~~~~~~~~~~~~~
make[1]: *** [CMakeFiles/cmTC_528c2.dir/build.make:66: CMakeFiles/cmTC_528c2.dir/src.c.o] Error 1
make[1]: Leaving directory '/home/upmem0037/xialinl/research/library/src/backends/build-dir/CMakeFiles/CMakeTmp'
make: *** [Makefile:121: cmTC_528c2/fast] Error 2

...and run output:

Return value: 1
Source file was:

  #include <immintrin.h>
  int main()
  {
    __attribute__((unused)) __m256 a;
    a = _mm256_set1_ps(0);
    return 0;
  }

Performing C SOURCE FILE Test CXX_COMPILES_AVX_1 failed with the following output:
Change Dir: /home/upmem0037/xialinl/research/library/src/backends/build-dir/CMakeFiles/CMakeTmp

Run Build Command:"/usr/bin/make" "cmTC_f938d/fast"
/usr/bin/make -f CMakeFiles/cmTC_f938d.dir/build.make CMakeFiles/cmTC_f938d.dir/build
make[1]: Entering directory '/home/upmem0037/xialinl/research/library/src/backends/build-dir/CMakeFiles/CMakeTmp'
Building C object CMakeFiles/cmTC_f938d.dir/src.c.o
/usr/bin/cc   -Wall -Wextra -std=gnu11  -DCXX_COMPILES_AVX_1   -o CMakeFiles/cmTC_f938d.dir/src.c.o   -c /home/upmem0037/xialinl/research/library/src/backends/build-dir/CMakeFiles/CMakeTmp/src.c
/home/upmem0037/xialinl/research/library/src/backends/build-dir/CMakeFiles/CMakeTmp/src.c: In function ‘main’:
/home/upmem0037/xialinl/research/library/src/backends/build-dir/CMakeFiles/CMakeTmp/src.c:6:7: warning: AVX vector return without AVX enabled changes the ABI [-Wpsabi]
     a = _mm256_set1_ps(0);
     ~~^~~~~~~~~~~~~~~~~~~
In file included from /usr/lib/gcc/x86_64-linux-gnu/8/include/immintrin.h:41,
                 from /home/upmem0037/xialinl/research/library/src/backends/build-dir/CMakeFiles/CMakeTmp/src.c:2:
/usr/lib/gcc/x86_64-linux-gnu/8/include/avxintrin.h:1310:1: error: inlining failed in call to always_inline ‘_mm256_set1_ps’: target specific option mismatch
 _mm256_set1_ps (float __A)
 ^~~~~~~~~~~~~~
/home/upmem0037/xialinl/research/library/src/backends/build-dir/CMakeFiles/CMakeTmp/src.c:6:9: note: called from here
     a = _mm256_set1_ps(0);
         ^~~~~~~~~~~~~~~~~
make[1]: *** [CMakeFiles/cmTC_f938d.dir/build.make:66: CMakeFiles/cmTC_f938d.dir/src.c.o] Error 1
make[1]: Leaving directory '/home/upmem0037/xialinl/research/library/src/backends/build-dir/CMakeFiles/CMakeTmp'
make: *** [Makefile:121: cmTC_f938d/fast] Error 2

Source file was:

  #include <immintrin.h>
  int main()
  {
    __attribute__((unused)) __m256 a;
    a = _mm256_set1_ps(0);
    return 0;
  }

Performing C SOURCE FILE Test CXX_HAS_AVX2_1 failed with the following compile output:
Change Dir: /home/upmem0037/xialinl/research/library/src/backends/build-dir/CMakeFiles/CMakeTmp

Run Build Command:"/usr/bin/make" "cmTC_17d4e/fast"
/usr/bin/make -f CMakeFiles/cmTC_17d4e.dir/build.make CMakeFiles/cmTC_17d4e.dir/build
make[1]: Entering directory '/home/upmem0037/xialinl/research/library/src/backends/build-dir/CMakeFiles/CMakeTmp'
Building C object CMakeFiles/cmTC_17d4e.dir/src.c.o
/usr/bin/cc   -Wall -Wextra -std=gnu11  -DCXX_HAS_AVX2_1   -o CMakeFiles/cmTC_17d4e.dir/src.c.o   -c /home/upmem0037/xialinl/research/library/src/backends/build-dir/CMakeFiles/CMakeTmp/src.c
/home/upmem0037/xialinl/research/library/src/backends/build-dir/CMakeFiles/CMakeTmp/src.c: In function ‘main’:
/home/upmem0037/xialinl/research/library/src/backends/build-dir/CMakeFiles/CMakeTmp/src.c:6:7: warning: AVX vector return without AVX enabled changes the ABI [-Wpsabi]
     a = _mm256_abs_epi16(a);
     ~~^~~~~~~~~~~~~~~~~~~~~
In file included from /usr/lib/gcc/x86_64-linux-gnu/8/include/immintrin.h:43,
                 from /home/upmem0037/xialinl/research/library/src/backends/build-dir/CMakeFiles/CMakeTmp/src.c:2:
/usr/lib/gcc/x86_64-linux-gnu/8/include/avx2intrin.h:63:1: error: inlining failed in call to always_inline ‘_mm256_abs_epi16’: target specific option mismatch
 _mm256_abs_epi16 (__m256i __A)
 ^~~~~~~~~~~~~~~~
/home/upmem0037/xialinl/research/library/src/backends/build-dir/CMakeFiles/CMakeTmp/src.c:6:9: note: called from here
     a = _mm256_abs_epi16(a);
         ^~~~~~~~~~~~~~~~~~~
make[1]: *** [CMakeFiles/cmTC_17d4e.dir/build.make:66: CMakeFiles/cmTC_17d4e.dir/src.c.o] Error 1
make[1]: Leaving directory '/home/upmem0037/xialinl/research/library/src/backends/build-dir/CMakeFiles/CMakeTmp'
make: *** [Makefile:121: cmTC_17d4e/fast] Error 2

...and run output:

Return value: 1
Source file was:

  #include <immintrin.h>
  int main()
  {
    __m256i a = {0};
    a = _mm256_abs_epi16(a);
    return 0;
  }

Performing C SOURCE FILE Test CXX_COMPILES_AVX2_1 failed with the following output:
Change Dir: /home/upmem0037/xialinl/research/library/src/backends/build-dir/CMakeFiles/CMakeTmp

Run Build Command:"/usr/bin/make" "cmTC_21b5e/fast"
/usr/bin/make -f CMakeFiles/cmTC_21b5e.dir/build.make CMakeFiles/cmTC_21b5e.dir/build
make[1]: Entering directory '/home/upmem0037/xialinl/research/library/src/backends/build-dir/CMakeFiles/CMakeTmp'
Building C object CMakeFiles/cmTC_21b5e.dir/src.c.o
/usr/bin/cc   -Wall -Wextra -std=gnu11  -DCXX_COMPILES_AVX2_1   -o CMakeFiles/cmTC_21b5e.dir/src.c.o   -c /home/upmem0037/xialinl/research/library/src/backends/build-dir/CMakeFiles/CMakeTmp/src.c
/home/upmem0037/xialinl/research/library/src/backends/build-dir/CMakeFiles/CMakeTmp/src.c: In function ‘main’:
/home/upmem0037/xialinl/research/library/src/backends/build-dir/CMakeFiles/CMakeTmp/src.c:6:7: warning: AVX vector return without AVX enabled changes the ABI [-Wpsabi]
     a = _mm256_abs_epi16(a);
     ~~^~~~~~~~~~~~~~~~~~~~~
In file included from /usr/lib/gcc/x86_64-linux-gnu/8/include/immintrin.h:43,
                 from /home/upmem0037/xialinl/research/library/src/backends/build-dir/CMakeFiles/CMakeTmp/src.c:2:
/usr/lib/gcc/x86_64-linux-gnu/8/include/avx2intrin.h:63:1: error: inlining failed in call to always_inline ‘_mm256_abs_epi16’: target specific option mismatch
 _mm256_abs_epi16 (__m256i __A)
 ^~~~~~~~~~~~~~~~
/home/upmem0037/xialinl/research/library/src/backends/build-dir/CMakeFiles/CMakeTmp/src.c:6:9: note: called from here
     a = _mm256_abs_epi16(a);
         ^~~~~~~~~~~~~~~~~~~
make[1]: *** [CMakeFiles/cmTC_21b5e.dir/build.make:66: CMakeFiles/cmTC_21b5e.dir/src.c.o] Error 1
make[1]: Leaving directory '/home/upmem0037/xialinl/research/library/src/backends/build-dir/CMakeFiles/CMakeTmp'
make: *** [Makefile:121: cmTC_21b5e/fast] Error 2

Source file was:

  #include <immintrin.h>
  int main()
  {
    __m256i a = {0};
    a = _mm256_abs_epi16(a);
    return 0;
  }

Performing C SOURCE FILE Test CXX_HAS_AVX512F_1 failed with the following compile output:
Change Dir: /home/upmem0037/xialinl/research/library/src/backends/build-dir/CMakeFiles/CMakeTmp

Run Build Command:"/usr/bin/make" "cmTC_c4948/fast"
/usr/bin/make -f CMakeFiles/cmTC_c4948.dir/build.make CMakeFiles/cmTC_c4948.dir/build
make[1]: Entering directory '/home/upmem0037/xialinl/research/library/src/backends/build-dir/CMakeFiles/CMakeTmp'
Building C object CMakeFiles/cmTC_c4948.dir/src.c.o
/usr/bin/cc   -Wall -Wextra -std=gnu11  -DCXX_HAS_AVX512F_1   -o CMakeFiles/cmTC_c4948.dir/src.c.o   -c /home/upmem0037/xialinl/research/library/src/backends/build-dir/CMakeFiles/CMakeTmp/src.c
/home/upmem0037/xialinl/research/library/src/backends/build-dir/CMakeFiles/CMakeTmp/src.c: In function ‘main’:
/home/upmem0037/xialinl/research/library/src/backends/build-dir/CMakeFiles/CMakeTmp/src.c:5:12: warning: AVX512F vector return without AVX512F enabled changes the ABI [-Wpsabi]
     __m512 a = _mm512_set1_ps(1.f);
            ^
In file included from /usr/lib/gcc/x86_64-linux-gnu/8/include/immintrin.h:45,
                 from /home/upmem0037/xialinl/research/library/src/backends/build-dir/CMakeFiles/CMakeTmp/src.c:2:
/usr/lib/gcc/x86_64-linux-gnu/8/include/avx512fintrin.h:11534:1: error: inlining failed in call to always_inline ‘_mm512_add_ps’: target specific option mismatch
 _mm512_add_ps (__m512 __A, __m512 __B)
 ^~~~~~~~~~~~~
/home/upmem0037/xialinl/research/library/src/backends/build-dir/CMakeFiles/CMakeTmp/src.c:6:9: note: called from here
     a = _mm512_add_ps(a, _mm512_set1_ps(1.f));;
         ^~~~~~~~~~~~~~~~~~~~~~~~~~~~~~~~~~~~~
In file included from /usr/lib/gcc/x86_64-linux-gnu/8/include/immintrin.h:45,
                 from /home/upmem0037/xialinl/research/library/src/backends/build-dir/CMakeFiles/CMakeTmp/src.c:2:
/usr/lib/gcc/x86_64-linux-gnu/8/include/avx512fintrin.h:201:1: error: inlining failed in call to always_inline ‘_mm512_set1_ps’: target specific option mismatch
 _mm512_set1_ps (float __A)
 ^~~~~~~~~~~~~~
/home/upmem0037/xialinl/research/library/src/backends/build-dir/CMakeFiles/CMakeTmp/src.c:6:9: note: called from here
     a = _mm512_add_ps(a, _mm512_set1_ps(1.f));;
         ^~~~~~~~~~~~~~~~~~~~~~~~~~~~~~~~~~~~~
In file included from /usr/lib/gcc/x86_64-linux-gnu/8/include/immintrin.h:45,
                 from /home/upmem0037/xialinl/research/library/src/backends/build-dir/CMakeFiles/CMakeTmp/src.c:2:
/usr/lib/gcc/x86_64-linux-gnu/8/include/avx512fintrin.h:201:1: error: inlining failed in call to always_inline ‘_mm512_set1_ps’: target specific option mismatch
 _mm512_set1_ps (float __A)
 ^~~~~~~~~~~~~~
/home/upmem0037/xialinl/research/library/src/backends/build-dir/CMakeFiles/CMakeTmp/src.c:5:16: note: called from here
     __m512 a = _mm512_set1_ps(1.f);
                ^~~~~~~~~~~~~~~~~~~
make[1]: *** [CMakeFiles/cmTC_c4948.dir/build.make:66: CMakeFiles/cmTC_c4948.dir/src.c.o] Error 1
make[1]: Leaving directory '/home/upmem0037/xialinl/research/library/src/backends/build-dir/CMakeFiles/CMakeTmp'
make: *** [Makefile:121: cmTC_c4948/fast] Error 2

...and run output:

Return value: 1
Source file was:

  #include <immintrin.h>
  int main()
  {
    __m512 a = _mm512_set1_ps(1.f);
    a = _mm512_add_ps(a, _mm512_set1_ps(1.f));;
    return 0;
  }

Performing C SOURCE FILE Test CXX_COMPILES_AVX512F_1 failed with the following output:
Change Dir: /home/upmem0037/xialinl/research/library/src/backends/build-dir/CMakeFiles/CMakeTmp

Run Build Command:"/usr/bin/make" "cmTC_2928f/fast"
/usr/bin/make -f CMakeFiles/cmTC_2928f.dir/build.make CMakeFiles/cmTC_2928f.dir/build
make[1]: Entering directory '/home/upmem0037/xialinl/research/library/src/backends/build-dir/CMakeFiles/CMakeTmp'
Building C object CMakeFiles/cmTC_2928f.dir/src.c.o
/usr/bin/cc   -Wall -Wextra -std=gnu11  -DCXX_COMPILES_AVX512F_1   -o CMakeFiles/cmTC_2928f.dir/src.c.o   -c /home/upmem0037/xialinl/research/library/src/backends/build-dir/CMakeFiles/CMakeTmp/src.c
/home/upmem0037/xialinl/research/library/src/backends/build-dir/CMakeFiles/CMakeTmp/src.c: In function ‘main’:
/home/upmem0037/xialinl/research/library/src/backends/build-dir/CMakeFiles/CMakeTmp/src.c:5:12: warning: AVX512F vector return without AVX512F enabled changes the ABI [-Wpsabi]
     __m512 a = _mm512_set1_ps(1.f);
            ^
In file included from /usr/lib/gcc/x86_64-linux-gnu/8/include/immintrin.h:45,
                 from /home/upmem0037/xialinl/research/library/src/backends/build-dir/CMakeFiles/CMakeTmp/src.c:2:
/usr/lib/gcc/x86_64-linux-gnu/8/include/avx512fintrin.h:11534:1: error: inlining failed in call to always_inline ‘_mm512_add_ps’: target specific option mismatch
 _mm512_add_ps (__m512 __A, __m512 __B)
 ^~~~~~~~~~~~~
/home/upmem0037/xialinl/research/library/src/backends/build-dir/CMakeFiles/CMakeTmp/src.c:6:9: note: called from here
     a = _mm512_add_ps(a, _mm512_set1_ps(1.f));;
         ^~~~~~~~~~~~~~~~~~~~~~~~~~~~~~~~~~~~~
In file included from /usr/lib/gcc/x86_64-linux-gnu/8/include/immintrin.h:45,
                 from /home/upmem0037/xialinl/research/library/src/backends/build-dir/CMakeFiles/CMakeTmp/src.c:2:
/usr/lib/gcc/x86_64-linux-gnu/8/include/avx512fintrin.h:201:1: error: inlining failed in call to always_inline ‘_mm512_set1_ps’: target specific option mismatch
 _mm512_set1_ps (float __A)
 ^~~~~~~~~~~~~~
/home/upmem0037/xialinl/research/library/src/backends/build-dir/CMakeFiles/CMakeTmp/src.c:6:9: note: called from here
     a = _mm512_add_ps(a, _mm512_set1_ps(1.f));;
         ^~~~~~~~~~~~~~~~~~~~~~~~~~~~~~~~~~~~~
In file included from /usr/lib/gcc/x86_64-linux-gnu/8/include/immintrin.h:45,
                 from /home/upmem0037/xialinl/research/library/src/backends/build-dir/CMakeFiles/CMakeTmp/src.c:2:
/usr/lib/gcc/x86_64-linux-gnu/8/include/avx512fintrin.h:201:1: error: inlining failed in call to always_inline ‘_mm512_set1_ps’: target specific option mismatch
 _mm512_set1_ps (float __A)
 ^~~~~~~~~~~~~~
/home/upmem0037/xialinl/research/library/src/backends/build-dir/CMakeFiles/CMakeTmp/src.c:5:16: note: called from here
     __m512 a = _mm512_set1_ps(1.f);
                ^~~~~~~~~~~~~~~~~~~
make[1]: *** [CMakeFiles/cmTC_2928f.dir/build.make:66: CMakeFiles/cmTC_2928f.dir/src.c.o] Error 1
make[1]: Leaving directory '/home/upmem0037/xialinl/research/library/src/backends/build-dir/CMakeFiles/CMakeTmp'
make: *** [Makefile:121: cmTC_2928f/fast] Error 2

Source file was:

  #include <immintrin.h>
  int main()
  {
    __m512 a = _mm512_set1_ps(1.f);
    a = _mm512_add_ps(a, _mm512_set1_ps(1.f));;
    return 0;
  }

Performing C SOURCE FILE Test CXX_HAS_AVX512BW_1 failed with the following compile output:
Change Dir: /home/upmem0037/xialinl/research/library/src/backends/build-dir/CMakeFiles/CMakeTmp

Run Build Command:"/usr/bin/make" "cmTC_62e80/fast"
/usr/bin/make -f CMakeFiles/cmTC_62e80.dir/build.make CMakeFiles/cmTC_62e80.dir/build
make[1]: Entering directory '/home/upmem0037/xialinl/research/library/src/backends/build-dir/CMakeFiles/CMakeTmp'
Building C object CMakeFiles/cmTC_62e80.dir/src.c.o
/usr/bin/cc   -Wall -Wextra -std=gnu11  -DCXX_HAS_AVX512BW_1   -o CMakeFiles/cmTC_62e80.dir/src.c.o   -c /home/upmem0037/xialinl/research/library/src/backends/build-dir/CMakeFiles/CMakeTmp/src.c
/home/upmem0037/xialinl/research/library/src/backends/build-dir/CMakeFiles/CMakeTmp/src.c: In function ‘main’:
/home/upmem0037/xialinl/research/library/src/backends/build-dir/CMakeFiles/CMakeTmp/src.c:5:13: warning: AVX512F vector return without AVX512F enabled changes the ABI [-Wpsabi]
     __m512i mask = _mm512_set_epi64(0, 0, 0, 0, 0, 0, 0, 0);
             ^~~~
In file included from /usr/lib/gcc/x86_64-linux-gnu/8/include/immintrin.h:55,
                 from /home/upmem0037/xialinl/research/library/src/backends/build-dir/CMakeFiles/CMakeTmp/src.c:2:
/usr/lib/gcc/x86_64-linux-gnu/8/include/avx512bwintrin.h:1852:1: error: inlining failed in call to always_inline ‘_mm512_shuffle_epi8’: target specific option mismatch
 _mm512_shuffle_epi8 (__m512i __A, __m512i __B)
 ^~~~~~~~~~~~~~~~~~~
/home/upmem0037/xialinl/research/library/src/backends/build-dir/CMakeFiles/CMakeTmp/src.c:7:12: note: called from here
     load = _mm512_shuffle_epi8(load, mask);
            ^~~~~~~~~~~~~~~~~~~~~~~~~~~~~~~
In file included from /usr/lib/gcc/x86_64-linux-gnu/8/include/immintrin.h:45,
                 from /home/upmem0037/xialinl/research/library/src/backends/build-dir/CMakeFiles/CMakeTmp/src.c:2:
/usr/lib/gcc/x86_64-linux-gnu/8/include/avx512fintrin.h:79:1: error: inlining failed in call to always_inline ‘_mm512_set_epi64’: target specific option mismatch
 _mm512_set_epi64 (long long __A, long long __B, long long __C,
 ^~~~~~~~~~~~~~~~
/home/upmem0037/xialinl/research/library/src/backends/build-dir/CMakeFiles/CMakeTmp/src.c:5:20: note: called from here
     __m512i mask = _mm512_set_epi64(0, 0, 0, 0, 0, 0, 0, 0);
                    ^~~~~~~~~~~~~~~~~~~~~~~~~~~~~~~~~~~~~~~~
make[1]: *** [CMakeFiles/cmTC_62e80.dir/build.make:66: CMakeFiles/cmTC_62e80.dir/src.c.o] Error 1
make[1]: Leaving directory '/home/upmem0037/xialinl/research/library/src/backends/build-dir/CMakeFiles/CMakeTmp'
make: *** [Makefile:121: cmTC_62e80/fast] Error 2

...and run output:

Return value: 1
Source file was:

  #include <immintrin.h>
  int main()
  {
    __m512i mask = _mm512_set_epi64(0, 0, 0, 0, 0, 0, 0, 0);
    __attribute__((unused)) __m512i load = {0};
    load = _mm512_shuffle_epi8(load, mask);
    return 0;
  }

Performing C SOURCE FILE Test CXX_COMPILES_AVX512BW_1 failed with the following output:
Change Dir: /home/upmem0037/xialinl/research/library/src/backends/build-dir/CMakeFiles/CMakeTmp

Run Build Command:"/usr/bin/make" "cmTC_b7625/fast"
/usr/bin/make -f CMakeFiles/cmTC_b7625.dir/build.make CMakeFiles/cmTC_b7625.dir/build
make[1]: Entering directory '/home/upmem0037/xialinl/research/library/src/backends/build-dir/CMakeFiles/CMakeTmp'
Building C object CMakeFiles/cmTC_b7625.dir/src.c.o
/usr/bin/cc   -Wall -Wextra -std=gnu11  -DCXX_COMPILES_AVX512BW_1   -o CMakeFiles/cmTC_b7625.dir/src.c.o   -c /home/upmem0037/xialinl/research/library/src/backends/build-dir/CMakeFiles/CMakeTmp/src.c
/home/upmem0037/xialinl/research/library/src/backends/build-dir/CMakeFiles/CMakeTmp/src.c: In function ‘main’:
/home/upmem0037/xialinl/research/library/src/backends/build-dir/CMakeFiles/CMakeTmp/src.c:5:13: warning: AVX512F vector return without AVX512F enabled changes the ABI [-Wpsabi]
     __m512i mask = _mm512_set_epi64(0, 0, 0, 0, 0, 0, 0, 0);
             ^~~~
In file included from /usr/lib/gcc/x86_64-linux-gnu/8/include/immintrin.h:55,
                 from /home/upmem0037/xialinl/research/library/src/backends/build-dir/CMakeFiles/CMakeTmp/src.c:2:
/usr/lib/gcc/x86_64-linux-gnu/8/include/avx512bwintrin.h:1852:1: error: inlining failed in call to always_inline ‘_mm512_shuffle_epi8’: target specific option mismatch
 _mm512_shuffle_epi8 (__m512i __A, __m512i __B)
 ^~~~~~~~~~~~~~~~~~~
/home/upmem0037/xialinl/research/library/src/backends/build-dir/CMakeFiles/CMakeTmp/src.c:7:12: note: called from here
     load = _mm512_shuffle_epi8(load, mask);
            ^~~~~~~~~~~~~~~~~~~~~~~~~~~~~~~
In file included from /usr/lib/gcc/x86_64-linux-gnu/8/include/immintrin.h:45,
                 from /home/upmem0037/xialinl/research/library/src/backends/build-dir/CMakeFiles/CMakeTmp/src.c:2:
/usr/lib/gcc/x86_64-linux-gnu/8/include/avx512fintrin.h:79:1: error: inlining failed in call to always_inline ‘_mm512_set_epi64’: target specific option mismatch
 _mm512_set_epi64 (long long __A, long long __B, long long __C,
 ^~~~~~~~~~~~~~~~
/home/upmem0037/xialinl/research/library/src/backends/build-dir/CMakeFiles/CMakeTmp/src.c:5:20: note: called from here
     __m512i mask = _mm512_set_epi64(0, 0, 0, 0, 0, 0, 0, 0);
                    ^~~~~~~~~~~~~~~~~~~~~~~~~~~~~~~~~~~~~~~~
make[1]: *** [CMakeFiles/cmTC_b7625.dir/build.make:66: CMakeFiles/cmTC_b7625.dir/src.c.o] Error 1
make[1]: Leaving directory '/home/upmem0037/xialinl/research/library/src/backends/build-dir/CMakeFiles/CMakeTmp'
make: *** [Makefile:121: cmTC_b7625/fast] Error 2

Source file was:

  #include <immintrin.h>
  int main()
  {
    __m512i mask = _mm512_set_epi64(0, 0, 0, 0, 0, 0, 0, 0);
    __attribute__((unused)) __m512i load = {0};
    load = _mm512_shuffle_epi8(load, mask);
    return 0;
  }

Performing C SOURCE FILE Test CXX_HAS_CLFLUSHOPT_1 failed with the following compile output:
Change Dir: /home/upmem0037/xialinl/research/library/src/backends/build-dir/CMakeFiles/CMakeTmp

Run Build Command:"/usr/bin/make" "cmTC_dd22a/fast"
/usr/bin/make -f CMakeFiles/cmTC_dd22a.dir/build.make CMakeFiles/cmTC_dd22a.dir/build
make[1]: Entering directory '/home/upmem0037/xialinl/research/library/src/backends/build-dir/CMakeFiles/CMakeTmp'
Building C object CMakeFiles/cmTC_dd22a.dir/src.c.o
/usr/bin/cc   -Wall -Wextra -std=gnu11  -DCXX_HAS_CLFLUSHOPT_1   -o CMakeFiles/cmTC_dd22a.dir/src.c.o   -c /home/upmem0037/xialinl/research/library/src/backends/build-dir/CMakeFiles/CMakeTmp/src.c
/home/upmem0037/xialinl/research/library/src/backends/build-dir/CMakeFiles/CMakeTmp/src.c: In function ‘main’:
/home/upmem0037/xialinl/research/library/src/backends/build-dir/CMakeFiles/CMakeTmp/src.c:6:5: warning: implicit declaration of function ‘__builtin_ia32_clflushopt’; did you mean ‘__builtin_ia32_clflush’? [-Wimplicit-function-declaration]
     __builtin_ia32_clflushopt(&flush);
     ^~~~~~~~~~~~~~~~~~~~~~~~~
     __builtin_ia32_clflush
Linking C executable cmTC_dd22a
/usr/bin/cmake -E cmake_link_script CMakeFiles/cmTC_dd22a.dir/link.txt --verbose=1
/usr/bin/cc  -Wall -Wextra -std=gnu11  -DCXX_HAS_CLFLUSHOPT_1  -Wl,--enable-new-dtags  CMakeFiles/cmTC_dd22a.dir/src.c.o  -o cmTC_dd22a 
/usr/bin/ld: CMakeFiles/cmTC_dd22a.dir/src.c.o: in function `main':
src.c:(.text+0x1c): undefined reference to `__builtin_ia32_clflushopt'
collect2: error: ld returned 1 exit status
make[1]: *** [CMakeFiles/cmTC_dd22a.dir/build.make:87: cmTC_dd22a] Error 1
make[1]: Leaving directory '/home/upmem0037/xialinl/research/library/src/backends/build-dir/CMakeFiles/CMakeTmp'
make: *** [Makefile:121: cmTC_dd22a/fast] Error 2

...and run output:

Return value: 1
Source file was:

  #include <immintrin.h>
  int main()
  {
    int flush = 1;
    __builtin_ia32_clflushopt(&flush);
    return 0;
  }

Performing C SOURCE FILE Test CXX_COMPILES_CLFLUSHOPT_1 failed with the following output:
Change Dir: /home/upmem0037/xialinl/research/library/src/backends/build-dir/CMakeFiles/CMakeTmp

Run Build Command:"/usr/bin/make" "cmTC_1097f/fast"
/usr/bin/make -f CMakeFiles/cmTC_1097f.dir/build.make CMakeFiles/cmTC_1097f.dir/build
make[1]: Entering directory '/home/upmem0037/xialinl/research/library/src/backends/build-dir/CMakeFiles/CMakeTmp'
Building C object CMakeFiles/cmTC_1097f.dir/src.c.o
/usr/bin/cc   -Wall -Wextra -std=gnu11  -DCXX_COMPILES_CLFLUSHOPT_1   -o CMakeFiles/cmTC_1097f.dir/src.c.o   -c /home/upmem0037/xialinl/research/library/src/backends/build-dir/CMakeFiles/CMakeTmp/src.c
/home/upmem0037/xialinl/research/library/src/backends/build-dir/CMakeFiles/CMakeTmp/src.c: In function ‘main’:
/home/upmem0037/xialinl/research/library/src/backends/build-dir/CMakeFiles/CMakeTmp/src.c:6:5: warning: implicit declaration of function ‘__builtin_ia32_clflushopt’; did you mean ‘__builtin_ia32_clflush’? [-Wimplicit-function-declaration]
     __builtin_ia32_clflushopt(&flush);
     ^~~~~~~~~~~~~~~~~~~~~~~~~
     __builtin_ia32_clflush
Linking C executable cmTC_1097f
/usr/bin/cmake -E cmake_link_script CMakeFiles/cmTC_1097f.dir/link.txt --verbose=1
/usr/bin/cc  -Wall -Wextra -std=gnu11  -DCXX_COMPILES_CLFLUSHOPT_1  -Wl,--enable-new-dtags  CMakeFiles/cmTC_1097f.dir/src.c.o  -o cmTC_1097f 
/usr/bin/ld: CMakeFiles/cmTC_1097f.dir/src.c.o: in function `main':
src.c:(.text+0x1c): undefined reference to `__builtin_ia32_clflushopt'
collect2: error: ld returned 1 exit status
make[1]: *** [CMakeFiles/cmTC_1097f.dir/build.make:87: cmTC_1097f] Error 1
make[1]: Leaving directory '/home/upmem0037/xialinl/research/library/src/backends/build-dir/CMakeFiles/CMakeTmp'
make: *** [Makefile:121: cmTC_1097f/fast] Error 2

Source file was:

  #include <immintrin.h>
  int main()
  {
    int flush = 1;
    __builtin_ia32_clflushopt(&flush);
    return 0;
  }

