The system is: Linux - 4.19.0-26-amd64 - x86_64
Compiling the C compiler identification source file "CMakeCCompilerId.c" succeeded.
Compiler: /usr/bin/cc 
Build flags: 
Id flags:  

The output was:
0


Compilation of the C compiler identification source "CMakeCCompilerId.c" produced "a.out"

The C compiler identification is GNU, found in "/home/upmem0037/xialinl/research/library/src/backends/build-dir/CMakeFiles/3.13.4/CompilerIdC/a.out"

Compiling the CXX compiler identification source file "CMakeCXXCompilerId.cpp" succeeded.
Compiler: /usr/bin/c++ 
Build flags: 
Id flags:  

The output was:
0


Compilation of the CXX compiler identification source "CMakeCXXCompilerId.cpp" produced "a.out"

The CXX compiler identification is GNU, found in "/home/upmem0037/xialinl/research/library/src/backends/build-dir/CMakeFiles/3.13.4/CompilerIdCXX/a.out"

Determining if the C compiler works passed with the following output:
Change Dir: /home/upmem0037/xialinl/research/library/src/backends/build-dir/CMakeFiles/CMakeTmp

Run Build Command:"/usr/bin/make" "cmTC_1f98e/fast"
/usr/bin/make -f CMakeFiles/cmTC_1f98e.dir/build.make CMakeFiles/cmTC_1f98e.dir/build
make[1]: Entering directory '/home/upmem0037/xialinl/research/library/src/backends/build-dir/CMakeFiles/CMakeTmp'
Building C object CMakeFiles/cmTC_1f98e.dir/testCCompiler.c.o
/usr/bin/cc    -o CMakeFiles/cmTC_1f98e.dir/testCCompiler.c.o   -c /home/upmem0037/xialinl/research/library/src/backends/build-dir/CMakeFiles/CMakeTmp/testCCompiler.c
Linking C executable cmTC_1f98e
/usr/bin/cmake -E cmake_link_script CMakeFiles/cmTC_1f98e.dir/link.txt --verbose=1
/usr/bin/cc      CMakeFiles/cmTC_1f98e.dir/testCCompiler.c.o  -o cmTC_1f98e 
make[1]: Leaving directory '/home/upmem0037/xialinl/research/library/src/backends/build-dir/CMakeFiles/CMakeTmp'


Detecting C compiler ABI info compiled with the following output:
Change Dir: /home/upmem0037/xialinl/research/library/src/backends/build-dir/CMakeFiles/CMakeTmp

Run Build Command:"/usr/bin/make" "cmTC_2fe49/fast"
/usr/bin/make -f CMakeFiles/cmTC_2fe49.dir/build.make CMakeFiles/cmTC_2fe49.dir/build
make[1]: Entering directory '/home/upmem0037/xialinl/research/library/src/backends/build-dir/CMakeFiles/CMakeTmp'
Building C object CMakeFiles/cmTC_2fe49.dir/CMakeCCompilerABI.c.o
/usr/bin/cc    -o CMakeFiles/cmTC_2fe49.dir/CMakeCCompilerABI.c.o   -c /usr/share/cmake-3.13/Modules/CMakeCCompilerABI.c
Linking C executable cmTC_2fe49
/usr/bin/cmake -E cmake_link_script CMakeFiles/cmTC_2fe49.dir/link.txt --verbose=1
/usr/bin/cc     -v CMakeFiles/cmTC_2fe49.dir/CMakeCCompilerABI.c.o  -o cmTC_2fe49 
Using built-in specs.
COLLECT_GCC=/usr/bin/cc
COLLECT_LTO_WRAPPER=/usr/lib/gcc/x86_64-linux-gnu/8/lto-wrapper
OFFLOAD_TARGET_NAMES=nvptx-none
OFFLOAD_TARGET_DEFAULT=1
Target: x86_64-linux-gnu
Configured with: ../src/configure -v --with-pkgversion='Debian 8.3.0-6' --with-bugurl=file:///usr/share/doc/gcc-8/README.Bugs --enable-languages=c,ada,c++,go,brig,d,fortran,objc,obj-c++ --prefix=/usr --with-gcc-major-version-only --program-suffix=-8 --program-prefix=x86_64-linux-gnu- --enable-shared --enable-linker-build-id --libexecdir=/usr/lib --without-included-gettext --enable-threads=posix --libdir=/usr/lib --enable-nls --enable-bootstrap --enable-clocale=gnu --enable-libstdcxx-debug --enable-libstdcxx-time=yes --with-default-libstdcxx-abi=new --enable-gnu-unique-object --disable-vtable-verify --enable-libmpx --enable-plugin --enable-default-pie --with-system-zlib --with-target-system-zlib --enable-objc-gc=auto --enable-multiarch --disable-werror --with-arch-32=i686 --with-abi=m64 --with-multilib-list=m32,m64,mx32 --enable-multilib --with-tune=generic --enable-offload-targets=nvptx-none --without-cuda-driver --enable-checking=release --build=x86_64-linux-gnu --host=x86_64-linux-gnu --target=x86_64-linux-gnu
Thread model: posix
gcc version 8.3.0 (Debian 8.3.0-6) 
COMPILER_PATH=/usr/lib/gcc/x86_64-linux-gnu/8/:/usr/lib/gcc/x86_64-linux-gnu/8/:/usr/lib/gcc/x86_64-linux-gnu/:/usr/lib/gcc/x86_64-linux-gnu/8/:/usr/lib/gcc/x86_64-linux-gnu/
LIBRARY_PATH=/usr/lib/gcc/x86_64-linux-gnu/8/:/usr/lib/gcc/x86_64-linux-gnu/8/../../../x86_64-linux-gnu/:/usr/lib/gcc/x86_64-linux-gnu/8/../../../../lib/:/lib/x86_64-linux-gnu/:/lib/../lib/:/usr/lib/x86_64-linux-gnu/:/usr/lib/../lib/:/usr/lib/gcc/x86_64-linux-gnu/8/../../../:/lib/:/usr/lib/
COLLECT_GCC_OPTIONS='-v' '-o' 'cmTC_2fe49' '-mtune=generic' '-march=x86-64'
 /usr/lib/gcc/x86_64-linux-gnu/8/collect2 -plugin /usr/lib/gcc/x86_64-linux-gnu/8/liblto_plugin.so -plugin-opt=/usr/lib/gcc/x86_64-linux-gnu/8/lto-wrapper -plugin-opt=-fresolution=/tmp/ccutx2ZJ.res -plugin-opt=-pass-through=-lgcc -plugin-opt=-pass-through=-lgcc_s -plugin-opt=-pass-through=-lc -plugin-opt=-pass-through=-lgcc -plugin-opt=-pass-through=-lgcc_s --build-id --eh-frame-hdr -m elf_x86_64 --hash-style=gnu -dynamic-linker /lib64/ld-linux-x86-64.so.2 -pie -o cmTC_2fe49 /usr/lib/gcc/x86_64-linux-gnu/8/../../../x86_64-linux-gnu/Scrt1.o /usr/lib/gcc/x86_64-linux-gnu/8/../../../x86_64-linux-gnu/crti.o /usr/lib/gcc/x86_64-linux-gnu/8/crtbeginS.o -L/usr/lib/gcc/x86_64-linux-gnu/8 -L/usr/lib/gcc/x86_64-linux-gnu/8/../../../x86_64-linux-gnu -L/usr/lib/gcc/x86_64-linux-gnu/8/../../../../lib -L/lib/x86_64-linux-gnu -L/lib/../lib -L/usr/lib/x86_64-linux-gnu -L/usr/lib/../lib -L/usr/lib/gcc/x86_64-linux-gnu/8/../../.. CMakeFiles/cmTC_2fe49.dir/CMakeCCompilerABI.c.o -lgcc --push-state --as-needed -lgcc_s --pop-state -lc -lgcc --push-state --as-needed -lgcc_s --pop-state /usr/lib/gcc/x86_64-linux-gnu/8/crtendS.o /usr/lib/gcc/x86_64-linux-gnu/8/../../../x86_64-linux-gnu/crtn.o
COLLECT_GCC_OPTIONS='-v' '-o' 'cmTC_2fe49' '-mtune=generic' '-march=x86-64'
make[1]: Leaving directory '/home/upmem0037/xialinl/research/library/src/backends/build-dir/CMakeFiles/CMakeTmp'


Parsed C implicit link information from above output:
  link line regex: [^( *|.*[/\])(ld|CMAKE_LINK_STARTFILE-NOTFOUND|([^/\]+-)?ld|collect2)[^/\]*( |$)]
  ignore line: [Change Dir: /home/upmem0037/xialinl/research/library/src/backends/build-dir/CMakeFiles/CMakeTmp]
  ignore line: []
  ignore line: [Run Build Command:"/usr/bin/make" "cmTC_2fe49/fast"]
  ignore line: [/usr/bin/make -f CMakeFiles/cmTC_2fe49.dir/build.make CMakeFiles/cmTC_2fe49.dir/build]
  ignore line: [make[1]: Entering directory '/home/upmem0037/xialinl/research/library/src/backends/build-dir/CMakeFiles/CMakeTmp']
  ignore line: [Building C object CMakeFiles/cmTC_2fe49.dir/CMakeCCompilerABI.c.o]
  ignore line: [/usr/bin/cc    -o CMakeFiles/cmTC_2fe49.dir/CMakeCCompilerABI.c.o   -c /usr/share/cmake-3.13/Modules/CMakeCCompilerABI.c]
  ignore line: [Linking C executable cmTC_2fe49]
  ignore line: [/usr/bin/cmake -E cmake_link_script CMakeFiles/cmTC_2fe49.dir/link.txt --verbose=1]
  ignore line: [/usr/bin/cc     -v CMakeFiles/cmTC_2fe49.dir/CMakeCCompilerABI.c.o  -o cmTC_2fe49 ]
  ignore line: [Using built-in specs.]
  ignore line: [COLLECT_GCC=/usr/bin/cc]
  ignore line: [COLLECT_LTO_WRAPPER=/usr/lib/gcc/x86_64-linux-gnu/8/lto-wrapper]
  ignore line: [OFFLOAD_TARGET_NAMES=nvptx-none]
  ignore line: [OFFLOAD_TARGET_DEFAULT=1]
  ignore line: [Target: x86_64-linux-gnu]
  ignore line: [Configured with: ../src/configure -v --with-pkgversion='Debian 8.3.0-6' --with-bugurl=file:///usr/share/doc/gcc-8/README.Bugs --enable-languages=c,ada,c++,go,brig,d,fortran,objc,obj-c++ --prefix=/usr --with-gcc-major-version-only --program-suffix=-8 --program-prefix=x86_64-linux-gnu- --enable-shared --enable-linker-build-id --libexecdir=/usr/lib --without-included-gettext --enable-threads=posix --libdir=/usr/lib --enable-nls --enable-bootstrap --enable-clocale=gnu --enable-libstdcxx-debug --enable-libstdcxx-time=yes --with-default-libstdcxx-abi=new --enable-gnu-unique-object --disable-vtable-verify --enable-libmpx --enable-plugin --enable-default-pie --with-system-zlib --with-target-system-zlib --enable-objc-gc=auto --enable-multiarch --disable-werror --with-arch-32=i686 --with-abi=m64 --with-multilib-list=m32,m64,mx32 --enable-multilib --with-tune=generic --enable-offload-targets=nvptx-none --without-cuda-driver --enable-checking=release --build=x86_64-linux-gnu --host=x86_64-linux-gnu --target=x86_64-linux-gnu]
  ignore line: [Thread model: posix]
  ignore line: [gcc version 8.3.0 (Debian 8.3.0-6) ]
  ignore line: [COMPILER_PATH=/usr/lib/gcc/x86_64-linux-gnu/8/:/usr/lib/gcc/x86_64-linux-gnu/8/:/usr/lib/gcc/x86_64-linux-gnu/:/usr/lib/gcc/x86_64-linux-gnu/8/:/usr/lib/gcc/x86_64-linux-gnu/]
  ignore line: [LIBRARY_PATH=/usr/lib/gcc/x86_64-linux-gnu/8/:/usr/lib/gcc/x86_64-linux-gnu/8/../../../x86_64-linux-gnu/:/usr/lib/gcc/x86_64-linux-gnu/8/../../../../lib/:/lib/x86_64-linux-gnu/:/lib/../lib/:/usr/lib/x86_64-linux-gnu/:/usr/lib/../lib/:/usr/lib/gcc/x86_64-linux-gnu/8/../../../:/lib/:/usr/lib/]
  ignore line: [COLLECT_GCC_OPTIONS='-v' '-o' 'cmTC_2fe49' '-mtune=generic' '-march=x86-64']
  link line: [ /usr/lib/gcc/x86_64-linux-gnu/8/collect2 -plugin /usr/lib/gcc/x86_64-linux-gnu/8/liblto_plugin.so -plugin-opt=/usr/lib/gcc/x86_64-linux-gnu/8/lto-wrapper -plugin-opt=-fresolution=/tmp/ccutx2ZJ.res -plugin-opt=-pass-through=-lgcc -plugin-opt=-pass-through=-lgcc_s -plugin-opt=-pass-through=-lc -plugin-opt=-pass-through=-lgcc -plugin-opt=-pass-through=-lgcc_s --build-id --eh-frame-hdr -m elf_x86_64 --hash-style=gnu -dynamic-linker /lib64/ld-linux-x86-64.so.2 -pie -o cmTC_2fe49 /usr/lib/gcc/x86_64-linux-gnu/8/../../../x86_64-linux-gnu/Scrt1.o /usr/lib/gcc/x86_64-linux-gnu/8/../../../x86_64-linux-gnu/crti.o /usr/lib/gcc/x86_64-linux-gnu/8/crtbeginS.o -L/usr/lib/gcc/x86_64-linux-gnu/8 -L/usr/lib/gcc/x86_64-linux-gnu/8/../../../x86_64-linux-gnu -L/usr/lib/gcc/x86_64-linux-gnu/8/../../../../lib -L/lib/x86_64-linux-gnu -L/lib/../lib -L/usr/lib/x86_64-linux-gnu -L/usr/lib/../lib -L/usr/lib/gcc/x86_64-linux-gnu/8/../../.. CMakeFiles/cmTC_2fe49.dir/CMakeCCompilerABI.c.o -lgcc --push-state --as-needed -lgcc_s --pop-state -lc -lgcc --push-state --as-needed -lgcc_s --pop-state /usr/lib/gcc/x86_64-linux-gnu/8/crtendS.o /usr/lib/gcc/x86_64-linux-gnu/8/../../../x86_64-linux-gnu/crtn.o]
    arg [/usr/lib/gcc/x86_64-linux-gnu/8/collect2] ==> ignore
    arg [-plugin] ==> ignore
    arg [/usr/lib/gcc/x86_64-linux-gnu/8/liblto_plugin.so] ==> ignore
    arg [-plugin-opt=/usr/lib/gcc/x86_64-linux-gnu/8/lto-wrapper] ==> ignore
    arg [-plugin-opt=-fresolution=/tmp/ccutx2ZJ.res] ==> ignore
    arg [-plugin-opt=-pass-through=-lgcc] ==> ignore
    arg [-plugin-opt=-pass-through=-lgcc_s] ==> ignore
    arg [-plugin-opt=-pass-through=-lc] ==> ignore
    arg [-plugin-opt=-pass-through=-lgcc] ==> ignore
    arg [-plugin-opt=-pass-through=-lgcc_s] ==> ignore
    arg [--build-id] ==> ignore
    arg [--eh-frame-hdr] ==> ignore
    arg [-m] ==> ignore
    arg [elf_x86_64] ==> ignore
    arg [--hash-style=gnu] ==> ignore
    arg [-dynamic-linker] ==> ignore
    arg [/lib64/ld-linux-x86-64.so.2] ==> ignore
    arg [-pie] ==> ignore
    arg [-o] ==> ignore
    arg [cmTC_2fe49] ==> ignore
    arg [/usr/lib/gcc/x86_64-linux-gnu/8/../../../x86_64-linux-gnu/Scrt1.o] ==> ignore
    arg [/usr/lib/gcc/x86_64-linux-gnu/8/../../../x86_64-linux-gnu/crti.o] ==> ignore
    arg [/usr/lib/gcc/x86_64-linux-gnu/8/crtbeginS.o] ==> ignore
    arg [-L/usr/lib/gcc/x86_64-linux-gnu/8] ==> dir [/usr/lib/gcc/x86_64-linux-gnu/8]
    arg [-L/usr/lib/gcc/x86_64-linux-gnu/8/../../../x86_64-linux-gnu] ==> dir [/usr/lib/gcc/x86_64-linux-gnu/8/../../../x86_64-linux-gnu]
    arg [-L/usr/lib/gcc/x86_64-linux-gnu/8/../../../../lib] ==> dir [/usr/lib/gcc/x86_64-linux-gnu/8/../../../../lib]
    arg [-L/lib/x86_64-linux-gnu] ==> dir [/lib/x86_64-linux-gnu]
    arg [-L/lib/../lib] ==> dir [/lib/../lib]
    arg [-L/usr/lib/x86_64-linux-gnu] ==> dir [/usr/lib/x86_64-linux-gnu]
    arg [-L/usr/lib/../lib] ==> dir [/usr/lib/../lib]
    arg [-L/usr/lib/gcc/x86_64-linux-gnu/8/../../..] ==> dir [/usr/lib/gcc/x86_64-linux-gnu/8/../../..]
    arg [CMakeFiles/cmTC_2fe49.dir/CMakeCCompilerABI.c.o] ==> ignore
    arg [-lgcc] ==> lib [gcc]
    arg [--push-state] ==> ignore
    arg [--as-needed] ==> ignore
    arg [-lgcc_s] ==> lib [gcc_s]
    arg [--pop-state] ==> ignore
    arg [-lc] ==> lib [c]
    arg [-lgcc] ==> lib [gcc]
    arg [--push-state] ==> ignore
    arg [--as-needed] ==> ignore
    arg [-lgcc_s] ==> lib [gcc_s]
    arg [--pop-state] ==> ignore
    arg [/usr/lib/gcc/x86_64-linux-gnu/8/crtendS.o] ==> ignore
    arg [/usr/lib/gcc/x86_64-linux-gnu/8/../../../x86_64-linux-gnu/crtn.o] ==> ignore
  collapse library dir [/usr/lib/gcc/x86_64-linux-gnu/8] ==> [/usr/lib/gcc/x86_64-linux-gnu/8]
  collapse library dir [/usr/lib/gcc/x86_64-linux-gnu/8/../../../x86_64-linux-gnu] ==> [/usr/lib/x86_64-linux-gnu]
  collapse library dir [/usr/lib/gcc/x86_64-linux-gnu/8/../../../../lib] ==> [/usr/lib]
  collapse library dir [/lib/x86_64-linux-gnu] ==> [/lib/x86_64-linux-gnu]
  collapse library dir [/lib/../lib] ==> [/lib]
  collapse library dir [/usr/lib/x86_64-linux-gnu] ==> [/usr/lib/x86_64-linux-gnu]
  collapse library dir [/usr/lib/../lib] ==> [/usr/lib]
  collapse library dir [/usr/lib/gcc/x86_64-linux-gnu/8/../../..] ==> [/usr/lib]
  implicit libs: [gcc;gcc_s;c;gcc;gcc_s]
  implicit dirs: [/usr/lib/gcc/x86_64-linux-gnu/8;/usr/lib/x86_64-linux-gnu;/usr/lib;/lib/x86_64-linux-gnu;/lib]
  implicit fwks: []




Detecting C [-std=c11] compiler features compiled with the following output:
Change Dir: /home/upmem0037/xialinl/research/library/src/backends/build-dir/CMakeFiles/CMakeTmp

Run Build Command:"/usr/bin/make" "cmTC_1d381/fast"
/usr/bin/make -f CMakeFiles/cmTC_1d381.dir/build.make CMakeFiles/cmTC_1d381.dir/build
make[1]: Entering directory '/home/upmem0037/xialinl/research/library/src/backends/build-dir/CMakeFiles/CMakeTmp'
Building C object CMakeFiles/cmTC_1d381.dir/feature_tests.c.o
/usr/bin/cc   -std=c11 -o CMakeFiles/cmTC_1d381.dir/feature_tests.c.o   -c /home/upmem0037/xialinl/research/library/src/backends/build-dir/CMakeFiles/feature_tests.c
Linking C executable cmTC_1d381
/usr/bin/cmake -E cmake_link_script CMakeFiles/cmTC_1d381.dir/link.txt --verbose=1
/usr/bin/cc      CMakeFiles/cmTC_1d381.dir/feature_tests.c.o  -o cmTC_1d381 
make[1]: Leaving directory '/home/upmem0037/xialinl/research/library/src/backends/build-dir/CMakeFiles/CMakeTmp'


    Feature record: C_FEATURE:1c_function_prototypes
    Feature record: C_FEATURE:1c_restrict
    Feature record: C_FEATURE:1c_static_assert
    Feature record: C_FEATURE:1c_variadic_macros


Detecting C [-std=c99] compiler features compiled with the following output:
Change Dir: /home/upmem0037/xialinl/research/library/src/backends/build-dir/CMakeFiles/CMakeTmp

Run Build Command:"/usr/bin/make" "cmTC_f25fe/fast"
/usr/bin/make -f CMakeFiles/cmTC_f25fe.dir/build.make CMakeFiles/cmTC_f25fe.dir/build
make[1]: Entering directory '/home/upmem0037/xialinl/research/library/src/backends/build-dir/CMakeFiles/CMakeTmp'
Building C object CMakeFiles/cmTC_f25fe.dir/feature_tests.c.o
/usr/bin/cc   -std=c99 -o CMakeFiles/cmTC_f25fe.dir/feature_tests.c.o   -c /home/upmem0037/xialinl/research/library/src/backends/build-dir/CMakeFiles/feature_tests.c
Linking C executable cmTC_f25fe
/usr/bin/cmake -E cmake_link_script CMakeFiles/cmTC_f25fe.dir/link.txt --verbose=1
/usr/bin/cc      CMakeFiles/cmTC_f25fe.dir/feature_tests.c.o  -o cmTC_f25fe 
make[1]: Leaving directory '/home/upmem0037/xialinl/research/library/src/backends/build-dir/CMakeFiles/CMakeTmp'


    Feature record: C_FEATURE:1c_function_prototypes
    Feature record: C_FEATURE:1c_restrict
    Feature record: C_FEATURE:0c_static_assert
    Feature record: C_FEATURE:1c_variadic_macros


Detecting C [-std=c90] compiler features compiled with the following output:
Change Dir: /home/upmem0037/xialinl/research/library/src/backends/build-dir/CMakeFiles/CMakeTmp

Run Build Command:"/usr/bin/make" "cmTC_3a2c6/fast"
/usr/bin/make -f CMakeFiles/cmTC_3a2c6.dir/build.make CMakeFiles/cmTC_3a2c6.dir/build
make[1]: Entering directory '/home/upmem0037/xialinl/research/library/src/backends/build-dir/CMakeFiles/CMakeTmp'
Building C object CMakeFiles/cmTC_3a2c6.dir/feature_tests.c.o
/usr/bin/cc   -std=c90 -o CMakeFiles/cmTC_3a2c6.dir/feature_tests.c.o   -c /home/upmem0037/xialinl/research/library/src/backends/build-dir/CMakeFiles/feature_tests.c
Linking C executable cmTC_3a2c6
/usr/bin/cmake -E cmake_link_script CMakeFiles/cmTC_3a2c6.dir/link.txt --verbose=1
/usr/bin/cc      CMakeFiles/cmTC_3a2c6.dir/feature_tests.c.o  -o cmTC_3a2c6 
make[1]: Leaving directory '/home/upmem0037/xialinl/research/library/src/backends/build-dir/CMakeFiles/CMakeTmp'


    Feature record: C_FEATURE:1c_function_prototypes
    Feature record: C_FEATURE:0c_restrict
    Feature record: C_FEATURE:0c_static_assert
    Feature record: C_FEATURE:0c_variadic_macros
Determining if the CXX compiler works passed with the following output:
Change Dir: /home/upmem0037/xialinl/research/library/src/backends/build-dir/CMakeFiles/CMakeTmp

Run Build Command:"/usr/bin/make" "cmTC_dacab/fast"
/usr/bin/make -f CMakeFiles/cmTC_dacab.dir/build.make CMakeFiles/cmTC_dacab.dir/build
make[1]: Entering directory '/home/upmem0037/xialinl/research/library/src/backends/build-dir/CMakeFiles/CMakeTmp'
Building CXX object CMakeFiles/cmTC_dacab.dir/testCXXCompiler.cxx.o
/usr/bin/c++     -o CMakeFiles/cmTC_dacab.dir/testCXXCompiler.cxx.o -c /home/upmem0037/xialinl/research/library/src/backends/build-dir/CMakeFiles/CMakeTmp/testCXXCompiler.cxx
Linking CXX executable cmTC_dacab
/usr/bin/cmake -E cmake_link_script CMakeFiles/cmTC_dacab.dir/link.txt --verbose=1
/usr/bin/c++       CMakeFiles/cmTC_dacab.dir/testCXXCompiler.cxx.o  -o cmTC_dacab 
make[1]: Leaving directory '/home/upmem0037/xialinl/research/library/src/backends/build-dir/CMakeFiles/CMakeTmp'


Detecting CXX compiler ABI info compiled with the following output:
Change Dir: /home/upmem0037/xialinl/research/library/src/backends/build-dir/CMakeFiles/CMakeTmp

Run Build Command:"/usr/bin/make" "cmTC_6defd/fast"
/usr/bin/make -f CMakeFiles/cmTC_6defd.dir/build.make CMakeFiles/cmTC_6defd.dir/build
make[1]: Entering directory '/home/upmem0037/xialinl/research/library/src/backends/build-dir/CMakeFiles/CMakeTmp'
Building CXX object CMakeFiles/cmTC_6defd.dir/CMakeCXXCompilerABI.cpp.o
/usr/bin/c++     -o CMakeFiles/cmTC_6defd.dir/CMakeCXXCompilerABI.cpp.o -c /usr/share/cmake-3.13/Modules/CMakeCXXCompilerABI.cpp
Linking CXX executable cmTC_6defd
/usr/bin/cmake -E cmake_link_script CMakeFiles/cmTC_6defd.dir/link.txt --verbose=1
/usr/bin/c++      -v CMakeFiles/cmTC_6defd.dir/CMakeCXXCompilerABI.cpp.o  -o cmTC_6defd 
Using built-in specs.
COLLECT_GCC=/usr/bin/c++
COLLECT_LTO_WRAPPER=/usr/lib/gcc/x86_64-linux-gnu/8/lto-wrapper
OFFLOAD_TARGET_NAMES=nvptx-none
OFFLOAD_TARGET_DEFAULT=1
Target: x86_64-linux-gnu
Configured with: ../src/configure -v --with-pkgversion='Debian 8.3.0-6' --with-bugurl=file:///usr/share/doc/gcc-8/README.Bugs --enable-languages=c,ada,c++,go,brig,d,fortran,objc,obj-c++ --prefix=/usr --with-gcc-major-version-only --program-suffix=-8 --program-prefix=x86_64-linux-gnu- --enable-shared --enable-linker-build-id --libexecdir=/usr/lib --without-included-gettext --enable-threads=posix --libdir=/usr/lib --enable-nls --enable-bootstrap --enable-clocale=gnu --enable-libstdcxx-debug --enable-libstdcxx-time=yes --with-default-libstdcxx-abi=new --enable-gnu-unique-object --disable-vtable-verify --enable-libmpx --enable-plugin --enable-default-pie --with-system-zlib --with-target-system-zlib --enable-objc-gc=auto --enable-multiarch --disable-werror --with-arch-32=i686 --with-abi=m64 --with-multilib-list=m32,m64,mx32 --enable-multilib --with-tune=generic --enable-offload-targets=nvptx-none --without-cuda-driver --enable-checking=release --build=x86_64-linux-gnu --host=x86_64-linux-gnu --target=x86_64-linux-gnu
Thread model: posix
gcc version 8.3.0 (Debian 8.3.0-6) 
COMPILER_PATH=/usr/lib/gcc/x86_64-linux-gnu/8/:/usr/lib/gcc/x86_64-linux-gnu/8/:/usr/lib/gcc/x86_64-linux-gnu/:/usr/lib/gcc/x86_64-linux-gnu/8/:/usr/lib/gcc/x86_64-linux-gnu/
LIBRARY_PATH=/usr/lib/gcc/x86_64-linux-gnu/8/:/usr/lib/gcc/x86_64-linux-gnu/8/../../../x86_64-linux-gnu/:/usr/lib/gcc/x86_64-linux-gnu/8/../../../../lib/:/lib/x86_64-linux-gnu/:/lib/../lib/:/usr/lib/x86_64-linux-gnu/:/usr/lib/../lib/:/usr/lib/gcc/x86_64-linux-gnu/8/../../../:/lib/:/usr/lib/
COLLECT_GCC_OPTIONS='-v' '-o' 'cmTC_6defd' '-shared-libgcc' '-mtune=generic' '-march=x86-64'
 /usr/lib/gcc/x86_64-linux-gnu/8/collect2 -plugin /usr/lib/gcc/x86_64-linux-gnu/8/liblto_plugin.so -plugin-opt=/usr/lib/gcc/x86_64-linux-gnu/8/lto-wrapper -plugin-opt=-fresolution=/tmp/ccOYq47Q.res -plugin-opt=-pass-through=-lgcc_s -plugin-opt=-pass-through=-lgcc -plugin-opt=-pass-through=-lc -plugin-opt=-pass-through=-lgcc_s -plugin-opt=-pass-through=-lgcc --build-id --eh-frame-hdr -m elf_x86_64 --hash-style=gnu -dynamic-linker /lib64/ld-linux-x86-64.so.2 -pie -o cmTC_6defd /usr/lib/gcc/x86_64-linux-gnu/8/../../../x86_64-linux-gnu/Scrt1.o /usr/lib/gcc/x86_64-linux-gnu/8/../../../x86_64-linux-gnu/crti.o /usr/lib/gcc/x86_64-linux-gnu/8/crtbeginS.o -L/usr/lib/gcc/x86_64-linux-gnu/8 -L/usr/lib/gcc/x86_64-linux-gnu/8/../../../x86_64-linux-gnu -L/usr/lib/gcc/x86_64-linux-gnu/8/../../../../lib -L/lib/x86_64-linux-gnu -L/lib/../lib -L/usr/lib/x86_64-linux-gnu -L/usr/lib/../lib -L/usr/lib/gcc/x86_64-linux-gnu/8/../../.. CMakeFiles/cmTC_6defd.dir/CMakeCXXCompilerABI.cpp.o -lstdc++ -lm -lgcc_s -lgcc -lc -lgcc_s -lgcc /usr/lib/gcc/x86_64-linux-gnu/8/crtendS.o /usr/lib/gcc/x86_64-linux-gnu/8/../../../x86_64-linux-gnu/crtn.o
COLLECT_GCC_OPTIONS='-v' '-o' 'cmTC_6defd' '-shared-libgcc' '-mtune=generic' '-march=x86-64'
make[1]: Leaving directory '/home/upmem0037/xialinl/research/library/src/backends/build-dir/CMakeFiles/CMakeTmp'


Parsed CXX implicit link information from above output:
  link line regex: [^( *|.*[/\])(ld|CMAKE_LINK_STARTFILE-NOTFOUND|([^/\]+-)?ld|collect2)[^/\]*( |$)]
  ignore line: [Change Dir: /home/upmem0037/xialinl/research/library/src/backends/build-dir/CMakeFiles/CMakeTmp]
  ignore line: []
  ignore line: [Run Build Command:"/usr/bin/make" "cmTC_6defd/fast"]
  ignore line: [/usr/bin/make -f CMakeFiles/cmTC_6defd.dir/build.make CMakeFiles/cmTC_6defd.dir/build]
  ignore line: [make[1]: Entering directory '/home/upmem0037/xialinl/research/library/src/backends/build-dir/CMakeFiles/CMakeTmp']
  ignore line: [Building CXX object CMakeFiles/cmTC_6defd.dir/CMakeCXXCompilerABI.cpp.o]
  ignore line: [/usr/bin/c++     -o CMakeFiles/cmTC_6defd.dir/CMakeCXXCompilerABI.cpp.o -c /usr/share/cmake-3.13/Modules/CMakeCXXCompilerABI.cpp]
  ignore line: [Linking CXX executable cmTC_6defd]
  ignore line: [/usr/bin/cmake -E cmake_link_script CMakeFiles/cmTC_6defd.dir/link.txt --verbose=1]
  ignore line: [/usr/bin/c++      -v CMakeFiles/cmTC_6defd.dir/CMakeCXXCompilerABI.cpp.o  -o cmTC_6defd ]
  ignore line: [Using built-in specs.]
  ignore line: [COLLECT_GCC=/usr/bin/c++]
  ignore line: [COLLECT_LTO_WRAPPER=/usr/lib/gcc/x86_64-linux-gnu/8/lto-wrapper]
  ignore line: [OFFLOAD_TARGET_NAMES=nvptx-none]
  ignore line: [OFFLOAD_TARGET_DEFAULT=1]
  ignore line: [Target: x86_64-linux-gnu]
  ignore line: [Configured with: ../src/configure -v --with-pkgversion='Debian 8.3.0-6' --with-bugurl=file:///usr/share/doc/gcc-8/README.Bugs --enable-languages=c,ada,c++,go,brig,d,fortran,objc,obj-c++ --prefix=/usr --with-gcc-major-version-only --program-suffix=-8 --program-prefix=x86_64-linux-gnu- --enable-shared --enable-linker-build-id --libexecdir=/usr/lib --without-included-gettext --enable-threads=posix --libdir=/usr/lib --enable-nls --enable-bootstrap --enable-clocale=gnu --enable-libstdcxx-debug --enable-libstdcxx-time=yes --with-default-libstdcxx-abi=new --enable-gnu-unique-object --disable-vtable-verify --enable-libmpx --enable-plugin --enable-default-pie --with-system-zlib --with-target-system-zlib --enable-objc-gc=auto --enable-multiarch --disable-werror --with-arch-32=i686 --with-abi=m64 --with-multilib-list=m32,m64,mx32 --enable-multilib --with-tune=generic --enable-offload-targets=nvptx-none --without-cuda-driver --enable-checking=release --build=x86_64-linux-gnu --host=x86_64-linux-gnu --target=x86_64-linux-gnu]
  ignore line: [Thread model: posix]
  ignore line: [gcc version 8.3.0 (Debian 8.3.0-6) ]
  ignore line: [COMPILER_PATH=/usr/lib/gcc/x86_64-linux-gnu/8/:/usr/lib/gcc/x86_64-linux-gnu/8/:/usr/lib/gcc/x86_64-linux-gnu/:/usr/lib/gcc/x86_64-linux-gnu/8/:/usr/lib/gcc/x86_64-linux-gnu/]
  ignore line: [LIBRARY_PATH=/usr/lib/gcc/x86_64-linux-gnu/8/:/usr/lib/gcc/x86_64-linux-gnu/8/../../../x86_64-linux-gnu/:/usr/lib/gcc/x86_64-linux-gnu/8/../../../../lib/:/lib/x86_64-linux-gnu/:/lib/../lib/:/usr/lib/x86_64-linux-gnu/:/usr/lib/../lib/:/usr/lib/gcc/x86_64-linux-gnu/8/../../../:/lib/:/usr/lib/]
  ignore line: [COLLECT_GCC_OPTIONS='-v' '-o' 'cmTC_6defd' '-shared-libgcc' '-mtune=generic' '-march=x86-64']
  link line: [ /usr/lib/gcc/x86_64-linux-gnu/8/collect2 -plugin /usr/lib/gcc/x86_64-linux-gnu/8/liblto_plugin.so -plugin-opt=/usr/lib/gcc/x86_64-linux-gnu/8/lto-wrapper -plugin-opt=-fresolution=/tmp/ccOYq47Q.res -plugin-opt=-pass-through=-lgcc_s -plugin-opt=-pass-through=-lgcc -plugin-opt=-pass-through=-lc -plugin-opt=-pass-through=-lgcc_s -plugin-opt=-pass-through=-lgcc --build-id --eh-frame-hdr -m elf_x86_64 --hash-style=gnu -dynamic-linker /lib64/ld-linux-x86-64.so.2 -pie -o cmTC_6defd /usr/lib/gcc/x86_64-linux-gnu/8/../../../x86_64-linux-gnu/Scrt1.o /usr/lib/gcc/x86_64-linux-gnu/8/../../../x86_64-linux-gnu/crti.o /usr/lib/gcc/x86_64-linux-gnu/8/crtbeginS.o -L/usr/lib/gcc/x86_64-linux-gnu/8 -L/usr/lib/gcc/x86_64-linux-gnu/8/../../../x86_64-linux-gnu -L/usr/lib/gcc/x86_64-linux-gnu/8/../../../../lib -L/lib/x86_64-linux-gnu -L/lib/../lib -L/usr/lib/x86_64-linux-gnu -L/usr/lib/../lib -L/usr/lib/gcc/x86_64-linux-gnu/8/../../.. CMakeFiles/cmTC_6defd.dir/CMakeCXXCompilerABI.cpp.o -lstdc++ -lm -lgcc_s -lgcc -lc -lgcc_s -lgcc /usr/lib/gcc/x86_64-linux-gnu/8/crtendS.o /usr/lib/gcc/x86_64-linux-gnu/8/../../../x86_64-linux-gnu/crtn.o]
    arg [/usr/lib/gcc/x86_64-linux-gnu/8/collect2] ==> ignore
    arg [-plugin] ==> ignore
    arg [/usr/lib/gcc/x86_64-linux-gnu/8/liblto_plugin.so] ==> ignore
    arg [-plugin-opt=/usr/lib/gcc/x86_64-linux-gnu/8/lto-wrapper] ==> ignore
    arg [-plugin-opt=-fresolution=/tmp/ccOYq47Q.res] ==> ignore
    arg [-plugin-opt=-pass-through=-lgcc_s] ==> ignore
    arg [-plugin-opt=-pass-through=-lgcc] ==> ignore
    arg [-plugin-opt=-pass-through=-lc] ==> ignore
    arg [-plugin-opt=-pass-through=-lgcc_s] ==> ignore
    arg [-plugin-opt=-pass-through=-lgcc] ==> ignore
    arg [--build-id] ==> ignore
    arg [--eh-frame-hdr] ==> ignore
    arg [-m] ==> ignore
    arg [elf_x86_64] ==> ignore
    arg [--hash-style=gnu] ==> ignore
    arg [-dynamic-linker] ==> ignore
    arg [/lib64/ld-linux-x86-64.so.2] ==> ignore
    arg [-pie] ==> ignore
    arg [-o] ==> ignore
    arg [cmTC_6defd] ==> ignore
    arg [/usr/lib/gcc/x86_64-linux-gnu/8/../../../x86_64-linux-gnu/Scrt1.o] ==> ignore
    arg [/usr/lib/gcc/x86_64-linux-gnu/8/../../../x86_64-linux-gnu/crti.o] ==> ignore
    arg [/usr/lib/gcc/x86_64-linux-gnu/8/crtbeginS.o] ==> ignore
    arg [-L/usr/lib/gcc/x86_64-linux-gnu/8] ==> dir [/usr/lib/gcc/x86_64-linux-gnu/8]
    arg [-L/usr/lib/gcc/x86_64-linux-gnu/8/../../../x86_64-linux-gnu] ==> dir [/usr/lib/gcc/x86_64-linux-gnu/8/../../../x86_64-linux-gnu]
    arg [-L/usr/lib/gcc/x86_64-linux-gnu/8/../../../../lib] ==> dir [/usr/lib/gcc/x86_64-linux-gnu/8/../../../../lib]
    arg [-L/lib/x86_64-linux-gnu] ==> dir [/lib/x86_64-linux-gnu]
    arg [-L/lib/../lib] ==> dir [/lib/../lib]
    arg [-L/usr/lib/x86_64-linux-gnu] ==> dir [/usr/lib/x86_64-linux-gnu]
    arg [-L/usr/lib/../lib] ==> dir [/usr/lib/../lib]
    arg [-L/usr/lib/gcc/x86_64-linux-gnu/8/../../..] ==> dir [/usr/lib/gcc/x86_64-linux-gnu/8/../../..]
    arg [CMakeFiles/cmTC_6defd.dir/CMakeCXXCompilerABI.cpp.o] ==> ignore
    arg [-lstdc++] ==> lib [stdc++]
    arg [-lm] ==> lib [m]
    arg [-lgcc_s] ==> lib [gcc_s]
    arg [-lgcc] ==> lib [gcc]
    arg [-lc] ==> lib [c]
    arg [-lgcc_s] ==> lib [gcc_s]
    arg [-lgcc] ==> lib [gcc]
    arg [/usr/lib/gcc/x86_64-linux-gnu/8/crtendS.o] ==> ignore
    arg [/usr/lib/gcc/x86_64-linux-gnu/8/../../../x86_64-linux-gnu/crtn.o] ==> ignore
  collapse library dir [/usr/lib/gcc/x86_64-linux-gnu/8] ==> [/usr/lib/gcc/x86_64-linux-gnu/8]
  collapse library dir [/usr/lib/gcc/x86_64-linux-gnu/8/../../../x86_64-linux-gnu] ==> [/usr/lib/x86_64-linux-gnu]
  collapse library dir [/usr/lib/gcc/x86_64-linux-gnu/8/../../../../lib] ==> [/usr/lib]
  collapse library dir [/lib/x86_64-linux-gnu] ==> [/lib/x86_64-linux-gnu]
  collapse library dir [/lib/../lib] ==> [/lib]
  collapse library dir [/usr/lib/x86_64-linux-gnu] ==> [/usr/lib/x86_64-linux-gnu]
  collapse library dir [/usr/lib/../lib] ==> [/usr/lib]
  collapse library dir [/usr/lib/gcc/x86_64-linux-gnu/8/../../..] ==> [/usr/lib]
  implicit libs: [stdc++;m;gcc_s;gcc;c;gcc_s;gcc]
  implicit dirs: [/usr/lib/gcc/x86_64-linux-gnu/8;/usr/lib/x86_64-linux-gnu;/usr/lib;/lib/x86_64-linux-gnu;/lib]
  implicit fwks: []




Detecting CXX [-std=c++2a] compiler features compiled with the following output:
Change Dir: /home/upmem0037/xialinl/research/library/src/backends/build-dir/CMakeFiles/CMakeTmp

Run Build Command:"/usr/bin/make" "cmTC_105f4/fast"
/usr/bin/make -f CMakeFiles/cmTC_105f4.dir/build.make CMakeFiles/cmTC_105f4.dir/build
make[1]: Entering directory '/home/upmem0037/xialinl/research/library/src/backends/build-dir/CMakeFiles/CMakeTmp'
Building CXX object CMakeFiles/cmTC_105f4.dir/feature_tests.cxx.o
/usr/bin/c++    -std=c++2a -o CMakeFiles/cmTC_105f4.dir/feature_tests.cxx.o -c /home/upmem0037/xialinl/research/library/src/backends/build-dir/CMakeFiles/feature_tests.cxx
Linking CXX executable cmTC_105f4
/usr/bin/cmake -E cmake_link_script CMakeFiles/cmTC_105f4.dir/link.txt --verbose=1
/usr/bin/c++       CMakeFiles/cmTC_105f4.dir/feature_tests.cxx.o  -o cmTC_105f4 
make[1]: Leaving directory '/home/upmem0037/xialinl/research/library/src/backends/build-dir/CMakeFiles/CMakeTmp'


    Feature record: CXX_FEATURE:1cxx_aggregate_default_initializers
    Feature record: CXX_FEATURE:1cxx_alias_templates
    Feature record: CXX_FEATURE:1cxx_alignas
    Feature record: CXX_FEATURE:1cxx_alignof
    Feature record: CXX_FEATURE:1cxx_attributes
    Feature record: CXX_FEATURE:1cxx_attribute_deprecated
    Feature record: CXX_FEATURE:1cxx_auto_type
    Feature record: CXX_FEATURE:1cxx_binary_literals
    Feature record: CXX_FEATURE:1cxx_constexpr
    Feature record: CXX_FEATURE:1cxx_contextual_conversions
    Feature record: CXX_FEATURE:1cxx_decltype
    Feature record: CXX_FEATURE:1cxx_decltype_auto
    Feature record: CXX_FEATURE:1cxx_decltype_incomplete_return_types
    Feature record: CXX_FEATURE:1cxx_default_function_template_args
    Feature record: CXX_FEATURE:1cxx_defaulted_functions
    Feature record: CXX_FEATURE:1cxx_defaulted_move_initializers
    Feature record: CXX_FEATURE:1cxx_delegating_constructors
    Feature record: CXX_FEATURE:1cxx_deleted_functions
    Feature record: CXX_FEATURE:1cxx_digit_separators
    Feature record: CXX_FEATURE:1cxx_enum_forward_declarations
    Feature record: CXX_FEATURE:1cxx_explicit_conversions
    Feature record: CXX_FEATURE:1cxx_extended_friend_declarations
    Feature record: CXX_FEATURE:1cxx_extern_templates
    Feature record: CXX_FEATURE:1cxx_final
    Feature record: CXX_FEATURE:1cxx_func_identifier
    Feature record: CXX_FEATURE:1cxx_generalized_initializers
    Feature record: CXX_FEATURE:1cxx_generic_lambdas
    Feature record: CXX_FEATURE:1cxx_inheriting_constructors
    Feature record: CXX_FEATURE:1cxx_inline_namespaces
    Feature record: CXX_FEATURE:1cxx_lambdas
    Feature record: CXX_FEATURE:1cxx_lambda_init_captures
    Feature record: CXX_FEATURE:1cxx_local_type_template_args
    Feature record: CXX_FEATURE:1cxx_long_long_type
    Feature record: CXX_FEATURE:1cxx_noexcept
    Feature record: CXX_FEATURE:1cxx_nonstatic_member_init
    Feature record: CXX_FEATURE:1cxx_nullptr
    Feature record: CXX_FEATURE:1cxx_override
    Feature record: CXX_FEATURE:1cxx_range_for
    Feature record: CXX_FEATURE:1cxx_raw_string_literals
    Feature record: CXX_FEATURE:1cxx_reference_qualified_functions
    Feature record: CXX_FEATURE:1cxx_relaxed_constexpr
    Feature record: CXX_FEATURE:1cxx_return_type_deduction
    Feature record: CXX_FEATURE:1cxx_right_angle_brackets
    Feature record: CXX_FEATURE:1cxx_rvalue_references
    Feature record: CXX_FEATURE:1cxx_sizeof_member
    Feature record: CXX_FEATURE:1cxx_static_assert
    Feature record: CXX_FEATURE:1cxx_strong_enums
    Feature record: CXX_FEATURE:1cxx_template_template_parameters
    Feature record: CXX_FEATURE:1cxx_thread_local
    Feature record: CXX_FEATURE:1cxx_trailing_return_types
    Feature record: CXX_FEATURE:1cxx_unicode_literals
    Feature record: CXX_FEATURE:1cxx_uniform_initialization
    Feature record: CXX_FEATURE:1cxx_unrestricted_unions
    Feature record: CXX_FEATURE:1cxx_user_literals
    Feature record: CXX_FEATURE:1cxx_variable_templates
    Feature record: CXX_FEATURE:1cxx_variadic_macros
    Feature record: CXX_FEATURE:1cxx_variadic_templates


Detecting CXX [-std=c++17] compiler features compiled with the following output:
Change Dir: /home/upmem0037/xialinl/research/library/src/backends/build-dir/CMakeFiles/CMakeTmp

Run Build Command:"/usr/bin/make" "cmTC_318c5/fast"
/usr/bin/make -f CMakeFiles/cmTC_318c5.dir/build.make CMakeFiles/cmTC_318c5.dir/build
make[1]: Entering directory '/home/upmem0037/xialinl/research/library/src/backends/build-dir/CMakeFiles/CMakeTmp'
Building CXX object CMakeFiles/cmTC_318c5.dir/feature_tests.cxx.o
/usr/bin/c++    -std=c++17 -o CMakeFiles/cmTC_318c5.dir/feature_tests.cxx.o -c /home/upmem0037/xialinl/research/library/src/backends/build-dir/CMakeFiles/feature_tests.cxx
Linking CXX executable cmTC_318c5
/usr/bin/cmake -E cmake_link_script CMakeFiles/cmTC_318c5.dir/link.txt --verbose=1
/usr/bin/c++       CMakeFiles/cmTC_318c5.dir/feature_tests.cxx.o  -o cmTC_318c5 
make[1]: Leaving directory '/home/upmem0037/xialinl/research/library/src/backends/build-dir/CMakeFiles/CMakeTmp'


    Feature record: CXX_FEATURE:1cxx_aggregate_default_initializers
    Feature record: CXX_FEATURE:1cxx_alias_templates
    Feature record: CXX_FEATURE:1cxx_alignas
    Feature record: CXX_FEATURE:1cxx_alignof
    Feature record: CXX_FEATURE:1cxx_attributes
    Feature record: CXX_FEATURE:1cxx_attribute_deprecated
    Feature record: CXX_FEATURE:1cxx_auto_type
    Feature record: CXX_FEATURE:1cxx_binary_literals
    Feature record: CXX_FEATURE:1cxx_constexpr
    Feature record: CXX_FEATURE:1cxx_contextual_conversions
    Feature record: CXX_FEATURE:1cxx_decltype
    Feature record: CXX_FEATURE:1cxx_decltype_auto
    Feature record: CXX_FEATURE:1cxx_decltype_incomplete_return_types
    Feature record: CXX_FEATURE:1cxx_default_function_template_args
    Feature record: CXX_FEATURE:1cxx_defaulted_functions
    Feature record: CXX_FEATURE:1cxx_defaulted_move_initializers
    Feature record: CXX_FEATURE:1cxx_delegating_constructors
    Feature record: CXX_FEATURE:1cxx_deleted_functions
    Feature record: CXX_FEATURE:1cxx_digit_separators
    Feature record: CXX_FEATURE:1cxx_enum_forward_declarations
    Feature record: CXX_FEATURE:1cxx_explicit_conversions
    Feature record: CXX_FEATURE:1cxx_extended_friend_declarations
    Feature record: CXX_FEATURE:1cxx_extern_templates
    Feature record: CXX_FEATURE:1cxx_final
    Feature record: CXX_FEATURE:1cxx_func_identifier
    Feature record: CXX_FEATURE:1cxx_generalized_initializers
    Feature record: CXX_FEATURE:1cxx_generic_lambdas
    Feature record: CXX_FEATURE:1cxx_inheriting_constructors
    Feature record: CXX_FEATURE:1cxx_inline_namespaces
    Feature record: CXX_FEATURE:1cxx_lambdas
    Feature record: CXX_FEATURE:1cxx_lambda_init_captures
    Feature record: CXX_FEATURE:1cxx_local_type_template_args
    Feature record: CXX_FEATURE:1cxx_long_long_type
    Feature record: CXX_FEATURE:1cxx_noexcept
    Feature record: CXX_FEATURE:1cxx_nonstatic_member_init
    Feature record: CXX_FEATURE:1cxx_nullptr
    Feature record: CXX_FEATURE:1cxx_override
    Feature record: CXX_FEATURE:1cxx_range_for
    Feature record: CXX_FEATURE:1cxx_raw_string_literals
    Feature record: CXX_FEATURE:1cxx_reference_qualified_functions
    Feature record: CXX_FEATURE:1cxx_relaxed_constexpr
    Feature record: CXX_FEATURE:1cxx_return_type_deduction
    Feature record: CXX_FEATURE:1cxx_right_angle_brackets
    Feature record: CXX_FEATURE:1cxx_rvalue_references
    Feature record: CXX_FEATURE:1cxx_sizeof_member
    Feature record: CXX_FEATURE:1cxx_static_assert
    Feature record: CXX_FEATURE:1cxx_strong_enums
    Feature record: CXX_FEATURE:1cxx_template_template_parameters
    Feature record: CXX_FEATURE:1cxx_thread_local
    Feature record: CXX_FEATURE:1cxx_trailing_return_types
    Feature record: CXX_FEATURE:1cxx_unicode_literals
    Feature record: CXX_FEATURE:1cxx_uniform_initialization
    Feature record: CXX_FEATURE:1cxx_unrestricted_unions
    Feature record: CXX_FEATURE:1cxx_user_literals
    Feature record: CXX_FEATURE:1cxx_variable_templates
    Feature record: CXX_FEATURE:1cxx_variadic_macros
    Feature record: CXX_FEATURE:1cxx_variadic_templates


Detecting CXX [-std=c++14] compiler features compiled with the following output:
Change Dir: /home/upmem0037/xialinl/research/library/src/backends/build-dir/CMakeFiles/CMakeTmp

Run Build Command:"/usr/bin/make" "cmTC_941a5/fast"
/usr/bin/make -f CMakeFiles/cmTC_941a5.dir/build.make CMakeFiles/cmTC_941a5.dir/build
make[1]: Entering directory '/home/upmem0037/xialinl/research/library/src/backends/build-dir/CMakeFiles/CMakeTmp'
Building CXX object CMakeFiles/cmTC_941a5.dir/feature_tests.cxx.o
/usr/bin/c++    -std=c++14 -o CMakeFiles/cmTC_941a5.dir/feature_tests.cxx.o -c /home/upmem0037/xialinl/research/library/src/backends/build-dir/CMakeFiles/feature_tests.cxx
Linking CXX executable cmTC_941a5
/usr/bin/cmake -E cmake_link_script CMakeFiles/cmTC_941a5.dir/link.txt --verbose=1
/usr/bin/c++       CMakeFiles/cmTC_941a5.dir/feature_tests.cxx.o  -o cmTC_941a5 
make[1]: Leaving directory '/home/upmem0037/xialinl/research/library/src/backends/build-dir/CMakeFiles/CMakeTmp'


    Feature record: CXX_FEATURE:1cxx_aggregate_default_initializers
    Feature record: CXX_FEATURE:1cxx_alias_templates
    Feature record: CXX_FEATURE:1cxx_alignas
    Feature record: CXX_FEATURE:1cxx_alignof
    Feature record: CXX_FEATURE:1cxx_attributes
    Feature record: CXX_FEATURE:1cxx_attribute_deprecated
    Feature record: CXX_FEATURE:1cxx_auto_type
    Feature record: CXX_FEATURE:1cxx_binary_literals
    Feature record: CXX_FEATURE:1cxx_constexpr
    Feature record: CXX_FEATURE:1cxx_contextual_conversions
    Feature record: CXX_FEATURE:1cxx_decltype
    Feature record: CXX_FEATURE:1cxx_decltype_auto
    Feature record: CXX_FEATURE:1cxx_decltype_incomplete_return_types
    Feature record: CXX_FEATURE:1cxx_default_function_template_args
    Feature record: CXX_FEATURE:1cxx_defaulted_functions
    Feature record: CXX_FEATURE:1cxx_defaulted_move_initializers
    Feature record: CXX_FEATURE:1cxx_delegating_constructors
    Feature record: CXX_FEATURE:1cxx_deleted_functions
    Feature record: CXX_FEATURE:1cxx_digit_separators
    Feature record: CXX_FEATURE:1cxx_enum_forward_declarations
    Feature record: CXX_FEATURE:1cxx_explicit_conversions
    Feature record: CXX_FEATURE:1cxx_extended_friend_declarations
    Feature record: CXX_FEATURE:1cxx_extern_templates
    Feature record: CXX_FEATURE:1cxx_final
    Feature record: CXX_FEATURE:1cxx_func_identifier
    Feature record: CXX_FEATURE:1cxx_generalized_initializers
    Feature record: CXX_FEATURE:1cxx_generic_lambdas
    Feature record: CXX_FEATURE:1cxx_inheriting_constructors
    Feature record: CXX_FEATURE:1cxx_inline_namespaces
    Feature record: CXX_FEATURE:1cxx_lambdas
    Feature record: CXX_FEATURE:1cxx_lambda_init_captures
    Feature record: CXX_FEATURE:1cxx_local_type_template_args
    Feature record: CXX_FEATURE:1cxx_long_long_type
    Feature record: CXX_FEATURE:1cxx_noexcept
    Feature record: CXX_FEATURE:1cxx_nonstatic_member_init
    Feature record: CXX_FEATURE:1cxx_nullptr
    Feature record: CXX_FEATURE:1cxx_override
    Feature record: CXX_FEATURE:1cxx_range_for
    Feature record: CXX_FEATURE:1cxx_raw_string_literals
    Feature record: CXX_FEATURE:1cxx_reference_qualified_functions
    Feature record: CXX_FEATURE:1cxx_relaxed_constexpr
    Feature record: CXX_FEATURE:1cxx_return_type_deduction
    Feature record: CXX_FEATURE:1cxx_right_angle_brackets
    Feature record: CXX_FEATURE:1cxx_rvalue_references
    Feature record: CXX_FEATURE:1cxx_sizeof_member
    Feature record: CXX_FEATURE:1cxx_static_assert
    Feature record: CXX_FEATURE:1cxx_strong_enums
    Feature record: CXX_FEATURE:1cxx_template_template_parameters
    Feature record: CXX_FEATURE:1cxx_thread_local
    Feature record: CXX_FEATURE:1cxx_trailing_return_types
    Feature record: CXX_FEATURE:1cxx_unicode_literals
    Feature record: CXX_FEATURE:1cxx_uniform_initialization
    Feature record: CXX_FEATURE:1cxx_unrestricted_unions
    Feature record: CXX_FEATURE:1cxx_user_literals
    Feature record: CXX_FEATURE:1cxx_variable_templates
    Feature record: CXX_FEATURE:1cxx_variadic_macros
    Feature record: CXX_FEATURE:1cxx_variadic_templates


Detecting CXX [-std=c++11] compiler features compiled with the following output:
Change Dir: /home/upmem0037/xialinl/research/library/src/backends/build-dir/CMakeFiles/CMakeTmp

Run Build Command:"/usr/bin/make" "cmTC_61c2b/fast"
/usr/bin/make -f CMakeFiles/cmTC_61c2b.dir/build.make CMakeFiles/cmTC_61c2b.dir/build
make[1]: Entering directory '/home/upmem0037/xialinl/research/library/src/backends/build-dir/CMakeFiles/CMakeTmp'
Building CXX object CMakeFiles/cmTC_61c2b.dir/feature_tests.cxx.o
/usr/bin/c++    -std=c++11 -o CMakeFiles/cmTC_61c2b.dir/feature_tests.cxx.o -c /home/upmem0037/xialinl/research/library/src/backends/build-dir/CMakeFiles/feature_tests.cxx
Linking CXX executable cmTC_61c2b
/usr/bin/cmake -E cmake_link_script CMakeFiles/cmTC_61c2b.dir/link.txt --verbose=1
/usr/bin/c++       CMakeFiles/cmTC_61c2b.dir/feature_tests.cxx.o  -o cmTC_61c2b 
make[1]: Leaving directory '/home/upmem0037/xialinl/research/library/src/backends/build-dir/CMakeFiles/CMakeTmp'


    Feature record: CXX_FEATURE:0cxx_aggregate_default_initializers
    Feature record: CXX_FEATURE:1cxx_alias_templates
    Feature record: CXX_FEATURE:1cxx_alignas
    Feature record: CXX_FEATURE:1cxx_alignof
    Feature record: CXX_FEATURE:1cxx_attributes
    Feature record: CXX_FEATURE:0cxx_attribute_deprecated
    Feature record: CXX_FEATURE:1cxx_auto_type
    Feature record: CXX_FEATURE:0cxx_binary_literals
    Feature record: CXX_FEATURE:1cxx_constexpr
    Feature record: CXX_FEATURE:0cxx_contextual_conversions
    Feature record: CXX_FEATURE:1cxx_decltype
    Feature record: CXX_FEATURE:0cxx_decltype_auto
    Feature record: CXX_FEATURE:1cxx_decltype_incomplete_return_types
    Feature record: CXX_FEATURE:1cxx_default_function_template_args
    Feature record: CXX_FEATURE:1cxx_defaulted_functions
    Feature record: CXX_FEATURE:1cxx_defaulted_move_initializers
    Feature record: CXX_FEATURE:1cxx_delegating_constructors
    Feature record: CXX_FEATURE:1cxx_deleted_functions
    Feature record: CXX_FEATURE:0cxx_digit_separators
    Feature record: CXX_FEATURE:1cxx_enum_forward_declarations
    Feature record: CXX_FEATURE:1cxx_explicit_conversions
    Feature record: CXX_FEATURE:1cxx_extended_friend_declarations
    Feature record: CXX_FEATURE:1cxx_extern_templates
    Feature record: CXX_FEATURE:1cxx_final
    Feature record: CXX_FEATURE:1cxx_func_identifier
    Feature record: CXX_FEATURE:1cxx_generalized_initializers
    Feature record: CXX_FEATURE:0cxx_generic_lambdas
    Feature record: CXX_FEATURE:1cxx_inheriting_constructors
    Feature record: CXX_FEATURE:1cxx_inline_namespaces
    Feature record: CXX_FEATURE:1cxx_lambdas
    Feature record: CXX_FEATURE:0cxx_lambda_init_captures
    Feature record: CXX_FEATURE:1cxx_local_type_template_args
    Feature record: CXX_FEATURE:1cxx_long_long_type
    Feature record: CXX_FEATURE:1cxx_noexcept
    Feature record: CXX_FEATURE:1cxx_nonstatic_member_init
    Feature record: CXX_FEATURE:1cxx_nullptr
    Feature record: CXX_FEATURE:1cxx_override
    Feature record: CXX_FEATURE:1cxx_range_for
    Feature record: CXX_FEATURE:1cxx_raw_string_literals
    Feature record: CXX_FEATURE:1cxx_reference_qualified_functions
    Feature record: CXX_FEATURE:0cxx_relaxed_constexpr
    Feature record: CXX_FEATURE:0cxx_return_type_deduction
    Feature record: CXX_FEATURE:1cxx_right_angle_brackets
    Feature record: CXX_FEATURE:1cxx_rvalue_references
    Feature record: CXX_FEATURE:1cxx_sizeof_member
    Feature record: CXX_FEATURE:1cxx_static_assert
    Feature record: CXX_FEATURE:1cxx_strong_enums
    Feature record: CXX_FEATURE:1cxx_template_template_parameters
    Feature record: CXX_FEATURE:1cxx_thread_local
    Feature record: CXX_FEATURE:1cxx_trailing_return_types
    Feature record: CXX_FEATURE:1cxx_unicode_literals
    Feature record: CXX_FEATURE:1cxx_uniform_initialization
    Feature record: CXX_FEATURE:1cxx_unrestricted_unions
    Feature record: CXX_FEATURE:1cxx_user_literals
    Feature record: CXX_FEATURE:0cxx_variable_templates
    Feature record: CXX_FEATURE:1cxx_variadic_macros
    Feature record: CXX_FEATURE:1cxx_variadic_templates


Detecting CXX [-std=c++98] compiler features compiled with the following output:
Change Dir: /home/upmem0037/xialinl/research/library/src/backends/build-dir/CMakeFiles/CMakeTmp

Run Build Command:"/usr/bin/make" "cmTC_3895d/fast"
/usr/bin/make -f CMakeFiles/cmTC_3895d.dir/build.make CMakeFiles/cmTC_3895d.dir/build
make[1]: Entering directory '/home/upmem0037/xialinl/research/library/src/backends/build-dir/CMakeFiles/CMakeTmp'
Building CXX object CMakeFiles/cmTC_3895d.dir/feature_tests.cxx.o
/usr/bin/c++    -std=c++98 -o CMakeFiles/cmTC_3895d.dir/feature_tests.cxx.o -c /home/upmem0037/xialinl/research/library/src/backends/build-dir/CMakeFiles/feature_tests.cxx
Linking CXX executable cmTC_3895d
/usr/bin/cmake -E cmake_link_script CMakeFiles/cmTC_3895d.dir/link.txt --verbose=1
/usr/bin/c++       CMakeFiles/cmTC_3895d.dir/feature_tests.cxx.o  -o cmTC_3895d 
make[1]: Leaving directory '/home/upmem0037/xialinl/research/library/src/backends/build-dir/CMakeFiles/CMakeTmp'


    Feature record: CXX_FEATURE:0cxx_aggregate_default_initializers
    Feature record: CXX_FEATURE:0cxx_alias_templates
    Feature record: CXX_FEATURE:0cxx_alignas
    Feature record: CXX_FEATURE:0cxx_alignof
    Feature record: CXX_FEATURE:0cxx_attributes
    Feature record: CXX_FEATURE:0cxx_attribute_deprecated
    Feature record: CXX_FEATURE:0cxx_auto_type
    Feature record: CXX_FEATURE:0cxx_binary_literals
    Feature record: CXX_FEATURE:0cxx_constexpr
    Feature record: CXX_FEATURE:0cxx_contextual_conversions
    Feature record: CXX_FEATURE:0cxx_decltype
    Feature record: CXX_FEATURE:0cxx_decltype_auto
    Feature record: CXX_FEATURE:0cxx_decltype_incomplete_return_types
    Feature record: CXX_FEATURE:0cxx_default_function_template_args
    Feature record: CXX_FEATURE:0cxx_defaulted_functions
    Feature record: CXX_FEATURE:0cxx_defaulted_move_initializers
    Feature record: CXX_FEATURE:0cxx_delegating_constructors
    Feature record: CXX_FEATURE:0cxx_deleted_functions
    Feature record: CXX_FEATURE:0cxx_digit_separators
    Feature record: CXX_FEATURE:0cxx_enum_forward_declarations
    Feature record: CXX_FEATURE:0cxx_explicit_conversions
    Feature record: CXX_FEATURE:0cxx_extended_friend_declarations
    Feature record: CXX_FEATURE:0cxx_extern_templates
    Feature record: CXX_FEATURE:0cxx_final
    Feature record: CXX_FEATURE:0cxx_func_identifier
    Feature record: CXX_FEATURE:0cxx_generalized_initializers
    Feature record: CXX_FEATURE:0cxx_generic_lambdas
    Feature record: CXX_FEATURE:0cxx_inheriting_constructors
    Feature record: CXX_FEATURE:0cxx_inline_namespaces
    Feature record: CXX_FEATURE:0cxx_lambdas
    Feature record: CXX_FEATURE:0cxx_lambda_init_captures
    Feature record: CXX_FEATURE:0cxx_local_type_template_args
    Feature record: CXX_FEATURE:0cxx_long_long_type
    Feature record: CXX_FEATURE:0cxx_noexcept
    Feature record: CXX_FEATURE:0cxx_nonstatic_member_init
    Feature record: CXX_FEATURE:0cxx_nullptr
    Feature record: CXX_FEATURE:0cxx_override
    Feature record: CXX_FEATURE:0cxx_range_for
    Feature record: CXX_FEATURE:0cxx_raw_string_literals
    Feature record: CXX_FEATURE:0cxx_reference_qualified_functions
    Feature record: CXX_FEATURE:0cxx_relaxed_constexpr
    Feature record: CXX_FEATURE:0cxx_return_type_deduction
    Feature record: CXX_FEATURE:0cxx_right_angle_brackets
    Feature record: CXX_FEATURE:0cxx_rvalue_references
    Feature record: CXX_FEATURE:0cxx_sizeof_member
    Feature record: CXX_FEATURE:0cxx_static_assert
    Feature record: CXX_FEATURE:0cxx_strong_enums
    Feature record: CXX_FEATURE:1cxx_template_template_parameters
    Feature record: CXX_FEATURE:0cxx_thread_local
    Feature record: CXX_FEATURE:0cxx_trailing_return_types
    Feature record: CXX_FEATURE:0cxx_unicode_literals
    Feature record: CXX_FEATURE:0cxx_uniform_initialization
    Feature record: CXX_FEATURE:0cxx_unrestricted_unions
    Feature record: CXX_FEATURE:0cxx_user_literals
    Feature record: CXX_FEATURE:0cxx_variable_templates
    Feature record: CXX_FEATURE:0cxx_variadic_macros
    Feature record: CXX_FEATURE:0cxx_variadic_templates
Determining if the include file pthread.h exists passed with the following output:
Change Dir: /home/upmem0037/xialinl/research/library/src/backends/build-dir/CMakeFiles/CMakeTmp

Run Build Command:"/usr/bin/make" "cmTC_58ae6/fast"
/usr/bin/make -f CMakeFiles/cmTC_58ae6.dir/build.make CMakeFiles/cmTC_58ae6.dir/build
make[1]: Entering directory '/home/upmem0037/xialinl/research/library/src/backends/build-dir/CMakeFiles/CMakeTmp'
Building C object CMakeFiles/cmTC_58ae6.dir/CheckIncludeFile.c.o
/usr/bin/cc   -Wall -Wextra -std=gnu11     -o CMakeFiles/cmTC_58ae6.dir/CheckIncludeFile.c.o   -c /home/upmem0037/xialinl/research/library/src/backends/build-dir/CMakeFiles/CMakeTmp/CheckIncludeFile.c
Linking C executable cmTC_58ae6
/usr/bin/cmake -E cmake_link_script CMakeFiles/cmTC_58ae6.dir/link.txt --verbose=1
/usr/bin/cc  -Wall -Wextra -std=gnu11    -Wl,--enable-new-dtags  CMakeFiles/cmTC_58ae6.dir/CheckIncludeFile.c.o  -o cmTC_58ae6 
make[1]: Leaving directory '/home/upmem0037/xialinl/research/library/src/backends/build-dir/CMakeFiles/CMakeTmp'


Determining if the function pthread_create exists in the pthread passed with the following output:
Change Dir: /home/upmem0037/xialinl/research/library/src/backends/build-dir/CMakeFiles/CMakeTmp

Run Build Command:"/usr/bin/make" "cmTC_2f994/fast"
/usr/bin/make -f CMakeFiles/cmTC_2f994.dir/build.make CMakeFiles/cmTC_2f994.dir/build
make[1]: Entering directory '/home/upmem0037/xialinl/research/library/src/backends/build-dir/CMakeFiles/CMakeTmp'
Building C object CMakeFiles/cmTC_2f994.dir/CheckFunctionExists.c.o
/usr/bin/cc   -Wall -Wextra -std=gnu11  -DCHECK_FUNCTION_EXISTS=pthread_create   -o CMakeFiles/cmTC_2f994.dir/CheckFunctionExists.c.o   -c /usr/share/cmake-3.13/Modules/CheckFunctionExists.c
Linking C executable cmTC_2f994
/usr/bin/cmake -E cmake_link_script CMakeFiles/cmTC_2f994.dir/link.txt --verbose=1
/usr/bin/cc  -Wall -Wextra -std=gnu11  -DCHECK_FUNCTION_EXISTS=pthread_create  -Wl,--enable-new-dtags  CMakeFiles/cmTC_2f994.dir/CheckFunctionExists.c.o  -o cmTC_2f994 -lpthread 
make[1]: Leaving directory '/home/upmem0037/xialinl/research/library/src/backends/build-dir/CMakeFiles/CMakeTmp'


Performing C SOURCE FILE Test C_HAS_SSE1_1 succeeded with the following compile output:
Change Dir: /home/upmem0037/xialinl/research/library/src/backends/build-dir/CMakeFiles/CMakeTmp

Run Build Command:"/usr/bin/make" "cmTC_cd9fd/fast"
/usr/bin/make -f CMakeFiles/cmTC_cd9fd.dir/build.make CMakeFiles/cmTC_cd9fd.dir/build
make[1]: Entering directory '/home/upmem0037/xialinl/research/library/src/backends/build-dir/CMakeFiles/CMakeTmp'
Building C object CMakeFiles/cmTC_cd9fd.dir/src.c.o
/usr/bin/cc   -Wall -Wextra -std=gnu11  -DC_HAS_SSE1_1   -o CMakeFiles/cmTC_cd9fd.dir/src.c.o   -c /home/upmem0037/xialinl/research/library/src/backends/build-dir/CMakeFiles/CMakeTmp/src.c
Linking C executable cmTC_cd9fd
/usr/bin/cmake -E cmake_link_script CMakeFiles/cmTC_cd9fd.dir/link.txt --verbose=1
/usr/bin/cc  -Wall -Wextra -std=gnu11  -DC_HAS_SSE1_1  -Wl,--enable-new-dtags  CMakeFiles/cmTC_cd9fd.dir/src.c.o  -o cmTC_cd9fd 
make[1]: Leaving directory '/home/upmem0037/xialinl/research/library/src/backends/build-dir/CMakeFiles/CMakeTmp'

...and run output:

Return value: 1
Source file was:

  #include <xmmintrin.h>
  int main()
  {
    __attribute__((unused)) __m128 a;
    float vals[4] = {0,0,0,0};
    a = _mm_loadu_ps(vals);
    return 0;
  }
Performing C SOURCE FILE Test C_HAS_SSE2_1 succeeded with the following compile output:
Change Dir: /home/upmem0037/xialinl/research/library/src/backends/build-dir/CMakeFiles/CMakeTmp

Run Build Command:"/usr/bin/make" "cmTC_4eb1d/fast"
/usr/bin/make -f CMakeFiles/cmTC_4eb1d.dir/build.make CMakeFiles/cmTC_4eb1d.dir/build
make[1]: Entering directory '/home/upmem0037/xialinl/research/library/src/backends/build-dir/CMakeFiles/CMakeTmp'
Building C object CMakeFiles/cmTC_4eb1d.dir/src.c.o
/usr/bin/cc   -Wall -Wextra -std=gnu11  -DC_HAS_SSE2_1   -o CMakeFiles/cmTC_4eb1d.dir/src.c.o   -c /home/upmem0037/xialinl/research/library/src/backends/build-dir/CMakeFiles/CMakeTmp/src.c
Linking C executable cmTC_4eb1d
/usr/bin/cmake -E cmake_link_script CMakeFiles/cmTC_4eb1d.dir/link.txt --verbose=1
/usr/bin/cc  -Wall -Wextra -std=gnu11  -DC_HAS_SSE2_1  -Wl,--enable-new-dtags  CMakeFiles/cmTC_4eb1d.dir/src.c.o  -o cmTC_4eb1d 
make[1]: Leaving directory '/home/upmem0037/xialinl/research/library/src/backends/build-dir/CMakeFiles/CMakeTmp'

...and run output:

Return value: 1
Source file was:

  #include <emmintrin.h>
  int main()
  {
    __attribute__((unused)) __m128d a;
    double vals[2] = {0,0};
    a = _mm_loadu_pd(vals);
    return 0;
  }
Performing C SOURCE FILE Test C_HAS_SSE3_2 succeeded with the following compile output:
Change Dir: /home/upmem0037/xialinl/research/library/src/backends/build-dir/CMakeFiles/CMakeTmp

Run Build Command:"/usr/bin/make" "cmTC_1aa23/fast"
/usr/bin/make -f CMakeFiles/cmTC_1aa23.dir/build.make CMakeFiles/cmTC_1aa23.dir/build
make[1]: Entering directory '/home/upmem0037/xialinl/research/library/src/backends/build-dir/CMakeFiles/CMakeTmp'
Building C object CMakeFiles/cmTC_1aa23.dir/src.c.o
/usr/bin/cc   -Wall -Wextra -std=gnu11  -DC_HAS_SSE3_2 -msse3   -o CMakeFiles/cmTC_1aa23.dir/src.c.o   -c /home/upmem0037/xialinl/research/library/src/backends/build-dir/CMakeFiles/CMakeTmp/src.c
Linking C executable cmTC_1aa23
/usr/bin/cmake -E cmake_link_script CMakeFiles/cmTC_1aa23.dir/link.txt --verbose=1
/usr/bin/cc  -Wall -Wextra -std=gnu11  -DC_HAS_SSE3_2 -msse3  -Wl,--enable-new-dtags  CMakeFiles/cmTC_1aa23.dir/src.c.o  -o cmTC_1aa23 
make[1]: Leaving directory '/home/upmem0037/xialinl/research/library/src/backends/build-dir/CMakeFiles/CMakeTmp'

...and run output:

Return value: 1
Source file was:

  #include <pmmintrin.h>
  int main( )
  {
    const int vals[4] = {0,0,0,0};
    __attribute__((unused)) __m128i a;
    a = _mm_lddqu_si128( (const __m128i*)vals );
    return 0;
  }
Performing C SOURCE FILE Test C_HAS_SSE4_1_2 succeeded with the following compile output:
Change Dir: /home/upmem0037/xialinl/research/library/src/backends/build-dir/CMakeFiles/CMakeTmp

Run Build Command:"/usr/bin/make" "cmTC_8a97f/fast"
/usr/bin/make -f CMakeFiles/cmTC_8a97f.dir/build.make CMakeFiles/cmTC_8a97f.dir/build
make[1]: Entering directory '/home/upmem0037/xialinl/research/library/src/backends/build-dir/CMakeFiles/CMakeTmp'
Building C object CMakeFiles/cmTC_8a97f.dir/src.c.o
/usr/bin/cc   -Wall -Wextra -std=gnu11  -DC_HAS_SSE4_1_2 -msse4.1   -o CMakeFiles/cmTC_8a97f.dir/src.c.o   -c /home/upmem0037/xialinl/research/library/src/backends/build-dir/CMakeFiles/CMakeTmp/src.c
Linking C executable cmTC_8a97f
/usr/bin/cmake -E cmake_link_script CMakeFiles/cmTC_8a97f.dir/link.txt --verbose=1
/usr/bin/cc  -Wall -Wextra -std=gnu11  -DC_HAS_SSE4_1_2 -msse4.1  -Wl,--enable-new-dtags  CMakeFiles/cmTC_8a97f.dir/src.c.o  -o cmTC_8a97f 
make[1]: Leaving directory '/home/upmem0037/xialinl/research/library/src/backends/build-dir/CMakeFiles/CMakeTmp'

...and run output:

Return value: 1
Source file was:

  #include <smmintrin.h>
  int main ()
  {
    __m128i a = _mm_set_epi8(0,0,0,0,0,0,0,0,0,0,0,0,0,0,0,0);
    __m128i b = _mm_set_epi8(0,0,0,0,0,0,0,0,0,0,0,0,0,0,0,0);
    __attribute__((unused)) __m128i res = _mm_max_epi8(a, b);
    return 0;
  }

Performing C SOURCE FILE Test C_HAS_SSE4_2_2 succeeded with the following compile output:
Change Dir: /home/upmem0037/xialinl/research/library/src/backends/build-dir/CMakeFiles/CMakeTmp

Run Build Command:"/usr/bin/make" "cmTC_41e7f/fast"
/usr/bin/make -f CMakeFiles/cmTC_41e7f.dir/build.make CMakeFiles/cmTC_41e7f.dir/build
make[1]: Entering directory '/home/upmem0037/xialinl/research/library/src/backends/build-dir/CMakeFiles/CMakeTmp'
Building C object CMakeFiles/cmTC_41e7f.dir/src.c.o
/usr/bin/cc   -Wall -Wextra -std=gnu11  -DC_HAS_SSE4_2_2 -msse4.2   -o CMakeFiles/cmTC_41e7f.dir/src.c.o   -c /home/upmem0037/xialinl/research/library/src/backends/build-dir/CMakeFiles/CMakeTmp/src.c
Linking C executable cmTC_41e7f
/usr/bin/cmake -E cmake_link_script CMakeFiles/cmTC_41e7f.dir/link.txt --verbose=1
/usr/bin/cc  -Wall -Wextra -std=gnu11  -DC_HAS_SSE4_2_2 -msse4.2  -Wl,--enable-new-dtags  CMakeFiles/cmTC_41e7f.dir/src.c.o  -o cmTC_41e7f 
make[1]: Leaving directory '/home/upmem0037/xialinl/research/library/src/backends/build-dir/CMakeFiles/CMakeTmp'

...and run output:

Return value: 1
Source file was:

  #include <nmmintrin.h>
  int main()
  {
    __m128i a = _mm_set_epi8(0,0,0,0,0,0,0,0,0,0,0,0,0,0,0,0);
    __m128i b = _mm_set_epi8(0,0,0,0,0,0,0,0,0,0,0,0,0,0,0,0);
    __attribute__((unused)) __m128i c = _mm_set_epi8(0,0,0,0,0,0,0,0,0,0,0,0,0,0,0,0);
    c = _mm_cmpgt_epi64(a, b);
    return 0;
  }

Performing C SOURCE FILE Test C_HAS_AVX_2 succeeded with the following compile output:
Change Dir: /home/upmem0037/xialinl/research/library/src/backends/build-dir/CMakeFiles/CMakeTmp

Run Build Command:"/usr/bin/make" "cmTC_8eba3/fast"
/usr/bin/make -f CMakeFiles/cmTC_8eba3.dir/build.make CMakeFiles/cmTC_8eba3.dir/build
make[1]: Entering directory '/home/upmem0037/xialinl/research/library/src/backends/build-dir/CMakeFiles/CMakeTmp'
Building C object CMakeFiles/cmTC_8eba3.dir/src.c.o
/usr/bin/cc   -Wall -Wextra -std=gnu11  -DC_HAS_AVX_2 -mavx   -o CMakeFiles/cmTC_8eba3.dir/src.c.o   -c /home/upmem0037/xialinl/research/library/src/backends/build-dir/CMakeFiles/CMakeTmp/src.c
Linking C executable cmTC_8eba3
/usr/bin/cmake -E cmake_link_script CMakeFiles/cmTC_8eba3.dir/link.txt --verbose=1
/usr/bin/cc  -Wall -Wextra -std=gnu11  -DC_HAS_AVX_2 -mavx  -Wl,--enable-new-dtags  CMakeFiles/cmTC_8eba3.dir/src.c.o  -o cmTC_8eba3 
make[1]: Leaving directory '/home/upmem0037/xialinl/research/library/src/backends/build-dir/CMakeFiles/CMakeTmp'

...and run output:

Return value: 1
Source file was:

  #include <immintrin.h>
  int main()
  {
    __attribute__((unused)) __m256 a;
    a = _mm256_set1_ps(0);
    return 0;
  }

Performing C SOURCE FILE Test C_HAS_AVX2_2 succeeded with the following compile output:
Change Dir: /home/upmem0037/xialinl/research/library/src/backends/build-dir/CMakeFiles/CMakeTmp

Run Build Command:"/usr/bin/make" "cmTC_33832/fast"
/usr/bin/make -f CMakeFiles/cmTC_33832.dir/build.make CMakeFiles/cmTC_33832.dir/build
make[1]: Entering directory '/home/upmem0037/xialinl/research/library/src/backends/build-dir/CMakeFiles/CMakeTmp'
Building C object CMakeFiles/cmTC_33832.dir/src.c.o
/usr/bin/cc   -Wall -Wextra -std=gnu11  -DC_HAS_AVX2_2 -mavx2 -mfma   -o CMakeFiles/cmTC_33832.dir/src.c.o   -c /home/upmem0037/xialinl/research/library/src/backends/build-dir/CMakeFiles/CMakeTmp/src.c
Linking C executable cmTC_33832
/usr/bin/cmake -E cmake_link_script CMakeFiles/cmTC_33832.dir/link.txt --verbose=1
/usr/bin/cc  -Wall -Wextra -std=gnu11  -DC_HAS_AVX2_2 -mavx2 -mfma  -Wl,--enable-new-dtags  CMakeFiles/cmTC_33832.dir/src.c.o  -o cmTC_33832 
make[1]: Leaving directory '/home/upmem0037/xialinl/research/library/src/backends/build-dir/CMakeFiles/CMakeTmp'

...and run output:

Return value: 1
Source file was:

  #include <immintrin.h>
  int main()
  {
    __m256i a = {0};
    a = _mm256_abs_epi16(a);
    return 0;
  }

Performing C SOURCE FILE Test C_HAS_AVX512F_2 succeeded with the following compile output:
Change Dir: /home/upmem0037/xialinl/research/library/src/backends/build-dir/CMakeFiles/CMakeTmp

Run Build Command:"/usr/bin/make" "cmTC_dfa76/fast"
/usr/bin/make -f CMakeFiles/cmTC_dfa76.dir/build.make CMakeFiles/cmTC_dfa76.dir/build
make[1]: Entering directory '/home/upmem0037/xialinl/research/library/src/backends/build-dir/CMakeFiles/CMakeTmp'
Building C object CMakeFiles/cmTC_dfa76.dir/src.c.o
/usr/bin/cc   -Wall -Wextra -std=gnu11  -DC_HAS_AVX512F_2 -mavx512f   -o CMakeFiles/cmTC_dfa76.dir/src.c.o   -c /home/upmem0037/xialinl/research/library/src/backends/build-dir/CMakeFiles/CMakeTmp/src.c
Linking C executable cmTC_dfa76
/usr/bin/cmake -E cmake_link_script CMakeFiles/cmTC_dfa76.dir/link.txt --verbose=1
/usr/bin/cc  -Wall -Wextra -std=gnu11  -DC_HAS_AVX512F_2 -mavx512f  -Wl,--enable-new-dtags  CMakeFiles/cmTC_dfa76.dir/src.c.o  -o cmTC_dfa76 
make[1]: Leaving directory '/home/upmem0037/xialinl/research/library/src/backends/build-dir/CMakeFiles/CMakeTmp'

...and run output:

Return value: 1
Source file was:

  #include <immintrin.h>
  int main()
  {
    __m512 a = _mm512_set1_ps(1.f);
    a = _mm512_add_ps(a, _mm512_set1_ps(1.f));;
    return 0;
  }

Performing C SOURCE FILE Test C_HAS_AVX512BW_2 succeeded with the following compile output:
Change Dir: /home/upmem0037/xialinl/research/library/src/backends/build-dir/CMakeFiles/CMakeTmp

Run Build Command:"/usr/bin/make" "cmTC_a155b/fast"
/usr/bin/make -f CMakeFiles/cmTC_a155b.dir/build.make CMakeFiles/cmTC_a155b.dir/build
make[1]: Entering directory '/home/upmem0037/xialinl/research/library/src/backends/build-dir/CMakeFiles/CMakeTmp'
Building C object CMakeFiles/cmTC_a155b.dir/src.c.o
/usr/bin/cc   -Wall -Wextra -std=gnu11  -DC_HAS_AVX512BW_2 -mavx512bw   -o CMakeFiles/cmTC_a155b.dir/src.c.o   -c /home/upmem0037/xialinl/research/library/src/backends/build-dir/CMakeFiles/CMakeTmp/src.c
Linking C executable cmTC_a155b
/usr/bin/cmake -E cmake_link_script CMakeFiles/cmTC_a155b.dir/link.txt --verbose=1
/usr/bin/cc  -Wall -Wextra -std=gnu11  -DC_HAS_AVX512BW_2 -mavx512bw  -Wl,--enable-new-dtags  CMakeFiles/cmTC_a155b.dir/src.c.o  -o cmTC_a155b 
make[1]: Leaving directory '/home/upmem0037/xialinl/research/library/src/backends/build-dir/CMakeFiles/CMakeTmp'

...and run output:

Return value: 1
Source file was:

  #include <immintrin.h>
  int main()
  {
    __m512i mask = _mm512_set_epi64(0, 0, 0, 0, 0, 0, 0, 0);
    __attribute__((unused)) __m512i load = {0};
    load = _mm512_shuffle_epi8(load, mask);
    return 0;
  }

Performing C SOURCE FILE Test C_HAS_CLFLUSHOPT_2 succeeded with the following compile output:
Change Dir: /home/upmem0037/xialinl/research/library/src/backends/build-dir/CMakeFiles/CMakeTmp

Run Build Command:"/usr/bin/make" "cmTC_13c2d/fast"
/usr/bin/make -f CMakeFiles/cmTC_13c2d.dir/build.make CMakeFiles/cmTC_13c2d.dir/build
make[1]: Entering directory '/home/upmem0037/xialinl/research/library/src/backends/build-dir/CMakeFiles/CMakeTmp'
Building C object CMakeFiles/cmTC_13c2d.dir/src.c.o
/usr/bin/cc   -Wall -Wextra -std=gnu11  -DC_HAS_CLFLUSHOPT_2 -mclflushopt   -o CMakeFiles/cmTC_13c2d.dir/src.c.o   -c /home/upmem0037/xialinl/research/library/src/backends/build-dir/CMakeFiles/CMakeTmp/src.c
Linking C executable cmTC_13c2d
/usr/bin/cmake -E cmake_link_script CMakeFiles/cmTC_13c2d.dir/link.txt --verbose=1
/usr/bin/cc  -Wall -Wextra -std=gnu11  -DC_HAS_CLFLUSHOPT_2 -mclflushopt  -Wl,--enable-new-dtags  CMakeFiles/cmTC_13c2d.dir/src.c.o  -o cmTC_13c2d 
make[1]: Leaving directory '/home/upmem0037/xialinl/research/library/src/backends/build-dir/CMakeFiles/CMakeTmp'

...and run output:

Return value: 1
Source file was:

  #include <immintrin.h>
  int main()
  {
    int flush = 1;
    __builtin_ia32_clflushopt(&flush);
    return 0;
  }

Performing C SOURCE FILE Test CXX_HAS_SSE1_1 succeeded with the following compile output:
Change Dir: /home/upmem0037/xialinl/research/library/src/backends/build-dir/CMakeFiles/CMakeTmp

Run Build Command:"/usr/bin/make" "cmTC_bc1b4/fast"
/usr/bin/make -f CMakeFiles/cmTC_bc1b4.dir/build.make CMakeFiles/cmTC_bc1b4.dir/build
make[1]: Entering directory '/home/upmem0037/xialinl/research/library/src/backends/build-dir/CMakeFiles/CMakeTmp'
Building C object CMakeFiles/cmTC_bc1b4.dir/src.c.o
/usr/bin/cc   -Wall -Wextra -std=gnu11  -DCXX_HAS_SSE1_1   -o CMakeFiles/cmTC_bc1b4.dir/src.c.o   -c /home/upmem0037/xialinl/research/library/src/backends/build-dir/CMakeFiles/CMakeTmp/src.c
Linking C executable cmTC_bc1b4
/usr/bin/cmake -E cmake_link_script CMakeFiles/cmTC_bc1b4.dir/link.txt --verbose=1
/usr/bin/cc  -Wall -Wextra -std=gnu11  -DCXX_HAS_SSE1_1  -Wl,--enable-new-dtags  CMakeFiles/cmTC_bc1b4.dir/src.c.o  -o cmTC_bc1b4 
make[1]: Leaving directory '/home/upmem0037/xialinl/research/library/src/backends/build-dir/CMakeFiles/CMakeTmp'

...and run output:

Return value: 1
Source file was:

  #include <xmmintrin.h>
  int main()
  {
    __attribute__((unused)) __m128 a;
    float vals[4] = {0,0,0,0};
    a = _mm_loadu_ps(vals);
    return 0;
  }
Performing C SOURCE FILE Test CXX_HAS_SSE2_1 succeeded with the following compile output:
Change Dir: /home/upmem0037/xialinl/research/library/src/backends/build-dir/CMakeFiles/CMakeTmp

Run Build Command:"/usr/bin/make" "cmTC_fb8e2/fast"
/usr/bin/make -f CMakeFiles/cmTC_fb8e2.dir/build.make CMakeFiles/cmTC_fb8e2.dir/build
make[1]: Entering directory '/home/upmem0037/xialinl/research/library/src/backends/build-dir/CMakeFiles/CMakeTmp'
Building C object CMakeFiles/cmTC_fb8e2.dir/src.c.o
/usr/bin/cc   -Wall -Wextra -std=gnu11  -DCXX_HAS_SSE2_1   -o CMakeFiles/cmTC_fb8e2.dir/src.c.o   -c /home/upmem0037/xialinl/research/library/src/backends/build-dir/CMakeFiles/CMakeTmp/src.c
Linking C executable cmTC_fb8e2
/usr/bin/cmake -E cmake_link_script CMakeFiles/cmTC_fb8e2.dir/link.txt --verbose=1
/usr/bin/cc  -Wall -Wextra -std=gnu11  -DCXX_HAS_SSE2_1  -Wl,--enable-new-dtags  CMakeFiles/cmTC_fb8e2.dir/src.c.o  -o cmTC_fb8e2 
make[1]: Leaving directory '/home/upmem0037/xialinl/research/library/src/backends/build-dir/CMakeFiles/CMakeTmp'

...and run output:

Return value: 1
Source file was:

  #include <emmintrin.h>
  int main()
  {
    __attribute__((unused)) __m128d a;
    double vals[2] = {0,0};
    a = _mm_loadu_pd(vals);
    return 0;
  }
Performing C SOURCE FILE Test CXX_HAS_SSE3_2 succeeded with the following compile output:
Change Dir: /home/upmem0037/xialinl/research/library/src/backends/build-dir/CMakeFiles/CMakeTmp

Run Build Command:"/usr/bin/make" "cmTC_912b2/fast"
/usr/bin/make -f CMakeFiles/cmTC_912b2.dir/build.make CMakeFiles/cmTC_912b2.dir/build
make[1]: Entering directory '/home/upmem0037/xialinl/research/library/src/backends/build-dir/CMakeFiles/CMakeTmp'
Building C object CMakeFiles/cmTC_912b2.dir/src.c.o
/usr/bin/cc   -Wall -Wextra -std=gnu11  -DCXX_HAS_SSE3_2 -msse3   -o CMakeFiles/cmTC_912b2.dir/src.c.o   -c /home/upmem0037/xialinl/research/library/src/backends/build-dir/CMakeFiles/CMakeTmp/src.c
Linking C executable cmTC_912b2
/usr/bin/cmake -E cmake_link_script CMakeFiles/cmTC_912b2.dir/link.txt --verbose=1
/usr/bin/cc  -Wall -Wextra -std=gnu11  -DCXX_HAS_SSE3_2 -msse3  -Wl,--enable-new-dtags  CMakeFiles/cmTC_912b2.dir/src.c.o  -o cmTC_912b2 
make[1]: Leaving directory '/home/upmem0037/xialinl/research/library/src/backends/build-dir/CMakeFiles/CMakeTmp'

...and run output:

Return value: 1
Source file was:

  #include <pmmintrin.h>
  int main( )
  {
    const int vals[4] = {0,0,0,0};
    __attribute__((unused)) __m128i a;
    a = _mm_lddqu_si128( (const __m128i*)vals );
    return 0;
  }
Performing C SOURCE FILE Test CXX_HAS_SSE4_1_2 succeeded with the following compile output:
Change Dir: /home/upmem0037/xialinl/research/library/src/backends/build-dir/CMakeFiles/CMakeTmp

Run Build Command:"/usr/bin/make" "cmTC_6b57d/fast"
/usr/bin/make -f CMakeFiles/cmTC_6b57d.dir/build.make CMakeFiles/cmTC_6b57d.dir/build
make[1]: Entering directory '/home/upmem0037/xialinl/research/library/src/backends/build-dir/CMakeFiles/CMakeTmp'
Building C object CMakeFiles/cmTC_6b57d.dir/src.c.o
/usr/bin/cc   -Wall -Wextra -std=gnu11  -DCXX_HAS_SSE4_1_2 -msse4.1   -o CMakeFiles/cmTC_6b57d.dir/src.c.o   -c /home/upmem0037/xialinl/research/library/src/backends/build-dir/CMakeFiles/CMakeTmp/src.c
Linking C executable cmTC_6b57d
/usr/bin/cmake -E cmake_link_script CMakeFiles/cmTC_6b57d.dir/link.txt --verbose=1
/usr/bin/cc  -Wall -Wextra -std=gnu11  -DCXX_HAS_SSE4_1_2 -msse4.1  -Wl,--enable-new-dtags  CMakeFiles/cmTC_6b57d.dir/src.c.o  -o cmTC_6b57d 
make[1]: Leaving directory '/home/upmem0037/xialinl/research/library/src/backends/build-dir/CMakeFiles/CMakeTmp'

...and run output:

Return value: 1
Source file was:

  #include <smmintrin.h>
  int main ()
  {
    __m128i a = _mm_set_epi8(0,0,0,0,0,0,0,0,0,0,0,0,0,0,0,0);
    __m128i b = _mm_set_epi8(0,0,0,0,0,0,0,0,0,0,0,0,0,0,0,0);
    __attribute__((unused)) __m128i res = _mm_max_epi8(a, b);
    return 0;
  }

Performing C SOURCE FILE Test CXX_HAS_SSE4_2_2 succeeded with the following compile output:
Change Dir: /home/upmem0037/xialinl/research/library/src/backends/build-dir/CMakeFiles/CMakeTmp

Run Build Command:"/usr/bin/make" "cmTC_5b3f9/fast"
/usr/bin/make -f CMakeFiles/cmTC_5b3f9.dir/build.make CMakeFiles/cmTC_5b3f9.dir/build
make[1]: Entering directory '/home/upmem0037/xialinl/research/library/src/backends/build-dir/CMakeFiles/CMakeTmp'
Building C object CMakeFiles/cmTC_5b3f9.dir/src.c.o
/usr/bin/cc   -Wall -Wextra -std=gnu11  -DCXX_HAS_SSE4_2_2 -msse4.2   -o CMakeFiles/cmTC_5b3f9.dir/src.c.o   -c /home/upmem0037/xialinl/research/library/src/backends/build-dir/CMakeFiles/CMakeTmp/src.c
Linking C executable cmTC_5b3f9
/usr/bin/cmake -E cmake_link_script CMakeFiles/cmTC_5b3f9.dir/link.txt --verbose=1
/usr/bin/cc  -Wall -Wextra -std=gnu11  -DCXX_HAS_SSE4_2_2 -msse4.2  -Wl,--enable-new-dtags  CMakeFiles/cmTC_5b3f9.dir/src.c.o  -o cmTC_5b3f9 
make[1]: Leaving directory '/home/upmem0037/xialinl/research/library/src/backends/build-dir/CMakeFiles/CMakeTmp'

...and run output:

Return value: 1
Source file was:

  #include <nmmintrin.h>
  int main()
  {
    __m128i a = _mm_set_epi8(0,0,0,0,0,0,0,0,0,0,0,0,0,0,0,0);
    __m128i b = _mm_set_epi8(0,0,0,0,0,0,0,0,0,0,0,0,0,0,0,0);
    __attribute__((unused)) __m128i c = _mm_set_epi8(0,0,0,0,0,0,0,0,0,0,0,0,0,0,0,0);
    c = _mm_cmpgt_epi64(a, b);
    return 0;
  }

Performing C SOURCE FILE Test CXX_HAS_AVX_2 succeeded with the following compile output:
Change Dir: /home/upmem0037/xialinl/research/library/src/backends/build-dir/CMakeFiles/CMakeTmp

Run Build Command:"/usr/bin/make" "cmTC_a3a52/fast"
/usr/bin/make -f CMakeFiles/cmTC_a3a52.dir/build.make CMakeFiles/cmTC_a3a52.dir/build
make[1]: Entering directory '/home/upmem0037/xialinl/research/library/src/backends/build-dir/CMakeFiles/CMakeTmp'
Building C object CMakeFiles/cmTC_a3a52.dir/src.c.o
/usr/bin/cc   -Wall -Wextra -std=gnu11  -DCXX_HAS_AVX_2 -mavx   -o CMakeFiles/cmTC_a3a52.dir/src.c.o   -c /home/upmem0037/xialinl/research/library/src/backends/build-dir/CMakeFiles/CMakeTmp/src.c
Linking C executable cmTC_a3a52
/usr/bin/cmake -E cmake_link_script CMakeFiles/cmTC_a3a52.dir/link.txt --verbose=1
/usr/bin/cc  -Wall -Wextra -std=gnu11  -DCXX_HAS_AVX_2 -mavx  -Wl,--enable-new-dtags  CMakeFiles/cmTC_a3a52.dir/src.c.o  -o cmTC_a3a52 
make[1]: Leaving directory '/home/upmem0037/xialinl/research/library/src/backends/build-dir/CMakeFiles/CMakeTmp'

...and run output:

Return value: 1
Source file was:

  #include <immintrin.h>
  int main()
  {
    __attribute__((unused)) __m256 a;
    a = _mm256_set1_ps(0);
    return 0;
  }

Performing C SOURCE FILE Test CXX_HAS_AVX2_2 succeeded with the following compile output:
Change Dir: /home/upmem0037/xialinl/research/library/src/backends/build-dir/CMakeFiles/CMakeTmp

Run Build Command:"/usr/bin/make" "cmTC_9ed14/fast"
/usr/bin/make -f CMakeFiles/cmTC_9ed14.dir/build.make CMakeFiles/cmTC_9ed14.dir/build
make[1]: Entering directory '/home/upmem0037/xialinl/research/library/src/backends/build-dir/CMakeFiles/CMakeTmp'
Building C object CMakeFiles/cmTC_9ed14.dir/src.c.o
/usr/bin/cc   -Wall -Wextra -std=gnu11  -DCXX_HAS_AVX2_2 -mavx2 -mfma   -o CMakeFiles/cmTC_9ed14.dir/src.c.o   -c /home/upmem0037/xialinl/research/library/src/backends/build-dir/CMakeFiles/CMakeTmp/src.c
Linking C executable cmTC_9ed14
/usr/bin/cmake -E cmake_link_script CMakeFiles/cmTC_9ed14.dir/link.txt --verbose=1
/usr/bin/cc  -Wall -Wextra -std=gnu11  -DCXX_HAS_AVX2_2 -mavx2 -mfma  -Wl,--enable-new-dtags  CMakeFiles/cmTC_9ed14.dir/src.c.o  -o cmTC_9ed14 
make[1]: Leaving directory '/home/upmem0037/xialinl/research/library/src/backends/build-dir/CMakeFiles/CMakeTmp'

...and run output:

Return value: 1
Source file was:

  #include <immintrin.h>
  int main()
  {
    __m256i a = {0};
    a = _mm256_abs_epi16(a);
    return 0;
  }

Performing C SOURCE FILE Test CXX_HAS_AVX512F_2 succeeded with the following compile output:
Change Dir: /home/upmem0037/xialinl/research/library/src/backends/build-dir/CMakeFiles/CMakeTmp

Run Build Command:"/usr/bin/make" "cmTC_6fc3c/fast"
/usr/bin/make -f CMakeFiles/cmTC_6fc3c.dir/build.make CMakeFiles/cmTC_6fc3c.dir/build
make[1]: Entering directory '/home/upmem0037/xialinl/research/library/src/backends/build-dir/CMakeFiles/CMakeTmp'
Building C object CMakeFiles/cmTC_6fc3c.dir/src.c.o
/usr/bin/cc   -Wall -Wextra -std=gnu11  -DCXX_HAS_AVX512F_2 -mavx512f   -o CMakeFiles/cmTC_6fc3c.dir/src.c.o   -c /home/upmem0037/xialinl/research/library/src/backends/build-dir/CMakeFiles/CMakeTmp/src.c
Linking C executable cmTC_6fc3c
/usr/bin/cmake -E cmake_link_script CMakeFiles/cmTC_6fc3c.dir/link.txt --verbose=1
/usr/bin/cc  -Wall -Wextra -std=gnu11  -DCXX_HAS_AVX512F_2 -mavx512f  -Wl,--enable-new-dtags  CMakeFiles/cmTC_6fc3c.dir/src.c.o  -o cmTC_6fc3c 
make[1]: Leaving directory '/home/upmem0037/xialinl/research/library/src/backends/build-dir/CMakeFiles/CMakeTmp'

...and run output:

Return value: 1
Source file was:

  #include <immintrin.h>
  int main()
  {
    __m512 a = _mm512_set1_ps(1.f);
    a = _mm512_add_ps(a, _mm512_set1_ps(1.f));;
    return 0;
  }

Performing C SOURCE FILE Test CXX_HAS_AVX512BW_2 succeeded with the following compile output:
Change Dir: /home/upmem0037/xialinl/research/library/src/backends/build-dir/CMakeFiles/CMakeTmp

Run Build Command:"/usr/bin/make" "cmTC_a7ce9/fast"
/usr/bin/make -f CMakeFiles/cmTC_a7ce9.dir/build.make CMakeFiles/cmTC_a7ce9.dir/build
make[1]: Entering directory '/home/upmem0037/xialinl/research/library/src/backends/build-dir/CMakeFiles/CMakeTmp'
Building C object CMakeFiles/cmTC_a7ce9.dir/src.c.o
/usr/bin/cc   -Wall -Wextra -std=gnu11  -DCXX_HAS_AVX512BW_2 -mavx512bw   -o CMakeFiles/cmTC_a7ce9.dir/src.c.o   -c /home/upmem0037/xialinl/research/library/src/backends/build-dir/CMakeFiles/CMakeTmp/src.c
Linking C executable cmTC_a7ce9
/usr/bin/cmake -E cmake_link_script CMakeFiles/cmTC_a7ce9.dir/link.txt --verbose=1
/usr/bin/cc  -Wall -Wextra -std=gnu11  -DCXX_HAS_AVX512BW_2 -mavx512bw  -Wl,--enable-new-dtags  CMakeFiles/cmTC_a7ce9.dir/src.c.o  -o cmTC_a7ce9 
make[1]: Leaving directory '/home/upmem0037/xialinl/research/library/src/backends/build-dir/CMakeFiles/CMakeTmp'

...and run output:

Return value: 1
Source file was:

  #include <immintrin.h>
  int main()
  {
    __m512i mask = _mm512_set_epi64(0, 0, 0, 0, 0, 0, 0, 0);
    __attribute__((unused)) __m512i load = {0};
    load = _mm512_shuffle_epi8(load, mask);
    return 0;
  }

Performing C SOURCE FILE Test CXX_HAS_CLFLUSHOPT_2 succeeded with the following compile output:
Change Dir: /home/upmem0037/xialinl/research/library/src/backends/build-dir/CMakeFiles/CMakeTmp

Run Build Command:"/usr/bin/make" "cmTC_af5ab/fast"
/usr/bin/make -f CMakeFiles/cmTC_af5ab.dir/build.make CMakeFiles/cmTC_af5ab.dir/build
make[1]: Entering directory '/home/upmem0037/xialinl/research/library/src/backends/build-dir/CMakeFiles/CMakeTmp'
Building C object CMakeFiles/cmTC_af5ab.dir/src.c.o
/usr/bin/cc   -Wall -Wextra -std=gnu11  -DCXX_HAS_CLFLUSHOPT_2 -mclflushopt   -o CMakeFiles/cmTC_af5ab.dir/src.c.o   -c /home/upmem0037/xialinl/research/library/src/backends/build-dir/CMakeFiles/CMakeTmp/src.c
Linking C executable cmTC_af5ab
/usr/bin/cmake -E cmake_link_script CMakeFiles/cmTC_af5ab.dir/link.txt --verbose=1
/usr/bin/cc  -Wall -Wextra -std=gnu11  -DCXX_HAS_CLFLUSHOPT_2 -mclflushopt  -Wl,--enable-new-dtags  CMakeFiles/cmTC_af5ab.dir/src.c.o  -o cmTC_af5ab 
make[1]: Leaving directory '/home/upmem0037/xialinl/research/library/src/backends/build-dir/CMakeFiles/CMakeTmp'

...and run output:

Return value: 1
Source file was:

  #include <immintrin.h>
  int main()
  {
    int flush = 1;
    __builtin_ia32_clflushopt(&flush);
    return 0;
  }

