Determining if the pthread_create exist failed with the following output:
Change Dir: /home/upmem0037/xialinl/research/libaray/src/backends/build-dir/CMakeFiles/CMakeTmp

Run Build Command:"/usr/bin/make" "cmTC_be406/fast"
/usr/bin/make -f CMakeFiles/cmTC_be406.dir/build.make CMakeFiles/cmTC_be406.dir/build
make[1]: Entering directory '/home/upmem0037/xialinl/research/libaray/src/backends/build-dir/CMakeFiles/CMakeTmp'
Building C object CMakeFiles/cmTC_be406.dir/CheckSymbolExists.c.o
/usr/bin/cc   -Wall -Werror -Wextra -std=gnu11     -o CMakeFiles/cmTC_be406.dir/CheckSymbolExists.c.o   -c /home/upmem0037/xialinl/research/libaray/src/backends/build-dir/CMakeFiles/CMakeTmp/CheckSymbolExists.c
Linking C executable cmTC_be406
/usr/bin/cmake -E cmake_link_script CMakeFiles/cmTC_be406.dir/link.txt --verbose=1
/usr/bin/cc  -Wall -Werror -Wextra -std=gnu11    -Wl,--enable-new-dtags  CMakeFiles/cmTC_be406.dir/CheckSymbolExists.c.o  -o cmTC_be406 
/usr/bin/ld: CMakeFiles/cmTC_be406.dir/CheckSymbolExists.c.o: in function `main':
CheckSymbolExists.c:(.text+0x1b): undefined reference to `pthread_create'
collect2: error: ld returned 1 exit status
make[1]: *** [CMakeFiles/cmTC_be406.dir/build.make:87: cmTC_be406] Error 1
make[1]: Leaving directory '/home/upmem0037/xialinl/research/libaray/src/backends/build-dir/CMakeFiles/CMakeTmp'
make: *** [Makefile:121: cmTC_be406/fast] Error 2

File /home/upmem0037/xialinl/research/libaray/src/backends/build-dir/CMakeFiles/CMakeTmp/CheckSymbolExists.c:
/* */
#include <pthread.h>

int main(int argc, char** argv)
{
  (void)argv;
#ifndef pthread_create
  return ((int*)(&pthread_create))[argc];
#else
  (void)argc;
  return 0;
#endif
}

Determining if the function pthread_create exists in the pthreads failed with the following output:
Change Dir: /home/upmem0037/xialinl/research/libaray/src/backends/build-dir/CMakeFiles/CMakeTmp

Run Build Command:"/usr/bin/make" "cmTC_aefee/fast"
/usr/bin/make -f CMakeFiles/cmTC_aefee.dir/build.make CMakeFiles/cmTC_aefee.dir/build
make[1]: Entering directory '/home/upmem0037/xialinl/research/libaray/src/backends/build-dir/CMakeFiles/CMakeTmp'
Building C object CMakeFiles/cmTC_aefee.dir/CheckFunctionExists.c.o
/usr/bin/cc   -Wall -Werror -Wextra -std=gnu11  -DCHECK_FUNCTION_EXISTS=pthread_create   -o CMakeFiles/cmTC_aefee.dir/CheckFunctionExists.c.o   -c /usr/share/cmake-3.13/Modules/CheckFunctionExists.c
Linking C executable cmTC_aefee
/usr/bin/cmake -E cmake_link_script CMakeFiles/cmTC_aefee.dir/link.txt --verbose=1
/usr/bin/cc  -Wall -Werror -Wextra -std=gnu11  -DCHECK_FUNCTION_EXISTS=pthread_create  -Wl,--enable-new-dtags  CMakeFiles/cmTC_aefee.dir/CheckFunctionExists.c.o  -o cmTC_aefee -lpthreads 
/usr/bin/ld: cannot find -lpthreads
collect2: error: ld returned 1 exit status
make[1]: *** [CMakeFiles/cmTC_aefee.dir/build.make:87: cmTC_aefee] Error 1
make[1]: Leaving directory '/home/upmem0037/xialinl/research/libaray/src/backends/build-dir/CMakeFiles/CMakeTmp'
make: *** [Makefile:121: cmTC_aefee/fast] Error 2


Performing C SOURCE FILE Test C_HAS_SSE3_1 failed with the following compile output:
Change Dir: /home/upmem0037/xialinl/research/libaray/src/backends/build-dir/CMakeFiles/CMakeTmp

Run Build Command:"/usr/bin/make" "cmTC_c7fd2/fast"
/usr/bin/make -f CMakeFiles/cmTC_c7fd2.dir/build.make CMakeFiles/cmTC_c7fd2.dir/build
make[1]: Entering directory '/home/upmem0037/xialinl/research/libaray/src/backends/build-dir/CMakeFiles/CMakeTmp'
Building C object CMakeFiles/cmTC_c7fd2.dir/src.c.o
/usr/bin/cc   -Wall -Werror -Wextra -std=gnu11  -DC_HAS_SSE3_1   -o CMakeFiles/cmTC_c7fd2.dir/src.c.o   -c /home/upmem0037/xialinl/research/libaray/src/backends/build-dir/CMakeFiles/CMakeTmp/src.c
In file included from /home/upmem0037/xialinl/research/libaray/src/backends/build-dir/CMakeFiles/CMakeTmp/src.c:2:
/home/upmem0037/xialinl/research/libaray/src/backends/build-dir/CMakeFiles/CMakeTmp/src.c: In function ‘main’:
/usr/lib/gcc/x86_64-linux-gnu/8/include/pmmintrin.h:110:1: error: inlining failed in call to always_inline ‘_mm_lddqu_si128’: target specific option mismatch
 _mm_lddqu_si128 (__m128i const *__P)
 ^~~~~~~~~~~~~~~
/home/upmem0037/xialinl/research/libaray/src/backends/build-dir/CMakeFiles/CMakeTmp/src.c:7:9: note: called from here
     a = _mm_lddqu_si128( (const __m128i*)vals );
         ^~~~~~~~~~~~~~~~~~~~~~~~~~~~~~~~~~~~~~~
make[1]: *** [CMakeFiles/cmTC_c7fd2.dir/build.make:66: CMakeFiles/cmTC_c7fd2.dir/src.c.o] Error 1
make[1]: Leaving directory '/home/upmem0037/xialinl/research/libaray/src/backends/build-dir/CMakeFiles/CMakeTmp'
make: *** [Makefile:121: cmTC_c7fd2/fast] Error 2

...and run output:

Return value: 1
Source file was:

  #include <pmmintrin.h>
  int main( )
  {
    const int vals[4] = {0,0,0,0};
    __attribute__((unused)) __m128i a;
    a = _mm_lddqu_si128( (const __m128i*)vals );
    return 0;
  }
Performing C SOURCE FILE Test C_COMPILES_SSE3_1 failed with the following output:
Change Dir: /home/upmem0037/xialinl/research/libaray/src/backends/build-dir/CMakeFiles/CMakeTmp

Run Build Command:"/usr/bin/make" "cmTC_15ded/fast"
/usr/bin/make -f CMakeFiles/cmTC_15ded.dir/build.make CMakeFiles/cmTC_15ded.dir/build
make[1]: Entering directory '/home/upmem0037/xialinl/research/libaray/src/backends/build-dir/CMakeFiles/CMakeTmp'
Building C object CMakeFiles/cmTC_15ded.dir/src.c.o
/usr/bin/cc   -Wall -Werror -Wextra -std=gnu11  -DC_COMPILES_SSE3_1   -o CMakeFiles/cmTC_15ded.dir/src.c.o   -c /home/upmem0037/xialinl/research/libaray/src/backends/build-dir/CMakeFiles/CMakeTmp/src.c
In file included from /home/upmem0037/xialinl/research/libaray/src/backends/build-dir/CMakeFiles/CMakeTmp/src.c:2:
/home/upmem0037/xialinl/research/libaray/src/backends/build-dir/CMakeFiles/CMakeTmp/src.c: In function ‘main’:
/usr/lib/gcc/x86_64-linux-gnu/8/include/pmmintrin.h:110:1: error: inlining failed in call to always_inline ‘_mm_lddqu_si128’: target specific option mismatch
 _mm_lddqu_si128 (__m128i const *__P)
 ^~~~~~~~~~~~~~~
/home/upmem0037/xialinl/research/libaray/src/backends/build-dir/CMakeFiles/CMakeTmp/src.c:7:9: note: called from here
     a = _mm_lddqu_si128( (const __m128i*)vals );
         ^~~~~~~~~~~~~~~~~~~~~~~~~~~~~~~~~~~~~~~
make[1]: *** [CMakeFiles/cmTC_15ded.dir/build.make:66: CMakeFiles/cmTC_15ded.dir/src.c.o] Error 1
make[1]: Leaving directory '/home/upmem0037/xialinl/research/libaray/src/backends/build-dir/CMakeFiles/CMakeTmp'
make: *** [Makefile:121: cmTC_15ded/fast] Error 2

Source file was:

  #include <pmmintrin.h>
  int main( )
  {
    const int vals[4] = {0,0,0,0};
    __attribute__((unused)) __m128i a;
    a = _mm_lddqu_si128( (const __m128i*)vals );
    return 0;
  }
Performing C SOURCE FILE Test C_HAS_SSE4_1_1 failed with the following compile output:
Change Dir: /home/upmem0037/xialinl/research/libaray/src/backends/build-dir/CMakeFiles/CMakeTmp

Run Build Command:"/usr/bin/make" "cmTC_96c77/fast"
/usr/bin/make -f CMakeFiles/cmTC_96c77.dir/build.make CMakeFiles/cmTC_96c77.dir/build
make[1]: Entering directory '/home/upmem0037/xialinl/research/libaray/src/backends/build-dir/CMakeFiles/CMakeTmp'
Building C object CMakeFiles/cmTC_96c77.dir/src.c.o
/usr/bin/cc   -Wall -Werror -Wextra -std=gnu11  -DC_HAS_SSE4_1_1   -o CMakeFiles/cmTC_96c77.dir/src.c.o   -c /home/upmem0037/xialinl/research/libaray/src/backends/build-dir/CMakeFiles/CMakeTmp/src.c
In file included from /home/upmem0037/xialinl/research/libaray/src/backends/build-dir/CMakeFiles/CMakeTmp/src.c:2:
/home/upmem0037/xialinl/research/libaray/src/backends/build-dir/CMakeFiles/CMakeTmp/src.c: In function ‘main’:
/usr/lib/gcc/x86_64-linux-gnu/8/include/smmintrin.h:282:1: error: inlining failed in call to always_inline ‘_mm_max_epi8’: target specific option mismatch
 _mm_max_epi8 (__m128i __X, __m128i __Y)
 ^~~~~~~~~~~~
/home/upmem0037/xialinl/research/libaray/src/backends/build-dir/CMakeFiles/CMakeTmp/src.c:7:43: note: called from here
     __attribute__((unused)) __m128i res = _mm_max_epi8(a, b);
                                           ^~~~~~~~~~~~~~~~~~
In file included from /home/upmem0037/xialinl/research/libaray/src/backends/build-dir/CMakeFiles/CMakeTmp/src.c:2:
/usr/lib/gcc/x86_64-linux-gnu/8/include/smmintrin.h:282:1: error: inlining failed in call to always_inline ‘_mm_max_epi8’: target specific option mismatch
 _mm_max_epi8 (__m128i __X, __m128i __Y)
 ^~~~~~~~~~~~
/home/upmem0037/xialinl/research/libaray/src/backends/build-dir/CMakeFiles/CMakeTmp/src.c:7:43: note: called from here
     __attribute__((unused)) __m128i res = _mm_max_epi8(a, b);
                                           ^~~~~~~~~~~~~~~~~~
make[1]: *** [CMakeFiles/cmTC_96c77.dir/build.make:66: CMakeFiles/cmTC_96c77.dir/src.c.o] Error 1
make[1]: Leaving directory '/home/upmem0037/xialinl/research/libaray/src/backends/build-dir/CMakeFiles/CMakeTmp'
make: *** [Makefile:121: cmTC_96c77/fast] Error 2

...and run output:

Return value: 1
Source file was:

  #include <smmintrin.h>
  int main ()
  {
    __m128i a = _mm_set_epi8(0,0,0,0,0,0,0,0,0,0,0,0,0,0,0,0);
    __m128i b = _mm_set_epi8(0,0,0,0,0,0,0,0,0,0,0,0,0,0,0,0);
    __attribute__((unused)) __m128i res = _mm_max_epi8(a, b);
    return 0;
  }

Performing C SOURCE FILE Test C_COMPILES_SSE4_1_1 failed with the following output:
Change Dir: /home/upmem0037/xialinl/research/libaray/src/backends/build-dir/CMakeFiles/CMakeTmp

Run Build Command:"/usr/bin/make" "cmTC_ed494/fast"
/usr/bin/make -f CMakeFiles/cmTC_ed494.dir/build.make CMakeFiles/cmTC_ed494.dir/build
make[1]: Entering directory '/home/upmem0037/xialinl/research/libaray/src/backends/build-dir/CMakeFiles/CMakeTmp'
Building C object CMakeFiles/cmTC_ed494.dir/src.c.o
/usr/bin/cc   -Wall -Werror -Wextra -std=gnu11  -DC_COMPILES_SSE4_1_1   -o CMakeFiles/cmTC_ed494.dir/src.c.o   -c /home/upmem0037/xialinl/research/libaray/src/backends/build-dir/CMakeFiles/CMakeTmp/src.c
In file included from /home/upmem0037/xialinl/research/libaray/src/backends/build-dir/CMakeFiles/CMakeTmp/src.c:2:
/home/upmem0037/xialinl/research/libaray/src/backends/build-dir/CMakeFiles/CMakeTmp/src.c: In function ‘main’:
/usr/lib/gcc/x86_64-linux-gnu/8/include/smmintrin.h:282:1: error: inlining failed in call to always_inline ‘_mm_max_epi8’: target specific option mismatch
 _mm_max_epi8 (__m128i __X, __m128i __Y)
 ^~~~~~~~~~~~
/home/upmem0037/xialinl/research/libaray/src/backends/build-dir/CMakeFiles/CMakeTmp/src.c:7:43: note: called from here
     __attribute__((unused)) __m128i res = _mm_max_epi8(a, b);
                                           ^~~~~~~~~~~~~~~~~~
In file included from /home/upmem0037/xialinl/research/libaray/src/backends/build-dir/CMakeFiles/CMakeTmp/src.c:2:
/usr/lib/gcc/x86_64-linux-gnu/8/include/smmintrin.h:282:1: error: inlining failed in call to always_inline ‘_mm_max_epi8’: target specific option mismatch
 _mm_max_epi8 (__m128i __X, __m128i __Y)
 ^~~~~~~~~~~~
/home/upmem0037/xialinl/research/libaray/src/backends/build-dir/CMakeFiles/CMakeTmp/src.c:7:43: note: called from here
     __attribute__((unused)) __m128i res = _mm_max_epi8(a, b);
                                           ^~~~~~~~~~~~~~~~~~
make[1]: *** [CMakeFiles/cmTC_ed494.dir/build.make:66: CMakeFiles/cmTC_ed494.dir/src.c.o] Error 1
make[1]: Leaving directory '/home/upmem0037/xialinl/research/libaray/src/backends/build-dir/CMakeFiles/CMakeTmp'
make: *** [Makefile:121: cmTC_ed494/fast] Error 2

Source file was:

  #include <smmintrin.h>
  int main ()
  {
    __m128i a = _mm_set_epi8(0,0,0,0,0,0,0,0,0,0,0,0,0,0,0,0);
    __m128i b = _mm_set_epi8(0,0,0,0,0,0,0,0,0,0,0,0,0,0,0,0);
    __attribute__((unused)) __m128i res = _mm_max_epi8(a, b);
    return 0;
  }

Performing C SOURCE FILE Test C_HAS_SSE4_2_1 failed with the following compile output:
Change Dir: /home/upmem0037/xialinl/research/libaray/src/backends/build-dir/CMakeFiles/CMakeTmp

Run Build Command:"/usr/bin/make" "cmTC_388f2/fast"
/usr/bin/make -f CMakeFiles/cmTC_388f2.dir/build.make CMakeFiles/cmTC_388f2.dir/build
make[1]: Entering directory '/home/upmem0037/xialinl/research/libaray/src/backends/build-dir/CMakeFiles/CMakeTmp'
Building C object CMakeFiles/cmTC_388f2.dir/src.c.o
/usr/bin/cc   -Wall -Werror -Wextra -std=gnu11  -DC_HAS_SSE4_2_1   -o CMakeFiles/cmTC_388f2.dir/src.c.o   -c /home/upmem0037/xialinl/research/libaray/src/backends/build-dir/CMakeFiles/CMakeTmp/src.c
In file included from /usr/lib/gcc/x86_64-linux-gnu/8/include/nmmintrin.h:31,
                 from /home/upmem0037/xialinl/research/libaray/src/backends/build-dir/CMakeFiles/CMakeTmp/src.c:2:
/home/upmem0037/xialinl/research/libaray/src/backends/build-dir/CMakeFiles/CMakeTmp/src.c: In function ‘main’:
/usr/lib/gcc/x86_64-linux-gnu/8/include/smmintrin.h:796:1: error: inlining failed in call to always_inline ‘_mm_cmpgt_epi64’: target specific option mismatch
 _mm_cmpgt_epi64 (__m128i __X, __m128i __Y)
 ^~~~~~~~~~~~~~~
/home/upmem0037/xialinl/research/libaray/src/backends/build-dir/CMakeFiles/CMakeTmp/src.c:8:9: note: called from here
     c = _mm_cmpgt_epi64(a, b);
         ^~~~~~~~~~~~~~~~~~~~~
In file included from /usr/lib/gcc/x86_64-linux-gnu/8/include/nmmintrin.h:31,
                 from /home/upmem0037/xialinl/research/libaray/src/backends/build-dir/CMakeFiles/CMakeTmp/src.c:2:
/usr/lib/gcc/x86_64-linux-gnu/8/include/smmintrin.h:796:1: error: inlining failed in call to always_inline ‘_mm_cmpgt_epi64’: target specific option mismatch
 _mm_cmpgt_epi64 (__m128i __X, __m128i __Y)
 ^~~~~~~~~~~~~~~
/home/upmem0037/xialinl/research/libaray/src/backends/build-dir/CMakeFiles/CMakeTmp/src.c:8:9: note: called from here
     c = _mm_cmpgt_epi64(a, b);
         ^~~~~~~~~~~~~~~~~~~~~
make[1]: *** [CMakeFiles/cmTC_388f2.dir/build.make:66: CMakeFiles/cmTC_388f2.dir/src.c.o] Error 1
make[1]: Leaving directory '/home/upmem0037/xialinl/research/libaray/src/backends/build-dir/CMakeFiles/CMakeTmp'
make: *** [Makefile:121: cmTC_388f2/fast] Error 2

...and run output:

Return value: 1
Source file was:

  #include <nmmintrin.h>
  int main()
  {
    __m128i a = _mm_set_epi8(0,0,0,0,0,0,0,0,0,0,0,0,0,0,0,0);
    __m128i b = _mm_set_epi8(0,0,0,0,0,0,0,0,0,0,0,0,0,0,0,0);
    __attribute__((unused)) __m128i c = _mm_set_epi8(0,0,0,0,0,0,0,0,0,0,0,0,0,0,0,0);
    c = _mm_cmpgt_epi64(a, b);
    return 0;
  }

Performing C SOURCE FILE Test C_COMPILES_SSE4_2_1 failed with the following output:
Change Dir: /home/upmem0037/xialinl/research/libaray/src/backends/build-dir/CMakeFiles/CMakeTmp

Run Build Command:"/usr/bin/make" "cmTC_00157/fast"
/usr/bin/make -f CMakeFiles/cmTC_00157.dir/build.make CMakeFiles/cmTC_00157.dir/build
make[1]: Entering directory '/home/upmem0037/xialinl/research/libaray/src/backends/build-dir/CMakeFiles/CMakeTmp'
Building C object CMakeFiles/cmTC_00157.dir/src.c.o
/usr/bin/cc   -Wall -Werror -Wextra -std=gnu11  -DC_COMPILES_SSE4_2_1   -o CMakeFiles/cmTC_00157.dir/src.c.o   -c /home/upmem0037/xialinl/research/libaray/src/backends/build-dir/CMakeFiles/CMakeTmp/src.c
In file included from /usr/lib/gcc/x86_64-linux-gnu/8/include/nmmintrin.h:31,
                 from /home/upmem0037/xialinl/research/libaray/src/backends/build-dir/CMakeFiles/CMakeTmp/src.c:2:
/home/upmem0037/xialinl/research/libaray/src/backends/build-dir/CMakeFiles/CMakeTmp/src.c: In function ‘main’:
/usr/lib/gcc/x86_64-linux-gnu/8/include/smmintrin.h:796:1: error: inlining failed in call to always_inline ‘_mm_cmpgt_epi64’: target specific option mismatch
 _mm_cmpgt_epi64 (__m128i __X, __m128i __Y)
 ^~~~~~~~~~~~~~~
/home/upmem0037/xialinl/research/libaray/src/backends/build-dir/CMakeFiles/CMakeTmp/src.c:8:9: note: called from here
     c = _mm_cmpgt_epi64(a, b);
         ^~~~~~~~~~~~~~~~~~~~~
In file included from /usr/lib/gcc/x86_64-linux-gnu/8/include/nmmintrin.h:31,
                 from /home/upmem0037/xialinl/research/libaray/src/backends/build-dir/CMakeFiles/CMakeTmp/src.c:2:
/usr/lib/gcc/x86_64-linux-gnu/8/include/smmintrin.h:796:1: error: inlining failed in call to always_inline ‘_mm_cmpgt_epi64’: target specific option mismatch
 _mm_cmpgt_epi64 (__m128i __X, __m128i __Y)
 ^~~~~~~~~~~~~~~
/home/upmem0037/xialinl/research/libaray/src/backends/build-dir/CMakeFiles/CMakeTmp/src.c:8:9: note: called from here
     c = _mm_cmpgt_epi64(a, b);
         ^~~~~~~~~~~~~~~~~~~~~
make[1]: *** [CMakeFiles/cmTC_00157.dir/build.make:66: CMakeFiles/cmTC_00157.dir/src.c.o] Error 1
make[1]: Leaving directory '/home/upmem0037/xialinl/research/libaray/src/backends/build-dir/CMakeFiles/CMakeTmp'
make: *** [Makefile:121: cmTC_00157/fast] Error 2

Source file was:

  #include <nmmintrin.h>
  int main()
  {
    __m128i a = _mm_set_epi8(0,0,0,0,0,0,0,0,0,0,0,0,0,0,0,0);
    __m128i b = _mm_set_epi8(0,0,0,0,0,0,0,0,0,0,0,0,0,0,0,0);
    __attribute__((unused)) __m128i c = _mm_set_epi8(0,0,0,0,0,0,0,0,0,0,0,0,0,0,0,0);
    c = _mm_cmpgt_epi64(a, b);
    return 0;
  }

Performing C SOURCE FILE Test C_HAS_AVX_1 failed with the following compile output:
Change Dir: /home/upmem0037/xialinl/research/libaray/src/backends/build-dir/CMakeFiles/CMakeTmp

Run Build Command:"/usr/bin/make" "cmTC_7a8ea/fast"
/usr/bin/make -f CMakeFiles/cmTC_7a8ea.dir/build.make CMakeFiles/cmTC_7a8ea.dir/build
make[1]: Entering directory '/home/upmem0037/xialinl/research/libaray/src/backends/build-dir/CMakeFiles/CMakeTmp'
Building C object CMakeFiles/cmTC_7a8ea.dir/src.c.o
/usr/bin/cc   -Wall -Werror -Wextra -std=gnu11  -DC_HAS_AVX_1   -o CMakeFiles/cmTC_7a8ea.dir/src.c.o   -c /home/upmem0037/xialinl/research/libaray/src/backends/build-dir/CMakeFiles/CMakeTmp/src.c
/home/upmem0037/xialinl/research/libaray/src/backends/build-dir/CMakeFiles/CMakeTmp/src.c: In function ‘main’:
/home/upmem0037/xialinl/research/libaray/src/backends/build-dir/CMakeFiles/CMakeTmp/src.c:6:7: error: AVX vector return without AVX enabled changes the ABI [-Werror=psabi]
     a = _mm256_set1_ps(0);
     ~~^~~~~~~~~~~~~~~~~~~
In file included from /usr/lib/gcc/x86_64-linux-gnu/8/include/immintrin.h:41,
                 from /home/upmem0037/xialinl/research/libaray/src/backends/build-dir/CMakeFiles/CMakeTmp/src.c:2:
/usr/lib/gcc/x86_64-linux-gnu/8/include/avxintrin.h:1310:1: error: inlining failed in call to always_inline ‘_mm256_set1_ps’: target specific option mismatch
 _mm256_set1_ps (float __A)
 ^~~~~~~~~~~~~~
/home/upmem0037/xialinl/research/libaray/src/backends/build-dir/CMakeFiles/CMakeTmp/src.c:6:9: note: called from here
     a = _mm256_set1_ps(0);
         ^~~~~~~~~~~~~~~~~
cc1: all warnings being treated as errors
make[1]: *** [CMakeFiles/cmTC_7a8ea.dir/build.make:66: CMakeFiles/cmTC_7a8ea.dir/src.c.o] Error 1
make[1]: Leaving directory '/home/upmem0037/xialinl/research/libaray/src/backends/build-dir/CMakeFiles/CMakeTmp'
make: *** [Makefile:121: cmTC_7a8ea/fast] Error 2

...and run output:

Return value: 1
Source file was:

  #include <immintrin.h>
  int main()
  {
    __attribute__((unused)) __m256 a;
    a = _mm256_set1_ps(0);
    return 0;
  }

Performing C SOURCE FILE Test C_COMPILES_AVX_1 failed with the following output:
Change Dir: /home/upmem0037/xialinl/research/libaray/src/backends/build-dir/CMakeFiles/CMakeTmp

Run Build Command:"/usr/bin/make" "cmTC_a31aa/fast"
/usr/bin/make -f CMakeFiles/cmTC_a31aa.dir/build.make CMakeFiles/cmTC_a31aa.dir/build
make[1]: Entering directory '/home/upmem0037/xialinl/research/libaray/src/backends/build-dir/CMakeFiles/CMakeTmp'
Building C object CMakeFiles/cmTC_a31aa.dir/src.c.o
/usr/bin/cc   -Wall -Werror -Wextra -std=gnu11  -DC_COMPILES_AVX_1   -o CMakeFiles/cmTC_a31aa.dir/src.c.o   -c /home/upmem0037/xialinl/research/libaray/src/backends/build-dir/CMakeFiles/CMakeTmp/src.c
/home/upmem0037/xialinl/research/libaray/src/backends/build-dir/CMakeFiles/CMakeTmp/src.c: In function ‘main’:
/home/upmem0037/xialinl/research/libaray/src/backends/build-dir/CMakeFiles/CMakeTmp/src.c:6:7: error: AVX vector return without AVX enabled changes the ABI [-Werror=psabi]
     a = _mm256_set1_ps(0);
     ~~^~~~~~~~~~~~~~~~~~~
In file included from /usr/lib/gcc/x86_64-linux-gnu/8/include/immintrin.h:41,
                 from /home/upmem0037/xialinl/research/libaray/src/backends/build-dir/CMakeFiles/CMakeTmp/src.c:2:
/usr/lib/gcc/x86_64-linux-gnu/8/include/avxintrin.h:1310:1: error: inlining failed in call to always_inline ‘_mm256_set1_ps’: target specific option mismatch
 _mm256_set1_ps (float __A)
 ^~~~~~~~~~~~~~
/home/upmem0037/xialinl/research/libaray/src/backends/build-dir/CMakeFiles/CMakeTmp/src.c:6:9: note: called from here
     a = _mm256_set1_ps(0);
         ^~~~~~~~~~~~~~~~~
cc1: all warnings being treated as errors
make[1]: *** [CMakeFiles/cmTC_a31aa.dir/build.make:66: CMakeFiles/cmTC_a31aa.dir/src.c.o] Error 1
make[1]: Leaving directory '/home/upmem0037/xialinl/research/libaray/src/backends/build-dir/CMakeFiles/CMakeTmp'
make: *** [Makefile:121: cmTC_a31aa/fast] Error 2

Source file was:

  #include <immintrin.h>
  int main()
  {
    __attribute__((unused)) __m256 a;
    a = _mm256_set1_ps(0);
    return 0;
  }

Performing C SOURCE FILE Test C_HAS_AVX2_1 failed with the following compile output:
Change Dir: /home/upmem0037/xialinl/research/libaray/src/backends/build-dir/CMakeFiles/CMakeTmp

Run Build Command:"/usr/bin/make" "cmTC_e09fc/fast"
/usr/bin/make -f CMakeFiles/cmTC_e09fc.dir/build.make CMakeFiles/cmTC_e09fc.dir/build
make[1]: Entering directory '/home/upmem0037/xialinl/research/libaray/src/backends/build-dir/CMakeFiles/CMakeTmp'
Building C object CMakeFiles/cmTC_e09fc.dir/src.c.o
/usr/bin/cc   -Wall -Werror -Wextra -std=gnu11  -DC_HAS_AVX2_1   -o CMakeFiles/cmTC_e09fc.dir/src.c.o   -c /home/upmem0037/xialinl/research/libaray/src/backends/build-dir/CMakeFiles/CMakeTmp/src.c
/home/upmem0037/xialinl/research/libaray/src/backends/build-dir/CMakeFiles/CMakeTmp/src.c: In function ‘main’:
/home/upmem0037/xialinl/research/libaray/src/backends/build-dir/CMakeFiles/CMakeTmp/src.c:6:7: error: AVX vector return without AVX enabled changes the ABI [-Werror=psabi]
     a = _mm256_abs_epi16(a);
     ~~^~~~~~~~~~~~~~~~~~~~~
In file included from /usr/lib/gcc/x86_64-linux-gnu/8/include/immintrin.h:43,
                 from /home/upmem0037/xialinl/research/libaray/src/backends/build-dir/CMakeFiles/CMakeTmp/src.c:2:
/usr/lib/gcc/x86_64-linux-gnu/8/include/avx2intrin.h:63:1: error: inlining failed in call to always_inline ‘_mm256_abs_epi16’: target specific option mismatch
 _mm256_abs_epi16 (__m256i __A)
 ^~~~~~~~~~~~~~~~
/home/upmem0037/xialinl/research/libaray/src/backends/build-dir/CMakeFiles/CMakeTmp/src.c:6:9: note: called from here
     a = _mm256_abs_epi16(a);
         ^~~~~~~~~~~~~~~~~~~
cc1: all warnings being treated as errors
make[1]: *** [CMakeFiles/cmTC_e09fc.dir/build.make:66: CMakeFiles/cmTC_e09fc.dir/src.c.o] Error 1
make[1]: Leaving directory '/home/upmem0037/xialinl/research/libaray/src/backends/build-dir/CMakeFiles/CMakeTmp'
make: *** [Makefile:121: cmTC_e09fc/fast] Error 2

...and run output:

Return value: 1
Source file was:

  #include <immintrin.h>
  int main()
  {
    __m256i a = {0};
    a = _mm256_abs_epi16(a);
    return 0;
  }

Performing C SOURCE FILE Test C_COMPILES_AVX2_1 failed with the following output:
Change Dir: /home/upmem0037/xialinl/research/libaray/src/backends/build-dir/CMakeFiles/CMakeTmp

Run Build Command:"/usr/bin/make" "cmTC_e7bac/fast"
/usr/bin/make -f CMakeFiles/cmTC_e7bac.dir/build.make CMakeFiles/cmTC_e7bac.dir/build
make[1]: Entering directory '/home/upmem0037/xialinl/research/libaray/src/backends/build-dir/CMakeFiles/CMakeTmp'
Building C object CMakeFiles/cmTC_e7bac.dir/src.c.o
/usr/bin/cc   -Wall -Werror -Wextra -std=gnu11  -DC_COMPILES_AVX2_1   -o CMakeFiles/cmTC_e7bac.dir/src.c.o   -c /home/upmem0037/xialinl/research/libaray/src/backends/build-dir/CMakeFiles/CMakeTmp/src.c
/home/upmem0037/xialinl/research/libaray/src/backends/build-dir/CMakeFiles/CMakeTmp/src.c: In function ‘main’:
/home/upmem0037/xialinl/research/libaray/src/backends/build-dir/CMakeFiles/CMakeTmp/src.c:6:7: error: AVX vector return without AVX enabled changes the ABI [-Werror=psabi]
     a = _mm256_abs_epi16(a);
     ~~^~~~~~~~~~~~~~~~~~~~~
In file included from /usr/lib/gcc/x86_64-linux-gnu/8/include/immintrin.h:43,
                 from /home/upmem0037/xialinl/research/libaray/src/backends/build-dir/CMakeFiles/CMakeTmp/src.c:2:
/usr/lib/gcc/x86_64-linux-gnu/8/include/avx2intrin.h:63:1: error: inlining failed in call to always_inline ‘_mm256_abs_epi16’: target specific option mismatch
 _mm256_abs_epi16 (__m256i __A)
 ^~~~~~~~~~~~~~~~
/home/upmem0037/xialinl/research/libaray/src/backends/build-dir/CMakeFiles/CMakeTmp/src.c:6:9: note: called from here
     a = _mm256_abs_epi16(a);
         ^~~~~~~~~~~~~~~~~~~
cc1: all warnings being treated as errors
make[1]: *** [CMakeFiles/cmTC_e7bac.dir/build.make:66: CMakeFiles/cmTC_e7bac.dir/src.c.o] Error 1
make[1]: Leaving directory '/home/upmem0037/xialinl/research/libaray/src/backends/build-dir/CMakeFiles/CMakeTmp'
make: *** [Makefile:121: cmTC_e7bac/fast] Error 2

Source file was:

  #include <immintrin.h>
  int main()
  {
    __m256i a = {0};
    a = _mm256_abs_epi16(a);
    return 0;
  }

Performing C SOURCE FILE Test C_HAS_AVX512F_1 failed with the following compile output:
Change Dir: /home/upmem0037/xialinl/research/libaray/src/backends/build-dir/CMakeFiles/CMakeTmp

Run Build Command:"/usr/bin/make" "cmTC_75e44/fast"
/usr/bin/make -f CMakeFiles/cmTC_75e44.dir/build.make CMakeFiles/cmTC_75e44.dir/build
make[1]: Entering directory '/home/upmem0037/xialinl/research/libaray/src/backends/build-dir/CMakeFiles/CMakeTmp'
Building C object CMakeFiles/cmTC_75e44.dir/src.c.o
/usr/bin/cc   -Wall -Werror -Wextra -std=gnu11  -DC_HAS_AVX512F_1   -o CMakeFiles/cmTC_75e44.dir/src.c.o   -c /home/upmem0037/xialinl/research/libaray/src/backends/build-dir/CMakeFiles/CMakeTmp/src.c
/home/upmem0037/xialinl/research/libaray/src/backends/build-dir/CMakeFiles/CMakeTmp/src.c: In function ‘main’:
/home/upmem0037/xialinl/research/libaray/src/backends/build-dir/CMakeFiles/CMakeTmp/src.c:5:12: error: AVX512F vector return without AVX512F enabled changes the ABI [-Werror=psabi]
     __m512 a = _mm512_set1_ps(1.f);
            ^
In file included from /usr/lib/gcc/x86_64-linux-gnu/8/include/immintrin.h:45,
                 from /home/upmem0037/xialinl/research/libaray/src/backends/build-dir/CMakeFiles/CMakeTmp/src.c:2:
/usr/lib/gcc/x86_64-linux-gnu/8/include/avx512fintrin.h:11534:1: error: inlining failed in call to always_inline ‘_mm512_add_ps’: target specific option mismatch
 _mm512_add_ps (__m512 __A, __m512 __B)
 ^~~~~~~~~~~~~
/home/upmem0037/xialinl/research/libaray/src/backends/build-dir/CMakeFiles/CMakeTmp/src.c:6:9: note: called from here
     a = _mm512_add_ps(a, _mm512_set1_ps(1.f));;
         ^~~~~~~~~~~~~~~~~~~~~~~~~~~~~~~~~~~~~
In file included from /usr/lib/gcc/x86_64-linux-gnu/8/include/immintrin.h:45,
                 from /home/upmem0037/xialinl/research/libaray/src/backends/build-dir/CMakeFiles/CMakeTmp/src.c:2:
/usr/lib/gcc/x86_64-linux-gnu/8/include/avx512fintrin.h:201:1: error: inlining failed in call to always_inline ‘_mm512_set1_ps’: target specific option mismatch
 _mm512_set1_ps (float __A)
 ^~~~~~~~~~~~~~
/home/upmem0037/xialinl/research/libaray/src/backends/build-dir/CMakeFiles/CMakeTmp/src.c:6:9: note: called from here
     a = _mm512_add_ps(a, _mm512_set1_ps(1.f));;
         ^~~~~~~~~~~~~~~~~~~~~~~~~~~~~~~~~~~~~
In file included from /usr/lib/gcc/x86_64-linux-gnu/8/include/immintrin.h:45,
                 from /home/upmem0037/xialinl/research/libaray/src/backends/build-dir/CMakeFiles/CMakeTmp/src.c:2:
/usr/lib/gcc/x86_64-linux-gnu/8/include/avx512fintrin.h:201:1: error: inlining failed in call to always_inline ‘_mm512_set1_ps’: target specific option mismatch
 _mm512_set1_ps (float __A)
 ^~~~~~~~~~~~~~
/home/upmem0037/xialinl/research/libaray/src/backends/build-dir/CMakeFiles/CMakeTmp/src.c:5:16: note: called from here
     __m512 a = _mm512_set1_ps(1.f);
                ^~~~~~~~~~~~~~~~~~~
cc1: all warnings being treated as errors
make[1]: *** [CMakeFiles/cmTC_75e44.dir/build.make:66: CMakeFiles/cmTC_75e44.dir/src.c.o] Error 1
make[1]: Leaving directory '/home/upmem0037/xialinl/research/libaray/src/backends/build-dir/CMakeFiles/CMakeTmp'
make: *** [Makefile:121: cmTC_75e44/fast] Error 2

...and run output:

Return value: 1
Source file was:

  #include <immintrin.h>
  int main()
  {
    __m512 a = _mm512_set1_ps(1.f);
    a = _mm512_add_ps(a, _mm512_set1_ps(1.f));;
    return 0;
  }

Performing C SOURCE FILE Test C_COMPILES_AVX512F_1 failed with the following output:
Change Dir: /home/upmem0037/xialinl/research/libaray/src/backends/build-dir/CMakeFiles/CMakeTmp

Run Build Command:"/usr/bin/make" "cmTC_ac676/fast"
/usr/bin/make -f CMakeFiles/cmTC_ac676.dir/build.make CMakeFiles/cmTC_ac676.dir/build
make[1]: Entering directory '/home/upmem0037/xialinl/research/libaray/src/backends/build-dir/CMakeFiles/CMakeTmp'
Building C object CMakeFiles/cmTC_ac676.dir/src.c.o
/usr/bin/cc   -Wall -Werror -Wextra -std=gnu11  -DC_COMPILES_AVX512F_1   -o CMakeFiles/cmTC_ac676.dir/src.c.o   -c /home/upmem0037/xialinl/research/libaray/src/backends/build-dir/CMakeFiles/CMakeTmp/src.c
/home/upmem0037/xialinl/research/libaray/src/backends/build-dir/CMakeFiles/CMakeTmp/src.c: In function ‘main’:
/home/upmem0037/xialinl/research/libaray/src/backends/build-dir/CMakeFiles/CMakeTmp/src.c:5:12: error: AVX512F vector return without AVX512F enabled changes the ABI [-Werror=psabi]
     __m512 a = _mm512_set1_ps(1.f);
            ^
In file included from /usr/lib/gcc/x86_64-linux-gnu/8/include/immintrin.h:45,
                 from /home/upmem0037/xialinl/research/libaray/src/backends/build-dir/CMakeFiles/CMakeTmp/src.c:2:
/usr/lib/gcc/x86_64-linux-gnu/8/include/avx512fintrin.h:11534:1: error: inlining failed in call to always_inline ‘_mm512_add_ps’: target specific option mismatch
 _mm512_add_ps (__m512 __A, __m512 __B)
 ^~~~~~~~~~~~~
/home/upmem0037/xialinl/research/libaray/src/backends/build-dir/CMakeFiles/CMakeTmp/src.c:6:9: note: called from here
     a = _mm512_add_ps(a, _mm512_set1_ps(1.f));;
         ^~~~~~~~~~~~~~~~~~~~~~~~~~~~~~~~~~~~~
In file included from /usr/lib/gcc/x86_64-linux-gnu/8/include/immintrin.h:45,
                 from /home/upmem0037/xialinl/research/libaray/src/backends/build-dir/CMakeFiles/CMakeTmp/src.c:2:
/usr/lib/gcc/x86_64-linux-gnu/8/include/avx512fintrin.h:201:1: error: inlining failed in call to always_inline ‘_mm512_set1_ps’: target specific option mismatch
 _mm512_set1_ps (float __A)
 ^~~~~~~~~~~~~~
/home/upmem0037/xialinl/research/libaray/src/backends/build-dir/CMakeFiles/CMakeTmp/src.c:6:9: note: called from here
     a = _mm512_add_ps(a, _mm512_set1_ps(1.f));;
         ^~~~~~~~~~~~~~~~~~~~~~~~~~~~~~~~~~~~~
In file included from /usr/lib/gcc/x86_64-linux-gnu/8/include/immintrin.h:45,
                 from /home/upmem0037/xialinl/research/libaray/src/backends/build-dir/CMakeFiles/CMakeTmp/src.c:2:
/usr/lib/gcc/x86_64-linux-gnu/8/include/avx512fintrin.h:201:1: error: inlining failed in call to always_inline ‘_mm512_set1_ps’: target specific option mismatch
 _mm512_set1_ps (float __A)
 ^~~~~~~~~~~~~~
/home/upmem0037/xialinl/research/libaray/src/backends/build-dir/CMakeFiles/CMakeTmp/src.c:5:16: note: called from here
     __m512 a = _mm512_set1_ps(1.f);
                ^~~~~~~~~~~~~~~~~~~
cc1: all warnings being treated as errors
make[1]: *** [CMakeFiles/cmTC_ac676.dir/build.make:66: CMakeFiles/cmTC_ac676.dir/src.c.o] Error 1
make[1]: Leaving directory '/home/upmem0037/xialinl/research/libaray/src/backends/build-dir/CMakeFiles/CMakeTmp'
make: *** [Makefile:121: cmTC_ac676/fast] Error 2

Source file was:

  #include <immintrin.h>
  int main()
  {
    __m512 a = _mm512_set1_ps(1.f);
    a = _mm512_add_ps(a, _mm512_set1_ps(1.f));;
    return 0;
  }

Performing C SOURCE FILE Test C_HAS_AVX512BW_1 failed with the following compile output:
Change Dir: /home/upmem0037/xialinl/research/libaray/src/backends/build-dir/CMakeFiles/CMakeTmp

Run Build Command:"/usr/bin/make" "cmTC_9b375/fast"
/usr/bin/make -f CMakeFiles/cmTC_9b375.dir/build.make CMakeFiles/cmTC_9b375.dir/build
make[1]: Entering directory '/home/upmem0037/xialinl/research/libaray/src/backends/build-dir/CMakeFiles/CMakeTmp'
Building C object CMakeFiles/cmTC_9b375.dir/src.c.o
/usr/bin/cc   -Wall -Werror -Wextra -std=gnu11  -DC_HAS_AVX512BW_1   -o CMakeFiles/cmTC_9b375.dir/src.c.o   -c /home/upmem0037/xialinl/research/libaray/src/backends/build-dir/CMakeFiles/CMakeTmp/src.c
/home/upmem0037/xialinl/research/libaray/src/backends/build-dir/CMakeFiles/CMakeTmp/src.c: In function ‘main’:
/home/upmem0037/xialinl/research/libaray/src/backends/build-dir/CMakeFiles/CMakeTmp/src.c:5:13: error: AVX512F vector return without AVX512F enabled changes the ABI [-Werror=psabi]
     __m512i mask = _mm512_set_epi64(0, 0, 0, 0, 0, 0, 0, 0);
             ^~~~
In file included from /usr/lib/gcc/x86_64-linux-gnu/8/include/immintrin.h:55,
                 from /home/upmem0037/xialinl/research/libaray/src/backends/build-dir/CMakeFiles/CMakeTmp/src.c:2:
/usr/lib/gcc/x86_64-linux-gnu/8/include/avx512bwintrin.h:1852:1: error: inlining failed in call to always_inline ‘_mm512_shuffle_epi8’: target specific option mismatch
 _mm512_shuffle_epi8 (__m512i __A, __m512i __B)
 ^~~~~~~~~~~~~~~~~~~
/home/upmem0037/xialinl/research/libaray/src/backends/build-dir/CMakeFiles/CMakeTmp/src.c:7:12: note: called from here
     load = _mm512_shuffle_epi8(load, mask);
            ^~~~~~~~~~~~~~~~~~~~~~~~~~~~~~~
In file included from /usr/lib/gcc/x86_64-linux-gnu/8/include/immintrin.h:45,
                 from /home/upmem0037/xialinl/research/libaray/src/backends/build-dir/CMakeFiles/CMakeTmp/src.c:2:
/usr/lib/gcc/x86_64-linux-gnu/8/include/avx512fintrin.h:79:1: error: inlining failed in call to always_inline ‘_mm512_set_epi64’: target specific option mismatch
 _mm512_set_epi64 (long long __A, long long __B, long long __C,
 ^~~~~~~~~~~~~~~~
/home/upmem0037/xialinl/research/libaray/src/backends/build-dir/CMakeFiles/CMakeTmp/src.c:5:20: note: called from here
     __m512i mask = _mm512_set_epi64(0, 0, 0, 0, 0, 0, 0, 0);
                    ^~~~~~~~~~~~~~~~~~~~~~~~~~~~~~~~~~~~~~~~
cc1: all warnings being treated as errors
make[1]: *** [CMakeFiles/cmTC_9b375.dir/build.make:66: CMakeFiles/cmTC_9b375.dir/src.c.o] Error 1
make[1]: Leaving directory '/home/upmem0037/xialinl/research/libaray/src/backends/build-dir/CMakeFiles/CMakeTmp'
make: *** [Makefile:121: cmTC_9b375/fast] Error 2

...and run output:

Return value: 1
Source file was:

  #include <immintrin.h>
  int main()
  {
    __m512i mask = _mm512_set_epi64(0, 0, 0, 0, 0, 0, 0, 0);
    __attribute__((unused)) __m512i load = {0};
    load = _mm512_shuffle_epi8(load, mask);
    return 0;
  }

Performing C SOURCE FILE Test C_COMPILES_AVX512BW_1 failed with the following output:
Change Dir: /home/upmem0037/xialinl/research/libaray/src/backends/build-dir/CMakeFiles/CMakeTmp

Run Build Command:"/usr/bin/make" "cmTC_e74c2/fast"
/usr/bin/make -f CMakeFiles/cmTC_e74c2.dir/build.make CMakeFiles/cmTC_e74c2.dir/build
make[1]: Entering directory '/home/upmem0037/xialinl/research/libaray/src/backends/build-dir/CMakeFiles/CMakeTmp'
Building C object CMakeFiles/cmTC_e74c2.dir/src.c.o
/usr/bin/cc   -Wall -Werror -Wextra -std=gnu11  -DC_COMPILES_AVX512BW_1   -o CMakeFiles/cmTC_e74c2.dir/src.c.o   -c /home/upmem0037/xialinl/research/libaray/src/backends/build-dir/CMakeFiles/CMakeTmp/src.c
/home/upmem0037/xialinl/research/libaray/src/backends/build-dir/CMakeFiles/CMakeTmp/src.c: In function ‘main’:
/home/upmem0037/xialinl/research/libaray/src/backends/build-dir/CMakeFiles/CMakeTmp/src.c:5:13: error: AVX512F vector return without AVX512F enabled changes the ABI [-Werror=psabi]
     __m512i mask = _mm512_set_epi64(0, 0, 0, 0, 0, 0, 0, 0);
             ^~~~
In file included from /usr/lib/gcc/x86_64-linux-gnu/8/include/immintrin.h:55,
                 from /home/upmem0037/xialinl/research/libaray/src/backends/build-dir/CMakeFiles/CMakeTmp/src.c:2:
/usr/lib/gcc/x86_64-linux-gnu/8/include/avx512bwintrin.h:1852:1: error: inlining failed in call to always_inline ‘_mm512_shuffle_epi8’: target specific option mismatch
 _mm512_shuffle_epi8 (__m512i __A, __m512i __B)
 ^~~~~~~~~~~~~~~~~~~
/home/upmem0037/xialinl/research/libaray/src/backends/build-dir/CMakeFiles/CMakeTmp/src.c:7:12: note: called from here
     load = _mm512_shuffle_epi8(load, mask);
            ^~~~~~~~~~~~~~~~~~~~~~~~~~~~~~~
In file included from /usr/lib/gcc/x86_64-linux-gnu/8/include/immintrin.h:45,
                 from /home/upmem0037/xialinl/research/libaray/src/backends/build-dir/CMakeFiles/CMakeTmp/src.c:2:
/usr/lib/gcc/x86_64-linux-gnu/8/include/avx512fintrin.h:79:1: error: inlining failed in call to always_inline ‘_mm512_set_epi64’: target specific option mismatch
 _mm512_set_epi64 (long long __A, long long __B, long long __C,
 ^~~~~~~~~~~~~~~~
/home/upmem0037/xialinl/research/libaray/src/backends/build-dir/CMakeFiles/CMakeTmp/src.c:5:20: note: called from here
     __m512i mask = _mm512_set_epi64(0, 0, 0, 0, 0, 0, 0, 0);
                    ^~~~~~~~~~~~~~~~~~~~~~~~~~~~~~~~~~~~~~~~
cc1: all warnings being treated as errors
make[1]: *** [CMakeFiles/cmTC_e74c2.dir/build.make:66: CMakeFiles/cmTC_e74c2.dir/src.c.o] Error 1
make[1]: Leaving directory '/home/upmem0037/xialinl/research/libaray/src/backends/build-dir/CMakeFiles/CMakeTmp'
make: *** [Makefile:121: cmTC_e74c2/fast] Error 2

Source file was:

  #include <immintrin.h>
  int main()
  {
    __m512i mask = _mm512_set_epi64(0, 0, 0, 0, 0, 0, 0, 0);
    __attribute__((unused)) __m512i load = {0};
    load = _mm512_shuffle_epi8(load, mask);
    return 0;
  }

Performing C SOURCE FILE Test C_HAS_CLFLUSHOPT_1 failed with the following compile output:
Change Dir: /home/upmem0037/xialinl/research/libaray/src/backends/build-dir/CMakeFiles/CMakeTmp

Run Build Command:"/usr/bin/make" "cmTC_53130/fast"
/usr/bin/make -f CMakeFiles/cmTC_53130.dir/build.make CMakeFiles/cmTC_53130.dir/build
make[1]: Entering directory '/home/upmem0037/xialinl/research/libaray/src/backends/build-dir/CMakeFiles/CMakeTmp'
Building C object CMakeFiles/cmTC_53130.dir/src.c.o
/usr/bin/cc   -Wall -Werror -Wextra -std=gnu11  -DC_HAS_CLFLUSHOPT_1   -o CMakeFiles/cmTC_53130.dir/src.c.o   -c /home/upmem0037/xialinl/research/libaray/src/backends/build-dir/CMakeFiles/CMakeTmp/src.c
/home/upmem0037/xialinl/research/libaray/src/backends/build-dir/CMakeFiles/CMakeTmp/src.c: In function ‘main’:
/home/upmem0037/xialinl/research/libaray/src/backends/build-dir/CMakeFiles/CMakeTmp/src.c:6:5: error: implicit declaration of function ‘__builtin_ia32_clflushopt’; did you mean ‘__builtin_ia32_clflush’? [-Werror=implicit-function-declaration]
     __builtin_ia32_clflushopt(&flush);
     ^~~~~~~~~~~~~~~~~~~~~~~~~
     __builtin_ia32_clflush
cc1: all warnings being treated as errors
make[1]: *** [CMakeFiles/cmTC_53130.dir/build.make:66: CMakeFiles/cmTC_53130.dir/src.c.o] Error 1
make[1]: Leaving directory '/home/upmem0037/xialinl/research/libaray/src/backends/build-dir/CMakeFiles/CMakeTmp'
make: *** [Makefile:121: cmTC_53130/fast] Error 2

...and run output:

Return value: 1
Source file was:

  #include <immintrin.h>
  int main()
  {
    int flush = 1;
    __builtin_ia32_clflushopt(&flush);
    return 0;
  }

Performing C SOURCE FILE Test C_COMPILES_CLFLUSHOPT_1 failed with the following output:
Change Dir: /home/upmem0037/xialinl/research/libaray/src/backends/build-dir/CMakeFiles/CMakeTmp

Run Build Command:"/usr/bin/make" "cmTC_8994f/fast"
/usr/bin/make -f CMakeFiles/cmTC_8994f.dir/build.make CMakeFiles/cmTC_8994f.dir/build
make[1]: Entering directory '/home/upmem0037/xialinl/research/libaray/src/backends/build-dir/CMakeFiles/CMakeTmp'
Building C object CMakeFiles/cmTC_8994f.dir/src.c.o
/usr/bin/cc   -Wall -Werror -Wextra -std=gnu11  -DC_COMPILES_CLFLUSHOPT_1   -o CMakeFiles/cmTC_8994f.dir/src.c.o   -c /home/upmem0037/xialinl/research/libaray/src/backends/build-dir/CMakeFiles/CMakeTmp/src.c
/home/upmem0037/xialinl/research/libaray/src/backends/build-dir/CMakeFiles/CMakeTmp/src.c: In function ‘main’:
/home/upmem0037/xialinl/research/libaray/src/backends/build-dir/CMakeFiles/CMakeTmp/src.c:6:5: error: implicit declaration of function ‘__builtin_ia32_clflushopt’; did you mean ‘__builtin_ia32_clflush’? [-Werror=implicit-function-declaration]
     __builtin_ia32_clflushopt(&flush);
     ^~~~~~~~~~~~~~~~~~~~~~~~~
     __builtin_ia32_clflush
cc1: all warnings being treated as errors
make[1]: *** [CMakeFiles/cmTC_8994f.dir/build.make:66: CMakeFiles/cmTC_8994f.dir/src.c.o] Error 1
make[1]: Leaving directory '/home/upmem0037/xialinl/research/libaray/src/backends/build-dir/CMakeFiles/CMakeTmp'
make: *** [Makefile:121: cmTC_8994f/fast] Error 2

Source file was:

  #include <immintrin.h>
  int main()
  {
    int flush = 1;
    __builtin_ia32_clflushopt(&flush);
    return 0;
  }

Performing C SOURCE FILE Test CXX_HAS_SSE3_1 failed with the following compile output:
Change Dir: /home/upmem0037/xialinl/research/libaray/src/backends/build-dir/CMakeFiles/CMakeTmp

Run Build Command:"/usr/bin/make" "cmTC_370dc/fast"
/usr/bin/make -f CMakeFiles/cmTC_370dc.dir/build.make CMakeFiles/cmTC_370dc.dir/build
make[1]: Entering directory '/home/upmem0037/xialinl/research/libaray/src/backends/build-dir/CMakeFiles/CMakeTmp'
Building C object CMakeFiles/cmTC_370dc.dir/src.c.o
/usr/bin/cc   -Wall -Werror -Wextra -std=gnu11  -DCXX_HAS_SSE3_1   -o CMakeFiles/cmTC_370dc.dir/src.c.o   -c /home/upmem0037/xialinl/research/libaray/src/backends/build-dir/CMakeFiles/CMakeTmp/src.c
In file included from /home/upmem0037/xialinl/research/libaray/src/backends/build-dir/CMakeFiles/CMakeTmp/src.c:2:
/home/upmem0037/xialinl/research/libaray/src/backends/build-dir/CMakeFiles/CMakeTmp/src.c: In function ‘main’:
/usr/lib/gcc/x86_64-linux-gnu/8/include/pmmintrin.h:110:1: error: inlining failed in call to always_inline ‘_mm_lddqu_si128’: target specific option mismatch
 _mm_lddqu_si128 (__m128i const *__P)
 ^~~~~~~~~~~~~~~
/home/upmem0037/xialinl/research/libaray/src/backends/build-dir/CMakeFiles/CMakeTmp/src.c:7:9: note: called from here
     a = _mm_lddqu_si128( (const __m128i*)vals );
         ^~~~~~~~~~~~~~~~~~~~~~~~~~~~~~~~~~~~~~~
make[1]: *** [CMakeFiles/cmTC_370dc.dir/build.make:66: CMakeFiles/cmTC_370dc.dir/src.c.o] Error 1
make[1]: Leaving directory '/home/upmem0037/xialinl/research/libaray/src/backends/build-dir/CMakeFiles/CMakeTmp'
make: *** [Makefile:121: cmTC_370dc/fast] Error 2

...and run output:

Return value: 1
Source file was:

  #include <pmmintrin.h>
  int main( )
  {
    const int vals[4] = {0,0,0,0};
    __attribute__((unused)) __m128i a;
    a = _mm_lddqu_si128( (const __m128i*)vals );
    return 0;
  }
Performing C SOURCE FILE Test CXX_COMPILES_SSE3_1 failed with the following output:
Change Dir: /home/upmem0037/xialinl/research/libaray/src/backends/build-dir/CMakeFiles/CMakeTmp

Run Build Command:"/usr/bin/make" "cmTC_c5e6f/fast"
/usr/bin/make -f CMakeFiles/cmTC_c5e6f.dir/build.make CMakeFiles/cmTC_c5e6f.dir/build
make[1]: Entering directory '/home/upmem0037/xialinl/research/libaray/src/backends/build-dir/CMakeFiles/CMakeTmp'
Building C object CMakeFiles/cmTC_c5e6f.dir/src.c.o
/usr/bin/cc   -Wall -Werror -Wextra -std=gnu11  -DCXX_COMPILES_SSE3_1   -o CMakeFiles/cmTC_c5e6f.dir/src.c.o   -c /home/upmem0037/xialinl/research/libaray/src/backends/build-dir/CMakeFiles/CMakeTmp/src.c
In file included from /home/upmem0037/xialinl/research/libaray/src/backends/build-dir/CMakeFiles/CMakeTmp/src.c:2:
/home/upmem0037/xialinl/research/libaray/src/backends/build-dir/CMakeFiles/CMakeTmp/src.c: In function ‘main’:
/usr/lib/gcc/x86_64-linux-gnu/8/include/pmmintrin.h:110:1: error: inlining failed in call to always_inline ‘_mm_lddqu_si128’: target specific option mismatch
 _mm_lddqu_si128 (__m128i const *__P)
 ^~~~~~~~~~~~~~~
/home/upmem0037/xialinl/research/libaray/src/backends/build-dir/CMakeFiles/CMakeTmp/src.c:7:9: note: called from here
     a = _mm_lddqu_si128( (const __m128i*)vals );
         ^~~~~~~~~~~~~~~~~~~~~~~~~~~~~~~~~~~~~~~
make[1]: *** [CMakeFiles/cmTC_c5e6f.dir/build.make:66: CMakeFiles/cmTC_c5e6f.dir/src.c.o] Error 1
make[1]: Leaving directory '/home/upmem0037/xialinl/research/libaray/src/backends/build-dir/CMakeFiles/CMakeTmp'
make: *** [Makefile:121: cmTC_c5e6f/fast] Error 2

Source file was:

  #include <pmmintrin.h>
  int main( )
  {
    const int vals[4] = {0,0,0,0};
    __attribute__((unused)) __m128i a;
    a = _mm_lddqu_si128( (const __m128i*)vals );
    return 0;
  }
Performing C SOURCE FILE Test CXX_HAS_SSE4_1_1 failed with the following compile output:
Change Dir: /home/upmem0037/xialinl/research/libaray/src/backends/build-dir/CMakeFiles/CMakeTmp

Run Build Command:"/usr/bin/make" "cmTC_d3742/fast"
/usr/bin/make -f CMakeFiles/cmTC_d3742.dir/build.make CMakeFiles/cmTC_d3742.dir/build
make[1]: Entering directory '/home/upmem0037/xialinl/research/libaray/src/backends/build-dir/CMakeFiles/CMakeTmp'
Building C object CMakeFiles/cmTC_d3742.dir/src.c.o
/usr/bin/cc   -Wall -Werror -Wextra -std=gnu11  -DCXX_HAS_SSE4_1_1   -o CMakeFiles/cmTC_d3742.dir/src.c.o   -c /home/upmem0037/xialinl/research/libaray/src/backends/build-dir/CMakeFiles/CMakeTmp/src.c
In file included from /home/upmem0037/xialinl/research/libaray/src/backends/build-dir/CMakeFiles/CMakeTmp/src.c:2:
/home/upmem0037/xialinl/research/libaray/src/backends/build-dir/CMakeFiles/CMakeTmp/src.c: In function ‘main’:
/usr/lib/gcc/x86_64-linux-gnu/8/include/smmintrin.h:282:1: error: inlining failed in call to always_inline ‘_mm_max_epi8’: target specific option mismatch
 _mm_max_epi8 (__m128i __X, __m128i __Y)
 ^~~~~~~~~~~~
/home/upmem0037/xialinl/research/libaray/src/backends/build-dir/CMakeFiles/CMakeTmp/src.c:7:43: note: called from here
     __attribute__((unused)) __m128i res = _mm_max_epi8(a, b);
                                           ^~~~~~~~~~~~~~~~~~
In file included from /home/upmem0037/xialinl/research/libaray/src/backends/build-dir/CMakeFiles/CMakeTmp/src.c:2:
/usr/lib/gcc/x86_64-linux-gnu/8/include/smmintrin.h:282:1: error: inlining failed in call to always_inline ‘_mm_max_epi8’: target specific option mismatch
 _mm_max_epi8 (__m128i __X, __m128i __Y)
 ^~~~~~~~~~~~
/home/upmem0037/xialinl/research/libaray/src/backends/build-dir/CMakeFiles/CMakeTmp/src.c:7:43: note: called from here
     __attribute__((unused)) __m128i res = _mm_max_epi8(a, b);
                                           ^~~~~~~~~~~~~~~~~~
make[1]: *** [CMakeFiles/cmTC_d3742.dir/build.make:66: CMakeFiles/cmTC_d3742.dir/src.c.o] Error 1
make[1]: Leaving directory '/home/upmem0037/xialinl/research/libaray/src/backends/build-dir/CMakeFiles/CMakeTmp'
make: *** [Makefile:121: cmTC_d3742/fast] Error 2

...and run output:

Return value: 1
Source file was:

  #include <smmintrin.h>
  int main ()
  {
    __m128i a = _mm_set_epi8(0,0,0,0,0,0,0,0,0,0,0,0,0,0,0,0);
    __m128i b = _mm_set_epi8(0,0,0,0,0,0,0,0,0,0,0,0,0,0,0,0);
    __attribute__((unused)) __m128i res = _mm_max_epi8(a, b);
    return 0;
  }

Performing C SOURCE FILE Test CXX_COMPILES_SSE4_1_1 failed with the following output:
Change Dir: /home/upmem0037/xialinl/research/libaray/src/backends/build-dir/CMakeFiles/CMakeTmp

Run Build Command:"/usr/bin/make" "cmTC_87086/fast"
/usr/bin/make -f CMakeFiles/cmTC_87086.dir/build.make CMakeFiles/cmTC_87086.dir/build
make[1]: Entering directory '/home/upmem0037/xialinl/research/libaray/src/backends/build-dir/CMakeFiles/CMakeTmp'
Building C object CMakeFiles/cmTC_87086.dir/src.c.o
/usr/bin/cc   -Wall -Werror -Wextra -std=gnu11  -DCXX_COMPILES_SSE4_1_1   -o CMakeFiles/cmTC_87086.dir/src.c.o   -c /home/upmem0037/xialinl/research/libaray/src/backends/build-dir/CMakeFiles/CMakeTmp/src.c
In file included from /home/upmem0037/xialinl/research/libaray/src/backends/build-dir/CMakeFiles/CMakeTmp/src.c:2:
/home/upmem0037/xialinl/research/libaray/src/backends/build-dir/CMakeFiles/CMakeTmp/src.c: In function ‘main’:
/usr/lib/gcc/x86_64-linux-gnu/8/include/smmintrin.h:282:1: error: inlining failed in call to always_inline ‘_mm_max_epi8’: target specific option mismatch
 _mm_max_epi8 (__m128i __X, __m128i __Y)
 ^~~~~~~~~~~~
/home/upmem0037/xialinl/research/libaray/src/backends/build-dir/CMakeFiles/CMakeTmp/src.c:7:43: note: called from here
     __attribute__((unused)) __m128i res = _mm_max_epi8(a, b);
                                           ^~~~~~~~~~~~~~~~~~
In file included from /home/upmem0037/xialinl/research/libaray/src/backends/build-dir/CMakeFiles/CMakeTmp/src.c:2:
/usr/lib/gcc/x86_64-linux-gnu/8/include/smmintrin.h:282:1: error: inlining failed in call to always_inline ‘_mm_max_epi8’: target specific option mismatch
 _mm_max_epi8 (__m128i __X, __m128i __Y)
 ^~~~~~~~~~~~
/home/upmem0037/xialinl/research/libaray/src/backends/build-dir/CMakeFiles/CMakeTmp/src.c:7:43: note: called from here
     __attribute__((unused)) __m128i res = _mm_max_epi8(a, b);
                                           ^~~~~~~~~~~~~~~~~~
make[1]: *** [CMakeFiles/cmTC_87086.dir/build.make:66: CMakeFiles/cmTC_87086.dir/src.c.o] Error 1
make[1]: Leaving directory '/home/upmem0037/xialinl/research/libaray/src/backends/build-dir/CMakeFiles/CMakeTmp'
make: *** [Makefile:121: cmTC_87086/fast] Error 2

Source file was:

  #include <smmintrin.h>
  int main ()
  {
    __m128i a = _mm_set_epi8(0,0,0,0,0,0,0,0,0,0,0,0,0,0,0,0);
    __m128i b = _mm_set_epi8(0,0,0,0,0,0,0,0,0,0,0,0,0,0,0,0);
    __attribute__((unused)) __m128i res = _mm_max_epi8(a, b);
    return 0;
  }

Performing C SOURCE FILE Test CXX_HAS_SSE4_2_1 failed with the following compile output:
Change Dir: /home/upmem0037/xialinl/research/libaray/src/backends/build-dir/CMakeFiles/CMakeTmp

Run Build Command:"/usr/bin/make" "cmTC_cc136/fast"
/usr/bin/make -f CMakeFiles/cmTC_cc136.dir/build.make CMakeFiles/cmTC_cc136.dir/build
make[1]: Entering directory '/home/upmem0037/xialinl/research/libaray/src/backends/build-dir/CMakeFiles/CMakeTmp'
Building C object CMakeFiles/cmTC_cc136.dir/src.c.o
/usr/bin/cc   -Wall -Werror -Wextra -std=gnu11  -DCXX_HAS_SSE4_2_1   -o CMakeFiles/cmTC_cc136.dir/src.c.o   -c /home/upmem0037/xialinl/research/libaray/src/backends/build-dir/CMakeFiles/CMakeTmp/src.c
In file included from /usr/lib/gcc/x86_64-linux-gnu/8/include/nmmintrin.h:31,
                 from /home/upmem0037/xialinl/research/libaray/src/backends/build-dir/CMakeFiles/CMakeTmp/src.c:2:
/home/upmem0037/xialinl/research/libaray/src/backends/build-dir/CMakeFiles/CMakeTmp/src.c: In function ‘main’:
/usr/lib/gcc/x86_64-linux-gnu/8/include/smmintrin.h:796:1: error: inlining failed in call to always_inline ‘_mm_cmpgt_epi64’: target specific option mismatch
 _mm_cmpgt_epi64 (__m128i __X, __m128i __Y)
 ^~~~~~~~~~~~~~~
/home/upmem0037/xialinl/research/libaray/src/backends/build-dir/CMakeFiles/CMakeTmp/src.c:8:9: note: called from here
     c = _mm_cmpgt_epi64(a, b);
         ^~~~~~~~~~~~~~~~~~~~~
In file included from /usr/lib/gcc/x86_64-linux-gnu/8/include/nmmintrin.h:31,
                 from /home/upmem0037/xialinl/research/libaray/src/backends/build-dir/CMakeFiles/CMakeTmp/src.c:2:
/usr/lib/gcc/x86_64-linux-gnu/8/include/smmintrin.h:796:1: error: inlining failed in call to always_inline ‘_mm_cmpgt_epi64’: target specific option mismatch
 _mm_cmpgt_epi64 (__m128i __X, __m128i __Y)
 ^~~~~~~~~~~~~~~
/home/upmem0037/xialinl/research/libaray/src/backends/build-dir/CMakeFiles/CMakeTmp/src.c:8:9: note: called from here
     c = _mm_cmpgt_epi64(a, b);
         ^~~~~~~~~~~~~~~~~~~~~
make[1]: *** [CMakeFiles/cmTC_cc136.dir/build.make:66: CMakeFiles/cmTC_cc136.dir/src.c.o] Error 1
make[1]: Leaving directory '/home/upmem0037/xialinl/research/libaray/src/backends/build-dir/CMakeFiles/CMakeTmp'
make: *** [Makefile:121: cmTC_cc136/fast] Error 2

...and run output:

Return value: 1
Source file was:

  #include <nmmintrin.h>
  int main()
  {
    __m128i a = _mm_set_epi8(0,0,0,0,0,0,0,0,0,0,0,0,0,0,0,0);
    __m128i b = _mm_set_epi8(0,0,0,0,0,0,0,0,0,0,0,0,0,0,0,0);
    __attribute__((unused)) __m128i c = _mm_set_epi8(0,0,0,0,0,0,0,0,0,0,0,0,0,0,0,0);
    c = _mm_cmpgt_epi64(a, b);
    return 0;
  }

Performing C SOURCE FILE Test CXX_COMPILES_SSE4_2_1 failed with the following output:
Change Dir: /home/upmem0037/xialinl/research/libaray/src/backends/build-dir/CMakeFiles/CMakeTmp

Run Build Command:"/usr/bin/make" "cmTC_903aa/fast"
/usr/bin/make -f CMakeFiles/cmTC_903aa.dir/build.make CMakeFiles/cmTC_903aa.dir/build
make[1]: Entering directory '/home/upmem0037/xialinl/research/libaray/src/backends/build-dir/CMakeFiles/CMakeTmp'
Building C object CMakeFiles/cmTC_903aa.dir/src.c.o
/usr/bin/cc   -Wall -Werror -Wextra -std=gnu11  -DCXX_COMPILES_SSE4_2_1   -o CMakeFiles/cmTC_903aa.dir/src.c.o   -c /home/upmem0037/xialinl/research/libaray/src/backends/build-dir/CMakeFiles/CMakeTmp/src.c
In file included from /usr/lib/gcc/x86_64-linux-gnu/8/include/nmmintrin.h:31,
                 from /home/upmem0037/xialinl/research/libaray/src/backends/build-dir/CMakeFiles/CMakeTmp/src.c:2:
/home/upmem0037/xialinl/research/libaray/src/backends/build-dir/CMakeFiles/CMakeTmp/src.c: In function ‘main’:
/usr/lib/gcc/x86_64-linux-gnu/8/include/smmintrin.h:796:1: error: inlining failed in call to always_inline ‘_mm_cmpgt_epi64’: target specific option mismatch
 _mm_cmpgt_epi64 (__m128i __X, __m128i __Y)
 ^~~~~~~~~~~~~~~
/home/upmem0037/xialinl/research/libaray/src/backends/build-dir/CMakeFiles/CMakeTmp/src.c:8:9: note: called from here
     c = _mm_cmpgt_epi64(a, b);
         ^~~~~~~~~~~~~~~~~~~~~
In file included from /usr/lib/gcc/x86_64-linux-gnu/8/include/nmmintrin.h:31,
                 from /home/upmem0037/xialinl/research/libaray/src/backends/build-dir/CMakeFiles/CMakeTmp/src.c:2:
/usr/lib/gcc/x86_64-linux-gnu/8/include/smmintrin.h:796:1: error: inlining failed in call to always_inline ‘_mm_cmpgt_epi64’: target specific option mismatch
 _mm_cmpgt_epi64 (__m128i __X, __m128i __Y)
 ^~~~~~~~~~~~~~~
/home/upmem0037/xialinl/research/libaray/src/backends/build-dir/CMakeFiles/CMakeTmp/src.c:8:9: note: called from here
     c = _mm_cmpgt_epi64(a, b);
         ^~~~~~~~~~~~~~~~~~~~~
make[1]: *** [CMakeFiles/cmTC_903aa.dir/build.make:66: CMakeFiles/cmTC_903aa.dir/src.c.o] Error 1
make[1]: Leaving directory '/home/upmem0037/xialinl/research/libaray/src/backends/build-dir/CMakeFiles/CMakeTmp'
make: *** [Makefile:121: cmTC_903aa/fast] Error 2

Source file was:

  #include <nmmintrin.h>
  int main()
  {
    __m128i a = _mm_set_epi8(0,0,0,0,0,0,0,0,0,0,0,0,0,0,0,0);
    __m128i b = _mm_set_epi8(0,0,0,0,0,0,0,0,0,0,0,0,0,0,0,0);
    __attribute__((unused)) __m128i c = _mm_set_epi8(0,0,0,0,0,0,0,0,0,0,0,0,0,0,0,0);
    c = _mm_cmpgt_epi64(a, b);
    return 0;
  }

Performing C SOURCE FILE Test CXX_HAS_AVX_1 failed with the following compile output:
Change Dir: /home/upmem0037/xialinl/research/libaray/src/backends/build-dir/CMakeFiles/CMakeTmp

Run Build Command:"/usr/bin/make" "cmTC_18c6b/fast"
/usr/bin/make -f CMakeFiles/cmTC_18c6b.dir/build.make CMakeFiles/cmTC_18c6b.dir/build
make[1]: Entering directory '/home/upmem0037/xialinl/research/libaray/src/backends/build-dir/CMakeFiles/CMakeTmp'
Building C object CMakeFiles/cmTC_18c6b.dir/src.c.o
/usr/bin/cc   -Wall -Werror -Wextra -std=gnu11  -DCXX_HAS_AVX_1   -o CMakeFiles/cmTC_18c6b.dir/src.c.o   -c /home/upmem0037/xialinl/research/libaray/src/backends/build-dir/CMakeFiles/CMakeTmp/src.c
/home/upmem0037/xialinl/research/libaray/src/backends/build-dir/CMakeFiles/CMakeTmp/src.c: In function ‘main’:
/home/upmem0037/xialinl/research/libaray/src/backends/build-dir/CMakeFiles/CMakeTmp/src.c:6:7: error: AVX vector return without AVX enabled changes the ABI [-Werror=psabi]
     a = _mm256_set1_ps(0);
     ~~^~~~~~~~~~~~~~~~~~~
In file included from /usr/lib/gcc/x86_64-linux-gnu/8/include/immintrin.h:41,
                 from /home/upmem0037/xialinl/research/libaray/src/backends/build-dir/CMakeFiles/CMakeTmp/src.c:2:
/usr/lib/gcc/x86_64-linux-gnu/8/include/avxintrin.h:1310:1: error: inlining failed in call to always_inline ‘_mm256_set1_ps’: target specific option mismatch
 _mm256_set1_ps (float __A)
 ^~~~~~~~~~~~~~
/home/upmem0037/xialinl/research/libaray/src/backends/build-dir/CMakeFiles/CMakeTmp/src.c:6:9: note: called from here
     a = _mm256_set1_ps(0);
         ^~~~~~~~~~~~~~~~~
cc1: all warnings being treated as errors
make[1]: *** [CMakeFiles/cmTC_18c6b.dir/build.make:66: CMakeFiles/cmTC_18c6b.dir/src.c.o] Error 1
make[1]: Leaving directory '/home/upmem0037/xialinl/research/libaray/src/backends/build-dir/CMakeFiles/CMakeTmp'
make: *** [Makefile:121: cmTC_18c6b/fast] Error 2

...and run output:

Return value: 1
Source file was:

  #include <immintrin.h>
  int main()
  {
    __attribute__((unused)) __m256 a;
    a = _mm256_set1_ps(0);
    return 0;
  }

Performing C SOURCE FILE Test CXX_COMPILES_AVX_1 failed with the following output:
Change Dir: /home/upmem0037/xialinl/research/libaray/src/backends/build-dir/CMakeFiles/CMakeTmp

Run Build Command:"/usr/bin/make" "cmTC_64b82/fast"
/usr/bin/make -f CMakeFiles/cmTC_64b82.dir/build.make CMakeFiles/cmTC_64b82.dir/build
make[1]: Entering directory '/home/upmem0037/xialinl/research/libaray/src/backends/build-dir/CMakeFiles/CMakeTmp'
Building C object CMakeFiles/cmTC_64b82.dir/src.c.o
/usr/bin/cc   -Wall -Werror -Wextra -std=gnu11  -DCXX_COMPILES_AVX_1   -o CMakeFiles/cmTC_64b82.dir/src.c.o   -c /home/upmem0037/xialinl/research/libaray/src/backends/build-dir/CMakeFiles/CMakeTmp/src.c
/home/upmem0037/xialinl/research/libaray/src/backends/build-dir/CMakeFiles/CMakeTmp/src.c: In function ‘main’:
/home/upmem0037/xialinl/research/libaray/src/backends/build-dir/CMakeFiles/CMakeTmp/src.c:6:7: error: AVX vector return without AVX enabled changes the ABI [-Werror=psabi]
     a = _mm256_set1_ps(0);
     ~~^~~~~~~~~~~~~~~~~~~
In file included from /usr/lib/gcc/x86_64-linux-gnu/8/include/immintrin.h:41,
                 from /home/upmem0037/xialinl/research/libaray/src/backends/build-dir/CMakeFiles/CMakeTmp/src.c:2:
/usr/lib/gcc/x86_64-linux-gnu/8/include/avxintrin.h:1310:1: error: inlining failed in call to always_inline ‘_mm256_set1_ps’: target specific option mismatch
 _mm256_set1_ps (float __A)
 ^~~~~~~~~~~~~~
/home/upmem0037/xialinl/research/libaray/src/backends/build-dir/CMakeFiles/CMakeTmp/src.c:6:9: note: called from here
     a = _mm256_set1_ps(0);
         ^~~~~~~~~~~~~~~~~
cc1: all warnings being treated as errors
make[1]: *** [CMakeFiles/cmTC_64b82.dir/build.make:66: CMakeFiles/cmTC_64b82.dir/src.c.o] Error 1
make[1]: Leaving directory '/home/upmem0037/xialinl/research/libaray/src/backends/build-dir/CMakeFiles/CMakeTmp'
make: *** [Makefile:121: cmTC_64b82/fast] Error 2

Source file was:

  #include <immintrin.h>
  int main()
  {
    __attribute__((unused)) __m256 a;
    a = _mm256_set1_ps(0);
    return 0;
  }

Performing C SOURCE FILE Test CXX_HAS_AVX2_1 failed with the following compile output:
Change Dir: /home/upmem0037/xialinl/research/libaray/src/backends/build-dir/CMakeFiles/CMakeTmp

Run Build Command:"/usr/bin/make" "cmTC_ec57a/fast"
/usr/bin/make -f CMakeFiles/cmTC_ec57a.dir/build.make CMakeFiles/cmTC_ec57a.dir/build
make[1]: Entering directory '/home/upmem0037/xialinl/research/libaray/src/backends/build-dir/CMakeFiles/CMakeTmp'
Building C object CMakeFiles/cmTC_ec57a.dir/src.c.o
/usr/bin/cc   -Wall -Werror -Wextra -std=gnu11  -DCXX_HAS_AVX2_1   -o CMakeFiles/cmTC_ec57a.dir/src.c.o   -c /home/upmem0037/xialinl/research/libaray/src/backends/build-dir/CMakeFiles/CMakeTmp/src.c
/home/upmem0037/xialinl/research/libaray/src/backends/build-dir/CMakeFiles/CMakeTmp/src.c: In function ‘main’:
/home/upmem0037/xialinl/research/libaray/src/backends/build-dir/CMakeFiles/CMakeTmp/src.c:6:7: error: AVX vector return without AVX enabled changes the ABI [-Werror=psabi]
     a = _mm256_abs_epi16(a);
     ~~^~~~~~~~~~~~~~~~~~~~~
In file included from /usr/lib/gcc/x86_64-linux-gnu/8/include/immintrin.h:43,
                 from /home/upmem0037/xialinl/research/libaray/src/backends/build-dir/CMakeFiles/CMakeTmp/src.c:2:
/usr/lib/gcc/x86_64-linux-gnu/8/include/avx2intrin.h:63:1: error: inlining failed in call to always_inline ‘_mm256_abs_epi16’: target specific option mismatch
 _mm256_abs_epi16 (__m256i __A)
 ^~~~~~~~~~~~~~~~
/home/upmem0037/xialinl/research/libaray/src/backends/build-dir/CMakeFiles/CMakeTmp/src.c:6:9: note: called from here
     a = _mm256_abs_epi16(a);
         ^~~~~~~~~~~~~~~~~~~
cc1: all warnings being treated as errors
make[1]: *** [CMakeFiles/cmTC_ec57a.dir/build.make:66: CMakeFiles/cmTC_ec57a.dir/src.c.o] Error 1
make[1]: Leaving directory '/home/upmem0037/xialinl/research/libaray/src/backends/build-dir/CMakeFiles/CMakeTmp'
make: *** [Makefile:121: cmTC_ec57a/fast] Error 2

...and run output:

Return value: 1
Source file was:

  #include <immintrin.h>
  int main()
  {
    __m256i a = {0};
    a = _mm256_abs_epi16(a);
    return 0;
  }

Performing C SOURCE FILE Test CXX_COMPILES_AVX2_1 failed with the following output:
Change Dir: /home/upmem0037/xialinl/research/libaray/src/backends/build-dir/CMakeFiles/CMakeTmp

Run Build Command:"/usr/bin/make" "cmTC_92cd4/fast"
/usr/bin/make -f CMakeFiles/cmTC_92cd4.dir/build.make CMakeFiles/cmTC_92cd4.dir/build
make[1]: Entering directory '/home/upmem0037/xialinl/research/libaray/src/backends/build-dir/CMakeFiles/CMakeTmp'
Building C object CMakeFiles/cmTC_92cd4.dir/src.c.o
/usr/bin/cc   -Wall -Werror -Wextra -std=gnu11  -DCXX_COMPILES_AVX2_1   -o CMakeFiles/cmTC_92cd4.dir/src.c.o   -c /home/upmem0037/xialinl/research/libaray/src/backends/build-dir/CMakeFiles/CMakeTmp/src.c
/home/upmem0037/xialinl/research/libaray/src/backends/build-dir/CMakeFiles/CMakeTmp/src.c: In function ‘main’:
/home/upmem0037/xialinl/research/libaray/src/backends/build-dir/CMakeFiles/CMakeTmp/src.c:6:7: error: AVX vector return without AVX enabled changes the ABI [-Werror=psabi]
     a = _mm256_abs_epi16(a);
     ~~^~~~~~~~~~~~~~~~~~~~~
In file included from /usr/lib/gcc/x86_64-linux-gnu/8/include/immintrin.h:43,
                 from /home/upmem0037/xialinl/research/libaray/src/backends/build-dir/CMakeFiles/CMakeTmp/src.c:2:
/usr/lib/gcc/x86_64-linux-gnu/8/include/avx2intrin.h:63:1: error: inlining failed in call to always_inline ‘_mm256_abs_epi16’: target specific option mismatch
 _mm256_abs_epi16 (__m256i __A)
 ^~~~~~~~~~~~~~~~
/home/upmem0037/xialinl/research/libaray/src/backends/build-dir/CMakeFiles/CMakeTmp/src.c:6:9: note: called from here
     a = _mm256_abs_epi16(a);
         ^~~~~~~~~~~~~~~~~~~
cc1: all warnings being treated as errors
make[1]: *** [CMakeFiles/cmTC_92cd4.dir/build.make:66: CMakeFiles/cmTC_92cd4.dir/src.c.o] Error 1
make[1]: Leaving directory '/home/upmem0037/xialinl/research/libaray/src/backends/build-dir/CMakeFiles/CMakeTmp'
make: *** [Makefile:121: cmTC_92cd4/fast] Error 2

Source file was:

  #include <immintrin.h>
  int main()
  {
    __m256i a = {0};
    a = _mm256_abs_epi16(a);
    return 0;
  }

Performing C SOURCE FILE Test CXX_HAS_AVX512F_1 failed with the following compile output:
Change Dir: /home/upmem0037/xialinl/research/libaray/src/backends/build-dir/CMakeFiles/CMakeTmp

Run Build Command:"/usr/bin/make" "cmTC_4522e/fast"
/usr/bin/make -f CMakeFiles/cmTC_4522e.dir/build.make CMakeFiles/cmTC_4522e.dir/build
make[1]: Entering directory '/home/upmem0037/xialinl/research/libaray/src/backends/build-dir/CMakeFiles/CMakeTmp'
Building C object CMakeFiles/cmTC_4522e.dir/src.c.o
/usr/bin/cc   -Wall -Werror -Wextra -std=gnu11  -DCXX_HAS_AVX512F_1   -o CMakeFiles/cmTC_4522e.dir/src.c.o   -c /home/upmem0037/xialinl/research/libaray/src/backends/build-dir/CMakeFiles/CMakeTmp/src.c
/home/upmem0037/xialinl/research/libaray/src/backends/build-dir/CMakeFiles/CMakeTmp/src.c: In function ‘main’:
/home/upmem0037/xialinl/research/libaray/src/backends/build-dir/CMakeFiles/CMakeTmp/src.c:5:12: error: AVX512F vector return without AVX512F enabled changes the ABI [-Werror=psabi]
     __m512 a = _mm512_set1_ps(1.f);
            ^
In file included from /usr/lib/gcc/x86_64-linux-gnu/8/include/immintrin.h:45,
                 from /home/upmem0037/xialinl/research/libaray/src/backends/build-dir/CMakeFiles/CMakeTmp/src.c:2:
/usr/lib/gcc/x86_64-linux-gnu/8/include/avx512fintrin.h:11534:1: error: inlining failed in call to always_inline ‘_mm512_add_ps’: target specific option mismatch
 _mm512_add_ps (__m512 __A, __m512 __B)
 ^~~~~~~~~~~~~
/home/upmem0037/xialinl/research/libaray/src/backends/build-dir/CMakeFiles/CMakeTmp/src.c:6:9: note: called from here
     a = _mm512_add_ps(a, _mm512_set1_ps(1.f));;
         ^~~~~~~~~~~~~~~~~~~~~~~~~~~~~~~~~~~~~
In file included from /usr/lib/gcc/x86_64-linux-gnu/8/include/immintrin.h:45,
                 from /home/upmem0037/xialinl/research/libaray/src/backends/build-dir/CMakeFiles/CMakeTmp/src.c:2:
/usr/lib/gcc/x86_64-linux-gnu/8/include/avx512fintrin.h:201:1: error: inlining failed in call to always_inline ‘_mm512_set1_ps’: target specific option mismatch
 _mm512_set1_ps (float __A)
 ^~~~~~~~~~~~~~
/home/upmem0037/xialinl/research/libaray/src/backends/build-dir/CMakeFiles/CMakeTmp/src.c:6:9: note: called from here
     a = _mm512_add_ps(a, _mm512_set1_ps(1.f));;
         ^~~~~~~~~~~~~~~~~~~~~~~~~~~~~~~~~~~~~
In file included from /usr/lib/gcc/x86_64-linux-gnu/8/include/immintrin.h:45,
                 from /home/upmem0037/xialinl/research/libaray/src/backends/build-dir/CMakeFiles/CMakeTmp/src.c:2:
/usr/lib/gcc/x86_64-linux-gnu/8/include/avx512fintrin.h:201:1: error: inlining failed in call to always_inline ‘_mm512_set1_ps’: target specific option mismatch
 _mm512_set1_ps (float __A)
 ^~~~~~~~~~~~~~
/home/upmem0037/xialinl/research/libaray/src/backends/build-dir/CMakeFiles/CMakeTmp/src.c:5:16: note: called from here
     __m512 a = _mm512_set1_ps(1.f);
                ^~~~~~~~~~~~~~~~~~~
cc1: all warnings being treated as errors
make[1]: *** [CMakeFiles/cmTC_4522e.dir/build.make:66: CMakeFiles/cmTC_4522e.dir/src.c.o] Error 1
make[1]: Leaving directory '/home/upmem0037/xialinl/research/libaray/src/backends/build-dir/CMakeFiles/CMakeTmp'
make: *** [Makefile:121: cmTC_4522e/fast] Error 2

...and run output:

Return value: 1
Source file was:

  #include <immintrin.h>
  int main()
  {
    __m512 a = _mm512_set1_ps(1.f);
    a = _mm512_add_ps(a, _mm512_set1_ps(1.f));;
    return 0;
  }

Performing C SOURCE FILE Test CXX_COMPILES_AVX512F_1 failed with the following output:
Change Dir: /home/upmem0037/xialinl/research/libaray/src/backends/build-dir/CMakeFiles/CMakeTmp

Run Build Command:"/usr/bin/make" "cmTC_838db/fast"
/usr/bin/make -f CMakeFiles/cmTC_838db.dir/build.make CMakeFiles/cmTC_838db.dir/build
make[1]: Entering directory '/home/upmem0037/xialinl/research/libaray/src/backends/build-dir/CMakeFiles/CMakeTmp'
Building C object CMakeFiles/cmTC_838db.dir/src.c.o
/usr/bin/cc   -Wall -Werror -Wextra -std=gnu11  -DCXX_COMPILES_AVX512F_1   -o CMakeFiles/cmTC_838db.dir/src.c.o   -c /home/upmem0037/xialinl/research/libaray/src/backends/build-dir/CMakeFiles/CMakeTmp/src.c
/home/upmem0037/xialinl/research/libaray/src/backends/build-dir/CMakeFiles/CMakeTmp/src.c: In function ‘main’:
/home/upmem0037/xialinl/research/libaray/src/backends/build-dir/CMakeFiles/CMakeTmp/src.c:5:12: error: AVX512F vector return without AVX512F enabled changes the ABI [-Werror=psabi]
     __m512 a = _mm512_set1_ps(1.f);
            ^
In file included from /usr/lib/gcc/x86_64-linux-gnu/8/include/immintrin.h:45,
                 from /home/upmem0037/xialinl/research/libaray/src/backends/build-dir/CMakeFiles/CMakeTmp/src.c:2:
/usr/lib/gcc/x86_64-linux-gnu/8/include/avx512fintrin.h:11534:1: error: inlining failed in call to always_inline ‘_mm512_add_ps’: target specific option mismatch
 _mm512_add_ps (__m512 __A, __m512 __B)
 ^~~~~~~~~~~~~
/home/upmem0037/xialinl/research/libaray/src/backends/build-dir/CMakeFiles/CMakeTmp/src.c:6:9: note: called from here
     a = _mm512_add_ps(a, _mm512_set1_ps(1.f));;
         ^~~~~~~~~~~~~~~~~~~~~~~~~~~~~~~~~~~~~
In file included from /usr/lib/gcc/x86_64-linux-gnu/8/include/immintrin.h:45,
                 from /home/upmem0037/xialinl/research/libaray/src/backends/build-dir/CMakeFiles/CMakeTmp/src.c:2:
/usr/lib/gcc/x86_64-linux-gnu/8/include/avx512fintrin.h:201:1: error: inlining failed in call to always_inline ‘_mm512_set1_ps’: target specific option mismatch
 _mm512_set1_ps (float __A)
 ^~~~~~~~~~~~~~
/home/upmem0037/xialinl/research/libaray/src/backends/build-dir/CMakeFiles/CMakeTmp/src.c:6:9: note: called from here
     a = _mm512_add_ps(a, _mm512_set1_ps(1.f));;
         ^~~~~~~~~~~~~~~~~~~~~~~~~~~~~~~~~~~~~
In file included from /usr/lib/gcc/x86_64-linux-gnu/8/include/immintrin.h:45,
                 from /home/upmem0037/xialinl/research/libaray/src/backends/build-dir/CMakeFiles/CMakeTmp/src.c:2:
/usr/lib/gcc/x86_64-linux-gnu/8/include/avx512fintrin.h:201:1: error: inlining failed in call to always_inline ‘_mm512_set1_ps’: target specific option mismatch
 _mm512_set1_ps (float __A)
 ^~~~~~~~~~~~~~
/home/upmem0037/xialinl/research/libaray/src/backends/build-dir/CMakeFiles/CMakeTmp/src.c:5:16: note: called from here
     __m512 a = _mm512_set1_ps(1.f);
                ^~~~~~~~~~~~~~~~~~~
cc1: all warnings being treated as errors
make[1]: *** [CMakeFiles/cmTC_838db.dir/build.make:66: CMakeFiles/cmTC_838db.dir/src.c.o] Error 1
make[1]: Leaving directory '/home/upmem0037/xialinl/research/libaray/src/backends/build-dir/CMakeFiles/CMakeTmp'
make: *** [Makefile:121: cmTC_838db/fast] Error 2

Source file was:

  #include <immintrin.h>
  int main()
  {
    __m512 a = _mm512_set1_ps(1.f);
    a = _mm512_add_ps(a, _mm512_set1_ps(1.f));;
    return 0;
  }

Performing C SOURCE FILE Test CXX_HAS_AVX512BW_1 failed with the following compile output:
Change Dir: /home/upmem0037/xialinl/research/libaray/src/backends/build-dir/CMakeFiles/CMakeTmp

Run Build Command:"/usr/bin/make" "cmTC_8040b/fast"
/usr/bin/make -f CMakeFiles/cmTC_8040b.dir/build.make CMakeFiles/cmTC_8040b.dir/build
make[1]: Entering directory '/home/upmem0037/xialinl/research/libaray/src/backends/build-dir/CMakeFiles/CMakeTmp'
Building C object CMakeFiles/cmTC_8040b.dir/src.c.o
/usr/bin/cc   -Wall -Werror -Wextra -std=gnu11  -DCXX_HAS_AVX512BW_1   -o CMakeFiles/cmTC_8040b.dir/src.c.o   -c /home/upmem0037/xialinl/research/libaray/src/backends/build-dir/CMakeFiles/CMakeTmp/src.c
/home/upmem0037/xialinl/research/libaray/src/backends/build-dir/CMakeFiles/CMakeTmp/src.c: In function ‘main’:
/home/upmem0037/xialinl/research/libaray/src/backends/build-dir/CMakeFiles/CMakeTmp/src.c:5:13: error: AVX512F vector return without AVX512F enabled changes the ABI [-Werror=psabi]
     __m512i mask = _mm512_set_epi64(0, 0, 0, 0, 0, 0, 0, 0);
             ^~~~
In file included from /usr/lib/gcc/x86_64-linux-gnu/8/include/immintrin.h:55,
                 from /home/upmem0037/xialinl/research/libaray/src/backends/build-dir/CMakeFiles/CMakeTmp/src.c:2:
/usr/lib/gcc/x86_64-linux-gnu/8/include/avx512bwintrin.h:1852:1: error: inlining failed in call to always_inline ‘_mm512_shuffle_epi8’: target specific option mismatch
 _mm512_shuffle_epi8 (__m512i __A, __m512i __B)
 ^~~~~~~~~~~~~~~~~~~
/home/upmem0037/xialinl/research/libaray/src/backends/build-dir/CMakeFiles/CMakeTmp/src.c:7:12: note: called from here
     load = _mm512_shuffle_epi8(load, mask);
            ^~~~~~~~~~~~~~~~~~~~~~~~~~~~~~~
In file included from /usr/lib/gcc/x86_64-linux-gnu/8/include/immintrin.h:45,
                 from /home/upmem0037/xialinl/research/libaray/src/backends/build-dir/CMakeFiles/CMakeTmp/src.c:2:
/usr/lib/gcc/x86_64-linux-gnu/8/include/avx512fintrin.h:79:1: error: inlining failed in call to always_inline ‘_mm512_set_epi64’: target specific option mismatch
 _mm512_set_epi64 (long long __A, long long __B, long long __C,
 ^~~~~~~~~~~~~~~~
/home/upmem0037/xialinl/research/libaray/src/backends/build-dir/CMakeFiles/CMakeTmp/src.c:5:20: note: called from here
     __m512i mask = _mm512_set_epi64(0, 0, 0, 0, 0, 0, 0, 0);
                    ^~~~~~~~~~~~~~~~~~~~~~~~~~~~~~~~~~~~~~~~
cc1: all warnings being treated as errors
make[1]: *** [CMakeFiles/cmTC_8040b.dir/build.make:66: CMakeFiles/cmTC_8040b.dir/src.c.o] Error 1
make[1]: Leaving directory '/home/upmem0037/xialinl/research/libaray/src/backends/build-dir/CMakeFiles/CMakeTmp'
make: *** [Makefile:121: cmTC_8040b/fast] Error 2

...and run output:

Return value: 1
Source file was:

  #include <immintrin.h>
  int main()
  {
    __m512i mask = _mm512_set_epi64(0, 0, 0, 0, 0, 0, 0, 0);
    __attribute__((unused)) __m512i load = {0};
    load = _mm512_shuffle_epi8(load, mask);
    return 0;
  }

Performing C SOURCE FILE Test CXX_COMPILES_AVX512BW_1 failed with the following output:
Change Dir: /home/upmem0037/xialinl/research/libaray/src/backends/build-dir/CMakeFiles/CMakeTmp

Run Build Command:"/usr/bin/make" "cmTC_abf2d/fast"
/usr/bin/make -f CMakeFiles/cmTC_abf2d.dir/build.make CMakeFiles/cmTC_abf2d.dir/build
make[1]: Entering directory '/home/upmem0037/xialinl/research/libaray/src/backends/build-dir/CMakeFiles/CMakeTmp'
Building C object CMakeFiles/cmTC_abf2d.dir/src.c.o
/usr/bin/cc   -Wall -Werror -Wextra -std=gnu11  -DCXX_COMPILES_AVX512BW_1   -o CMakeFiles/cmTC_abf2d.dir/src.c.o   -c /home/upmem0037/xialinl/research/libaray/src/backends/build-dir/CMakeFiles/CMakeTmp/src.c
/home/upmem0037/xialinl/research/libaray/src/backends/build-dir/CMakeFiles/CMakeTmp/src.c: In function ‘main’:
/home/upmem0037/xialinl/research/libaray/src/backends/build-dir/CMakeFiles/CMakeTmp/src.c:5:13: error: AVX512F vector return without AVX512F enabled changes the ABI [-Werror=psabi]
     __m512i mask = _mm512_set_epi64(0, 0, 0, 0, 0, 0, 0, 0);
             ^~~~
In file included from /usr/lib/gcc/x86_64-linux-gnu/8/include/immintrin.h:55,
                 from /home/upmem0037/xialinl/research/libaray/src/backends/build-dir/CMakeFiles/CMakeTmp/src.c:2:
/usr/lib/gcc/x86_64-linux-gnu/8/include/avx512bwintrin.h:1852:1: error: inlining failed in call to always_inline ‘_mm512_shuffle_epi8’: target specific option mismatch
 _mm512_shuffle_epi8 (__m512i __A, __m512i __B)
 ^~~~~~~~~~~~~~~~~~~
/home/upmem0037/xialinl/research/libaray/src/backends/build-dir/CMakeFiles/CMakeTmp/src.c:7:12: note: called from here
     load = _mm512_shuffle_epi8(load, mask);
            ^~~~~~~~~~~~~~~~~~~~~~~~~~~~~~~
In file included from /usr/lib/gcc/x86_64-linux-gnu/8/include/immintrin.h:45,
                 from /home/upmem0037/xialinl/research/libaray/src/backends/build-dir/CMakeFiles/CMakeTmp/src.c:2:
/usr/lib/gcc/x86_64-linux-gnu/8/include/avx512fintrin.h:79:1: error: inlining failed in call to always_inline ‘_mm512_set_epi64’: target specific option mismatch
 _mm512_set_epi64 (long long __A, long long __B, long long __C,
 ^~~~~~~~~~~~~~~~
/home/upmem0037/xialinl/research/libaray/src/backends/build-dir/CMakeFiles/CMakeTmp/src.c:5:20: note: called from here
     __m512i mask = _mm512_set_epi64(0, 0, 0, 0, 0, 0, 0, 0);
                    ^~~~~~~~~~~~~~~~~~~~~~~~~~~~~~~~~~~~~~~~
cc1: all warnings being treated as errors
make[1]: *** [CMakeFiles/cmTC_abf2d.dir/build.make:66: CMakeFiles/cmTC_abf2d.dir/src.c.o] Error 1
make[1]: Leaving directory '/home/upmem0037/xialinl/research/libaray/src/backends/build-dir/CMakeFiles/CMakeTmp'
make: *** [Makefile:121: cmTC_abf2d/fast] Error 2

Source file was:

  #include <immintrin.h>
  int main()
  {
    __m512i mask = _mm512_set_epi64(0, 0, 0, 0, 0, 0, 0, 0);
    __attribute__((unused)) __m512i load = {0};
    load = _mm512_shuffle_epi8(load, mask);
    return 0;
  }

Performing C SOURCE FILE Test CXX_HAS_CLFLUSHOPT_1 failed with the following compile output:
Change Dir: /home/upmem0037/xialinl/research/libaray/src/backends/build-dir/CMakeFiles/CMakeTmp

Run Build Command:"/usr/bin/make" "cmTC_c83e1/fast"
/usr/bin/make -f CMakeFiles/cmTC_c83e1.dir/build.make CMakeFiles/cmTC_c83e1.dir/build
make[1]: Entering directory '/home/upmem0037/xialinl/research/libaray/src/backends/build-dir/CMakeFiles/CMakeTmp'
Building C object CMakeFiles/cmTC_c83e1.dir/src.c.o
/usr/bin/cc   -Wall -Werror -Wextra -std=gnu11  -DCXX_HAS_CLFLUSHOPT_1   -o CMakeFiles/cmTC_c83e1.dir/src.c.o   -c /home/upmem0037/xialinl/research/libaray/src/backends/build-dir/CMakeFiles/CMakeTmp/src.c
/home/upmem0037/xialinl/research/libaray/src/backends/build-dir/CMakeFiles/CMakeTmp/src.c: In function ‘main’:
/home/upmem0037/xialinl/research/libaray/src/backends/build-dir/CMakeFiles/CMakeTmp/src.c:6:5: error: implicit declaration of function ‘__builtin_ia32_clflushopt’; did you mean ‘__builtin_ia32_clflush’? [-Werror=implicit-function-declaration]
     __builtin_ia32_clflushopt(&flush);
     ^~~~~~~~~~~~~~~~~~~~~~~~~
     __builtin_ia32_clflush
cc1: all warnings being treated as errors
make[1]: *** [CMakeFiles/cmTC_c83e1.dir/build.make:66: CMakeFiles/cmTC_c83e1.dir/src.c.o] Error 1
make[1]: Leaving directory '/home/upmem0037/xialinl/research/libaray/src/backends/build-dir/CMakeFiles/CMakeTmp'
make: *** [Makefile:121: cmTC_c83e1/fast] Error 2

...and run output:

Return value: 1
Source file was:

  #include <immintrin.h>
  int main()
  {
    int flush = 1;
    __builtin_ia32_clflushopt(&flush);
    return 0;
  }

Performing C SOURCE FILE Test CXX_COMPILES_CLFLUSHOPT_1 failed with the following output:
Change Dir: /home/upmem0037/xialinl/research/libaray/src/backends/build-dir/CMakeFiles/CMakeTmp

Run Build Command:"/usr/bin/make" "cmTC_f188e/fast"
/usr/bin/make -f CMakeFiles/cmTC_f188e.dir/build.make CMakeFiles/cmTC_f188e.dir/build
make[1]: Entering directory '/home/upmem0037/xialinl/research/libaray/src/backends/build-dir/CMakeFiles/CMakeTmp'
Building C object CMakeFiles/cmTC_f188e.dir/src.c.o
/usr/bin/cc   -Wall -Werror -Wextra -std=gnu11  -DCXX_COMPILES_CLFLUSHOPT_1   -o CMakeFiles/cmTC_f188e.dir/src.c.o   -c /home/upmem0037/xialinl/research/libaray/src/backends/build-dir/CMakeFiles/CMakeTmp/src.c
/home/upmem0037/xialinl/research/libaray/src/backends/build-dir/CMakeFiles/CMakeTmp/src.c: In function ‘main’:
/home/upmem0037/xialinl/research/libaray/src/backends/build-dir/CMakeFiles/CMakeTmp/src.c:6:5: error: implicit declaration of function ‘__builtin_ia32_clflushopt’; did you mean ‘__builtin_ia32_clflush’? [-Werror=implicit-function-declaration]
     __builtin_ia32_clflushopt(&flush);
     ^~~~~~~~~~~~~~~~~~~~~~~~~
     __builtin_ia32_clflush
cc1: all warnings being treated as errors
make[1]: *** [CMakeFiles/cmTC_f188e.dir/build.make:66: CMakeFiles/cmTC_f188e.dir/src.c.o] Error 1
make[1]: Leaving directory '/home/upmem0037/xialinl/research/libaray/src/backends/build-dir/CMakeFiles/CMakeTmp'
make: *** [Makefile:121: cmTC_f188e/fast] Error 2

Source file was:

  #include <immintrin.h>
  int main()
  {
    int flush = 1;
    __builtin_ia32_clflushopt(&flush);
    return 0;
  }

