The system is: Linux - 4.19.0-26-amd64 - x86_64
Compiling the C compiler identification source file "CMakeCCompilerId.c" succeeded.
Compiler: /usr/bin/cc 
Build flags: 
Id flags:  

The output was:
0


Compilation of the C compiler identification source "CMakeCCompilerId.c" produced "a.out"

The C compiler identification is GNU, found in "/home/upmem0037/xialinl/research/libaray/src/backends/build-dir/CMakeFiles/3.13.4/CompilerIdC/a.out"

Compiling the CXX compiler identification source file "CMakeCXXCompilerId.cpp" succeeded.
Compiler: /usr/bin/c++ 
Build flags: 
Id flags:  

The output was:
0


Compilation of the CXX compiler identification source "CMakeCXXCompilerId.cpp" produced "a.out"

The CXX compiler identification is GNU, found in "/home/upmem0037/xialinl/research/libaray/src/backends/build-dir/CMakeFiles/3.13.4/CompilerIdCXX/a.out"

Determining if the C compiler works passed with the following output:
Change Dir: /home/upmem0037/xialinl/research/libaray/src/backends/build-dir/CMakeFiles/CMakeTmp

Run Build Command:"/usr/bin/make" "cmTC_bbdad/fast"
/usr/bin/make -f CMakeFiles/cmTC_bbdad.dir/build.make CMakeFiles/cmTC_bbdad.dir/build
make[1]: Entering directory '/home/upmem0037/xialinl/research/libaray/src/backends/build-dir/CMakeFiles/CMakeTmp'
Building C object CMakeFiles/cmTC_bbdad.dir/testCCompiler.c.o
/usr/bin/cc    -o CMakeFiles/cmTC_bbdad.dir/testCCompiler.c.o   -c /home/upmem0037/xialinl/research/libaray/src/backends/build-dir/CMakeFiles/CMakeTmp/testCCompiler.c
Linking C executable cmTC_bbdad
/usr/bin/cmake -E cmake_link_script CMakeFiles/cmTC_bbdad.dir/link.txt --verbose=1
/usr/bin/cc      CMakeFiles/cmTC_bbdad.dir/testCCompiler.c.o  -o cmTC_bbdad 
make[1]: Leaving directory '/home/upmem0037/xialinl/research/libaray/src/backends/build-dir/CMakeFiles/CMakeTmp'


Detecting C compiler ABI info compiled with the following output:
Change Dir: /home/upmem0037/xialinl/research/libaray/src/backends/build-dir/CMakeFiles/CMakeTmp

Run Build Command:"/usr/bin/make" "cmTC_ff5c1/fast"
/usr/bin/make -f CMakeFiles/cmTC_ff5c1.dir/build.make CMakeFiles/cmTC_ff5c1.dir/build
make[1]: Entering directory '/home/upmem0037/xialinl/research/libaray/src/backends/build-dir/CMakeFiles/CMakeTmp'
Building C object CMakeFiles/cmTC_ff5c1.dir/CMakeCCompilerABI.c.o
/usr/bin/cc    -o CMakeFiles/cmTC_ff5c1.dir/CMakeCCompilerABI.c.o   -c /usr/share/cmake-3.13/Modules/CMakeCCompilerABI.c
Linking C executable cmTC_ff5c1
/usr/bin/cmake -E cmake_link_script CMakeFiles/cmTC_ff5c1.dir/link.txt --verbose=1
/usr/bin/cc     -v CMakeFiles/cmTC_ff5c1.dir/CMakeCCompilerABI.c.o  -o cmTC_ff5c1 
Using built-in specs.
COLLECT_GCC=/usr/bin/cc
COLLECT_LTO_WRAPPER=/usr/lib/gcc/x86_64-linux-gnu/8/lto-wrapper
OFFLOAD_TARGET_NAMES=nvptx-none
OFFLOAD_TARGET_DEFAULT=1
Target: x86_64-linux-gnu
Configured with: ../src/configure -v --with-pkgversion='Debian 8.3.0-6' --with-bugurl=file:///usr/share/doc/gcc-8/README.Bugs --enable-languages=c,ada,c++,go,brig,d,fortran,objc,obj-c++ --prefix=/usr --with-gcc-major-version-only --program-suffix=-8 --program-prefix=x86_64-linux-gnu- --enable-shared --enable-linker-build-id --libexecdir=/usr/lib --without-included-gettext --enable-threads=posix --libdir=/usr/lib --enable-nls --enable-bootstrap --enable-clocale=gnu --enable-libstdcxx-debug --enable-libstdcxx-time=yes --with-default-libstdcxx-abi=new --enable-gnu-unique-object --disable-vtable-verify --enable-libmpx --enable-plugin --enable-default-pie --with-system-zlib --with-target-system-zlib --enable-objc-gc=auto --enable-multiarch --disable-werror --with-arch-32=i686 --with-abi=m64 --with-multilib-list=m32,m64,mx32 --enable-multilib --with-tune=generic --enable-offload-targets=nvptx-none --without-cuda-driver --enable-checking=release --build=x86_64-linux-gnu --host=x86_64-linux-gnu --target=x86_64-linux-gnu
Thread model: posix
gcc version 8.3.0 (Debian 8.3.0-6) 
COMPILER_PATH=/usr/lib/gcc/x86_64-linux-gnu/8/:/usr/lib/gcc/x86_64-linux-gnu/8/:/usr/lib/gcc/x86_64-linux-gnu/:/usr/lib/gcc/x86_64-linux-gnu/8/:/usr/lib/gcc/x86_64-linux-gnu/
LIBRARY_PATH=/usr/lib/gcc/x86_64-linux-gnu/8/:/usr/lib/gcc/x86_64-linux-gnu/8/../../../x86_64-linux-gnu/:/usr/lib/gcc/x86_64-linux-gnu/8/../../../../lib/:/lib/x86_64-linux-gnu/:/lib/../lib/:/usr/lib/x86_64-linux-gnu/:/usr/lib/../lib/:/usr/lib/gcc/x86_64-linux-gnu/8/../../../:/lib/:/usr/lib/
COLLECT_GCC_OPTIONS='-v' '-o' 'cmTC_ff5c1' '-mtune=generic' '-march=x86-64'
 /usr/lib/gcc/x86_64-linux-gnu/8/collect2 -plugin /usr/lib/gcc/x86_64-linux-gnu/8/liblto_plugin.so -plugin-opt=/usr/lib/gcc/x86_64-linux-gnu/8/lto-wrapper -plugin-opt=-fresolution=/tmp/ccbH6m0L.res -plugin-opt=-pass-through=-lgcc -plugin-opt=-pass-through=-lgcc_s -plugin-opt=-pass-through=-lc -plugin-opt=-pass-through=-lgcc -plugin-opt=-pass-through=-lgcc_s --build-id --eh-frame-hdr -m elf_x86_64 --hash-style=gnu -dynamic-linker /lib64/ld-linux-x86-64.so.2 -pie -o cmTC_ff5c1 /usr/lib/gcc/x86_64-linux-gnu/8/../../../x86_64-linux-gnu/Scrt1.o /usr/lib/gcc/x86_64-linux-gnu/8/../../../x86_64-linux-gnu/crti.o /usr/lib/gcc/x86_64-linux-gnu/8/crtbeginS.o -L/usr/lib/gcc/x86_64-linux-gnu/8 -L/usr/lib/gcc/x86_64-linux-gnu/8/../../../x86_64-linux-gnu -L/usr/lib/gcc/x86_64-linux-gnu/8/../../../../lib -L/lib/x86_64-linux-gnu -L/lib/../lib -L/usr/lib/x86_64-linux-gnu -L/usr/lib/../lib -L/usr/lib/gcc/x86_64-linux-gnu/8/../../.. CMakeFiles/cmTC_ff5c1.dir/CMakeCCompilerABI.c.o -lgcc --push-state --as-needed -lgcc_s --pop-state -lc -lgcc --push-state --as-needed -lgcc_s --pop-state /usr/lib/gcc/x86_64-linux-gnu/8/crtendS.o /usr/lib/gcc/x86_64-linux-gnu/8/../../../x86_64-linux-gnu/crtn.o
COLLECT_GCC_OPTIONS='-v' '-o' 'cmTC_ff5c1' '-mtune=generic' '-march=x86-64'
make[1]: Leaving directory '/home/upmem0037/xialinl/research/libaray/src/backends/build-dir/CMakeFiles/CMakeTmp'


Parsed C implicit link information from above output:
  link line regex: [^( *|.*[/\])(ld|CMAKE_LINK_STARTFILE-NOTFOUND|([^/\]+-)?ld|collect2)[^/\]*( |$)]
  ignore line: [Change Dir: /home/upmem0037/xialinl/research/libaray/src/backends/build-dir/CMakeFiles/CMakeTmp]
  ignore line: []
  ignore line: [Run Build Command:"/usr/bin/make" "cmTC_ff5c1/fast"]
  ignore line: [/usr/bin/make -f CMakeFiles/cmTC_ff5c1.dir/build.make CMakeFiles/cmTC_ff5c1.dir/build]
  ignore line: [make[1]: Entering directory '/home/upmem0037/xialinl/research/libaray/src/backends/build-dir/CMakeFiles/CMakeTmp']
  ignore line: [Building C object CMakeFiles/cmTC_ff5c1.dir/CMakeCCompilerABI.c.o]
  ignore line: [/usr/bin/cc    -o CMakeFiles/cmTC_ff5c1.dir/CMakeCCompilerABI.c.o   -c /usr/share/cmake-3.13/Modules/CMakeCCompilerABI.c]
  ignore line: [Linking C executable cmTC_ff5c1]
  ignore line: [/usr/bin/cmake -E cmake_link_script CMakeFiles/cmTC_ff5c1.dir/link.txt --verbose=1]
  ignore line: [/usr/bin/cc     -v CMakeFiles/cmTC_ff5c1.dir/CMakeCCompilerABI.c.o  -o cmTC_ff5c1 ]
  ignore line: [Using built-in specs.]
  ignore line: [COLLECT_GCC=/usr/bin/cc]
  ignore line: [COLLECT_LTO_WRAPPER=/usr/lib/gcc/x86_64-linux-gnu/8/lto-wrapper]
  ignore line: [OFFLOAD_TARGET_NAMES=nvptx-none]
  ignore line: [OFFLOAD_TARGET_DEFAULT=1]
  ignore line: [Target: x86_64-linux-gnu]
  ignore line: [Configured with: ../src/configure -v --with-pkgversion='Debian 8.3.0-6' --with-bugurl=file:///usr/share/doc/gcc-8/README.Bugs --enable-languages=c,ada,c++,go,brig,d,fortran,objc,obj-c++ --prefix=/usr --with-gcc-major-version-only --program-suffix=-8 --program-prefix=x86_64-linux-gnu- --enable-shared --enable-linker-build-id --libexecdir=/usr/lib --without-included-gettext --enable-threads=posix --libdir=/usr/lib --enable-nls --enable-bootstrap --enable-clocale=gnu --enable-libstdcxx-debug --enable-libstdcxx-time=yes --with-default-libstdcxx-abi=new --enable-gnu-unique-object --disable-vtable-verify --enable-libmpx --enable-plugin --enable-default-pie --with-system-zlib --with-target-system-zlib --enable-objc-gc=auto --enable-multiarch --disable-werror --with-arch-32=i686 --with-abi=m64 --with-multilib-list=m32,m64,mx32 --enable-multilib --with-tune=generic --enable-offload-targets=nvptx-none --without-cuda-driver --enable-checking=release --build=x86_64-linux-gnu --host=x86_64-linux-gnu --target=x86_64-linux-gnu]
  ignore line: [Thread model: posix]
  ignore line: [gcc version 8.3.0 (Debian 8.3.0-6) ]
  ignore line: [COMPILER_PATH=/usr/lib/gcc/x86_64-linux-gnu/8/:/usr/lib/gcc/x86_64-linux-gnu/8/:/usr/lib/gcc/x86_64-linux-gnu/:/usr/lib/gcc/x86_64-linux-gnu/8/:/usr/lib/gcc/x86_64-linux-gnu/]
  ignore line: [LIBRARY_PATH=/usr/lib/gcc/x86_64-linux-gnu/8/:/usr/lib/gcc/x86_64-linux-gnu/8/../../../x86_64-linux-gnu/:/usr/lib/gcc/x86_64-linux-gnu/8/../../../../lib/:/lib/x86_64-linux-gnu/:/lib/../lib/:/usr/lib/x86_64-linux-gnu/:/usr/lib/../lib/:/usr/lib/gcc/x86_64-linux-gnu/8/../../../:/lib/:/usr/lib/]
  ignore line: [COLLECT_GCC_OPTIONS='-v' '-o' 'cmTC_ff5c1' '-mtune=generic' '-march=x86-64']
  link line: [ /usr/lib/gcc/x86_64-linux-gnu/8/collect2 -plugin /usr/lib/gcc/x86_64-linux-gnu/8/liblto_plugin.so -plugin-opt=/usr/lib/gcc/x86_64-linux-gnu/8/lto-wrapper -plugin-opt=-fresolution=/tmp/ccbH6m0L.res -plugin-opt=-pass-through=-lgcc -plugin-opt=-pass-through=-lgcc_s -plugin-opt=-pass-through=-lc -plugin-opt=-pass-through=-lgcc -plugin-opt=-pass-through=-lgcc_s --build-id --eh-frame-hdr -m elf_x86_64 --hash-style=gnu -dynamic-linker /lib64/ld-linux-x86-64.so.2 -pie -o cmTC_ff5c1 /usr/lib/gcc/x86_64-linux-gnu/8/../../../x86_64-linux-gnu/Scrt1.o /usr/lib/gcc/x86_64-linux-gnu/8/../../../x86_64-linux-gnu/crti.o /usr/lib/gcc/x86_64-linux-gnu/8/crtbeginS.o -L/usr/lib/gcc/x86_64-linux-gnu/8 -L/usr/lib/gcc/x86_64-linux-gnu/8/../../../x86_64-linux-gnu -L/usr/lib/gcc/x86_64-linux-gnu/8/../../../../lib -L/lib/x86_64-linux-gnu -L/lib/../lib -L/usr/lib/x86_64-linux-gnu -L/usr/lib/../lib -L/usr/lib/gcc/x86_64-linux-gnu/8/../../.. CMakeFiles/cmTC_ff5c1.dir/CMakeCCompilerABI.c.o -lgcc --push-state --as-needed -lgcc_s --pop-state -lc -lgcc --push-state --as-needed -lgcc_s --pop-state /usr/lib/gcc/x86_64-linux-gnu/8/crtendS.o /usr/lib/gcc/x86_64-linux-gnu/8/../../../x86_64-linux-gnu/crtn.o]
    arg [/usr/lib/gcc/x86_64-linux-gnu/8/collect2] ==> ignore
    arg [-plugin] ==> ignore
    arg [/usr/lib/gcc/x86_64-linux-gnu/8/liblto_plugin.so] ==> ignore
    arg [-plugin-opt=/usr/lib/gcc/x86_64-linux-gnu/8/lto-wrapper] ==> ignore
    arg [-plugin-opt=-fresolution=/tmp/ccbH6m0L.res] ==> ignore
    arg [-plugin-opt=-pass-through=-lgcc] ==> ignore
    arg [-plugin-opt=-pass-through=-lgcc_s] ==> ignore
    arg [-plugin-opt=-pass-through=-lc] ==> ignore
    arg [-plugin-opt=-pass-through=-lgcc] ==> ignore
    arg [-plugin-opt=-pass-through=-lgcc_s] ==> ignore
    arg [--build-id] ==> ignore
    arg [--eh-frame-hdr] ==> ignore
    arg [-m] ==> ignore
    arg [elf_x86_64] ==> ignore
    arg [--hash-style=gnu] ==> ignore
    arg [-dynamic-linker] ==> ignore
    arg [/lib64/ld-linux-x86-64.so.2] ==> ignore
    arg [-pie] ==> ignore
    arg [-o] ==> ignore
    arg [cmTC_ff5c1] ==> ignore
    arg [/usr/lib/gcc/x86_64-linux-gnu/8/../../../x86_64-linux-gnu/Scrt1.o] ==> ignore
    arg [/usr/lib/gcc/x86_64-linux-gnu/8/../../../x86_64-linux-gnu/crti.o] ==> ignore
    arg [/usr/lib/gcc/x86_64-linux-gnu/8/crtbeginS.o] ==> ignore
    arg [-L/usr/lib/gcc/x86_64-linux-gnu/8] ==> dir [/usr/lib/gcc/x86_64-linux-gnu/8]
    arg [-L/usr/lib/gcc/x86_64-linux-gnu/8/../../../x86_64-linux-gnu] ==> dir [/usr/lib/gcc/x86_64-linux-gnu/8/../../../x86_64-linux-gnu]
    arg [-L/usr/lib/gcc/x86_64-linux-gnu/8/../../../../lib] ==> dir [/usr/lib/gcc/x86_64-linux-gnu/8/../../../../lib]
    arg [-L/lib/x86_64-linux-gnu] ==> dir [/lib/x86_64-linux-gnu]
    arg [-L/lib/../lib] ==> dir [/lib/../lib]
    arg [-L/usr/lib/x86_64-linux-gnu] ==> dir [/usr/lib/x86_64-linux-gnu]
    arg [-L/usr/lib/../lib] ==> dir [/usr/lib/../lib]
    arg [-L/usr/lib/gcc/x86_64-linux-gnu/8/../../..] ==> dir [/usr/lib/gcc/x86_64-linux-gnu/8/../../..]
    arg [CMakeFiles/cmTC_ff5c1.dir/CMakeCCompilerABI.c.o] ==> ignore
    arg [-lgcc] ==> lib [gcc]
    arg [--push-state] ==> ignore
    arg [--as-needed] ==> ignore
    arg [-lgcc_s] ==> lib [gcc_s]
    arg [--pop-state] ==> ignore
    arg [-lc] ==> lib [c]
    arg [-lgcc] ==> lib [gcc]
    arg [--push-state] ==> ignore
    arg [--as-needed] ==> ignore
    arg [-lgcc_s] ==> lib [gcc_s]
    arg [--pop-state] ==> ignore
    arg [/usr/lib/gcc/x86_64-linux-gnu/8/crtendS.o] ==> ignore
    arg [/usr/lib/gcc/x86_64-linux-gnu/8/../../../x86_64-linux-gnu/crtn.o] ==> ignore
  collapse library dir [/usr/lib/gcc/x86_64-linux-gnu/8] ==> [/usr/lib/gcc/x86_64-linux-gnu/8]
  collapse library dir [/usr/lib/gcc/x86_64-linux-gnu/8/../../../x86_64-linux-gnu] ==> [/usr/lib/x86_64-linux-gnu]
  collapse library dir [/usr/lib/gcc/x86_64-linux-gnu/8/../../../../lib] ==> [/usr/lib]
  collapse library dir [/lib/x86_64-linux-gnu] ==> [/lib/x86_64-linux-gnu]
  collapse library dir [/lib/../lib] ==> [/lib]
  collapse library dir [/usr/lib/x86_64-linux-gnu] ==> [/usr/lib/x86_64-linux-gnu]
  collapse library dir [/usr/lib/../lib] ==> [/usr/lib]
  collapse library dir [/usr/lib/gcc/x86_64-linux-gnu/8/../../..] ==> [/usr/lib]
  implicit libs: [gcc;gcc_s;c;gcc;gcc_s]
  implicit dirs: [/usr/lib/gcc/x86_64-linux-gnu/8;/usr/lib/x86_64-linux-gnu;/usr/lib;/lib/x86_64-linux-gnu;/lib]
  implicit fwks: []




Detecting C [-std=c11] compiler features compiled with the following output:
Change Dir: /home/upmem0037/xialinl/research/libaray/src/backends/build-dir/CMakeFiles/CMakeTmp

Run Build Command:"/usr/bin/make" "cmTC_a79a0/fast"
/usr/bin/make -f CMakeFiles/cmTC_a79a0.dir/build.make CMakeFiles/cmTC_a79a0.dir/build
make[1]: Entering directory '/home/upmem0037/xialinl/research/libaray/src/backends/build-dir/CMakeFiles/CMakeTmp'
Building C object CMakeFiles/cmTC_a79a0.dir/feature_tests.c.o
/usr/bin/cc   -std=c11 -o CMakeFiles/cmTC_a79a0.dir/feature_tests.c.o   -c /home/upmem0037/xialinl/research/libaray/src/backends/build-dir/CMakeFiles/feature_tests.c
Linking C executable cmTC_a79a0
/usr/bin/cmake -E cmake_link_script CMakeFiles/cmTC_a79a0.dir/link.txt --verbose=1
/usr/bin/cc      CMakeFiles/cmTC_a79a0.dir/feature_tests.c.o  -o cmTC_a79a0 
make[1]: Leaving directory '/home/upmem0037/xialinl/research/libaray/src/backends/build-dir/CMakeFiles/CMakeTmp'


    Feature record: C_FEATURE:1c_function_prototypes
    Feature record: C_FEATURE:1c_restrict
    Feature record: C_FEATURE:1c_static_assert
    Feature record: C_FEATURE:1c_variadic_macros


Detecting C [-std=c99] compiler features compiled with the following output:
Change Dir: /home/upmem0037/xialinl/research/libaray/src/backends/build-dir/CMakeFiles/CMakeTmp

Run Build Command:"/usr/bin/make" "cmTC_8cb43/fast"
/usr/bin/make -f CMakeFiles/cmTC_8cb43.dir/build.make CMakeFiles/cmTC_8cb43.dir/build
make[1]: Entering directory '/home/upmem0037/xialinl/research/libaray/src/backends/build-dir/CMakeFiles/CMakeTmp'
Building C object CMakeFiles/cmTC_8cb43.dir/feature_tests.c.o
/usr/bin/cc   -std=c99 -o CMakeFiles/cmTC_8cb43.dir/feature_tests.c.o   -c /home/upmem0037/xialinl/research/libaray/src/backends/build-dir/CMakeFiles/feature_tests.c
Linking C executable cmTC_8cb43
/usr/bin/cmake -E cmake_link_script CMakeFiles/cmTC_8cb43.dir/link.txt --verbose=1
/usr/bin/cc      CMakeFiles/cmTC_8cb43.dir/feature_tests.c.o  -o cmTC_8cb43 
make[1]: Leaving directory '/home/upmem0037/xialinl/research/libaray/src/backends/build-dir/CMakeFiles/CMakeTmp'


    Feature record: C_FEATURE:1c_function_prototypes
    Feature record: C_FEATURE:1c_restrict
    Feature record: C_FEATURE:0c_static_assert
    Feature record: C_FEATURE:1c_variadic_macros


Detecting C [-std=c90] compiler features compiled with the following output:
Change Dir: /home/upmem0037/xialinl/research/libaray/src/backends/build-dir/CMakeFiles/CMakeTmp

Run Build Command:"/usr/bin/make" "cmTC_962ab/fast"
/usr/bin/make -f CMakeFiles/cmTC_962ab.dir/build.make CMakeFiles/cmTC_962ab.dir/build
make[1]: Entering directory '/home/upmem0037/xialinl/research/libaray/src/backends/build-dir/CMakeFiles/CMakeTmp'
Building C object CMakeFiles/cmTC_962ab.dir/feature_tests.c.o
/usr/bin/cc   -std=c90 -o CMakeFiles/cmTC_962ab.dir/feature_tests.c.o   -c /home/upmem0037/xialinl/research/libaray/src/backends/build-dir/CMakeFiles/feature_tests.c
Linking C executable cmTC_962ab
/usr/bin/cmake -E cmake_link_script CMakeFiles/cmTC_962ab.dir/link.txt --verbose=1
/usr/bin/cc      CMakeFiles/cmTC_962ab.dir/feature_tests.c.o  -o cmTC_962ab 
make[1]: Leaving directory '/home/upmem0037/xialinl/research/libaray/src/backends/build-dir/CMakeFiles/CMakeTmp'


    Feature record: C_FEATURE:1c_function_prototypes
    Feature record: C_FEATURE:0c_restrict
    Feature record: C_FEATURE:0c_static_assert
    Feature record: C_FEATURE:0c_variadic_macros
Determining if the CXX compiler works passed with the following output:
Change Dir: /home/upmem0037/xialinl/research/libaray/src/backends/build-dir/CMakeFiles/CMakeTmp

Run Build Command:"/usr/bin/make" "cmTC_a92bd/fast"
/usr/bin/make -f CMakeFiles/cmTC_a92bd.dir/build.make CMakeFiles/cmTC_a92bd.dir/build
make[1]: Entering directory '/home/upmem0037/xialinl/research/libaray/src/backends/build-dir/CMakeFiles/CMakeTmp'
Building CXX object CMakeFiles/cmTC_a92bd.dir/testCXXCompiler.cxx.o
/usr/bin/c++     -o CMakeFiles/cmTC_a92bd.dir/testCXXCompiler.cxx.o -c /home/upmem0037/xialinl/research/libaray/src/backends/build-dir/CMakeFiles/CMakeTmp/testCXXCompiler.cxx
Linking CXX executable cmTC_a92bd
/usr/bin/cmake -E cmake_link_script CMakeFiles/cmTC_a92bd.dir/link.txt --verbose=1
/usr/bin/c++       CMakeFiles/cmTC_a92bd.dir/testCXXCompiler.cxx.o  -o cmTC_a92bd 
make[1]: Leaving directory '/home/upmem0037/xialinl/research/libaray/src/backends/build-dir/CMakeFiles/CMakeTmp'


Detecting CXX compiler ABI info compiled with the following output:
Change Dir: /home/upmem0037/xialinl/research/libaray/src/backends/build-dir/CMakeFiles/CMakeTmp

Run Build Command:"/usr/bin/make" "cmTC_39b83/fast"
/usr/bin/make -f CMakeFiles/cmTC_39b83.dir/build.make CMakeFiles/cmTC_39b83.dir/build
make[1]: Entering directory '/home/upmem0037/xialinl/research/libaray/src/backends/build-dir/CMakeFiles/CMakeTmp'
Building CXX object CMakeFiles/cmTC_39b83.dir/CMakeCXXCompilerABI.cpp.o
/usr/bin/c++     -o CMakeFiles/cmTC_39b83.dir/CMakeCXXCompilerABI.cpp.o -c /usr/share/cmake-3.13/Modules/CMakeCXXCompilerABI.cpp
Linking CXX executable cmTC_39b83
/usr/bin/cmake -E cmake_link_script CMakeFiles/cmTC_39b83.dir/link.txt --verbose=1
/usr/bin/c++      -v CMakeFiles/cmTC_39b83.dir/CMakeCXXCompilerABI.cpp.o  -o cmTC_39b83 
Using built-in specs.
COLLECT_GCC=/usr/bin/c++
COLLECT_LTO_WRAPPER=/usr/lib/gcc/x86_64-linux-gnu/8/lto-wrapper
OFFLOAD_TARGET_NAMES=nvptx-none
OFFLOAD_TARGET_DEFAULT=1
Target: x86_64-linux-gnu
Configured with: ../src/configure -v --with-pkgversion='Debian 8.3.0-6' --with-bugurl=file:///usr/share/doc/gcc-8/README.Bugs --enable-languages=c,ada,c++,go,brig,d,fortran,objc,obj-c++ --prefix=/usr --with-gcc-major-version-only --program-suffix=-8 --program-prefix=x86_64-linux-gnu- --enable-shared --enable-linker-build-id --libexecdir=/usr/lib --without-included-gettext --enable-threads=posix --libdir=/usr/lib --enable-nls --enable-bootstrap --enable-clocale=gnu --enable-libstdcxx-debug --enable-libstdcxx-time=yes --with-default-libstdcxx-abi=new --enable-gnu-unique-object --disable-vtable-verify --enable-libmpx --enable-plugin --enable-default-pie --with-system-zlib --with-target-system-zlib --enable-objc-gc=auto --enable-multiarch --disable-werror --with-arch-32=i686 --with-abi=m64 --with-multilib-list=m32,m64,mx32 --enable-multilib --with-tune=generic --enable-offload-targets=nvptx-none --without-cuda-driver --enable-checking=release --build=x86_64-linux-gnu --host=x86_64-linux-gnu --target=x86_64-linux-gnu
Thread model: posix
gcc version 8.3.0 (Debian 8.3.0-6) 
COMPILER_PATH=/usr/lib/gcc/x86_64-linux-gnu/8/:/usr/lib/gcc/x86_64-linux-gnu/8/:/usr/lib/gcc/x86_64-linux-gnu/:/usr/lib/gcc/x86_64-linux-gnu/8/:/usr/lib/gcc/x86_64-linux-gnu/
LIBRARY_PATH=/usr/lib/gcc/x86_64-linux-gnu/8/:/usr/lib/gcc/x86_64-linux-gnu/8/../../../x86_64-linux-gnu/:/usr/lib/gcc/x86_64-linux-gnu/8/../../../../lib/:/lib/x86_64-linux-gnu/:/lib/../lib/:/usr/lib/x86_64-linux-gnu/:/usr/lib/../lib/:/usr/lib/gcc/x86_64-linux-gnu/8/../../../:/lib/:/usr/lib/
COLLECT_GCC_OPTIONS='-v' '-o' 'cmTC_39b83' '-shared-libgcc' '-mtune=generic' '-march=x86-64'
 /usr/lib/gcc/x86_64-linux-gnu/8/collect2 -plugin /usr/lib/gcc/x86_64-linux-gnu/8/liblto_plugin.so -plugin-opt=/usr/lib/gcc/x86_64-linux-gnu/8/lto-wrapper -plugin-opt=-fresolution=/tmp/cc73m1OU.res -plugin-opt=-pass-through=-lgcc_s -plugin-opt=-pass-through=-lgcc -plugin-opt=-pass-through=-lc -plugin-opt=-pass-through=-lgcc_s -plugin-opt=-pass-through=-lgcc --build-id --eh-frame-hdr -m elf_x86_64 --hash-style=gnu -dynamic-linker /lib64/ld-linux-x86-64.so.2 -pie -o cmTC_39b83 /usr/lib/gcc/x86_64-linux-gnu/8/../../../x86_64-linux-gnu/Scrt1.o /usr/lib/gcc/x86_64-linux-gnu/8/../../../x86_64-linux-gnu/crti.o /usr/lib/gcc/x86_64-linux-gnu/8/crtbeginS.o -L/usr/lib/gcc/x86_64-linux-gnu/8 -L/usr/lib/gcc/x86_64-linux-gnu/8/../../../x86_64-linux-gnu -L/usr/lib/gcc/x86_64-linux-gnu/8/../../../../lib -L/lib/x86_64-linux-gnu -L/lib/../lib -L/usr/lib/x86_64-linux-gnu -L/usr/lib/../lib -L/usr/lib/gcc/x86_64-linux-gnu/8/../../.. CMakeFiles/cmTC_39b83.dir/CMakeCXXCompilerABI.cpp.o -lstdc++ -lm -lgcc_s -lgcc -lc -lgcc_s -lgcc /usr/lib/gcc/x86_64-linux-gnu/8/crtendS.o /usr/lib/gcc/x86_64-linux-gnu/8/../../../x86_64-linux-gnu/crtn.o
COLLECT_GCC_OPTIONS='-v' '-o' 'cmTC_39b83' '-shared-libgcc' '-mtune=generic' '-march=x86-64'
make[1]: Leaving directory '/home/upmem0037/xialinl/research/libaray/src/backends/build-dir/CMakeFiles/CMakeTmp'


Parsed CXX implicit link information from above output:
  link line regex: [^( *|.*[/\])(ld|CMAKE_LINK_STARTFILE-NOTFOUND|([^/\]+-)?ld|collect2)[^/\]*( |$)]
  ignore line: [Change Dir: /home/upmem0037/xialinl/research/libaray/src/backends/build-dir/CMakeFiles/CMakeTmp]
  ignore line: []
  ignore line: [Run Build Command:"/usr/bin/make" "cmTC_39b83/fast"]
  ignore line: [/usr/bin/make -f CMakeFiles/cmTC_39b83.dir/build.make CMakeFiles/cmTC_39b83.dir/build]
  ignore line: [make[1]: Entering directory '/home/upmem0037/xialinl/research/libaray/src/backends/build-dir/CMakeFiles/CMakeTmp']
  ignore line: [Building CXX object CMakeFiles/cmTC_39b83.dir/CMakeCXXCompilerABI.cpp.o]
  ignore line: [/usr/bin/c++     -o CMakeFiles/cmTC_39b83.dir/CMakeCXXCompilerABI.cpp.o -c /usr/share/cmake-3.13/Modules/CMakeCXXCompilerABI.cpp]
  ignore line: [Linking CXX executable cmTC_39b83]
  ignore line: [/usr/bin/cmake -E cmake_link_script CMakeFiles/cmTC_39b83.dir/link.txt --verbose=1]
  ignore line: [/usr/bin/c++      -v CMakeFiles/cmTC_39b83.dir/CMakeCXXCompilerABI.cpp.o  -o cmTC_39b83 ]
  ignore line: [Using built-in specs.]
  ignore line: [COLLECT_GCC=/usr/bin/c++]
  ignore line: [COLLECT_LTO_WRAPPER=/usr/lib/gcc/x86_64-linux-gnu/8/lto-wrapper]
  ignore line: [OFFLOAD_TARGET_NAMES=nvptx-none]
  ignore line: [OFFLOAD_TARGET_DEFAULT=1]
  ignore line: [Target: x86_64-linux-gnu]
  ignore line: [Configured with: ../src/configure -v --with-pkgversion='Debian 8.3.0-6' --with-bugurl=file:///usr/share/doc/gcc-8/README.Bugs --enable-languages=c,ada,c++,go,brig,d,fortran,objc,obj-c++ --prefix=/usr --with-gcc-major-version-only --program-suffix=-8 --program-prefix=x86_64-linux-gnu- --enable-shared --enable-linker-build-id --libexecdir=/usr/lib --without-included-gettext --enable-threads=posix --libdir=/usr/lib --enable-nls --enable-bootstrap --enable-clocale=gnu --enable-libstdcxx-debug --enable-libstdcxx-time=yes --with-default-libstdcxx-abi=new --enable-gnu-unique-object --disable-vtable-verify --enable-libmpx --enable-plugin --enable-default-pie --with-system-zlib --with-target-system-zlib --enable-objc-gc=auto --enable-multiarch --disable-werror --with-arch-32=i686 --with-abi=m64 --with-multilib-list=m32,m64,mx32 --enable-multilib --with-tune=generic --enable-offload-targets=nvptx-none --without-cuda-driver --enable-checking=release --build=x86_64-linux-gnu --host=x86_64-linux-gnu --target=x86_64-linux-gnu]
  ignore line: [Thread model: posix]
  ignore line: [gcc version 8.3.0 (Debian 8.3.0-6) ]
  ignore line: [COMPILER_PATH=/usr/lib/gcc/x86_64-linux-gnu/8/:/usr/lib/gcc/x86_64-linux-gnu/8/:/usr/lib/gcc/x86_64-linux-gnu/:/usr/lib/gcc/x86_64-linux-gnu/8/:/usr/lib/gcc/x86_64-linux-gnu/]
  ignore line: [LIBRARY_PATH=/usr/lib/gcc/x86_64-linux-gnu/8/:/usr/lib/gcc/x86_64-linux-gnu/8/../../../x86_64-linux-gnu/:/usr/lib/gcc/x86_64-linux-gnu/8/../../../../lib/:/lib/x86_64-linux-gnu/:/lib/../lib/:/usr/lib/x86_64-linux-gnu/:/usr/lib/../lib/:/usr/lib/gcc/x86_64-linux-gnu/8/../../../:/lib/:/usr/lib/]
  ignore line: [COLLECT_GCC_OPTIONS='-v' '-o' 'cmTC_39b83' '-shared-libgcc' '-mtune=generic' '-march=x86-64']
  link line: [ /usr/lib/gcc/x86_64-linux-gnu/8/collect2 -plugin /usr/lib/gcc/x86_64-linux-gnu/8/liblto_plugin.so -plugin-opt=/usr/lib/gcc/x86_64-linux-gnu/8/lto-wrapper -plugin-opt=-fresolution=/tmp/cc73m1OU.res -plugin-opt=-pass-through=-lgcc_s -plugin-opt=-pass-through=-lgcc -plugin-opt=-pass-through=-lc -plugin-opt=-pass-through=-lgcc_s -plugin-opt=-pass-through=-lgcc --build-id --eh-frame-hdr -m elf_x86_64 --hash-style=gnu -dynamic-linker /lib64/ld-linux-x86-64.so.2 -pie -o cmTC_39b83 /usr/lib/gcc/x86_64-linux-gnu/8/../../../x86_64-linux-gnu/Scrt1.o /usr/lib/gcc/x86_64-linux-gnu/8/../../../x86_64-linux-gnu/crti.o /usr/lib/gcc/x86_64-linux-gnu/8/crtbeginS.o -L/usr/lib/gcc/x86_64-linux-gnu/8 -L/usr/lib/gcc/x86_64-linux-gnu/8/../../../x86_64-linux-gnu -L/usr/lib/gcc/x86_64-linux-gnu/8/../../../../lib -L/lib/x86_64-linux-gnu -L/lib/../lib -L/usr/lib/x86_64-linux-gnu -L/usr/lib/../lib -L/usr/lib/gcc/x86_64-linux-gnu/8/../../.. CMakeFiles/cmTC_39b83.dir/CMakeCXXCompilerABI.cpp.o -lstdc++ -lm -lgcc_s -lgcc -lc -lgcc_s -lgcc /usr/lib/gcc/x86_64-linux-gnu/8/crtendS.o /usr/lib/gcc/x86_64-linux-gnu/8/../../../x86_64-linux-gnu/crtn.o]
    arg [/usr/lib/gcc/x86_64-linux-gnu/8/collect2] ==> ignore
    arg [-plugin] ==> ignore
    arg [/usr/lib/gcc/x86_64-linux-gnu/8/liblto_plugin.so] ==> ignore
    arg [-plugin-opt=/usr/lib/gcc/x86_64-linux-gnu/8/lto-wrapper] ==> ignore
    arg [-plugin-opt=-fresolution=/tmp/cc73m1OU.res] ==> ignore
    arg [-plugin-opt=-pass-through=-lgcc_s] ==> ignore
    arg [-plugin-opt=-pass-through=-lgcc] ==> ignore
    arg [-plugin-opt=-pass-through=-lc] ==> ignore
    arg [-plugin-opt=-pass-through=-lgcc_s] ==> ignore
    arg [-plugin-opt=-pass-through=-lgcc] ==> ignore
    arg [--build-id] ==> ignore
    arg [--eh-frame-hdr] ==> ignore
    arg [-m] ==> ignore
    arg [elf_x86_64] ==> ignore
    arg [--hash-style=gnu] ==> ignore
    arg [-dynamic-linker] ==> ignore
    arg [/lib64/ld-linux-x86-64.so.2] ==> ignore
    arg [-pie] ==> ignore
    arg [-o] ==> ignore
    arg [cmTC_39b83] ==> ignore
    arg [/usr/lib/gcc/x86_64-linux-gnu/8/../../../x86_64-linux-gnu/Scrt1.o] ==> ignore
    arg [/usr/lib/gcc/x86_64-linux-gnu/8/../../../x86_64-linux-gnu/crti.o] ==> ignore
    arg [/usr/lib/gcc/x86_64-linux-gnu/8/crtbeginS.o] ==> ignore
    arg [-L/usr/lib/gcc/x86_64-linux-gnu/8] ==> dir [/usr/lib/gcc/x86_64-linux-gnu/8]
    arg [-L/usr/lib/gcc/x86_64-linux-gnu/8/../../../x86_64-linux-gnu] ==> dir [/usr/lib/gcc/x86_64-linux-gnu/8/../../../x86_64-linux-gnu]
    arg [-L/usr/lib/gcc/x86_64-linux-gnu/8/../../../../lib] ==> dir [/usr/lib/gcc/x86_64-linux-gnu/8/../../../../lib]
    arg [-L/lib/x86_64-linux-gnu] ==> dir [/lib/x86_64-linux-gnu]
    arg [-L/lib/../lib] ==> dir [/lib/../lib]
    arg [-L/usr/lib/x86_64-linux-gnu] ==> dir [/usr/lib/x86_64-linux-gnu]
    arg [-L/usr/lib/../lib] ==> dir [/usr/lib/../lib]
    arg [-L/usr/lib/gcc/x86_64-linux-gnu/8/../../..] ==> dir [/usr/lib/gcc/x86_64-linux-gnu/8/../../..]
    arg [CMakeFiles/cmTC_39b83.dir/CMakeCXXCompilerABI.cpp.o] ==> ignore
    arg [-lstdc++] ==> lib [stdc++]
    arg [-lm] ==> lib [m]
    arg [-lgcc_s] ==> lib [gcc_s]
    arg [-lgcc] ==> lib [gcc]
    arg [-lc] ==> lib [c]
    arg [-lgcc_s] ==> lib [gcc_s]
    arg [-lgcc] ==> lib [gcc]
    arg [/usr/lib/gcc/x86_64-linux-gnu/8/crtendS.o] ==> ignore
    arg [/usr/lib/gcc/x86_64-linux-gnu/8/../../../x86_64-linux-gnu/crtn.o] ==> ignore
  collapse library dir [/usr/lib/gcc/x86_64-linux-gnu/8] ==> [/usr/lib/gcc/x86_64-linux-gnu/8]
  collapse library dir [/usr/lib/gcc/x86_64-linux-gnu/8/../../../x86_64-linux-gnu] ==> [/usr/lib/x86_64-linux-gnu]
  collapse library dir [/usr/lib/gcc/x86_64-linux-gnu/8/../../../../lib] ==> [/usr/lib]
  collapse library dir [/lib/x86_64-linux-gnu] ==> [/lib/x86_64-linux-gnu]
  collapse library dir [/lib/../lib] ==> [/lib]
  collapse library dir [/usr/lib/x86_64-linux-gnu] ==> [/usr/lib/x86_64-linux-gnu]
  collapse library dir [/usr/lib/../lib] ==> [/usr/lib]
  collapse library dir [/usr/lib/gcc/x86_64-linux-gnu/8/../../..] ==> [/usr/lib]
  implicit libs: [stdc++;m;gcc_s;gcc;c;gcc_s;gcc]
  implicit dirs: [/usr/lib/gcc/x86_64-linux-gnu/8;/usr/lib/x86_64-linux-gnu;/usr/lib;/lib/x86_64-linux-gnu;/lib]
  implicit fwks: []




Detecting CXX [-std=c++2a] compiler features compiled with the following output:
Change Dir: /home/upmem0037/xialinl/research/libaray/src/backends/build-dir/CMakeFiles/CMakeTmp

Run Build Command:"/usr/bin/make" "cmTC_909ea/fast"
/usr/bin/make -f CMakeFiles/cmTC_909ea.dir/build.make CMakeFiles/cmTC_909ea.dir/build
make[1]: Entering directory '/home/upmem0037/xialinl/research/libaray/src/backends/build-dir/CMakeFiles/CMakeTmp'
Building CXX object CMakeFiles/cmTC_909ea.dir/feature_tests.cxx.o
/usr/bin/c++    -std=c++2a -o CMakeFiles/cmTC_909ea.dir/feature_tests.cxx.o -c /home/upmem0037/xialinl/research/libaray/src/backends/build-dir/CMakeFiles/feature_tests.cxx
Linking CXX executable cmTC_909ea
/usr/bin/cmake -E cmake_link_script CMakeFiles/cmTC_909ea.dir/link.txt --verbose=1
/usr/bin/c++       CMakeFiles/cmTC_909ea.dir/feature_tests.cxx.o  -o cmTC_909ea 
make[1]: Leaving directory '/home/upmem0037/xialinl/research/libaray/src/backends/build-dir/CMakeFiles/CMakeTmp'


    Feature record: CXX_FEATURE:1cxx_aggregate_default_initializers
    Feature record: CXX_FEATURE:1cxx_alias_templates
    Feature record: CXX_FEATURE:1cxx_alignas
    Feature record: CXX_FEATURE:1cxx_alignof
    Feature record: CXX_FEATURE:1cxx_attributes
    Feature record: CXX_FEATURE:1cxx_attribute_deprecated
    Feature record: CXX_FEATURE:1cxx_auto_type
    Feature record: CXX_FEATURE:1cxx_binary_literals
    Feature record: CXX_FEATURE:1cxx_constexpr
    Feature record: CXX_FEATURE:1cxx_contextual_conversions
    Feature record: CXX_FEATURE:1cxx_decltype
    Feature record: CXX_FEATURE:1cxx_decltype_auto
    Feature record: CXX_FEATURE:1cxx_decltype_incomplete_return_types
    Feature record: CXX_FEATURE:1cxx_default_function_template_args
    Feature record: CXX_FEATURE:1cxx_defaulted_functions
    Feature record: CXX_FEATURE:1cxx_defaulted_move_initializers
    Feature record: CXX_FEATURE:1cxx_delegating_constructors
    Feature record: CXX_FEATURE:1cxx_deleted_functions
    Feature record: CXX_FEATURE:1cxx_digit_separators
    Feature record: CXX_FEATURE:1cxx_enum_forward_declarations
    Feature record: CXX_FEATURE:1cxx_explicit_conversions
    Feature record: CXX_FEATURE:1cxx_extended_friend_declarations
    Feature record: CXX_FEATURE:1cxx_extern_templates
    Feature record: CXX_FEATURE:1cxx_final
    Feature record: CXX_FEATURE:1cxx_func_identifier
    Feature record: CXX_FEATURE:1cxx_generalized_initializers
    Feature record: CXX_FEATURE:1cxx_generic_lambdas
    Feature record: CXX_FEATURE:1cxx_inheriting_constructors
    Feature record: CXX_FEATURE:1cxx_inline_namespaces
    Feature record: CXX_FEATURE:1cxx_lambdas
    Feature record: CXX_FEATURE:1cxx_lambda_init_captures
    Feature record: CXX_FEATURE:1cxx_local_type_template_args
    Feature record: CXX_FEATURE:1cxx_long_long_type
    Feature record: CXX_FEATURE:1cxx_noexcept
    Feature record: CXX_FEATURE:1cxx_nonstatic_member_init
    Feature record: CXX_FEATURE:1cxx_nullptr
    Feature record: CXX_FEATURE:1cxx_override
    Feature record: CXX_FEATURE:1cxx_range_for
    Feature record: CXX_FEATURE:1cxx_raw_string_literals
    Feature record: CXX_FEATURE:1cxx_reference_qualified_functions
    Feature record: CXX_FEATURE:1cxx_relaxed_constexpr
    Feature record: CXX_FEATURE:1cxx_return_type_deduction
    Feature record: CXX_FEATURE:1cxx_right_angle_brackets
    Feature record: CXX_FEATURE:1cxx_rvalue_references
    Feature record: CXX_FEATURE:1cxx_sizeof_member
    Feature record: CXX_FEATURE:1cxx_static_assert
    Feature record: CXX_FEATURE:1cxx_strong_enums
    Feature record: CXX_FEATURE:1cxx_template_template_parameters
    Feature record: CXX_FEATURE:1cxx_thread_local
    Feature record: CXX_FEATURE:1cxx_trailing_return_types
    Feature record: CXX_FEATURE:1cxx_unicode_literals
    Feature record: CXX_FEATURE:1cxx_uniform_initialization
    Feature record: CXX_FEATURE:1cxx_unrestricted_unions
    Feature record: CXX_FEATURE:1cxx_user_literals
    Feature record: CXX_FEATURE:1cxx_variable_templates
    Feature record: CXX_FEATURE:1cxx_variadic_macros
    Feature record: CXX_FEATURE:1cxx_variadic_templates


Detecting CXX [-std=c++17] compiler features compiled with the following output:
Change Dir: /home/upmem0037/xialinl/research/libaray/src/backends/build-dir/CMakeFiles/CMakeTmp

Run Build Command:"/usr/bin/make" "cmTC_d01da/fast"
/usr/bin/make -f CMakeFiles/cmTC_d01da.dir/build.make CMakeFiles/cmTC_d01da.dir/build
make[1]: Entering directory '/home/upmem0037/xialinl/research/libaray/src/backends/build-dir/CMakeFiles/CMakeTmp'
Building CXX object CMakeFiles/cmTC_d01da.dir/feature_tests.cxx.o
/usr/bin/c++    -std=c++17 -o CMakeFiles/cmTC_d01da.dir/feature_tests.cxx.o -c /home/upmem0037/xialinl/research/libaray/src/backends/build-dir/CMakeFiles/feature_tests.cxx
Linking CXX executable cmTC_d01da
/usr/bin/cmake -E cmake_link_script CMakeFiles/cmTC_d01da.dir/link.txt --verbose=1
/usr/bin/c++       CMakeFiles/cmTC_d01da.dir/feature_tests.cxx.o  -o cmTC_d01da 
make[1]: Leaving directory '/home/upmem0037/xialinl/research/libaray/src/backends/build-dir/CMakeFiles/CMakeTmp'


    Feature record: CXX_FEATURE:1cxx_aggregate_default_initializers
    Feature record: CXX_FEATURE:1cxx_alias_templates
    Feature record: CXX_FEATURE:1cxx_alignas
    Feature record: CXX_FEATURE:1cxx_alignof
    Feature record: CXX_FEATURE:1cxx_attributes
    Feature record: CXX_FEATURE:1cxx_attribute_deprecated
    Feature record: CXX_FEATURE:1cxx_auto_type
    Feature record: CXX_FEATURE:1cxx_binary_literals
    Feature record: CXX_FEATURE:1cxx_constexpr
    Feature record: CXX_FEATURE:1cxx_contextual_conversions
    Feature record: CXX_FEATURE:1cxx_decltype
    Feature record: CXX_FEATURE:1cxx_decltype_auto
    Feature record: CXX_FEATURE:1cxx_decltype_incomplete_return_types
    Feature record: CXX_FEATURE:1cxx_default_function_template_args
    Feature record: CXX_FEATURE:1cxx_defaulted_functions
    Feature record: CXX_FEATURE:1cxx_defaulted_move_initializers
    Feature record: CXX_FEATURE:1cxx_delegating_constructors
    Feature record: CXX_FEATURE:1cxx_deleted_functions
    Feature record: CXX_FEATURE:1cxx_digit_separators
    Feature record: CXX_FEATURE:1cxx_enum_forward_declarations
    Feature record: CXX_FEATURE:1cxx_explicit_conversions
    Feature record: CXX_FEATURE:1cxx_extended_friend_declarations
    Feature record: CXX_FEATURE:1cxx_extern_templates
    Feature record: CXX_FEATURE:1cxx_final
    Feature record: CXX_FEATURE:1cxx_func_identifier
    Feature record: CXX_FEATURE:1cxx_generalized_initializers
    Feature record: CXX_FEATURE:1cxx_generic_lambdas
    Feature record: CXX_FEATURE:1cxx_inheriting_constructors
    Feature record: CXX_FEATURE:1cxx_inline_namespaces
    Feature record: CXX_FEATURE:1cxx_lambdas
    Feature record: CXX_FEATURE:1cxx_lambda_init_captures
    Feature record: CXX_FEATURE:1cxx_local_type_template_args
    Feature record: CXX_FEATURE:1cxx_long_long_type
    Feature record: CXX_FEATURE:1cxx_noexcept
    Feature record: CXX_FEATURE:1cxx_nonstatic_member_init
    Feature record: CXX_FEATURE:1cxx_nullptr
    Feature record: CXX_FEATURE:1cxx_override
    Feature record: CXX_FEATURE:1cxx_range_for
    Feature record: CXX_FEATURE:1cxx_raw_string_literals
    Feature record: CXX_FEATURE:1cxx_reference_qualified_functions
    Feature record: CXX_FEATURE:1cxx_relaxed_constexpr
    Feature record: CXX_FEATURE:1cxx_return_type_deduction
    Feature record: CXX_FEATURE:1cxx_right_angle_brackets
    Feature record: CXX_FEATURE:1cxx_rvalue_references
    Feature record: CXX_FEATURE:1cxx_sizeof_member
    Feature record: CXX_FEATURE:1cxx_static_assert
    Feature record: CXX_FEATURE:1cxx_strong_enums
    Feature record: CXX_FEATURE:1cxx_template_template_parameters
    Feature record: CXX_FEATURE:1cxx_thread_local
    Feature record: CXX_FEATURE:1cxx_trailing_return_types
    Feature record: CXX_FEATURE:1cxx_unicode_literals
    Feature record: CXX_FEATURE:1cxx_uniform_initialization
    Feature record: CXX_FEATURE:1cxx_unrestricted_unions
    Feature record: CXX_FEATURE:1cxx_user_literals
    Feature record: CXX_FEATURE:1cxx_variable_templates
    Feature record: CXX_FEATURE:1cxx_variadic_macros
    Feature record: CXX_FEATURE:1cxx_variadic_templates


Detecting CXX [-std=c++14] compiler features compiled with the following output:
Change Dir: /home/upmem0037/xialinl/research/libaray/src/backends/build-dir/CMakeFiles/CMakeTmp

Run Build Command:"/usr/bin/make" "cmTC_01422/fast"
/usr/bin/make -f CMakeFiles/cmTC_01422.dir/build.make CMakeFiles/cmTC_01422.dir/build
make[1]: Entering directory '/home/upmem0037/xialinl/research/libaray/src/backends/build-dir/CMakeFiles/CMakeTmp'
Building CXX object CMakeFiles/cmTC_01422.dir/feature_tests.cxx.o
/usr/bin/c++    -std=c++14 -o CMakeFiles/cmTC_01422.dir/feature_tests.cxx.o -c /home/upmem0037/xialinl/research/libaray/src/backends/build-dir/CMakeFiles/feature_tests.cxx
Linking CXX executable cmTC_01422
/usr/bin/cmake -E cmake_link_script CMakeFiles/cmTC_01422.dir/link.txt --verbose=1
/usr/bin/c++       CMakeFiles/cmTC_01422.dir/feature_tests.cxx.o  -o cmTC_01422 
make[1]: Leaving directory '/home/upmem0037/xialinl/research/libaray/src/backends/build-dir/CMakeFiles/CMakeTmp'


    Feature record: CXX_FEATURE:1cxx_aggregate_default_initializers
    Feature record: CXX_FEATURE:1cxx_alias_templates
    Feature record: CXX_FEATURE:1cxx_alignas
    Feature record: CXX_FEATURE:1cxx_alignof
    Feature record: CXX_FEATURE:1cxx_attributes
    Feature record: CXX_FEATURE:1cxx_attribute_deprecated
    Feature record: CXX_FEATURE:1cxx_auto_type
    Feature record: CXX_FEATURE:1cxx_binary_literals
    Feature record: CXX_FEATURE:1cxx_constexpr
    Feature record: CXX_FEATURE:1cxx_contextual_conversions
    Feature record: CXX_FEATURE:1cxx_decltype
    Feature record: CXX_FEATURE:1cxx_decltype_auto
    Feature record: CXX_FEATURE:1cxx_decltype_incomplete_return_types
    Feature record: CXX_FEATURE:1cxx_default_function_template_args
    Feature record: CXX_FEATURE:1cxx_defaulted_functions
    Feature record: CXX_FEATURE:1cxx_defaulted_move_initializers
    Feature record: CXX_FEATURE:1cxx_delegating_constructors
    Feature record: CXX_FEATURE:1cxx_deleted_functions
    Feature record: CXX_FEATURE:1cxx_digit_separators
    Feature record: CXX_FEATURE:1cxx_enum_forward_declarations
    Feature record: CXX_FEATURE:1cxx_explicit_conversions
    Feature record: CXX_FEATURE:1cxx_extended_friend_declarations
    Feature record: CXX_FEATURE:1cxx_extern_templates
    Feature record: CXX_FEATURE:1cxx_final
    Feature record: CXX_FEATURE:1cxx_func_identifier
    Feature record: CXX_FEATURE:1cxx_generalized_initializers
    Feature record: CXX_FEATURE:1cxx_generic_lambdas
    Feature record: CXX_FEATURE:1cxx_inheriting_constructors
    Feature record: CXX_FEATURE:1cxx_inline_namespaces
    Feature record: CXX_FEATURE:1cxx_lambdas
    Feature record: CXX_FEATURE:1cxx_lambda_init_captures
    Feature record: CXX_FEATURE:1cxx_local_type_template_args
    Feature record: CXX_FEATURE:1cxx_long_long_type
    Feature record: CXX_FEATURE:1cxx_noexcept
    Feature record: CXX_FEATURE:1cxx_nonstatic_member_init
    Feature record: CXX_FEATURE:1cxx_nullptr
    Feature record: CXX_FEATURE:1cxx_override
    Feature record: CXX_FEATURE:1cxx_range_for
    Feature record: CXX_FEATURE:1cxx_raw_string_literals
    Feature record: CXX_FEATURE:1cxx_reference_qualified_functions
    Feature record: CXX_FEATURE:1cxx_relaxed_constexpr
    Feature record: CXX_FEATURE:1cxx_return_type_deduction
    Feature record: CXX_FEATURE:1cxx_right_angle_brackets
    Feature record: CXX_FEATURE:1cxx_rvalue_references
    Feature record: CXX_FEATURE:1cxx_sizeof_member
    Feature record: CXX_FEATURE:1cxx_static_assert
    Feature record: CXX_FEATURE:1cxx_strong_enums
    Feature record: CXX_FEATURE:1cxx_template_template_parameters
    Feature record: CXX_FEATURE:1cxx_thread_local
    Feature record: CXX_FEATURE:1cxx_trailing_return_types
    Feature record: CXX_FEATURE:1cxx_unicode_literals
    Feature record: CXX_FEATURE:1cxx_uniform_initialization
    Feature record: CXX_FEATURE:1cxx_unrestricted_unions
    Feature record: CXX_FEATURE:1cxx_user_literals
    Feature record: CXX_FEATURE:1cxx_variable_templates
    Feature record: CXX_FEATURE:1cxx_variadic_macros
    Feature record: CXX_FEATURE:1cxx_variadic_templates


Detecting CXX [-std=c++11] compiler features compiled with the following output:
Change Dir: /home/upmem0037/xialinl/research/libaray/src/backends/build-dir/CMakeFiles/CMakeTmp

Run Build Command:"/usr/bin/make" "cmTC_7cccb/fast"
/usr/bin/make -f CMakeFiles/cmTC_7cccb.dir/build.make CMakeFiles/cmTC_7cccb.dir/build
make[1]: Entering directory '/home/upmem0037/xialinl/research/libaray/src/backends/build-dir/CMakeFiles/CMakeTmp'
Building CXX object CMakeFiles/cmTC_7cccb.dir/feature_tests.cxx.o
/usr/bin/c++    -std=c++11 -o CMakeFiles/cmTC_7cccb.dir/feature_tests.cxx.o -c /home/upmem0037/xialinl/research/libaray/src/backends/build-dir/CMakeFiles/feature_tests.cxx
Linking CXX executable cmTC_7cccb
/usr/bin/cmake -E cmake_link_script CMakeFiles/cmTC_7cccb.dir/link.txt --verbose=1
/usr/bin/c++       CMakeFiles/cmTC_7cccb.dir/feature_tests.cxx.o  -o cmTC_7cccb 
make[1]: Leaving directory '/home/upmem0037/xialinl/research/libaray/src/backends/build-dir/CMakeFiles/CMakeTmp'


    Feature record: CXX_FEATURE:0cxx_aggregate_default_initializers
    Feature record: CXX_FEATURE:1cxx_alias_templates
    Feature record: CXX_FEATURE:1cxx_alignas
    Feature record: CXX_FEATURE:1cxx_alignof
    Feature record: CXX_FEATURE:1cxx_attributes
    Feature record: CXX_FEATURE:0cxx_attribute_deprecated
    Feature record: CXX_FEATURE:1cxx_auto_type
    Feature record: CXX_FEATURE:0cxx_binary_literals
    Feature record: CXX_FEATURE:1cxx_constexpr
    Feature record: CXX_FEATURE:0cxx_contextual_conversions
    Feature record: CXX_FEATURE:1cxx_decltype
    Feature record: CXX_FEATURE:0cxx_decltype_auto
    Feature record: CXX_FEATURE:1cxx_decltype_incomplete_return_types
    Feature record: CXX_FEATURE:1cxx_default_function_template_args
    Feature record: CXX_FEATURE:1cxx_defaulted_functions
    Feature record: CXX_FEATURE:1cxx_defaulted_move_initializers
    Feature record: CXX_FEATURE:1cxx_delegating_constructors
    Feature record: CXX_FEATURE:1cxx_deleted_functions
    Feature record: CXX_FEATURE:0cxx_digit_separators
    Feature record: CXX_FEATURE:1cxx_enum_forward_declarations
    Feature record: CXX_FEATURE:1cxx_explicit_conversions
    Feature record: CXX_FEATURE:1cxx_extended_friend_declarations
    Feature record: CXX_FEATURE:1cxx_extern_templates
    Feature record: CXX_FEATURE:1cxx_final
    Feature record: CXX_FEATURE:1cxx_func_identifier
    Feature record: CXX_FEATURE:1cxx_generalized_initializers
    Feature record: CXX_FEATURE:0cxx_generic_lambdas
    Feature record: CXX_FEATURE:1cxx_inheriting_constructors
    Feature record: CXX_FEATURE:1cxx_inline_namespaces
    Feature record: CXX_FEATURE:1cxx_lambdas
    Feature record: CXX_FEATURE:0cxx_lambda_init_captures
    Feature record: CXX_FEATURE:1cxx_local_type_template_args
    Feature record: CXX_FEATURE:1cxx_long_long_type
    Feature record: CXX_FEATURE:1cxx_noexcept
    Feature record: CXX_FEATURE:1cxx_nonstatic_member_init
    Feature record: CXX_FEATURE:1cxx_nullptr
    Feature record: CXX_FEATURE:1cxx_override
    Feature record: CXX_FEATURE:1cxx_range_for
    Feature record: CXX_FEATURE:1cxx_raw_string_literals
    Feature record: CXX_FEATURE:1cxx_reference_qualified_functions
    Feature record: CXX_FEATURE:0cxx_relaxed_constexpr
    Feature record: CXX_FEATURE:0cxx_return_type_deduction
    Feature record: CXX_FEATURE:1cxx_right_angle_brackets
    Feature record: CXX_FEATURE:1cxx_rvalue_references
    Feature record: CXX_FEATURE:1cxx_sizeof_member
    Feature record: CXX_FEATURE:1cxx_static_assert
    Feature record: CXX_FEATURE:1cxx_strong_enums
    Feature record: CXX_FEATURE:1cxx_template_template_parameters
    Feature record: CXX_FEATURE:1cxx_thread_local
    Feature record: CXX_FEATURE:1cxx_trailing_return_types
    Feature record: CXX_FEATURE:1cxx_unicode_literals
    Feature record: CXX_FEATURE:1cxx_uniform_initialization
    Feature record: CXX_FEATURE:1cxx_unrestricted_unions
    Feature record: CXX_FEATURE:1cxx_user_literals
    Feature record: CXX_FEATURE:0cxx_variable_templates
    Feature record: CXX_FEATURE:1cxx_variadic_macros
    Feature record: CXX_FEATURE:1cxx_variadic_templates


Detecting CXX [-std=c++98] compiler features compiled with the following output:
Change Dir: /home/upmem0037/xialinl/research/libaray/src/backends/build-dir/CMakeFiles/CMakeTmp

Run Build Command:"/usr/bin/make" "cmTC_e768b/fast"
/usr/bin/make -f CMakeFiles/cmTC_e768b.dir/build.make CMakeFiles/cmTC_e768b.dir/build
make[1]: Entering directory '/home/upmem0037/xialinl/research/libaray/src/backends/build-dir/CMakeFiles/CMakeTmp'
Building CXX object CMakeFiles/cmTC_e768b.dir/feature_tests.cxx.o
/usr/bin/c++    -std=c++98 -o CMakeFiles/cmTC_e768b.dir/feature_tests.cxx.o -c /home/upmem0037/xialinl/research/libaray/src/backends/build-dir/CMakeFiles/feature_tests.cxx
Linking CXX executable cmTC_e768b
/usr/bin/cmake -E cmake_link_script CMakeFiles/cmTC_e768b.dir/link.txt --verbose=1
/usr/bin/c++       CMakeFiles/cmTC_e768b.dir/feature_tests.cxx.o  -o cmTC_e768b 
make[1]: Leaving directory '/home/upmem0037/xialinl/research/libaray/src/backends/build-dir/CMakeFiles/CMakeTmp'


    Feature record: CXX_FEATURE:0cxx_aggregate_default_initializers
    Feature record: CXX_FEATURE:0cxx_alias_templates
    Feature record: CXX_FEATURE:0cxx_alignas
    Feature record: CXX_FEATURE:0cxx_alignof
    Feature record: CXX_FEATURE:0cxx_attributes
    Feature record: CXX_FEATURE:0cxx_attribute_deprecated
    Feature record: CXX_FEATURE:0cxx_auto_type
    Feature record: CXX_FEATURE:0cxx_binary_literals
    Feature record: CXX_FEATURE:0cxx_constexpr
    Feature record: CXX_FEATURE:0cxx_contextual_conversions
    Feature record: CXX_FEATURE:0cxx_decltype
    Feature record: CXX_FEATURE:0cxx_decltype_auto
    Feature record: CXX_FEATURE:0cxx_decltype_incomplete_return_types
    Feature record: CXX_FEATURE:0cxx_default_function_template_args
    Feature record: CXX_FEATURE:0cxx_defaulted_functions
    Feature record: CXX_FEATURE:0cxx_defaulted_move_initializers
    Feature record: CXX_FEATURE:0cxx_delegating_constructors
    Feature record: CXX_FEATURE:0cxx_deleted_functions
    Feature record: CXX_FEATURE:0cxx_digit_separators
    Feature record: CXX_FEATURE:0cxx_enum_forward_declarations
    Feature record: CXX_FEATURE:0cxx_explicit_conversions
    Feature record: CXX_FEATURE:0cxx_extended_friend_declarations
    Feature record: CXX_FEATURE:0cxx_extern_templates
    Feature record: CXX_FEATURE:0cxx_final
    Feature record: CXX_FEATURE:0cxx_func_identifier
    Feature record: CXX_FEATURE:0cxx_generalized_initializers
    Feature record: CXX_FEATURE:0cxx_generic_lambdas
    Feature record: CXX_FEATURE:0cxx_inheriting_constructors
    Feature record: CXX_FEATURE:0cxx_inline_namespaces
    Feature record: CXX_FEATURE:0cxx_lambdas
    Feature record: CXX_FEATURE:0cxx_lambda_init_captures
    Feature record: CXX_FEATURE:0cxx_local_type_template_args
    Feature record: CXX_FEATURE:0cxx_long_long_type
    Feature record: CXX_FEATURE:0cxx_noexcept
    Feature record: CXX_FEATURE:0cxx_nonstatic_member_init
    Feature record: CXX_FEATURE:0cxx_nullptr
    Feature record: CXX_FEATURE:0cxx_override
    Feature record: CXX_FEATURE:0cxx_range_for
    Feature record: CXX_FEATURE:0cxx_raw_string_literals
    Feature record: CXX_FEATURE:0cxx_reference_qualified_functions
    Feature record: CXX_FEATURE:0cxx_relaxed_constexpr
    Feature record: CXX_FEATURE:0cxx_return_type_deduction
    Feature record: CXX_FEATURE:0cxx_right_angle_brackets
    Feature record: CXX_FEATURE:0cxx_rvalue_references
    Feature record: CXX_FEATURE:0cxx_sizeof_member
    Feature record: CXX_FEATURE:0cxx_static_assert
    Feature record: CXX_FEATURE:0cxx_strong_enums
    Feature record: CXX_FEATURE:1cxx_template_template_parameters
    Feature record: CXX_FEATURE:0cxx_thread_local
    Feature record: CXX_FEATURE:0cxx_trailing_return_types
    Feature record: CXX_FEATURE:0cxx_unicode_literals
    Feature record: CXX_FEATURE:0cxx_uniform_initialization
    Feature record: CXX_FEATURE:0cxx_unrestricted_unions
    Feature record: CXX_FEATURE:0cxx_user_literals
    Feature record: CXX_FEATURE:0cxx_variable_templates
    Feature record: CXX_FEATURE:0cxx_variadic_macros
    Feature record: CXX_FEATURE:0cxx_variadic_templates
Determining if the include file pthread.h exists passed with the following output:
Change Dir: /home/upmem0037/xialinl/research/libaray/src/backends/build-dir/CMakeFiles/CMakeTmp

Run Build Command:"/usr/bin/make" "cmTC_ef237/fast"
/usr/bin/make -f CMakeFiles/cmTC_ef237.dir/build.make CMakeFiles/cmTC_ef237.dir/build
make[1]: Entering directory '/home/upmem0037/xialinl/research/libaray/src/backends/build-dir/CMakeFiles/CMakeTmp'
Building C object CMakeFiles/cmTC_ef237.dir/CheckIncludeFile.c.o
/usr/bin/cc   -Wall -Werror -Wextra -std=gnu11     -o CMakeFiles/cmTC_ef237.dir/CheckIncludeFile.c.o   -c /home/upmem0037/xialinl/research/libaray/src/backends/build-dir/CMakeFiles/CMakeTmp/CheckIncludeFile.c
Linking C executable cmTC_ef237
/usr/bin/cmake -E cmake_link_script CMakeFiles/cmTC_ef237.dir/link.txt --verbose=1
/usr/bin/cc  -Wall -Werror -Wextra -std=gnu11    -Wl,--enable-new-dtags  CMakeFiles/cmTC_ef237.dir/CheckIncludeFile.c.o  -o cmTC_ef237 
make[1]: Leaving directory '/home/upmem0037/xialinl/research/libaray/src/backends/build-dir/CMakeFiles/CMakeTmp'


Determining if the function pthread_create exists in the pthread passed with the following output:
Change Dir: /home/upmem0037/xialinl/research/libaray/src/backends/build-dir/CMakeFiles/CMakeTmp

Run Build Command:"/usr/bin/make" "cmTC_9af00/fast"
/usr/bin/make -f CMakeFiles/cmTC_9af00.dir/build.make CMakeFiles/cmTC_9af00.dir/build
make[1]: Entering directory '/home/upmem0037/xialinl/research/libaray/src/backends/build-dir/CMakeFiles/CMakeTmp'
Building C object CMakeFiles/cmTC_9af00.dir/CheckFunctionExists.c.o
/usr/bin/cc   -Wall -Werror -Wextra -std=gnu11  -DCHECK_FUNCTION_EXISTS=pthread_create   -o CMakeFiles/cmTC_9af00.dir/CheckFunctionExists.c.o   -c /usr/share/cmake-3.13/Modules/CheckFunctionExists.c
Linking C executable cmTC_9af00
/usr/bin/cmake -E cmake_link_script CMakeFiles/cmTC_9af00.dir/link.txt --verbose=1
/usr/bin/cc  -Wall -Werror -Wextra -std=gnu11  -DCHECK_FUNCTION_EXISTS=pthread_create  -Wl,--enable-new-dtags  CMakeFiles/cmTC_9af00.dir/CheckFunctionExists.c.o  -o cmTC_9af00 -lpthread 
make[1]: Leaving directory '/home/upmem0037/xialinl/research/libaray/src/backends/build-dir/CMakeFiles/CMakeTmp'


Performing C SOURCE FILE Test C_HAS_SSE1_1 succeeded with the following compile output:
Change Dir: /home/upmem0037/xialinl/research/libaray/src/backends/build-dir/CMakeFiles/CMakeTmp

Run Build Command:"/usr/bin/make" "cmTC_03834/fast"
/usr/bin/make -f CMakeFiles/cmTC_03834.dir/build.make CMakeFiles/cmTC_03834.dir/build
make[1]: Entering directory '/home/upmem0037/xialinl/research/libaray/src/backends/build-dir/CMakeFiles/CMakeTmp'
Building C object CMakeFiles/cmTC_03834.dir/src.c.o
/usr/bin/cc   -Wall -Werror -Wextra -std=gnu11  -DC_HAS_SSE1_1   -o CMakeFiles/cmTC_03834.dir/src.c.o   -c /home/upmem0037/xialinl/research/libaray/src/backends/build-dir/CMakeFiles/CMakeTmp/src.c
Linking C executable cmTC_03834
/usr/bin/cmake -E cmake_link_script CMakeFiles/cmTC_03834.dir/link.txt --verbose=1
/usr/bin/cc  -Wall -Werror -Wextra -std=gnu11  -DC_HAS_SSE1_1  -Wl,--enable-new-dtags  CMakeFiles/cmTC_03834.dir/src.c.o  -o cmTC_03834 
make[1]: Leaving directory '/home/upmem0037/xialinl/research/libaray/src/backends/build-dir/CMakeFiles/CMakeTmp'

...and run output:

Return value: 1
Source file was:

  #include <xmmintrin.h>
  int main()
  {
    __attribute__((unused)) __m128 a;
    float vals[4] = {0,0,0,0};
    a = _mm_loadu_ps(vals);
    return 0;
  }
Performing C SOURCE FILE Test C_HAS_SSE2_1 succeeded with the following compile output:
Change Dir: /home/upmem0037/xialinl/research/libaray/src/backends/build-dir/CMakeFiles/CMakeTmp

Run Build Command:"/usr/bin/make" "cmTC_06130/fast"
/usr/bin/make -f CMakeFiles/cmTC_06130.dir/build.make CMakeFiles/cmTC_06130.dir/build
make[1]: Entering directory '/home/upmem0037/xialinl/research/libaray/src/backends/build-dir/CMakeFiles/CMakeTmp'
Building C object CMakeFiles/cmTC_06130.dir/src.c.o
/usr/bin/cc   -Wall -Werror -Wextra -std=gnu11  -DC_HAS_SSE2_1   -o CMakeFiles/cmTC_06130.dir/src.c.o   -c /home/upmem0037/xialinl/research/libaray/src/backends/build-dir/CMakeFiles/CMakeTmp/src.c
Linking C executable cmTC_06130
/usr/bin/cmake -E cmake_link_script CMakeFiles/cmTC_06130.dir/link.txt --verbose=1
/usr/bin/cc  -Wall -Werror -Wextra -std=gnu11  -DC_HAS_SSE2_1  -Wl,--enable-new-dtags  CMakeFiles/cmTC_06130.dir/src.c.o  -o cmTC_06130 
make[1]: Leaving directory '/home/upmem0037/xialinl/research/libaray/src/backends/build-dir/CMakeFiles/CMakeTmp'

...and run output:

Return value: 1
Source file was:

  #include <emmintrin.h>
  int main()
  {
    __attribute__((unused)) __m128d a;
    double vals[2] = {0,0};
    a = _mm_loadu_pd(vals);
    return 0;
  }
Performing C SOURCE FILE Test C_HAS_SSE3_2 succeeded with the following compile output:
Change Dir: /home/upmem0037/xialinl/research/libaray/src/backends/build-dir/CMakeFiles/CMakeTmp

Run Build Command:"/usr/bin/make" "cmTC_3f6c2/fast"
/usr/bin/make -f CMakeFiles/cmTC_3f6c2.dir/build.make CMakeFiles/cmTC_3f6c2.dir/build
make[1]: Entering directory '/home/upmem0037/xialinl/research/libaray/src/backends/build-dir/CMakeFiles/CMakeTmp'
Building C object CMakeFiles/cmTC_3f6c2.dir/src.c.o
/usr/bin/cc   -Wall -Werror -Wextra -std=gnu11  -DC_HAS_SSE3_2 -msse3   -o CMakeFiles/cmTC_3f6c2.dir/src.c.o   -c /home/upmem0037/xialinl/research/libaray/src/backends/build-dir/CMakeFiles/CMakeTmp/src.c
Linking C executable cmTC_3f6c2
/usr/bin/cmake -E cmake_link_script CMakeFiles/cmTC_3f6c2.dir/link.txt --verbose=1
/usr/bin/cc  -Wall -Werror -Wextra -std=gnu11  -DC_HAS_SSE3_2 -msse3  -Wl,--enable-new-dtags  CMakeFiles/cmTC_3f6c2.dir/src.c.o  -o cmTC_3f6c2 
make[1]: Leaving directory '/home/upmem0037/xialinl/research/libaray/src/backends/build-dir/CMakeFiles/CMakeTmp'

...and run output:

Return value: 1
Source file was:

  #include <pmmintrin.h>
  int main( )
  {
    const int vals[4] = {0,0,0,0};
    __attribute__((unused)) __m128i a;
    a = _mm_lddqu_si128( (const __m128i*)vals );
    return 0;
  }
Performing C SOURCE FILE Test C_HAS_SSE4_1_2 succeeded with the following compile output:
Change Dir: /home/upmem0037/xialinl/research/libaray/src/backends/build-dir/CMakeFiles/CMakeTmp

Run Build Command:"/usr/bin/make" "cmTC_fbbff/fast"
/usr/bin/make -f CMakeFiles/cmTC_fbbff.dir/build.make CMakeFiles/cmTC_fbbff.dir/build
make[1]: Entering directory '/home/upmem0037/xialinl/research/libaray/src/backends/build-dir/CMakeFiles/CMakeTmp'
Building C object CMakeFiles/cmTC_fbbff.dir/src.c.o
/usr/bin/cc   -Wall -Werror -Wextra -std=gnu11  -DC_HAS_SSE4_1_2 -msse4.1   -o CMakeFiles/cmTC_fbbff.dir/src.c.o   -c /home/upmem0037/xialinl/research/libaray/src/backends/build-dir/CMakeFiles/CMakeTmp/src.c
Linking C executable cmTC_fbbff
/usr/bin/cmake -E cmake_link_script CMakeFiles/cmTC_fbbff.dir/link.txt --verbose=1
/usr/bin/cc  -Wall -Werror -Wextra -std=gnu11  -DC_HAS_SSE4_1_2 -msse4.1  -Wl,--enable-new-dtags  CMakeFiles/cmTC_fbbff.dir/src.c.o  -o cmTC_fbbff 
make[1]: Leaving directory '/home/upmem0037/xialinl/research/libaray/src/backends/build-dir/CMakeFiles/CMakeTmp'

...and run output:

Return value: 1
Source file was:

  #include <smmintrin.h>
  int main ()
  {
    __m128i a = _mm_set_epi8(0,0,0,0,0,0,0,0,0,0,0,0,0,0,0,0);
    __m128i b = _mm_set_epi8(0,0,0,0,0,0,0,0,0,0,0,0,0,0,0,0);
    __attribute__((unused)) __m128i res = _mm_max_epi8(a, b);
    return 0;
  }

Performing C SOURCE FILE Test C_HAS_SSE4_2_2 succeeded with the following compile output:
Change Dir: /home/upmem0037/xialinl/research/libaray/src/backends/build-dir/CMakeFiles/CMakeTmp

Run Build Command:"/usr/bin/make" "cmTC_db303/fast"
/usr/bin/make -f CMakeFiles/cmTC_db303.dir/build.make CMakeFiles/cmTC_db303.dir/build
make[1]: Entering directory '/home/upmem0037/xialinl/research/libaray/src/backends/build-dir/CMakeFiles/CMakeTmp'
Building C object CMakeFiles/cmTC_db303.dir/src.c.o
/usr/bin/cc   -Wall -Werror -Wextra -std=gnu11  -DC_HAS_SSE4_2_2 -msse4.2   -o CMakeFiles/cmTC_db303.dir/src.c.o   -c /home/upmem0037/xialinl/research/libaray/src/backends/build-dir/CMakeFiles/CMakeTmp/src.c
Linking C executable cmTC_db303
/usr/bin/cmake -E cmake_link_script CMakeFiles/cmTC_db303.dir/link.txt --verbose=1
/usr/bin/cc  -Wall -Werror -Wextra -std=gnu11  -DC_HAS_SSE4_2_2 -msse4.2  -Wl,--enable-new-dtags  CMakeFiles/cmTC_db303.dir/src.c.o  -o cmTC_db303 
make[1]: Leaving directory '/home/upmem0037/xialinl/research/libaray/src/backends/build-dir/CMakeFiles/CMakeTmp'

...and run output:

Return value: 1
Source file was:

  #include <nmmintrin.h>
  int main()
  {
    __m128i a = _mm_set_epi8(0,0,0,0,0,0,0,0,0,0,0,0,0,0,0,0);
    __m128i b = _mm_set_epi8(0,0,0,0,0,0,0,0,0,0,0,0,0,0,0,0);
    __attribute__((unused)) __m128i c = _mm_set_epi8(0,0,0,0,0,0,0,0,0,0,0,0,0,0,0,0);
    c = _mm_cmpgt_epi64(a, b);
    return 0;
  }

Performing C SOURCE FILE Test C_HAS_AVX_2 succeeded with the following compile output:
Change Dir: /home/upmem0037/xialinl/research/libaray/src/backends/build-dir/CMakeFiles/CMakeTmp

Run Build Command:"/usr/bin/make" "cmTC_b308d/fast"
/usr/bin/make -f CMakeFiles/cmTC_b308d.dir/build.make CMakeFiles/cmTC_b308d.dir/build
make[1]: Entering directory '/home/upmem0037/xialinl/research/libaray/src/backends/build-dir/CMakeFiles/CMakeTmp'
Building C object CMakeFiles/cmTC_b308d.dir/src.c.o
/usr/bin/cc   -Wall -Werror -Wextra -std=gnu11  -DC_HAS_AVX_2 -mavx   -o CMakeFiles/cmTC_b308d.dir/src.c.o   -c /home/upmem0037/xialinl/research/libaray/src/backends/build-dir/CMakeFiles/CMakeTmp/src.c
Linking C executable cmTC_b308d
/usr/bin/cmake -E cmake_link_script CMakeFiles/cmTC_b308d.dir/link.txt --verbose=1
/usr/bin/cc  -Wall -Werror -Wextra -std=gnu11  -DC_HAS_AVX_2 -mavx  -Wl,--enable-new-dtags  CMakeFiles/cmTC_b308d.dir/src.c.o  -o cmTC_b308d 
make[1]: Leaving directory '/home/upmem0037/xialinl/research/libaray/src/backends/build-dir/CMakeFiles/CMakeTmp'

...and run output:

Return value: 1
Source file was:

  #include <immintrin.h>
  int main()
  {
    __attribute__((unused)) __m256 a;
    a = _mm256_set1_ps(0);
    return 0;
  }

Performing C SOURCE FILE Test C_HAS_AVX2_2 succeeded with the following compile output:
Change Dir: /home/upmem0037/xialinl/research/libaray/src/backends/build-dir/CMakeFiles/CMakeTmp

Run Build Command:"/usr/bin/make" "cmTC_294b7/fast"
/usr/bin/make -f CMakeFiles/cmTC_294b7.dir/build.make CMakeFiles/cmTC_294b7.dir/build
make[1]: Entering directory '/home/upmem0037/xialinl/research/libaray/src/backends/build-dir/CMakeFiles/CMakeTmp'
Building C object CMakeFiles/cmTC_294b7.dir/src.c.o
/usr/bin/cc   -Wall -Werror -Wextra -std=gnu11  -DC_HAS_AVX2_2 -mavx2 -mfma   -o CMakeFiles/cmTC_294b7.dir/src.c.o   -c /home/upmem0037/xialinl/research/libaray/src/backends/build-dir/CMakeFiles/CMakeTmp/src.c
Linking C executable cmTC_294b7
/usr/bin/cmake -E cmake_link_script CMakeFiles/cmTC_294b7.dir/link.txt --verbose=1
/usr/bin/cc  -Wall -Werror -Wextra -std=gnu11  -DC_HAS_AVX2_2 -mavx2 -mfma  -Wl,--enable-new-dtags  CMakeFiles/cmTC_294b7.dir/src.c.o  -o cmTC_294b7 
make[1]: Leaving directory '/home/upmem0037/xialinl/research/libaray/src/backends/build-dir/CMakeFiles/CMakeTmp'

...and run output:

Return value: 1
Source file was:

  #include <immintrin.h>
  int main()
  {
    __m256i a = {0};
    a = _mm256_abs_epi16(a);
    return 0;
  }

Performing C SOURCE FILE Test C_HAS_AVX512F_2 succeeded with the following compile output:
Change Dir: /home/upmem0037/xialinl/research/libaray/src/backends/build-dir/CMakeFiles/CMakeTmp

Run Build Command:"/usr/bin/make" "cmTC_51fd5/fast"
/usr/bin/make -f CMakeFiles/cmTC_51fd5.dir/build.make CMakeFiles/cmTC_51fd5.dir/build
make[1]: Entering directory '/home/upmem0037/xialinl/research/libaray/src/backends/build-dir/CMakeFiles/CMakeTmp'
Building C object CMakeFiles/cmTC_51fd5.dir/src.c.o
/usr/bin/cc   -Wall -Werror -Wextra -std=gnu11  -DC_HAS_AVX512F_2 -mavx512f   -o CMakeFiles/cmTC_51fd5.dir/src.c.o   -c /home/upmem0037/xialinl/research/libaray/src/backends/build-dir/CMakeFiles/CMakeTmp/src.c
Linking C executable cmTC_51fd5
/usr/bin/cmake -E cmake_link_script CMakeFiles/cmTC_51fd5.dir/link.txt --verbose=1
/usr/bin/cc  -Wall -Werror -Wextra -std=gnu11  -DC_HAS_AVX512F_2 -mavx512f  -Wl,--enable-new-dtags  CMakeFiles/cmTC_51fd5.dir/src.c.o  -o cmTC_51fd5 
make[1]: Leaving directory '/home/upmem0037/xialinl/research/libaray/src/backends/build-dir/CMakeFiles/CMakeTmp'

...and run output:

Return value: 1
Source file was:

  #include <immintrin.h>
  int main()
  {
    __m512 a = _mm512_set1_ps(1.f);
    a = _mm512_add_ps(a, _mm512_set1_ps(1.f));;
    return 0;
  }

Performing C SOURCE FILE Test C_HAS_AVX512BW_2 succeeded with the following compile output:
Change Dir: /home/upmem0037/xialinl/research/libaray/src/backends/build-dir/CMakeFiles/CMakeTmp

Run Build Command:"/usr/bin/make" "cmTC_fbeff/fast"
/usr/bin/make -f CMakeFiles/cmTC_fbeff.dir/build.make CMakeFiles/cmTC_fbeff.dir/build
make[1]: Entering directory '/home/upmem0037/xialinl/research/libaray/src/backends/build-dir/CMakeFiles/CMakeTmp'
Building C object CMakeFiles/cmTC_fbeff.dir/src.c.o
/usr/bin/cc   -Wall -Werror -Wextra -std=gnu11  -DC_HAS_AVX512BW_2 -mavx512bw   -o CMakeFiles/cmTC_fbeff.dir/src.c.o   -c /home/upmem0037/xialinl/research/libaray/src/backends/build-dir/CMakeFiles/CMakeTmp/src.c
Linking C executable cmTC_fbeff
/usr/bin/cmake -E cmake_link_script CMakeFiles/cmTC_fbeff.dir/link.txt --verbose=1
/usr/bin/cc  -Wall -Werror -Wextra -std=gnu11  -DC_HAS_AVX512BW_2 -mavx512bw  -Wl,--enable-new-dtags  CMakeFiles/cmTC_fbeff.dir/src.c.o  -o cmTC_fbeff 
make[1]: Leaving directory '/home/upmem0037/xialinl/research/libaray/src/backends/build-dir/CMakeFiles/CMakeTmp'

...and run output:

Return value: 1
Source file was:

  #include <immintrin.h>
  int main()
  {
    __m512i mask = _mm512_set_epi64(0, 0, 0, 0, 0, 0, 0, 0);
    __attribute__((unused)) __m512i load = {0};
    load = _mm512_shuffle_epi8(load, mask);
    return 0;
  }

Performing C SOURCE FILE Test C_HAS_CLFLUSHOPT_2 succeeded with the following compile output:
Change Dir: /home/upmem0037/xialinl/research/libaray/src/backends/build-dir/CMakeFiles/CMakeTmp

Run Build Command:"/usr/bin/make" "cmTC_66513/fast"
/usr/bin/make -f CMakeFiles/cmTC_66513.dir/build.make CMakeFiles/cmTC_66513.dir/build
make[1]: Entering directory '/home/upmem0037/xialinl/research/libaray/src/backends/build-dir/CMakeFiles/CMakeTmp'
Building C object CMakeFiles/cmTC_66513.dir/src.c.o
/usr/bin/cc   -Wall -Werror -Wextra -std=gnu11  -DC_HAS_CLFLUSHOPT_2 -mclflushopt   -o CMakeFiles/cmTC_66513.dir/src.c.o   -c /home/upmem0037/xialinl/research/libaray/src/backends/build-dir/CMakeFiles/CMakeTmp/src.c
Linking C executable cmTC_66513
/usr/bin/cmake -E cmake_link_script CMakeFiles/cmTC_66513.dir/link.txt --verbose=1
/usr/bin/cc  -Wall -Werror -Wextra -std=gnu11  -DC_HAS_CLFLUSHOPT_2 -mclflushopt  -Wl,--enable-new-dtags  CMakeFiles/cmTC_66513.dir/src.c.o  -o cmTC_66513 
make[1]: Leaving directory '/home/upmem0037/xialinl/research/libaray/src/backends/build-dir/CMakeFiles/CMakeTmp'

...and run output:

Return value: 1
Source file was:

  #include <immintrin.h>
  int main()
  {
    int flush = 1;
    __builtin_ia32_clflushopt(&flush);
    return 0;
  }

Performing C SOURCE FILE Test CXX_HAS_SSE1_1 succeeded with the following compile output:
Change Dir: /home/upmem0037/xialinl/research/libaray/src/backends/build-dir/CMakeFiles/CMakeTmp

Run Build Command:"/usr/bin/make" "cmTC_00080/fast"
/usr/bin/make -f CMakeFiles/cmTC_00080.dir/build.make CMakeFiles/cmTC_00080.dir/build
make[1]: Entering directory '/home/upmem0037/xialinl/research/libaray/src/backends/build-dir/CMakeFiles/CMakeTmp'
Building C object CMakeFiles/cmTC_00080.dir/src.c.o
/usr/bin/cc   -Wall -Werror -Wextra -std=gnu11  -DCXX_HAS_SSE1_1   -o CMakeFiles/cmTC_00080.dir/src.c.o   -c /home/upmem0037/xialinl/research/libaray/src/backends/build-dir/CMakeFiles/CMakeTmp/src.c
Linking C executable cmTC_00080
/usr/bin/cmake -E cmake_link_script CMakeFiles/cmTC_00080.dir/link.txt --verbose=1
/usr/bin/cc  -Wall -Werror -Wextra -std=gnu11  -DCXX_HAS_SSE1_1  -Wl,--enable-new-dtags  CMakeFiles/cmTC_00080.dir/src.c.o  -o cmTC_00080 
make[1]: Leaving directory '/home/upmem0037/xialinl/research/libaray/src/backends/build-dir/CMakeFiles/CMakeTmp'

...and run output:

Return value: 1
Source file was:

  #include <xmmintrin.h>
  int main()
  {
    __attribute__((unused)) __m128 a;
    float vals[4] = {0,0,0,0};
    a = _mm_loadu_ps(vals);
    return 0;
  }
Performing C SOURCE FILE Test CXX_HAS_SSE2_1 succeeded with the following compile output:
Change Dir: /home/upmem0037/xialinl/research/libaray/src/backends/build-dir/CMakeFiles/CMakeTmp

Run Build Command:"/usr/bin/make" "cmTC_e92e7/fast"
/usr/bin/make -f CMakeFiles/cmTC_e92e7.dir/build.make CMakeFiles/cmTC_e92e7.dir/build
make[1]: Entering directory '/home/upmem0037/xialinl/research/libaray/src/backends/build-dir/CMakeFiles/CMakeTmp'
Building C object CMakeFiles/cmTC_e92e7.dir/src.c.o
/usr/bin/cc   -Wall -Werror -Wextra -std=gnu11  -DCXX_HAS_SSE2_1   -o CMakeFiles/cmTC_e92e7.dir/src.c.o   -c /home/upmem0037/xialinl/research/libaray/src/backends/build-dir/CMakeFiles/CMakeTmp/src.c
Linking C executable cmTC_e92e7
/usr/bin/cmake -E cmake_link_script CMakeFiles/cmTC_e92e7.dir/link.txt --verbose=1
/usr/bin/cc  -Wall -Werror -Wextra -std=gnu11  -DCXX_HAS_SSE2_1  -Wl,--enable-new-dtags  CMakeFiles/cmTC_e92e7.dir/src.c.o  -o cmTC_e92e7 
make[1]: Leaving directory '/home/upmem0037/xialinl/research/libaray/src/backends/build-dir/CMakeFiles/CMakeTmp'

...and run output:

Return value: 1
Source file was:

  #include <emmintrin.h>
  int main()
  {
    __attribute__((unused)) __m128d a;
    double vals[2] = {0,0};
    a = _mm_loadu_pd(vals);
    return 0;
  }
Performing C SOURCE FILE Test CXX_HAS_SSE3_2 succeeded with the following compile output:
Change Dir: /home/upmem0037/xialinl/research/libaray/src/backends/build-dir/CMakeFiles/CMakeTmp

Run Build Command:"/usr/bin/make" "cmTC_212bf/fast"
/usr/bin/make -f CMakeFiles/cmTC_212bf.dir/build.make CMakeFiles/cmTC_212bf.dir/build
make[1]: Entering directory '/home/upmem0037/xialinl/research/libaray/src/backends/build-dir/CMakeFiles/CMakeTmp'
Building C object CMakeFiles/cmTC_212bf.dir/src.c.o
/usr/bin/cc   -Wall -Werror -Wextra -std=gnu11  -DCXX_HAS_SSE3_2 -msse3   -o CMakeFiles/cmTC_212bf.dir/src.c.o   -c /home/upmem0037/xialinl/research/libaray/src/backends/build-dir/CMakeFiles/CMakeTmp/src.c
Linking C executable cmTC_212bf
/usr/bin/cmake -E cmake_link_script CMakeFiles/cmTC_212bf.dir/link.txt --verbose=1
/usr/bin/cc  -Wall -Werror -Wextra -std=gnu11  -DCXX_HAS_SSE3_2 -msse3  -Wl,--enable-new-dtags  CMakeFiles/cmTC_212bf.dir/src.c.o  -o cmTC_212bf 
make[1]: Leaving directory '/home/upmem0037/xialinl/research/libaray/src/backends/build-dir/CMakeFiles/CMakeTmp'

...and run output:

Return value: 1
Source file was:

  #include <pmmintrin.h>
  int main( )
  {
    const int vals[4] = {0,0,0,0};
    __attribute__((unused)) __m128i a;
    a = _mm_lddqu_si128( (const __m128i*)vals );
    return 0;
  }
Performing C SOURCE FILE Test CXX_HAS_SSE4_1_2 succeeded with the following compile output:
Change Dir: /home/upmem0037/xialinl/research/libaray/src/backends/build-dir/CMakeFiles/CMakeTmp

Run Build Command:"/usr/bin/make" "cmTC_12a10/fast"
/usr/bin/make -f CMakeFiles/cmTC_12a10.dir/build.make CMakeFiles/cmTC_12a10.dir/build
make[1]: Entering directory '/home/upmem0037/xialinl/research/libaray/src/backends/build-dir/CMakeFiles/CMakeTmp'
Building C object CMakeFiles/cmTC_12a10.dir/src.c.o
/usr/bin/cc   -Wall -Werror -Wextra -std=gnu11  -DCXX_HAS_SSE4_1_2 -msse4.1   -o CMakeFiles/cmTC_12a10.dir/src.c.o   -c /home/upmem0037/xialinl/research/libaray/src/backends/build-dir/CMakeFiles/CMakeTmp/src.c
Linking C executable cmTC_12a10
/usr/bin/cmake -E cmake_link_script CMakeFiles/cmTC_12a10.dir/link.txt --verbose=1
/usr/bin/cc  -Wall -Werror -Wextra -std=gnu11  -DCXX_HAS_SSE4_1_2 -msse4.1  -Wl,--enable-new-dtags  CMakeFiles/cmTC_12a10.dir/src.c.o  -o cmTC_12a10 
make[1]: Leaving directory '/home/upmem0037/xialinl/research/libaray/src/backends/build-dir/CMakeFiles/CMakeTmp'

...and run output:

Return value: 1
Source file was:

  #include <smmintrin.h>
  int main ()
  {
    __m128i a = _mm_set_epi8(0,0,0,0,0,0,0,0,0,0,0,0,0,0,0,0);
    __m128i b = _mm_set_epi8(0,0,0,0,0,0,0,0,0,0,0,0,0,0,0,0);
    __attribute__((unused)) __m128i res = _mm_max_epi8(a, b);
    return 0;
  }

Performing C SOURCE FILE Test CXX_HAS_SSE4_2_2 succeeded with the following compile output:
Change Dir: /home/upmem0037/xialinl/research/libaray/src/backends/build-dir/CMakeFiles/CMakeTmp

Run Build Command:"/usr/bin/make" "cmTC_1ccdb/fast"
/usr/bin/make -f CMakeFiles/cmTC_1ccdb.dir/build.make CMakeFiles/cmTC_1ccdb.dir/build
make[1]: Entering directory '/home/upmem0037/xialinl/research/libaray/src/backends/build-dir/CMakeFiles/CMakeTmp'
Building C object CMakeFiles/cmTC_1ccdb.dir/src.c.o
/usr/bin/cc   -Wall -Werror -Wextra -std=gnu11  -DCXX_HAS_SSE4_2_2 -msse4.2   -o CMakeFiles/cmTC_1ccdb.dir/src.c.o   -c /home/upmem0037/xialinl/research/libaray/src/backends/build-dir/CMakeFiles/CMakeTmp/src.c
Linking C executable cmTC_1ccdb
/usr/bin/cmake -E cmake_link_script CMakeFiles/cmTC_1ccdb.dir/link.txt --verbose=1
/usr/bin/cc  -Wall -Werror -Wextra -std=gnu11  -DCXX_HAS_SSE4_2_2 -msse4.2  -Wl,--enable-new-dtags  CMakeFiles/cmTC_1ccdb.dir/src.c.o  -o cmTC_1ccdb 
make[1]: Leaving directory '/home/upmem0037/xialinl/research/libaray/src/backends/build-dir/CMakeFiles/CMakeTmp'

...and run output:

Return value: 1
Source file was:

  #include <nmmintrin.h>
  int main()
  {
    __m128i a = _mm_set_epi8(0,0,0,0,0,0,0,0,0,0,0,0,0,0,0,0);
    __m128i b = _mm_set_epi8(0,0,0,0,0,0,0,0,0,0,0,0,0,0,0,0);
    __attribute__((unused)) __m128i c = _mm_set_epi8(0,0,0,0,0,0,0,0,0,0,0,0,0,0,0,0);
    c = _mm_cmpgt_epi64(a, b);
    return 0;
  }

Performing C SOURCE FILE Test CXX_HAS_AVX_2 succeeded with the following compile output:
Change Dir: /home/upmem0037/xialinl/research/libaray/src/backends/build-dir/CMakeFiles/CMakeTmp

Run Build Command:"/usr/bin/make" "cmTC_2afef/fast"
/usr/bin/make -f CMakeFiles/cmTC_2afef.dir/build.make CMakeFiles/cmTC_2afef.dir/build
make[1]: Entering directory '/home/upmem0037/xialinl/research/libaray/src/backends/build-dir/CMakeFiles/CMakeTmp'
Building C object CMakeFiles/cmTC_2afef.dir/src.c.o
/usr/bin/cc   -Wall -Werror -Wextra -std=gnu11  -DCXX_HAS_AVX_2 -mavx   -o CMakeFiles/cmTC_2afef.dir/src.c.o   -c /home/upmem0037/xialinl/research/libaray/src/backends/build-dir/CMakeFiles/CMakeTmp/src.c
Linking C executable cmTC_2afef
/usr/bin/cmake -E cmake_link_script CMakeFiles/cmTC_2afef.dir/link.txt --verbose=1
/usr/bin/cc  -Wall -Werror -Wextra -std=gnu11  -DCXX_HAS_AVX_2 -mavx  -Wl,--enable-new-dtags  CMakeFiles/cmTC_2afef.dir/src.c.o  -o cmTC_2afef 
make[1]: Leaving directory '/home/upmem0037/xialinl/research/libaray/src/backends/build-dir/CMakeFiles/CMakeTmp'

...and run output:

Return value: 1
Source file was:

  #include <immintrin.h>
  int main()
  {
    __attribute__((unused)) __m256 a;
    a = _mm256_set1_ps(0);
    return 0;
  }

Performing C SOURCE FILE Test CXX_HAS_AVX2_2 succeeded with the following compile output:
Change Dir: /home/upmem0037/xialinl/research/libaray/src/backends/build-dir/CMakeFiles/CMakeTmp

Run Build Command:"/usr/bin/make" "cmTC_88fd3/fast"
/usr/bin/make -f CMakeFiles/cmTC_88fd3.dir/build.make CMakeFiles/cmTC_88fd3.dir/build
make[1]: Entering directory '/home/upmem0037/xialinl/research/libaray/src/backends/build-dir/CMakeFiles/CMakeTmp'
Building C object CMakeFiles/cmTC_88fd3.dir/src.c.o
/usr/bin/cc   -Wall -Werror -Wextra -std=gnu11  -DCXX_HAS_AVX2_2 -mavx2 -mfma   -o CMakeFiles/cmTC_88fd3.dir/src.c.o   -c /home/upmem0037/xialinl/research/libaray/src/backends/build-dir/CMakeFiles/CMakeTmp/src.c
Linking C executable cmTC_88fd3
/usr/bin/cmake -E cmake_link_script CMakeFiles/cmTC_88fd3.dir/link.txt --verbose=1
/usr/bin/cc  -Wall -Werror -Wextra -std=gnu11  -DCXX_HAS_AVX2_2 -mavx2 -mfma  -Wl,--enable-new-dtags  CMakeFiles/cmTC_88fd3.dir/src.c.o  -o cmTC_88fd3 
make[1]: Leaving directory '/home/upmem0037/xialinl/research/libaray/src/backends/build-dir/CMakeFiles/CMakeTmp'

...and run output:

Return value: 1
Source file was:

  #include <immintrin.h>
  int main()
  {
    __m256i a = {0};
    a = _mm256_abs_epi16(a);
    return 0;
  }

Performing C SOURCE FILE Test CXX_HAS_AVX512F_2 succeeded with the following compile output:
Change Dir: /home/upmem0037/xialinl/research/libaray/src/backends/build-dir/CMakeFiles/CMakeTmp

Run Build Command:"/usr/bin/make" "cmTC_deb1e/fast"
/usr/bin/make -f CMakeFiles/cmTC_deb1e.dir/build.make CMakeFiles/cmTC_deb1e.dir/build
make[1]: Entering directory '/home/upmem0037/xialinl/research/libaray/src/backends/build-dir/CMakeFiles/CMakeTmp'
Building C object CMakeFiles/cmTC_deb1e.dir/src.c.o
/usr/bin/cc   -Wall -Werror -Wextra -std=gnu11  -DCXX_HAS_AVX512F_2 -mavx512f   -o CMakeFiles/cmTC_deb1e.dir/src.c.o   -c /home/upmem0037/xialinl/research/libaray/src/backends/build-dir/CMakeFiles/CMakeTmp/src.c
Linking C executable cmTC_deb1e
/usr/bin/cmake -E cmake_link_script CMakeFiles/cmTC_deb1e.dir/link.txt --verbose=1
/usr/bin/cc  -Wall -Werror -Wextra -std=gnu11  -DCXX_HAS_AVX512F_2 -mavx512f  -Wl,--enable-new-dtags  CMakeFiles/cmTC_deb1e.dir/src.c.o  -o cmTC_deb1e 
make[1]: Leaving directory '/home/upmem0037/xialinl/research/libaray/src/backends/build-dir/CMakeFiles/CMakeTmp'

...and run output:

Return value: 1
Source file was:

  #include <immintrin.h>
  int main()
  {
    __m512 a = _mm512_set1_ps(1.f);
    a = _mm512_add_ps(a, _mm512_set1_ps(1.f));;
    return 0;
  }

Performing C SOURCE FILE Test CXX_HAS_AVX512BW_2 succeeded with the following compile output:
Change Dir: /home/upmem0037/xialinl/research/libaray/src/backends/build-dir/CMakeFiles/CMakeTmp

Run Build Command:"/usr/bin/make" "cmTC_4f5c3/fast"
/usr/bin/make -f CMakeFiles/cmTC_4f5c3.dir/build.make CMakeFiles/cmTC_4f5c3.dir/build
make[1]: Entering directory '/home/upmem0037/xialinl/research/libaray/src/backends/build-dir/CMakeFiles/CMakeTmp'
Building C object CMakeFiles/cmTC_4f5c3.dir/src.c.o
/usr/bin/cc   -Wall -Werror -Wextra -std=gnu11  -DCXX_HAS_AVX512BW_2 -mavx512bw   -o CMakeFiles/cmTC_4f5c3.dir/src.c.o   -c /home/upmem0037/xialinl/research/libaray/src/backends/build-dir/CMakeFiles/CMakeTmp/src.c
Linking C executable cmTC_4f5c3
/usr/bin/cmake -E cmake_link_script CMakeFiles/cmTC_4f5c3.dir/link.txt --verbose=1
/usr/bin/cc  -Wall -Werror -Wextra -std=gnu11  -DCXX_HAS_AVX512BW_2 -mavx512bw  -Wl,--enable-new-dtags  CMakeFiles/cmTC_4f5c3.dir/src.c.o  -o cmTC_4f5c3 
make[1]: Leaving directory '/home/upmem0037/xialinl/research/libaray/src/backends/build-dir/CMakeFiles/CMakeTmp'

...and run output:

Return value: 1
Source file was:

  #include <immintrin.h>
  int main()
  {
    __m512i mask = _mm512_set_epi64(0, 0, 0, 0, 0, 0, 0, 0);
    __attribute__((unused)) __m512i load = {0};
    load = _mm512_shuffle_epi8(load, mask);
    return 0;
  }

Performing C SOURCE FILE Test CXX_HAS_CLFLUSHOPT_2 succeeded with the following compile output:
Change Dir: /home/upmem0037/xialinl/research/libaray/src/backends/build-dir/CMakeFiles/CMakeTmp

Run Build Command:"/usr/bin/make" "cmTC_1d6bf/fast"
/usr/bin/make -f CMakeFiles/cmTC_1d6bf.dir/build.make CMakeFiles/cmTC_1d6bf.dir/build
make[1]: Entering directory '/home/upmem0037/xialinl/research/libaray/src/backends/build-dir/CMakeFiles/CMakeTmp'
Building C object CMakeFiles/cmTC_1d6bf.dir/src.c.o
/usr/bin/cc   -Wall -Werror -Wextra -std=gnu11  -DCXX_HAS_CLFLUSHOPT_2 -mclflushopt   -o CMakeFiles/cmTC_1d6bf.dir/src.c.o   -c /home/upmem0037/xialinl/research/libaray/src/backends/build-dir/CMakeFiles/CMakeTmp/src.c
Linking C executable cmTC_1d6bf
/usr/bin/cmake -E cmake_link_script CMakeFiles/cmTC_1d6bf.dir/link.txt --verbose=1
/usr/bin/cc  -Wall -Werror -Wextra -std=gnu11  -DCXX_HAS_CLFLUSHOPT_2 -mclflushopt  -Wl,--enable-new-dtags  CMakeFiles/cmTC_1d6bf.dir/src.c.o  -o cmTC_1d6bf 
make[1]: Leaving directory '/home/upmem0037/xialinl/research/libaray/src/backends/build-dir/CMakeFiles/CMakeTmp'

...and run output:

Return value: 1
Source file was:

  #include <immintrin.h>
  int main()
  {
    int flush = 1;
    __builtin_ia32_clflushopt(&flush);
    return 0;
  }

